07.12.2011 - 15:50: Warning: Call to undefined method boxpage::wholedata in /var/www/vhosts/ibpg.eu/filmteam-dev/system/core/DataObject/DataObject.php on line 2167

07.12.2011 - 15:50: Warning: Call to undefined method boxpage::wholedata in /var/www/vhosts/ibpg.eu/filmteam-dev/system/core/DataObject/DataObject.php on line 2167

07.12.2011 - 15:50: Warning: Call to undefined method boxpage::wholedata in /var/www/vhosts/ibpg.eu/filmteam-dev/system/core/DataObject/DataObject.php on line 2167

07.12.2011 - 15:50: Warning: Call to undefined method boxpage::wholedata in /var/www/vhosts/ibpg.eu/filmteam-dev/system/core/DataObject/DataObject.php on line 2167

07.12.2011 - 15:50: Warning: Call to undefined method boxpage::ratingbar in /var/www/vhosts/ibpg.eu/filmteam-dev/system/core/DataObject/DataObject.php on line 2167

07.12.2011 - 15:53: Warning: Call to undefined method boxpage::wholedata in /var/www/vhosts/ibpg.eu/filmteam-dev/system/core/DataObject/DataObject.php on line 2167

07.12.2011 - 15:53: Warning: Call to undefined method boxpage::wholedata in /var/www/vhosts/ibpg.eu/filmteam-dev/system/core/DataObject/DataObject.php on line 2167

07.12.2011 - 15:53: Warning: Call to undefined method boxpage::wholedata in /var/www/vhosts/ibpg.eu/filmteam-dev/system/core/DataObject/DataObject.php on line 2167

07.12.2011 - 15:53: Warning: Call to undefined method boxpage::wholedata in /var/www/vhosts/ibpg.eu/filmteam-dev/system/core/DataObject/DataObject.php on line 2167

07.12.2011 - 15:53: Warning: Call to undefined method boxpage::ratingbar in /var/www/vhosts/ibpg.eu/filmteam-dev/system/core/DataObject/DataObject.php on line 2167

07.12.2011 - 15:53: Warning: Call to undefined method user::activePagination in /var/www/vhosts/ibpg.eu/filmteam-dev/system/core/DataObject/DataObjectSet.php on line 1310

07.12.2011 - 15:53: Warning: Call to undefined method members::_GET_pa in /var/www/vhosts/ibpg.eu/filmteam-dev/system/core/DataObject/DataObject.php on line 2167

07.12.2011 - 15:53: Warning: Call to undefined method user::limits in /var/www/vhosts/ibpg.eu/filmteam-dev/system/core/DataObject/DataObjectSet.php on line 1310

07.12.2011 - 15:53: Warning: Call to undefined method user::activePagination in /var/www/vhosts/ibpg.eu/filmteam-dev/system/core/DataObject/DataObjectSet.php on line 1310

07.12.2011 - 15:53: Warning: Call to undefined method user::activePagination in /var/www/vhosts/ibpg.eu/filmteam-dev/system/core/DataObject/DataObjectSet.php on line 1310

07.12.2011 - 15:53: Warning: Call to undefined method members::wholedata in /var/www/vhosts/ibpg.eu/filmteam-dev/system/core/DataObject/DataObject.php on line 2167

07.12.2011 - 15:53: Warning: Call to undefined method members::wholedata in /var/www/vhosts/ibpg.eu/filmteam-dev/system/core/DataObject/DataObject.php on line 2167

07.12.2011 - 15:53: Warning: Call to undefined method members::wholedata in /var/www/vhosts/ibpg.eu/filmteam-dev/system/core/DataObject/DataObject.php on line 2167

07.12.2011 - 15:53: Warning: Call to undefined method members::wholedata in /var/www/vhosts/ibpg.eu/filmteam-dev/system/core/DataObject/DataObject.php on line 2167

07.12.2011 - 15:53: Warning: Call to undefined method boxpage::wholedata in /var/www/vhosts/ibpg.eu/filmteam-dev/system/core/DataObject/DataObject.php on line 2167

07.12.2011 - 15:53: Warning: Call to undefined method boxpage::wholedata in /var/www/vhosts/ibpg.eu/filmteam-dev/system/core/DataObject/DataObject.php on line 2167

07.12.2011 - 15:53: Warning: Call to undefined method boxpage::wholedata in /var/www/vhosts/ibpg.eu/filmteam-dev/system/core/DataObject/DataObject.php on line 2167

07.12.2011 - 15:53: Warning: Call to undefined method boxpage::wholedata in /var/www/vhosts/ibpg.eu/filmteam-dev/system/core/DataObject/DataObject.php on line 2167

07.12.2011 - 15:53: Warning: Call to undefined method boxpage::ratingbar in /var/www/vhosts/ibpg.eu/filmteam-dev/system/core/DataObject/DataObject.php on line 2167

07.12.2011 - 15:53: Warning: Call to undefined method user::activePagination in /var/www/vhosts/ibpg.eu/filmteam-dev/system/core/DataObject/DataObjectSet.php on line 1310

07.12.2011 - 15:53: Warning: Call to undefined method members::_GET_pa in /var/www/vhosts/ibpg.eu/filmteam-dev/system/core/DataObject/DataObject.php on line 2167

07.12.2011 - 15:53: Warning: Call to undefined method user::limits in /var/www/vhosts/ibpg.eu/filmteam-dev/system/core/DataObject/DataObjectSet.php on line 1310

07.12.2011 - 15:53: Warning: Call to undefined method user::activePagination in /var/www/vhosts/ibpg.eu/filmteam-dev/system/core/DataObject/DataObjectSet.php on line 1310

07.12.2011 - 15:53: Warning: Call to undefined method user::activePagination in /var/www/vhosts/ibpg.eu/filmteam-dev/system/core/DataObject/DataObjectSet.php on line 1310

07.12.2011 - 15:53: Warning: Call to undefined method members::wholedata in /var/www/vhosts/ibpg.eu/filmteam-dev/system/core/DataObject/DataObject.php on line 2167

07.12.2011 - 15:53: Warning: Call to undefined method members::wholedata in /var/www/vhosts/ibpg.eu/filmteam-dev/system/core/DataObject/DataObject.php on line 2167

07.12.2011 - 15:53: Warning: Call to undefined method members::wholedata in /var/www/vhosts/ibpg.eu/filmteam-dev/system/core/DataObject/DataObject.php on line 2167

07.12.2011 - 15:53: Warning: Call to undefined method members::wholedata in /var/www/vhosts/ibpg.eu/filmteam-dev/system/core/DataObject/DataObject.php on line 2167

07.12.2011 - 15:53: Warning: Call to undefined method boxpage::wholedata in /var/www/vhosts/ibpg.eu/filmteam-dev/system/core/DataObject/DataObject.php on line 2167

07.12.2011 - 15:53: Warning: Call to undefined method boxpage::wholedata in /var/www/vhosts/ibpg.eu/filmteam-dev/system/core/DataObject/DataObject.php on line 2167

07.12.2011 - 15:53: Warning: Call to undefined method boxpage::wholedata in /var/www/vhosts/ibpg.eu/filmteam-dev/system/core/DataObject/DataObject.php on line 2167

07.12.2011 - 15:53: Warning: Call to undefined method boxpage::wholedata in /var/www/vhosts/ibpg.eu/filmteam-dev/system/core/DataObject/DataObject.php on line 2167

07.12.2011 - 15:53: Warning: Call to undefined method boxpage::ratingbar in /var/www/vhosts/ibpg.eu/filmteam-dev/system/core/DataObject/DataObject.php on line 2167

07.12.2011 - 15:53: Warning: Call to undefined method viewaccessabledata::header in /var/www/vhosts/ibpg.eu/filmteam-dev/system/core/viewaccessabledata.php on line 588

07.12.2011 - 15:53: Warning: Call to undefined method viewaccessabledata::header in /var/www/vhosts/ibpg.eu/filmteam-dev/system/core/viewaccessabledata.php on line 588

07.12.2011 - 15:53: Warning: Call to undefined method boxpage::wholedata in /var/www/vhosts/ibpg.eu/filmteam-dev/system/core/DataObject/DataObject.php on line 2167

07.12.2011 - 15:53: Warning: Call to undefined method boxpage::wholedata in /var/www/vhosts/ibpg.eu/filmteam-dev/system/core/DataObject/DataObject.php on line 2167

07.12.2011 - 15:53: Warning: Call to undefined method boxpage::wholedata in /var/www/vhosts/ibpg.eu/filmteam-dev/system/core/DataObject/DataObject.php on line 2167

07.12.2011 - 15:53: Warning: Call to undefined method boxpage::wholedata in /var/www/vhosts/ibpg.eu/filmteam-dev/system/core/DataObject/DataObject.php on line 2167

07.12.2011 - 15:53: Warning: Call to undefined method boxpage::ratingbar in /var/www/vhosts/ibpg.eu/filmteam-dev/system/core/DataObject/DataObject.php on line 2167

07.12.2011 - 15:53: Warning: Call to undefined method admin::content in /var/www/vhosts/ibpg.eu/filmteam-dev/system/core/viewaccessabledata.php on line 627

07.12.2011 - 15:53: Warning: Call to undefined method admin::content in /var/www/vhosts/ibpg.eu/filmteam-dev/system/core/viewaccessabledata.php on line 627

07.12.2011 - 15:53: Warning: Call to undefined method admin::_GET_month in /var/www/vhosts/ibpg.eu/filmteam-dev/system/core/viewaccessabledata.php on line 627

07.12.2011 - 15:53: Warning: Call to undefined method admin::_GET_month in /var/www/vhosts/ibpg.eu/filmteam-dev/system/core/viewaccessabledata.php on line 627

07.12.2011 - 15:58: Warning: Call to undefined method boxpage::where in /var/www/vhosts/ibpg.eu/filmteam-dev/system/core/DataObject/DataObjectSet.php on line 1310

07.12.2011 - 15:58: Warning: Call to undefined method boxpage::where in /var/www/vhosts/ibpg.eu/filmteam-dev/system/core/DataObject/DataObjectSet.php on line 1310

07.12.2011 - 15:58: Warning: Call to undefined method pages::orderby in /var/www/vhosts/ibpg.eu/filmteam-dev/system/core/DataObject/DataObject.php on line 2167

07.12.2011 - 15:58: Warning: Call to undefined method viewaccessabledata::checkbox in /var/www/vhosts/ibpg.eu/filmteam-dev/system/core/viewaccessabledata.php on line 627

07.12.2011 - 15:58: Warning: Call to undefined method viewaccessabledata::checkbox in /var/www/vhosts/ibpg.eu/filmteam-dev/system/core/viewaccessabledata.php on line 627

07.12.2011 - 15:58: Warning: Call to undefined method viewaccessabledata::checkbox in /var/www/vhosts/ibpg.eu/filmteam-dev/system/core/viewaccessabledata.php on line 627

07.12.2011 - 15:58: Warning: Call to undefined method viewaccessabledata::checkbox in /var/www/vhosts/ibpg.eu/filmteam-dev/system/core/viewaccessabledata.php on line 627

07.12.2011 - 15:58: Warning: Call to undefined method viewaccessabledata::checkbox in /var/www/vhosts/ibpg.eu/filmteam-dev/system/core/viewaccessabledata.php on line 627

07.12.2011 - 15:58: Warning: Call to undefined method viewaccessabledata::checkbox in /var/www/vhosts/ibpg.eu/filmteam-dev/system/core/viewaccessabledata.php on line 627

07.12.2011 - 15:58: Warning: Call to undefined method viewaccessabledata::checkbox in /var/www/vhosts/ibpg.eu/filmteam-dev/system/core/viewaccessabledata.php on line 627

07.12.2011 - 15:58: Warning: Call to undefined method viewaccessabledata::checkbox in /var/www/vhosts/ibpg.eu/filmteam-dev/system/core/viewaccessabledata.php on line 627

07.12.2011 - 16:01: Warning: Call to undefined method boxpage::where in /var/www/vhosts/ibpg.eu/filmteam-dev/system/core/DataObject/DataObjectSet.php on line 1310

07.12.2011 - 16:01: Warning: Call to undefined method boxpage::where in /var/www/vhosts/ibpg.eu/filmteam-dev/system/core/DataObject/DataObjectSet.php on line 1310

07.12.2011 - 16:01: Warning: Call to undefined method pages::orderby in /var/www/vhosts/ibpg.eu/filmteam-dev/system/core/DataObject/DataObject.php on line 2167

07.12.2011 - 16:01: Warning: Call to undefined method viewaccessabledata::checkbox in /var/www/vhosts/ibpg.eu/filmteam-dev/system/core/viewaccessabledata.php on line 627

07.12.2011 - 16:01: Warning: Call to undefined method viewaccessabledata::checkbox in /var/www/vhosts/ibpg.eu/filmteam-dev/system/core/viewaccessabledata.php on line 627

07.12.2011 - 16:01: Warning: Call to undefined method viewaccessabledata::checkbox in /var/www/vhosts/ibpg.eu/filmteam-dev/system/core/viewaccessabledata.php on line 627

07.12.2011 - 16:01: Warning: Call to undefined method viewaccessabledata::checkbox in /var/www/vhosts/ibpg.eu/filmteam-dev/system/core/viewaccessabledata.php on line 627

07.12.2011 - 16:01: Warning: Call to undefined method viewaccessabledata::checkbox in /var/www/vhosts/ibpg.eu/filmteam-dev/system/core/viewaccessabledata.php on line 627

07.12.2011 - 16:01: Warning: Call to undefined method viewaccessabledata::checkbox in /var/www/vhosts/ibpg.eu/filmteam-dev/system/core/viewaccessabledata.php on line 627

07.12.2011 - 16:01: Warning: Call to undefined method viewaccessabledata::checkbox in /var/www/vhosts/ibpg.eu/filmteam-dev/system/core/viewaccessabledata.php on line 627

07.12.2011 - 16:01: Warning: Call to undefined method viewaccessabledata::checkbox in /var/www/vhosts/ibpg.eu/filmteam-dev/system/core/viewaccessabledata.php on line 627

07.12.2011 - 16:01: Warning: Call to undefined method boxpage::where in /var/www/vhosts/ibpg.eu/filmteam-dev/system/core/DataObject/DataObjectSet.php on line 1310

07.12.2011 - 16:01: Warning: Call to undefined method boxpage::where in /var/www/vhosts/ibpg.eu/filmteam-dev/system/core/DataObject/DataObjectSet.php on line 1310

07.12.2011 - 16:01: Warning: Call to undefined method pages::orderby in /var/www/vhosts/ibpg.eu/filmteam-dev/system/core/DataObject/DataObject.php on line 2167

07.12.2011 - 16:01: Warning: Call to undefined method viewaccessabledata::checkbox in /var/www/vhosts/ibpg.eu/filmteam-dev/system/core/viewaccessabledata.php on line 627

07.12.2011 - 16:01: Warning: Call to undefined method viewaccessabledata::checkbox in /var/www/vhosts/ibpg.eu/filmteam-dev/system/core/viewaccessabledata.php on line 627

07.12.2011 - 16:01: Warning: Call to undefined method viewaccessabledata::checkbox in /var/www/vhosts/ibpg.eu/filmteam-dev/system/core/viewaccessabledata.php on line 627

07.12.2011 - 16:01: Warning: Call to undefined method viewaccessabledata::checkbox in /var/www/vhosts/ibpg.eu/filmteam-dev/system/core/viewaccessabledata.php on line 627

07.12.2011 - 16:01: Warning: Call to undefined method viewaccessabledata::checkbox in /var/www/vhosts/ibpg.eu/filmteam-dev/system/core/viewaccessabledata.php on line 627

07.12.2011 - 16:01: Warning: Call to undefined method viewaccessabledata::checkbox in /var/www/vhosts/ibpg.eu/filmteam-dev/system/core/viewaccessabledata.php on line 627

07.12.2011 - 16:01: Warning: Call to undefined method viewaccessabledata::checkbox in /var/www/vhosts/ibpg.eu/filmteam-dev/system/core/viewaccessabledata.php on line 627

07.12.2011 - 16:01: Warning: Call to undefined method viewaccessabledata::checkbox in /var/www/vhosts/ibpg.eu/filmteam-dev/system/core/viewaccessabledata.php on line 627

07.12.2011 - 16:02: Warning: Call to undefined method boxpage::where in /var/www/vhosts/ibpg.eu/filmteam-dev/system/core/DataObject/DataObjectSet.php on line 1310

07.12.2011 - 16:02: Warning: Call to undefined method boxpage::where in /var/www/vhosts/ibpg.eu/filmteam-dev/system/core/DataObject/DataObjectSet.php on line 1310

07.12.2011 - 16:02: Warning: Call to undefined method pages::orderby in /var/www/vhosts/ibpg.eu/filmteam-dev/system/core/DataObject/DataObject.php on line 2167

07.12.2011 - 16:02: Warning: Call to undefined method viewaccessabledata::checkbox in /var/www/vhosts/ibpg.eu/filmteam-dev/system/core/viewaccessabledata.php on line 627

07.12.2011 - 16:02: Warning: Call to undefined method viewaccessabledata::checkbox in /var/www/vhosts/ibpg.eu/filmteam-dev/system/core/viewaccessabledata.php on line 627

07.12.2011 - 16:02: Warning: Call to undefined method viewaccessabledata::checkbox in /var/www/vhosts/ibpg.eu/filmteam-dev/system/core/viewaccessabledata.php on line 627

07.12.2011 - 16:02: Warning: Call to undefined method viewaccessabledata::checkbox in /var/www/vhosts/ibpg.eu/filmteam-dev/system/core/viewaccessabledata.php on line 627

07.12.2011 - 16:02: Warning: Call to undefined method viewaccessabledata::checkbox in /var/www/vhosts/ibpg.eu/filmteam-dev/system/core/viewaccessabledata.php on line 627

07.12.2011 - 16:02: Warning: Call to undefined method viewaccessabledata::checkbox in /var/www/vhosts/ibpg.eu/filmteam-dev/system/core/viewaccessabledata.php on line 627

07.12.2011 - 16:02: Warning: Call to undefined method viewaccessabledata::checkbox in /var/www/vhosts/ibpg.eu/filmteam-dev/system/core/viewaccessabledata.php on line 627

07.12.2011 - 16:02: Warning: Call to undefined method viewaccessabledata::checkbox in /var/www/vhosts/ibpg.eu/filmteam-dev/system/core/viewaccessabledata.php on line 627

07.12.2011 - 16:03: Warning: Call to undefined method boxpage::where in /var/www/vhosts/ibpg.eu/filmteam-dev/system/core/DataObject/DataObjectSet.php on line 1310

07.12.2011 - 16:03: Warning: Call to undefined method boxpage::where in /var/www/vhosts/ibpg.eu/filmteam-dev/system/core/DataObject/DataObjectSet.php on line 1310

07.12.2011 - 16:03: Warning: Call to undefined method pages::orderby in /var/www/vhosts/ibpg.eu/filmteam-dev/system/core/DataObject/DataObject.php on line 2167

07.12.2011 - 16:03: Warning: Call to undefined method viewaccessabledata::checkbox in /var/www/vhosts/ibpg.eu/filmteam-dev/system/core/viewaccessabledata.php on line 627

07.12.2011 - 16:03: Warning: Call to undefined method viewaccessabledata::checkbox in /var/www/vhosts/ibpg.eu/filmteam-dev/system/core/viewaccessabledata.php on line 627

07.12.2011 - 16:03: Warning: Call to undefined method viewaccessabledata::checkbox in /var/www/vhosts/ibpg.eu/filmteam-dev/system/core/viewaccessabledata.php on line 627

07.12.2011 - 16:03: Warning: Call to undefined method viewaccessabledata::checkbox in /var/www/vhosts/ibpg.eu/filmteam-dev/system/core/viewaccessabledata.php on line 627

07.12.2011 - 16:03: Warning: Call to undefined method viewaccessabledata::checkbox in /var/www/vhosts/ibpg.eu/filmteam-dev/system/core/viewaccessabledata.php on line 627

07.12.2011 - 16:03: Warning: Call to undefined method viewaccessabledata::checkbox in /var/www/vhosts/ibpg.eu/filmteam-dev/system/core/viewaccessabledata.php on line 627

07.12.2011 - 16:03: Warning: Call to undefined method viewaccessabledata::checkbox in /var/www/vhosts/ibpg.eu/filmteam-dev/system/core/viewaccessabledata.php on line 627

07.12.2011 - 16:03: Warning: Call to undefined method viewaccessabledata::checkbox in /var/www/vhosts/ibpg.eu/filmteam-dev/system/core/viewaccessabledata.php on line 627

07.12.2011 - 16:03: Warning: Call to undefined method boxpage::where in /var/www/vhosts/ibpg.eu/filmteam-dev/system/core/DataObject/DataObjectSet.php on line 1310

07.12.2011 - 16:03: Warning: Call to undefined method boxpage::where in /var/www/vhosts/ibpg.eu/filmteam-dev/system/core/DataObject/DataObjectSet.php on line 1310

07.12.2011 - 16:03: Warning: Call to undefined method pages::orderby in /var/www/vhosts/ibpg.eu/filmteam-dev/system/core/DataObject/DataObject.php on line 2167

07.12.2011 - 16:03: Warning: Call to undefined method viewaccessabledata::checkbox in /var/www/vhosts/ibpg.eu/filmteam-dev/system/core/viewaccessabledata.php on line 627

07.12.2011 - 16:03: Warning: Call to undefined method viewaccessabledata::checkbox in /var/www/vhosts/ibpg.eu/filmteam-dev/system/core/viewaccessabledata.php on line 627

07.12.2011 - 16:03: Warning: Call to undefined method viewaccessabledata::checkbox in /var/www/vhosts/ibpg.eu/filmteam-dev/system/core/viewaccessabledata.php on line 627

07.12.2011 - 16:03: Warning: Call to undefined method viewaccessabledata::checkbox in /var/www/vhosts/ibpg.eu/filmteam-dev/system/core/viewaccessabledata.php on line 627

07.12.2011 - 16:03: Warning: Call to undefined method viewaccessabledata::checkbox in /var/www/vhosts/ibpg.eu/filmteam-dev/system/core/viewaccessabledata.php on line 627

07.12.2011 - 16:03: Warning: Call to undefined method viewaccessabledata::checkbox in /var/www/vhosts/ibpg.eu/filmteam-dev/system/core/viewaccessabledata.php on line 627

07.12.2011 - 16:03: Warning: Call to undefined method viewaccessabledata::checkbox in /var/www/vhosts/ibpg.eu/filmteam-dev/system/core/viewaccessabledata.php on line 627

07.12.2011 - 16:03: Warning: Call to undefined method viewaccessabledata::checkbox in /var/www/vhosts/ibpg.eu/filmteam-dev/system/core/viewaccessabledata.php on line 627

07.12.2011 - 16:03: Warning: Call to undefined method boxpage::where in /var/www/vhosts/ibpg.eu/filmteam-dev/system/core/DataObject/DataObjectSet.php on line 1310

07.12.2011 - 16:03: Warning: Call to undefined method boxpage::where in /var/www/vhosts/ibpg.eu/filmteam-dev/system/core/DataObject/DataObjectSet.php on line 1310

07.12.2011 - 16:03: Warning: Call to undefined method pages::orderby in /var/www/vhosts/ibpg.eu/filmteam-dev/system/core/DataObject/DataObject.php on line 2167

07.12.2011 - 16:03: Warning: Call to undefined method viewaccessabledata::checkbox in /var/www/vhosts/ibpg.eu/filmteam-dev/system/core/viewaccessabledata.php on line 627

07.12.2011 - 16:03: Warning: Call to undefined method viewaccessabledata::checkbox in /var/www/vhosts/ibpg.eu/filmteam-dev/system/core/viewaccessabledata.php on line 627

07.12.2011 - 16:03: Warning: Call to undefined method viewaccessabledata::checkbox in /var/www/vhosts/ibpg.eu/filmteam-dev/system/core/viewaccessabledata.php on line 627

07.12.2011 - 16:03: Warning: Call to undefined method viewaccessabledata::checkbox in /var/www/vhosts/ibpg.eu/filmteam-dev/system/core/viewaccessabledata.php on line 627

07.12.2011 - 16:03: Warning: Call to undefined method viewaccessabledata::checkbox in /var/www/vhosts/ibpg.eu/filmteam-dev/system/core/viewaccessabledata.php on line 627

07.12.2011 - 16:03: Warning: Call to undefined method viewaccessabledata::checkbox in /var/www/vhosts/ibpg.eu/filmteam-dev/system/core/viewaccessabledata.php on line 627

07.12.2011 - 16:03: Warning: Call to undefined method viewaccessabledata::checkbox in /var/www/vhosts/ibpg.eu/filmteam-dev/system/core/viewaccessabledata.php on line 627

07.12.2011 - 16:03: Warning: Call to undefined method viewaccessabledata::checkbox in /var/www/vhosts/ibpg.eu/filmteam-dev/system/core/viewaccessabledata.php on line 627

07.12.2011 - 16:03: Deleting Cache

07.12.2011 - 16:03: Warning: Call to undefined method boxpage::where in /var/www/vhosts/ibpg.eu/filmteam-dev/system/core/DataObject/DataObjectSet.php on line 1310

07.12.2011 - 16:03: Warning: Call to undefined method boxpage::where in /var/www/vhosts/ibpg.eu/filmteam-dev/system/core/DataObject/DataObjectSet.php on line 1310

07.12.2011 - 16:03: Warning: Call to undefined method pages::orderby in /var/www/vhosts/ibpg.eu/filmteam-dev/system/core/DataObject/DataObject.php on line 2167

07.12.2011 - 16:03: Warning: Call to undefined method viewaccessabledata::checkbox in /var/www/vhosts/ibpg.eu/filmteam-dev/system/core/viewaccessabledata.php on line 627

07.12.2011 - 16:03: Warning: Call to undefined method viewaccessabledata::checkbox in /var/www/vhosts/ibpg.eu/filmteam-dev/system/core/viewaccessabledata.php on line 627

07.12.2011 - 16:03: Warning: Call to undefined method viewaccessabledata::checkbox in /var/www/vhosts/ibpg.eu/filmteam-dev/system/core/viewaccessabledata.php on line 627

07.12.2011 - 16:03: Warning: Call to undefined method viewaccessabledata::checkbox in /var/www/vhosts/ibpg.eu/filmteam-dev/system/core/viewaccessabledata.php on line 627

07.12.2011 - 16:03: Warning: Call to undefined method viewaccessabledata::checkbox in /var/www/vhosts/ibpg.eu/filmteam-dev/system/core/viewaccessabledata.php on line 627

07.12.2011 - 16:03: Warning: Call to undefined method viewaccessabledata::checkbox in /var/www/vhosts/ibpg.eu/filmteam-dev/system/core/viewaccessabledata.php on line 627

07.12.2011 - 16:03: Warning: Call to undefined method viewaccessabledata::checkbox in /var/www/vhosts/ibpg.eu/filmteam-dev/system/core/viewaccessabledata.php on line 627

07.12.2011 - 16:03: Warning: Call to undefined method viewaccessabledata::checkbox in /var/www/vhosts/ibpg.eu/filmteam-dev/system/core/viewaccessabledata.php on line 627

07.12.2011 - 16:03: Warning: Call to undefined method admin::content in /var/www/vhosts/ibpg.eu/filmteam-dev/system/core/viewaccessabledata.php on line 627

07.12.2011 - 16:03: Warning: Call to undefined method admin::content in /var/www/vhosts/ibpg.eu/filmteam-dev/system/core/viewaccessabledata.php on line 627

07.12.2011 - 16:03: Warning: Call to undefined method admin::_GET_month in /var/www/vhosts/ibpg.eu/filmteam-dev/system/core/viewaccessabledata.php on line 627

07.12.2011 - 16:03: Warning: Call to undefined method admin::_GET_month in /var/www/vhosts/ibpg.eu/filmteam-dev/system/core/viewaccessabledata.php on line 627

07.12.2011 - 16:03: Warning: Call to undefined method boxpage::wholedata in /var/www/vhosts/ibpg.eu/filmteam-dev/system/core/DataObject/DataObject.php on line 2167

07.12.2011 - 16:03: Warning: Call to undefined method boxpage::wholedata in /var/www/vhosts/ibpg.eu/filmteam-dev/system/core/DataObject/DataObject.php on line 2167

07.12.2011 - 16:03: Warning: Call to undefined method boxpage::wholedata in /var/www/vhosts/ibpg.eu/filmteam-dev/system/core/DataObject/DataObject.php on line 2167

07.12.2011 - 16:03: Warning: Call to undefined method boxpage::wholedata in /var/www/vhosts/ibpg.eu/filmteam-dev/system/core/DataObject/DataObject.php on line 2167

07.12.2011 - 16:03: Warning: Call to undefined method boxpage::ratingbar in /var/www/vhosts/ibpg.eu/filmteam-dev/system/core/DataObject/DataObject.php on line 2167

07.12.2011 - 16:03: Warning: Call to undefined method admin::content in /var/www/vhosts/ibpg.eu/filmteam-dev/system/core/viewaccessabledata.php on line 627

07.12.2011 - 16:03: Warning: Call to undefined method admin::content in /var/www/vhosts/ibpg.eu/filmteam-dev/system/core/viewaccessabledata.php on line 627

07.12.2011 - 16:03: Warning: Call to undefined method admin::_GET_month in /var/www/vhosts/ibpg.eu/filmteam-dev/system/core/viewaccessabledata.php on line 627

07.12.2011 - 16:03: Warning: Call to undefined method admin::_GET_month in /var/www/vhosts/ibpg.eu/filmteam-dev/system/core/viewaccessabledata.php on line 627

07.12.2011 - 16:03: Warning: Call to undefined method admin::content in /var/www/vhosts/ibpg.eu/filmteam-dev/system/core/viewaccessabledata.php on line 627

07.12.2011 - 16:03: Warning: Call to undefined method admin::content in /var/www/vhosts/ibpg.eu/filmteam-dev/system/core/viewaccessabledata.php on line 627

07.12.2011 - 16:03: Warning: Call to undefined method admin::_GET_month in /var/www/vhosts/ibpg.eu/filmteam-dev/system/core/viewaccessabledata.php on line 627

07.12.2011 - 16:03: Warning: Call to undefined method admin::_GET_month in /var/www/vhosts/ibpg.eu/filmteam-dev/system/core/viewaccessabledata.php on line 627

07.12.2011 - 16:03: Warning: Call to undefined method admin::content in /var/www/vhosts/ibpg.eu/filmteam-dev/system/core/viewaccessabledata.php on line 627

07.12.2011 - 16:03: Warning: Call to undefined method admin::content in /var/www/vhosts/ibpg.eu/filmteam-dev/system/core/viewaccessabledata.php on line 627

07.12.2011 - 16:03: Warning: Call to undefined method admin::_GET_month in /var/www/vhosts/ibpg.eu/filmteam-dev/system/core/viewaccessabledata.php on line 627

07.12.2011 - 16:03: Warning: Call to undefined method admin::_GET_month in /var/www/vhosts/ibpg.eu/filmteam-dev/system/core/viewaccessabledata.php on line 627

07.12.2011 - 16:03: Warning: Call to undefined method admin::content in /var/www/vhosts/ibpg.eu/filmteam-dev/system/core/viewaccessabledata.php on line 627

07.12.2011 - 16:03: Warning: Call to undefined method admin::content in /var/www/vhosts/ibpg.eu/filmteam-dev/system/core/viewaccessabledata.php on line 627

07.12.2011 - 16:03: Warning: Call to undefined method admin::_GET_month in /var/www/vhosts/ibpg.eu/filmteam-dev/system/core/viewaccessabledata.php on line 627

07.12.2011 - 16:03: Warning: Call to undefined method admin::_GET_month in /var/www/vhosts/ibpg.eu/filmteam-dev/system/core/viewaccessabledata.php on line 627

07.12.2011 - 16:03: Warning: Call to undefined method admin::content in /var/www/vhosts/ibpg.eu/filmteam-dev/system/core/viewaccessabledata.php on line 627

07.12.2011 - 16:03: Warning: Call to undefined method admin::content in /var/www/vhosts/ibpg.eu/filmteam-dev/system/core/viewaccessabledata.php on line 627

07.12.2011 - 16:03: Warning: Call to undefined method admin::_GET_month in /var/www/vhosts/ibpg.eu/filmteam-dev/system/core/viewaccessabledata.php on line 627

07.12.2011 - 16:03: Warning: Call to undefined method admin::_GET_month in /var/www/vhosts/ibpg.eu/filmteam-dev/system/core/viewaccessabledata.php on line 627

07.12.2011 - 16:03: Warning: Call to undefined method admin::content in /var/www/vhosts/ibpg.eu/filmteam-dev/system/core/viewaccessabledata.php on line 627

07.12.2011 - 16:03: Warning: Call to undefined method admin::content in /var/www/vhosts/ibpg.eu/filmteam-dev/system/core/viewaccessabledata.php on line 627

07.12.2011 - 16:03: Warning: Call to undefined method admin::_GET_month in /var/www/vhosts/ibpg.eu/filmteam-dev/system/core/viewaccessabledata.php on line 627

07.12.2011 - 16:03: Warning: Call to undefined method admin::_GET_month in /var/www/vhosts/ibpg.eu/filmteam-dev/system/core/viewaccessabledata.php on line 627

07.12.2011 - 16:03: Warning: Call to undefined method admin::content in /var/www/vhosts/ibpg.eu/filmteam-dev/system/core/viewaccessabledata.php on line 627

07.12.2011 - 16:03: Warning: Call to undefined method admin::content in /var/www/vhosts/ibpg.eu/filmteam-dev/system/core/viewaccessabledata.php on line 627

07.12.2011 - 16:03: Warning: Call to undefined method admin::_GET_month in /var/www/vhosts/ibpg.eu/filmteam-dev/system/core/viewaccessabledata.php on line 627

07.12.2011 - 16:03: Warning: Call to undefined method admin::_GET_month in /var/www/vhosts/ibpg.eu/filmteam-dev/system/core/viewaccessabledata.php on line 627

07.12.2011 - 16:03: Warning: Call to undefined method boxpage::where in /var/www/vhosts/ibpg.eu/filmteam-dev/system/core/DataObject/DataObjectSet.php on line 1310

07.12.2011 - 16:03: Warning: Call to undefined method boxpage::where in /var/www/vhosts/ibpg.eu/filmteam-dev/system/core/DataObject/DataObjectSet.php on line 1310

07.12.2011 - 16:03: Warning: Call to undefined method pages::orderby in /var/www/vhosts/ibpg.eu/filmteam-dev/system/core/DataObject/DataObject.php on line 2167

07.12.2011 - 16:03: Warning: Call to undefined method viewaccessabledata::checkbox in /var/www/vhosts/ibpg.eu/filmteam-dev/system/core/viewaccessabledata.php on line 627

07.12.2011 - 16:03: Warning: Call to undefined method viewaccessabledata::checkbox in /var/www/vhosts/ibpg.eu/filmteam-dev/system/core/viewaccessabledata.php on line 627

07.12.2011 - 16:03: Warning: Call to undefined method viewaccessabledata::checkbox in /var/www/vhosts/ibpg.eu/filmteam-dev/system/core/viewaccessabledata.php on line 627

07.12.2011 - 16:03: Warning: Call to undefined method viewaccessabledata::checkbox in /var/www/vhosts/ibpg.eu/filmteam-dev/system/core/viewaccessabledata.php on line 627

07.12.2011 - 16:03: Warning: Call to undefined method viewaccessabledata::checkbox in /var/www/vhosts/ibpg.eu/filmteam-dev/system/core/viewaccessabledata.php on line 627

07.12.2011 - 16:03: Warning: Call to undefined method viewaccessabledata::checkbox in /var/www/vhosts/ibpg.eu/filmteam-dev/system/core/viewaccessabledata.php on line 627

07.12.2011 - 16:03: Warning: Call to undefined method viewaccessabledata::checkbox in /var/www/vhosts/ibpg.eu/filmteam-dev/system/core/viewaccessabledata.php on line 627

07.12.2011 - 16:03: Warning: Call to undefined method viewaccessabledata::checkbox in /var/www/vhosts/ibpg.eu/filmteam-dev/system/core/viewaccessabledata.php on line 627

07.12.2011 - 16:03: Warning: Call to undefined method admin::content in /var/www/vhosts/ibpg.eu/filmteam-dev/system/core/viewaccessabledata.php on line 627

07.12.2011 - 16:03: Warning: Call to undefined method admin::content in /var/www/vhosts/ibpg.eu/filmteam-dev/system/core/viewaccessabledata.php on line 627

07.12.2011 - 16:03: Warning: Call to undefined method admin::_GET_month in /var/www/vhosts/ibpg.eu/filmteam-dev/system/core/viewaccessabledata.php on line 627

07.12.2011 - 16:03: Warning: Call to undefined method admin::_GET_month in /var/www/vhosts/ibpg.eu/filmteam-dev/system/core/viewaccessabledata.php on line 627

07.12.2011 - 16:04: Warning: Call to undefined method admin::content in /var/www/vhosts/ibpg.eu/filmteam-dev/system/core/viewaccessabledata.php on line 627

07.12.2011 - 16:04: Warning: Call to undefined method admin::content in /var/www/vhosts/ibpg.eu/filmteam-dev/system/core/viewaccessabledata.php on line 627

07.12.2011 - 16:04: Warning: Call to undefined method admin::_GET_month in /var/www/vhosts/ibpg.eu/filmteam-dev/system/core/viewaccessabledata.php on line 627

07.12.2011 - 16:04: Warning: Call to undefined method admin::_GET_month in /var/www/vhosts/ibpg.eu/filmteam-dev/system/core/viewaccessabledata.php on line 627

07.12.2011 - 16:05: Warning: Call to undefined method admin::content in /var/www/vhosts/ibpg.eu/filmteam-dev/system/core/viewaccessabledata.php on line 627

07.12.2011 - 16:05: Warning: Call to undefined method admin::content in /var/www/vhosts/ibpg.eu/filmteam-dev/system/core/viewaccessabledata.php on line 627

07.12.2011 - 16:05: Warning: Call to undefined method admin::_GET_month in /var/www/vhosts/ibpg.eu/filmteam-dev/system/core/viewaccessabledata.php on line 627

07.12.2011 - 16:05: Warning: Call to undefined method admin::_GET_month in /var/www/vhosts/ibpg.eu/filmteam-dev/system/core/viewaccessabledata.php on line 627

07.12.2011 - 16:06: Warning: Call to undefined method admin::content in /var/www/vhosts/ibpg.eu/filmteam-dev/system/core/viewaccessabledata.php on line 627

07.12.2011 - 16:06: Warning: Call to undefined method admin::content in /var/www/vhosts/ibpg.eu/filmteam-dev/system/core/viewaccessabledata.php on line 627

07.12.2011 - 16:06: Warning: Call to undefined method admin::_GET_month in /var/www/vhosts/ibpg.eu/filmteam-dev/system/core/viewaccessabledata.php on line 627

07.12.2011 - 16:06: Warning: Call to undefined method admin::_GET_month in /var/www/vhosts/ibpg.eu/filmteam-dev/system/core/viewaccessabledata.php on line 627

07.12.2011 - 16:06: Warning: Call to undefined method admin::content in /var/www/vhosts/ibpg.eu/filmteam-dev/system/core/viewaccessabledata.php on line 627

07.12.2011 - 16:06: Warning: Call to undefined method admin::content in /var/www/vhosts/ibpg.eu/filmteam-dev/system/core/viewaccessabledata.php on line 627

07.12.2011 - 16:06: Warning: Call to undefined method admin::_GET_month in /var/www/vhosts/ibpg.eu/filmteam-dev/system/core/viewaccessabledata.php on line 627

07.12.2011 - 16:06: Warning: Call to undefined method admin::_GET_month in /var/www/vhosts/ibpg.eu/filmteam-dev/system/core/viewaccessabledata.php on line 627

07.12.2011 - 16:06: Warning: Call to undefined method admin::content in /var/www/vhosts/ibpg.eu/filmteam-dev/system/core/viewaccessabledata.php on line 627

07.12.2011 - 16:06: Warning: Call to undefined method admin::content in /var/www/vhosts/ibpg.eu/filmteam-dev/system/core/viewaccessabledata.php on line 627

07.12.2011 - 16:06: Warning: Call to undefined method admin::_GET_month in /var/www/vhosts/ibpg.eu/filmteam-dev/system/core/viewaccessabledata.php on line 627

07.12.2011 - 16:06: Warning: Call to undefined method admin::_GET_month in /var/www/vhosts/ibpg.eu/filmteam-dev/system/core/viewaccessabledata.php on line 627

07.12.2011 - 16:06: Warning: Call to undefined method boxpage::where in /var/www/vhosts/ibpg.eu/filmteam-dev/system/core/DataObject/DataObjectSet.php on line 1310

07.12.2011 - 16:06: Warning: Call to undefined method boxpage::where in /var/www/vhosts/ibpg.eu/filmteam-dev/system/core/DataObject/DataObjectSet.php on line 1310

07.12.2011 - 16:06: Warning: Call to undefined method pages::orderby in /var/www/vhosts/ibpg.eu/filmteam-dev/system/core/DataObject/DataObject.php on line 2167

07.12.2011 - 16:06: Warning: Call to undefined method viewaccessabledata::checkbox in /var/www/vhosts/ibpg.eu/filmteam-dev/system/core/viewaccessabledata.php on line 627

07.12.2011 - 16:06: Warning: Call to undefined method viewaccessabledata::checkbox in /var/www/vhosts/ibpg.eu/filmteam-dev/system/core/viewaccessabledata.php on line 627

07.12.2011 - 16:06: Warning: Call to undefined method viewaccessabledata::checkbox in /var/www/vhosts/ibpg.eu/filmteam-dev/system/core/viewaccessabledata.php on line 627

07.12.2011 - 16:06: Warning: Call to undefined method viewaccessabledata::checkbox in /var/www/vhosts/ibpg.eu/filmteam-dev/system/core/viewaccessabledata.php on line 627

07.12.2011 - 16:06: Warning: Call to undefined method viewaccessabledata::checkbox in /var/www/vhosts/ibpg.eu/filmteam-dev/system/core/viewaccessabledata.php on line 627

07.12.2011 - 16:06: Warning: Call to undefined method viewaccessabledata::checkbox in /var/www/vhosts/ibpg.eu/filmteam-dev/system/core/viewaccessabledata.php on line 627

07.12.2011 - 16:06: Warning: Call to undefined method viewaccessabledata::checkbox in /var/www/vhosts/ibpg.eu/filmteam-dev/system/core/viewaccessabledata.php on line 627

07.12.2011 - 16:06: Warning: Call to undefined method viewaccessabledata::checkbox in /var/www/vhosts/ibpg.eu/filmteam-dev/system/core/viewaccessabledata.php on line 627

07.12.2011 - 16:06: Warning: Call to undefined method admin::content in /var/www/vhosts/ibpg.eu/filmteam-dev/system/core/viewaccessabledata.php on line 627

07.12.2011 - 16:06: Warning: Call to undefined method admin::content in /var/www/vhosts/ibpg.eu/filmteam-dev/system/core/viewaccessabledata.php on line 627

07.12.2011 - 16:06: Warning: Call to undefined method admin::_GET_month in /var/www/vhosts/ibpg.eu/filmteam-dev/system/core/viewaccessabledata.php on line 627

07.12.2011 - 16:06: Warning: Call to undefined method admin::_GET_month in /var/www/vhosts/ibpg.eu/filmteam-dev/system/core/viewaccessabledata.php on line 627

07.12.2011 - 16:07: Warning: Call to undefined method admin::content in /var/www/vhosts/ibpg.eu/filmteam-dev/system/core/viewaccessabledata.php on line 627

07.12.2011 - 16:07: Warning: Call to undefined method admin::content in /var/www/vhosts/ibpg.eu/filmteam-dev/system/core/viewaccessabledata.php on line 627

07.12.2011 - 16:07: Warning: Call to undefined method admin::_GET_month in /var/www/vhosts/ibpg.eu/filmteam-dev/system/core/viewaccessabledata.php on line 627

07.12.2011 - 16:07: Warning: Call to undefined method admin::_GET_month in /var/www/vhosts/ibpg.eu/filmteam-dev/system/core/viewaccessabledata.php on line 627

07.12.2011 - 16:07: Warning: Call to undefined method metasettings::sync in /var/www/vhosts/ibpg.eu/filmteam-dev/mysite/application/control/settingscontroller.php on line 76

07.12.2011 - 16:07: Warning: Call to undefined method metasettings::meta_keywords in /var/www/vhosts/ibpg.eu/filmteam-dev/system/core/viewaccessabledata.php on line 627

07.12.2011 - 16:07: Warning: Call to undefined method metasettings::meta_description in /var/www/vhosts/ibpg.eu/filmteam-dev/system/core/viewaccessabledata.php on line 627

07.12.2011 - 16:07: Warning: Call to undefined method templatesettings::sync in /var/www/vhosts/ibpg.eu/filmteam-dev/mysite/application/control/settingscontroller.php on line 76

07.12.2011 - 16:09: Warning: Call to undefined method metasettings::sync in /var/www/vhosts/ibpg.eu/filmteam-dev/mysite/application/control/settingscontroller.php on line 76

07.12.2011 - 16:09: Warning: Call to undefined method metasettings::meta_keywords in /var/www/vhosts/ibpg.eu/filmteam-dev/system/core/viewaccessabledata.php on line 627

07.12.2011 - 16:09: Warning: Call to undefined method metasettings::meta_description in /var/www/vhosts/ibpg.eu/filmteam-dev/system/core/viewaccessabledata.php on line 627

07.12.2011 - 16:09: Warning: Call to undefined method templatesettings::sync in /var/www/vhosts/ibpg.eu/filmteam-dev/mysite/application/control/settingscontroller.php on line 76

07.12.2011 - 16:09: Warning: Call to undefined method viewaccessabledata::header in /var/www/vhosts/ibpg.eu/filmteam-dev/system/core/viewaccessabledata.php on line 588

07.12.2011 - 16:09: Warning: Call to undefined method boxpage::wholedata in /var/www/vhosts/ibpg.eu/filmteam-dev/system/core/DataObject/DataObject.php on line 2167

07.12.2011 - 16:09: Warning: Call to undefined method boxpage::wholedata in /var/www/vhosts/ibpg.eu/filmteam-dev/system/core/DataObject/DataObject.php on line 2167

07.12.2011 - 16:09: Warning: Call to undefined method boxpage::wholedata in /var/www/vhosts/ibpg.eu/filmteam-dev/system/core/DataObject/DataObject.php on line 2167

07.12.2011 - 16:09: Warning: Call to undefined method boxpage::wholedata in /var/www/vhosts/ibpg.eu/filmteam-dev/system/core/DataObject/DataObject.php on line 2167

07.12.2011 - 16:09: Warning: Call to undefined method boxpage::ratingbar in /var/www/vhosts/ibpg.eu/filmteam-dev/system/core/DataObject/DataObject.php on line 2167

07.12.2011 - 16:10: Warning: Call to undefined method metasettings::sync in /var/www/vhosts/ibpg.eu/filmteam-dev/mysite/application/control/settingscontroller.php on line 76

07.12.2011 - 16:10: Warning: Call to undefined method metasettings::meta_keywords in /var/www/vhosts/ibpg.eu/filmteam-dev/system/core/viewaccessabledata.php on line 627

07.12.2011 - 16:10: Warning: Call to undefined method metasettings::meta_description in /var/www/vhosts/ibpg.eu/filmteam-dev/system/core/viewaccessabledata.php on line 627

07.12.2011 - 16:10: Warning: Call to undefined method templatesettings::sync in /var/www/vhosts/ibpg.eu/filmteam-dev/mysite/application/control/settingscontroller.php on line 76

07.12.2011 - 16:10: Warning: Call to undefined method metasettings::sync in /var/www/vhosts/ibpg.eu/filmteam-dev/mysite/application/control/settingscontroller.php on line 76

07.12.2011 - 16:10: Warning: Call to undefined method metasettings::meta_keywords in /var/www/vhosts/ibpg.eu/filmteam-dev/system/core/viewaccessabledata.php on line 627

07.12.2011 - 16:10: Warning: Call to undefined method metasettings::meta_description in /var/www/vhosts/ibpg.eu/filmteam-dev/system/core/viewaccessabledata.php on line 627

07.12.2011 - 16:10: Warning: Call to undefined method templatesettings::sync in /var/www/vhosts/ibpg.eu/filmteam-dev/mysite/application/control/settingscontroller.php on line 76

07.12.2011 - 16:11: Warning: Call to undefined method metasettings::sync in /var/www/vhosts/ibpg.eu/filmteam-dev/mysite/application/control/settingscontroller.php on line 76

07.12.2011 - 16:11: Warning: Call to undefined method metasettings::meta_keywords in /var/www/vhosts/ibpg.eu/filmteam-dev/system/core/viewaccessabledata.php on line 627

07.12.2011 - 16:11: Warning: Call to undefined method metasettings::meta_description in /var/www/vhosts/ibpg.eu/filmteam-dev/system/core/viewaccessabledata.php on line 627

07.12.2011 - 16:11: Warning: Call to undefined method templatesettings::sync in /var/www/vhosts/ibpg.eu/filmteam-dev/mysite/application/control/settingscontroller.php on line 76

07.12.2011 - 16:11: Warning: Call to undefined method metasettings::sync in /var/www/vhosts/ibpg.eu/filmteam-dev/mysite/application/control/settingscontroller.php on line 76

07.12.2011 - 16:11: Warning: Call to undefined method metasettings::meta_keywords in /var/www/vhosts/ibpg.eu/filmteam-dev/system/core/viewaccessabledata.php on line 627

07.12.2011 - 16:11: Warning: Call to undefined method metasettings::meta_description in /var/www/vhosts/ibpg.eu/filmteam-dev/system/core/viewaccessabledata.php on line 627

07.12.2011 - 16:11: Warning: Call to undefined method templatesettings::sync in /var/www/vhosts/ibpg.eu/filmteam-dev/mysite/application/control/settingscontroller.php on line 76

07.12.2011 - 16:12: Warning: Call to undefined method boxpage::where in /var/www/vhosts/ibpg.eu/filmteam-dev/system/core/DataObject/DataObjectSet.php on line 1310

07.12.2011 - 16:12: Warning: Call to undefined method boxpage::where in /var/www/vhosts/ibpg.eu/filmteam-dev/system/core/DataObject/DataObjectSet.php on line 1310

07.12.2011 - 16:12: Warning: Call to undefined method pages::orderby in /var/www/vhosts/ibpg.eu/filmteam-dev/system/core/DataObject/DataObject.php on line 2167

07.12.2011 - 16:12: Warning: Call to undefined method viewaccessabledata::checkbox in /var/www/vhosts/ibpg.eu/filmteam-dev/system/core/viewaccessabledata.php on line 627

07.12.2011 - 16:12: Warning: Call to undefined method viewaccessabledata::checkbox in /var/www/vhosts/ibpg.eu/filmteam-dev/system/core/viewaccessabledata.php on line 627

07.12.2011 - 16:12: Warning: Call to undefined method viewaccessabledata::checkbox in /var/www/vhosts/ibpg.eu/filmteam-dev/system/core/viewaccessabledata.php on line 627

07.12.2011 - 16:12: Warning: Call to undefined method viewaccessabledata::checkbox in /var/www/vhosts/ibpg.eu/filmteam-dev/system/core/viewaccessabledata.php on line 627

07.12.2011 - 16:12: Warning: Call to undefined method viewaccessabledata::checkbox in /var/www/vhosts/ibpg.eu/filmteam-dev/system/core/viewaccessabledata.php on line 627

07.12.2011 - 16:12: Warning: Call to undefined method viewaccessabledata::checkbox in /var/www/vhosts/ibpg.eu/filmteam-dev/system/core/viewaccessabledata.php on line 627

07.12.2011 - 16:12: Warning: Call to undefined method viewaccessabledata::checkbox in /var/www/vhosts/ibpg.eu/filmteam-dev/system/core/viewaccessabledata.php on line 627

07.12.2011 - 16:12: Warning: Call to undefined method viewaccessabledata::checkbox in /var/www/vhosts/ibpg.eu/filmteam-dev/system/core/viewaccessabledata.php on line 627

07.12.2011 - 16:12: Warning: Call to undefined method metasettings::sync in /var/www/vhosts/ibpg.eu/filmteam-dev/mysite/application/control/settingscontroller.php on line 76

07.12.2011 - 16:12: Warning: Call to undefined method metasettings::meta_keywords in /var/www/vhosts/ibpg.eu/filmteam-dev/system/core/viewaccessabledata.php on line 627

07.12.2011 - 16:12: Warning: Call to undefined method metasettings::meta_description in /var/www/vhosts/ibpg.eu/filmteam-dev/system/core/viewaccessabledata.php on line 627

07.12.2011 - 16:12: Warning: Call to undefined method templatesettings::sync in /var/www/vhosts/ibpg.eu/filmteam-dev/mysite/application/control/settingscontroller.php on line 76

07.12.2011 - 16:12: Warning: Call to undefined method metasettings::sync in /var/www/vhosts/ibpg.eu/filmteam-dev/mysite/application/control/settingscontroller.php on line 76

07.12.2011 - 16:12: Warning: Call to undefined method metasettings::meta_keywords in /var/www/vhosts/ibpg.eu/filmteam-dev/system/core/viewaccessabledata.php on line 627

07.12.2011 - 16:12: Warning: Call to undefined method metasettings::meta_description in /var/www/vhosts/ibpg.eu/filmteam-dev/system/core/viewaccessabledata.php on line 627

07.12.2011 - 16:12: Warning: Call to undefined method templatesettings::sync in /var/www/vhosts/ibpg.eu/filmteam-dev/mysite/application/control/settingscontroller.php on line 76

07.12.2011 - 16:12: Warning: Call to undefined method metasettings::sync in /var/www/vhosts/ibpg.eu/filmteam-dev/mysite/application/control/settingscontroller.php on line 76

07.12.2011 - 16:12: Warning: Call to undefined method metasettings::meta_keywords in /var/www/vhosts/ibpg.eu/filmteam-dev/system/core/viewaccessabledata.php on line 627

07.12.2011 - 16:12: Warning: Call to undefined method metasettings::meta_description in /var/www/vhosts/ibpg.eu/filmteam-dev/system/core/viewaccessabledata.php on line 627

07.12.2011 - 16:12: Warning: Call to undefined method templatesettings::sync in /var/www/vhosts/ibpg.eu/filmteam-dev/mysite/application/control/settingscontroller.php on line 76

07.12.2011 - 17:54: Warning: Call to undefined method metasettings::sync in /var/www/vhosts/ibpg.eu/filmteam-dev/mysite/application/control/settingscontroller.php on line 76

07.12.2011 - 17:54: Warning: Call to undefined method metasettings::meta_keywords in /var/www/vhosts/ibpg.eu/filmteam-dev/system/core/viewaccessabledata.php on line 627

07.12.2011 - 17:54: Warning: Call to undefined method metasettings::meta_description in /var/www/vhosts/ibpg.eu/filmteam-dev/system/core/viewaccessabledata.php on line 627

07.12.2011 - 17:54: Warning: Call to undefined method templatesettings::sync in /var/www/vhosts/ibpg.eu/filmteam-dev/mysite/application/control/settingscontroller.php on line 76

07.12.2011 - 17:54: Warning: Call to undefined method admin::content in /var/www/vhosts/ibpg.eu/filmteam-dev/system/core/viewaccessabledata.php on line 627

07.12.2011 - 17:54: Warning: Call to undefined method admin::content in /var/www/vhosts/ibpg.eu/filmteam-dev/system/core/viewaccessabledata.php on line 627

07.12.2011 - 17:54: Warning: Call to undefined method admin::_GET_month in /var/www/vhosts/ibpg.eu/filmteam-dev/system/core/viewaccessabledata.php on line 627

07.12.2011 - 17:54: Warning: Call to undefined method admin::_GET_month in /var/www/vhosts/ibpg.eu/filmteam-dev/system/core/viewaccessabledata.php on line 627

07.12.2011 - 17:54: Warning: Call to undefined method viewaccessabledata::header in /var/www/vhosts/ibpg.eu/filmteam-dev/system/core/viewaccessabledata.php on line 588

07.12.2011 - 17:54: Warning: Call to undefined method admin::content in /var/www/vhosts/ibpg.eu/filmteam-dev/system/core/viewaccessabledata.php on line 627

07.12.2011 - 17:54: Warning: Call to undefined method admin::content in /var/www/vhosts/ibpg.eu/filmteam-dev/system/core/viewaccessabledata.php on line 627

07.12.2011 - 17:55: Warning: Call to undefined method admin::content in /var/www/vhosts/ibpg.eu/filmteam-dev/system/core/viewaccessabledata.php on line 627

07.12.2011 - 17:55: Warning: Call to undefined method admin::content in /var/www/vhosts/ibpg.eu/filmteam-dev/system/core/viewaccessabledata.php on line 627

07.12.2011 - 17:55: Warning: Call to undefined method viewaccessabledata::header in /var/www/vhosts/ibpg.eu/filmteam-dev/system/core/viewaccessabledata.php on line 588

07.12.2011 - 17:55: Warning: Call to undefined method admin::content in /var/www/vhosts/ibpg.eu/filmteam-dev/system/core/viewaccessabledata.php on line 627

07.12.2011 - 17:55: Warning: Call to undefined method admin::content in /var/www/vhosts/ibpg.eu/filmteam-dev/system/core/viewaccessabledata.php on line 627

07.12.2011 - 17:55: Warning: Call to undefined method admin::_GET_month in /var/www/vhosts/ibpg.eu/filmteam-dev/system/core/viewaccessabledata.php on line 627

07.12.2011 - 17:55: Warning: Call to undefined method admin::_GET_month in /var/www/vhosts/ibpg.eu/filmteam-dev/system/core/viewaccessabledata.php on line 627

07.12.2011 - 17:55: Warning: Call to undefined method boxpage::where in /var/www/vhosts/ibpg.eu/filmteam-dev/system/core/DataObject/DataObjectSet.php on line 1310

07.12.2011 - 17:55: Warning: Call to undefined method boxpage::where in /var/www/vhosts/ibpg.eu/filmteam-dev/system/core/DataObject/DataObjectSet.php on line 1310

07.12.2011 - 17:55: Warning: Call to undefined method pages::orderby in /var/www/vhosts/ibpg.eu/filmteam-dev/system/core/DataObject/DataObject.php on line 2167

07.12.2011 - 17:55: Warning: Call to undefined method viewaccessabledata::checkbox in /var/www/vhosts/ibpg.eu/filmteam-dev/system/core/viewaccessabledata.php on line 627

07.12.2011 - 17:55: Warning: Call to undefined method viewaccessabledata::checkbox in /var/www/vhosts/ibpg.eu/filmteam-dev/system/core/viewaccessabledata.php on line 627

07.12.2011 - 17:55: Warning: Call to undefined method viewaccessabledata::checkbox in /var/www/vhosts/ibpg.eu/filmteam-dev/system/core/viewaccessabledata.php on line 627

07.12.2011 - 17:55: Warning: Call to undefined method viewaccessabledata::checkbox in /var/www/vhosts/ibpg.eu/filmteam-dev/system/core/viewaccessabledata.php on line 627

07.12.2011 - 17:55: Warning: Call to undefined method viewaccessabledata::checkbox in /var/www/vhosts/ibpg.eu/filmteam-dev/system/core/viewaccessabledata.php on line 627

07.12.2011 - 17:55: Warning: Call to undefined method viewaccessabledata::checkbox in /var/www/vhosts/ibpg.eu/filmteam-dev/system/core/viewaccessabledata.php on line 627

07.12.2011 - 17:55: Warning: Call to undefined method viewaccessabledata::checkbox in /var/www/vhosts/ibpg.eu/filmteam-dev/system/core/viewaccessabledata.php on line 627

07.12.2011 - 17:55: Warning: Call to undefined method viewaccessabledata::checkbox in /var/www/vhosts/ibpg.eu/filmteam-dev/system/core/viewaccessabledata.php on line 627

07.12.2011 - 17:55: Warning: Call to undefined method metasettings::sync in /var/www/vhosts/ibpg.eu/filmteam-dev/mysite/application/control/settingscontroller.php on line 76

07.12.2011 - 17:55: Warning: Call to undefined method metasettings::meta_keywords in /var/www/vhosts/ibpg.eu/filmteam-dev/system/core/viewaccessabledata.php on line 627

07.12.2011 - 17:55: Warning: Call to undefined method metasettings::meta_description in /var/www/vhosts/ibpg.eu/filmteam-dev/system/core/viewaccessabledata.php on line 627

07.12.2011 - 17:55: Warning: Call to undefined method templatesettings::sync in /var/www/vhosts/ibpg.eu/filmteam-dev/mysite/application/control/settingscontroller.php on line 76

07.12.2011 - 17:55: Warning: Call to undefined method metasettings::sync in /var/www/vhosts/ibpg.eu/filmteam-dev/mysite/application/control/settingscontroller.php on line 76

07.12.2011 - 17:55: Warning: Call to undefined method metasettings::meta_keywords in /var/www/vhosts/ibpg.eu/filmteam-dev/system/core/viewaccessabledata.php on line 627

07.12.2011 - 17:55: Warning: Call to undefined method metasettings::meta_description in /var/www/vhosts/ibpg.eu/filmteam-dev/system/core/viewaccessabledata.php on line 627

07.12.2011 - 17:55: Warning: Call to undefined method templatesettings::sync in /var/www/vhosts/ibpg.eu/filmteam-dev/mysite/application/control/settingscontroller.php on line 76

07.12.2011 - 17:55: Warning: Call to undefined method metasettings::sync in /var/www/vhosts/ibpg.eu/filmteam-dev/mysite/application/control/settingscontroller.php on line 76

07.12.2011 - 17:55: Warning: Call to undefined method metasettings::meta_keywords in /var/www/vhosts/ibpg.eu/filmteam-dev/system/core/viewaccessabledata.php on line 627

07.12.2011 - 17:55: Warning: Call to undefined method metasettings::meta_description in /var/www/vhosts/ibpg.eu/filmteam-dev/system/core/viewaccessabledata.php on line 627

07.12.2011 - 17:55: Warning: Call to undefined method templatesettings::sync in /var/www/vhosts/ibpg.eu/filmteam-dev/mysite/application/control/settingscontroller.php on line 76

07.12.2011 - 17:55: Warning: Call to undefined method boxpage::where in /var/www/vhosts/ibpg.eu/filmteam-dev/system/core/DataObject/DataObjectSet.php on line 1310

07.12.2011 - 17:55: Warning: Call to undefined method boxpage::where in /var/www/vhosts/ibpg.eu/filmteam-dev/system/core/DataObject/DataObjectSet.php on line 1310

07.12.2011 - 17:55: Warning: Call to undefined method pages::orderby in /var/www/vhosts/ibpg.eu/filmteam-dev/system/core/DataObject/DataObject.php on line 2167

07.12.2011 - 17:55: Warning: Call to undefined method viewaccessabledata::checkbox in /var/www/vhosts/ibpg.eu/filmteam-dev/system/core/viewaccessabledata.php on line 627

07.12.2011 - 17:55: Warning: Call to undefined method viewaccessabledata::checkbox in /var/www/vhosts/ibpg.eu/filmteam-dev/system/core/viewaccessabledata.php on line 627

07.12.2011 - 17:55: Warning: Call to undefined method viewaccessabledata::checkbox in /var/www/vhosts/ibpg.eu/filmteam-dev/system/core/viewaccessabledata.php on line 627

07.12.2011 - 17:55: Warning: Call to undefined method viewaccessabledata::checkbox in /var/www/vhosts/ibpg.eu/filmteam-dev/system/core/viewaccessabledata.php on line 627

07.12.2011 - 17:55: Warning: Call to undefined method viewaccessabledata::checkbox in /var/www/vhosts/ibpg.eu/filmteam-dev/system/core/viewaccessabledata.php on line 627

07.12.2011 - 17:55: Warning: Call to undefined method viewaccessabledata::checkbox in /var/www/vhosts/ibpg.eu/filmteam-dev/system/core/viewaccessabledata.php on line 627

07.12.2011 - 17:55: Warning: Call to undefined method viewaccessabledata::checkbox in /var/www/vhosts/ibpg.eu/filmteam-dev/system/core/viewaccessabledata.php on line 627

07.12.2011 - 17:55: Warning: Call to undefined method viewaccessabledata::checkbox in /var/www/vhosts/ibpg.eu/filmteam-dev/system/core/viewaccessabledata.php on line 627

07.12.2011 - 17:55: Warning: Call to undefined method metasettings::sync in /var/www/vhosts/ibpg.eu/filmteam-dev/mysite/application/control/settingscontroller.php on line 76

07.12.2011 - 17:55: Warning: Call to undefined method metasettings::meta_keywords in /var/www/vhosts/ibpg.eu/filmteam-dev/system/core/viewaccessabledata.php on line 627

07.12.2011 - 17:55: Warning: Call to undefined method metasettings::meta_description in /var/www/vhosts/ibpg.eu/filmteam-dev/system/core/viewaccessabledata.php on line 627

07.12.2011 - 17:55: Warning: Call to undefined method templatesettings::sync in /var/www/vhosts/ibpg.eu/filmteam-dev/mysite/application/control/settingscontroller.php on line 76

07.12.2011 - 17:55: Warning: Call to undefined method metasettings::sync in /var/www/vhosts/ibpg.eu/filmteam-dev/mysite/application/control/settingscontroller.php on line 76

07.12.2011 - 17:55: Warning: Call to undefined method metasettings::meta_keywords in /var/www/vhosts/ibpg.eu/filmteam-dev/system/core/viewaccessabledata.php on line 627

07.12.2011 - 17:55: Warning: Call to undefined method metasettings::meta_description in /var/www/vhosts/ibpg.eu/filmteam-dev/system/core/viewaccessabledata.php on line 627

07.12.2011 - 17:55: Warning: Call to undefined method templatesettings::sync in /var/www/vhosts/ibpg.eu/filmteam-dev/mysite/application/control/settingscontroller.php on line 76

07.12.2011 - 17:57: Warning: Call to undefined method boxpage::wholedata in /var/www/vhosts/ibpg.eu/filmteam-dev/system/core/DataObject/DataObject.php on line 2167

07.12.2011 - 17:57: Warning: Call to undefined method boxpage::wholedata in /var/www/vhosts/ibpg.eu/filmteam-dev/system/core/DataObject/DataObject.php on line 2167

07.12.2011 - 17:57: Warning: Call to undefined method boxpage::wholedata in /var/www/vhosts/ibpg.eu/filmteam-dev/system/core/DataObject/DataObject.php on line 2167

07.12.2011 - 17:57: Warning: Call to undefined method boxpage::wholedata in /var/www/vhosts/ibpg.eu/filmteam-dev/system/core/DataObject/DataObject.php on line 2167

07.12.2011 - 17:57: Warning: Call to undefined method boxpage::ratingbar in /var/www/vhosts/ibpg.eu/filmteam-dev/system/core/DataObject/DataObject.php on line 2167

07.12.2011 - 18:02: Warning: Call to undefined method viewaccessabledata::orderdesc in /var/www/vhosts/ibpg.eu/filmteam-dev/system/core/viewaccessabledata.php on line 627

07.12.2011 - 18:02: Warning: Call to undefined method viewaccessabledata::orderdesc in /var/www/vhosts/ibpg.eu/filmteam-dev/system/core/viewaccessabledata.php on line 627

07.12.2011 - 18:02: Warning: Call to undefined method viewaccessabledata::order in /var/www/vhosts/ibpg.eu/filmteam-dev/system/core/viewaccessabledata.php on line 627

07.12.2011 - 18:02: Warning: Call to undefined method viewaccessabledata::order in /var/www/vhosts/ibpg.eu/filmteam-dev/system/core/viewaccessabledata.php on line 627

07.12.2011 - 18:02: Warning: Call to undefined method viewaccessabledata::orderdesc in /var/www/vhosts/ibpg.eu/filmteam-dev/system/core/viewaccessabledata.php on line 627

07.12.2011 - 18:02: Warning: Call to undefined method viewaccessabledata::orderdesc in /var/www/vhosts/ibpg.eu/filmteam-dev/system/core/viewaccessabledata.php on line 627

07.12.2011 - 18:02: Warning: Call to undefined method viewaccessabledata::order in /var/www/vhosts/ibpg.eu/filmteam-dev/system/core/viewaccessabledata.php on line 627

07.12.2011 - 18:02: Warning: Call to undefined method viewaccessabledata::order in /var/www/vhosts/ibpg.eu/filmteam-dev/system/core/viewaccessabledata.php on line 627

07.12.2011 - 18:02: Warning: Call to undefined method viewaccessabledata::orderdesc in /var/www/vhosts/ibpg.eu/filmteam-dev/system/core/viewaccessabledata.php on line 627

07.12.2011 - 18:02: Warning: Call to undefined method viewaccessabledata::orderdesc in /var/www/vhosts/ibpg.eu/filmteam-dev/system/core/viewaccessabledata.php on line 627

07.12.2011 - 18:02: Warning: Call to undefined method viewaccessabledata::order in /var/www/vhosts/ibpg.eu/filmteam-dev/system/core/viewaccessabledata.php on line 627

07.12.2011 - 18:02: Warning: Call to undefined method viewaccessabledata::order in /var/www/vhosts/ibpg.eu/filmteam-dev/system/core/viewaccessabledata.php on line 627

07.12.2011 - 18:02: Warning: Call to undefined method errorpage::wholedata in /var/www/vhosts/ibpg.eu/filmteam-dev/system/core/DataObject/DataObject.php on line 2167

07.12.2011 - 18:02: Warning: Call to undefined method errorpage::wholedata in /var/www/vhosts/ibpg.eu/filmteam-dev/system/core/DataObject/DataObject.php on line 2167

07.12.2011 - 18:02: Warning: Call to undefined method errorpage::wholedata in /var/www/vhosts/ibpg.eu/filmteam-dev/system/core/DataObject/DataObject.php on line 2167

07.12.2011 - 18:02: Warning: Call to undefined method errorpage::wholedata in /var/www/vhosts/ibpg.eu/filmteam-dev/system/core/DataObject/DataObject.php on line 2167

07.12.2011 - 18:02: Warning: Call to undefined method errorpage::wholedata in /var/www/vhosts/ibpg.eu/filmteam-dev/system/core/DataObject/DataObject.php on line 2167

07.12.2011 - 18:02: Warning: Call to undefined method errorpage::wholedata in /var/www/vhosts/ibpg.eu/filmteam-dev/system/core/DataObject/DataObject.php on line 2167

07.12.2011 - 18:02: Warning: Call to undefined method errorpage::wholedata in /var/www/vhosts/ibpg.eu/filmteam-dev/system/core/DataObject/DataObject.php on line 2167

07.12.2011 - 18:02: Warning: Call to undefined method errorpage::wholedata in /var/www/vhosts/ibpg.eu/filmteam-dev/system/core/DataObject/DataObject.php on line 2167

07.12.2011 - 18:02: Warning: Call to undefined method errorpage::wholedata in /var/www/vhosts/ibpg.eu/filmteam-dev/system/core/DataObject/DataObject.php on line 2167

07.12.2011 - 18:02: Warning: Call to undefined method errorpage::wholedata in /var/www/vhosts/ibpg.eu/filmteam-dev/system/core/DataObject/DataObject.php on line 2167

07.12.2011 - 18:02: Warning: Call to undefined method errorpage::wholedata in /var/www/vhosts/ibpg.eu/filmteam-dev/system/core/DataObject/DataObject.php on line 2167

07.12.2011 - 18:02: Warning: Call to undefined method errorpage::wholedata in /var/www/vhosts/ibpg.eu/filmteam-dev/system/core/DataObject/DataObject.php on line 2167

07.12.2011 - 18:02: Warning: Call to undefined method errorpage::wholedata in /var/www/vhosts/ibpg.eu/filmteam-dev/system/core/DataObject/DataObject.php on line 2167

07.12.2011 - 18:02: Warning: Call to undefined method errorpage::wholedata in /var/www/vhosts/ibpg.eu/filmteam-dev/system/core/DataObject/DataObject.php on line 2167

07.12.2011 - 18:02: Warning: Call to undefined method errorpage::wholedata in /var/www/vhosts/ibpg.eu/filmteam-dev/system/core/DataObject/DataObject.php on line 2167

07.12.2011 - 18:02: Warning: Call to undefined method errorpage::wholedata in /var/www/vhosts/ibpg.eu/filmteam-dev/system/core/DataObject/DataObject.php on line 2167

07.12.2011 - 18:02: Warning: Call to undefined method errorpage::wholedata in /var/www/vhosts/ibpg.eu/filmteam-dev/system/core/DataObject/DataObject.php on line 2167

07.12.2011 - 18:02: Warning: Call to undefined method errorpage::wholedata in /var/www/vhosts/ibpg.eu/filmteam-dev/system/core/DataObject/DataObject.php on line 2167

07.12.2011 - 18:02: Warning: Call to undefined method errorpage::wholedata in /var/www/vhosts/ibpg.eu/filmteam-dev/system/core/DataObject/DataObject.php on line 2167

07.12.2011 - 18:02: Warning: Call to undefined method errorpage::wholedata in /var/www/vhosts/ibpg.eu/filmteam-dev/system/core/DataObject/DataObject.php on line 2167

07.12.2011 - 18:02: Warning: Call to undefined method errorpage::wholedata in /var/www/vhosts/ibpg.eu/filmteam-dev/system/core/DataObject/DataObject.php on line 2167

07.12.2011 - 18:02: Warning: Call to undefined method errorpage::wholedata in /var/www/vhosts/ibpg.eu/filmteam-dev/system/core/DataObject/DataObject.php on line 2167

07.12.2011 - 18:02: Warning: Call to undefined method errorpage::wholedata in /var/www/vhosts/ibpg.eu/filmteam-dev/system/core/DataObject/DataObject.php on line 2167

07.12.2011 - 18:02: Warning: Call to undefined method errorpage::wholedata in /var/www/vhosts/ibpg.eu/filmteam-dev/system/core/DataObject/DataObject.php on line 2167

07.12.2011 - 18:02: Warning: Call to undefined method errorpage::wholedata in /var/www/vhosts/ibpg.eu/filmteam-dev/system/core/DataObject/DataObject.php on line 2167

07.12.2011 - 18:02: Warning: Call to undefined method errorpage::wholedata in /var/www/vhosts/ibpg.eu/filmteam-dev/system/core/DataObject/DataObject.php on line 2167

07.12.2011 - 18:02: Warning: Call to undefined method errorpage::wholedata in /var/www/vhosts/ibpg.eu/filmteam-dev/system/core/DataObject/DataObject.php on line 2167

07.12.2011 - 18:02: Warning: Call to undefined method errorpage::wholedata in /var/www/vhosts/ibpg.eu/filmteam-dev/system/core/DataObject/DataObject.php on line 2167

07.12.2011 - 18:02: Warning: Call to undefined method errorpage::wholedata in /var/www/vhosts/ibpg.eu/filmteam-dev/system/core/DataObject/DataObject.php on line 2167

07.12.2011 - 18:02: Warning: Call to undefined method errorpage::wholedata in /var/www/vhosts/ibpg.eu/filmteam-dev/system/core/DataObject/DataObject.php on line 2167

07.12.2011 - 18:02: Warning: Call to undefined method errorpage::wholedata in /var/www/vhosts/ibpg.eu/filmteam-dev/system/core/DataObject/DataObject.php on line 2167

07.12.2011 - 18:02: Warning: Call to undefined method errorpage::wholedata in /var/www/vhosts/ibpg.eu/filmteam-dev/system/core/DataObject/DataObject.php on line 2167

07.12.2011 - 18:02: Warning: Call to undefined method errorpage::wholedata in /var/www/vhosts/ibpg.eu/filmteam-dev/system/core/DataObject/DataObject.php on line 2167

07.12.2011 - 18:02: Warning: Call to undefined method errorpage::wholedata in /var/www/vhosts/ibpg.eu/filmteam-dev/system/core/DataObject/DataObject.php on line 2167

07.12.2011 - 18:02: Warning: Call to undefined method errorpage::wholedata in /var/www/vhosts/ibpg.eu/filmteam-dev/system/core/DataObject/DataObject.php on line 2167

07.12.2011 - 18:02: Warning: Call to undefined method errorpage::wholedata in /var/www/vhosts/ibpg.eu/filmteam-dev/system/core/DataObject/DataObject.php on line 2167

07.12.2011 - 18:02: Warning: Call to undefined method metasettings::sync in /var/www/vhosts/ibpg.eu/filmteam-dev/mysite/application/control/settingscontroller.php on line 76

07.12.2011 - 18:02: Warning: Call to undefined method metasettings::meta_keywords in /var/www/vhosts/ibpg.eu/filmteam-dev/system/core/viewaccessabledata.php on line 627

07.12.2011 - 18:02: Warning: Call to undefined method metasettings::meta_description in /var/www/vhosts/ibpg.eu/filmteam-dev/system/core/viewaccessabledata.php on line 627

07.12.2011 - 18:02: Warning: Call to undefined method templatesettings::sync in /var/www/vhosts/ibpg.eu/filmteam-dev/mysite/application/control/settingscontroller.php on line 76

07.12.2011 - 18:14: Warning: Call to undefined method metasettings::sync in /var/www/vhosts/ibpg.eu/filmteam-dev/mysite/application/control/settingscontroller.php on line 76

07.12.2011 - 18:14: Warning: Call to undefined method metasettings::meta_keywords in /var/www/vhosts/ibpg.eu/filmteam-dev/system/core/viewaccessabledata.php on line 627

07.12.2011 - 18:14: Warning: Call to undefined method metasettings::meta_description in /var/www/vhosts/ibpg.eu/filmteam-dev/system/core/viewaccessabledata.php on line 627

07.12.2011 - 18:14: Warning: Call to undefined method templatesettings::sync in /var/www/vhosts/ibpg.eu/filmteam-dev/mysite/application/control/settingscontroller.php on line 76

07.12.2011 - 18:14: Warning: Call to undefined method admin::content in /var/www/vhosts/ibpg.eu/filmteam-dev/system/core/viewaccessabledata.php on line 627

07.12.2011 - 18:14: Warning: Call to undefined method admin::content in /var/www/vhosts/ibpg.eu/filmteam-dev/system/core/viewaccessabledata.php on line 627

07.12.2011 - 18:14: Warning: Call to undefined method admin::_GET_month in /var/www/vhosts/ibpg.eu/filmteam-dev/system/core/viewaccessabledata.php on line 627

07.12.2011 - 18:14: Warning: Call to undefined method admin::_GET_month in /var/www/vhosts/ibpg.eu/filmteam-dev/system/core/viewaccessabledata.php on line 627

07.12.2011 - 18:14: Warning: Call to undefined method boxpage::where in /var/www/vhosts/ibpg.eu/filmteam-dev/system/core/DataObject/DataObjectSet.php on line 1310

07.12.2011 - 18:14: Warning: Call to undefined method boxpage::where in /var/www/vhosts/ibpg.eu/filmteam-dev/system/core/DataObject/DataObjectSet.php on line 1310

07.12.2011 - 18:14: Warning: Call to undefined method pages::orderby in /var/www/vhosts/ibpg.eu/filmteam-dev/system/core/DataObject/DataObject.php on line 2167

07.12.2011 - 18:14: Warning: Call to undefined method viewaccessabledata::checkbox in /var/www/vhosts/ibpg.eu/filmteam-dev/system/core/viewaccessabledata.php on line 627

07.12.2011 - 18:14: Warning: Call to undefined method viewaccessabledata::checkbox in /var/www/vhosts/ibpg.eu/filmteam-dev/system/core/viewaccessabledata.php on line 627

07.12.2011 - 18:14: Warning: Call to undefined method viewaccessabledata::checkbox in /var/www/vhosts/ibpg.eu/filmteam-dev/system/core/viewaccessabledata.php on line 627

07.12.2011 - 18:14: Warning: Call to undefined method viewaccessabledata::checkbox in /var/www/vhosts/ibpg.eu/filmteam-dev/system/core/viewaccessabledata.php on line 627

07.12.2011 - 18:14: Warning: Call to undefined method viewaccessabledata::checkbox in /var/www/vhosts/ibpg.eu/filmteam-dev/system/core/viewaccessabledata.php on line 627

07.12.2011 - 18:14: Warning: Call to undefined method viewaccessabledata::checkbox in /var/www/vhosts/ibpg.eu/filmteam-dev/system/core/viewaccessabledata.php on line 627

07.12.2011 - 18:14: Warning: Call to undefined method viewaccessabledata::checkbox in /var/www/vhosts/ibpg.eu/filmteam-dev/system/core/viewaccessabledata.php on line 627

07.12.2011 - 18:14: Warning: Call to undefined method viewaccessabledata::checkbox in /var/www/vhosts/ibpg.eu/filmteam-dev/system/core/viewaccessabledata.php on line 627

07.12.2011 - 18:14: Warning: Call to undefined method boxpage::version in /var/www/vhosts/ibpg.eu/filmteam-dev/system/core/DataObject/DataObjectSet.php on line 1310

07.12.2011 - 18:14: Warning: Call to undefined method boxpage::where in /var/www/vhosts/ibpg.eu/filmteam-dev/system/core/DataObject/DataObjectSet.php on line 1310

07.12.2011 - 18:14: Warning: Call to undefined method boxpage::where in /var/www/vhosts/ibpg.eu/filmteam-dev/system/core/DataObject/DataObjectSet.php on line 1310

07.12.2011 - 18:14: Warning: Call to undefined method group::where in /var/www/vhosts/ibpg.eu/filmteam-dev/system/core/DataObject/DataObjectSet.php on line 1310

07.12.2011 - 18:14: Warning: Call to undefined method group::where in /var/www/vhosts/ibpg.eu/filmteam-dev/system/core/DataObject/DataObjectSet.php on line 1310

07.12.2011 - 18:14: Warning: Call to undefined method group::orderby in /var/www/vhosts/ibpg.eu/filmteam-dev/system/core/DataObject/DataObject.php on line 2167

07.12.2011 - 18:14: Warning: Call to undefined method viewaccessabledata::checkbox in /var/www/vhosts/ibpg.eu/filmteam-dev/system/core/viewaccessabledata.php on line 627

07.12.2011 - 18:14: Warning: Call to undefined method viewaccessabledata::checkbox in /var/www/vhosts/ibpg.eu/filmteam-dev/system/core/viewaccessabledata.php on line 627

07.12.2011 - 18:14: Warning: Call to undefined method viewaccessabledata::checkbox in /var/www/vhosts/ibpg.eu/filmteam-dev/system/core/viewaccessabledata.php on line 627

07.12.2011 - 18:14: Warning: Call to undefined method viewaccessabledata::checkbox in /var/www/vhosts/ibpg.eu/filmteam-dev/system/core/viewaccessabledata.php on line 627

07.12.2011 - 18:14: Warning: Call to undefined method viewaccessabledata::checkbox in /var/www/vhosts/ibpg.eu/filmteam-dev/system/core/viewaccessabledata.php on line 627

07.12.2011 - 18:14: Warning: Call to undefined method viewaccessabledata::checkbox in /var/www/vhosts/ibpg.eu/filmteam-dev/system/core/viewaccessabledata.php on line 627

07.12.2011 - 18:14: Warning: Call to undefined method viewaccessabledata::checkbox in /var/www/vhosts/ibpg.eu/filmteam-dev/system/core/viewaccessabledata.php on line 627

07.12.2011 - 18:14: Warning: Call to undefined method viewaccessabledata::checkbox in /var/www/vhosts/ibpg.eu/filmteam-dev/system/core/viewaccessabledata.php on line 627

07.12.2011 - 18:14: Warning: Call to undefined method viewaccessabledata::checkbox in /var/www/vhosts/ibpg.eu/filmteam-dev/system/core/viewaccessabledata.php on line 627

07.12.2011 - 18:14: Warning: Call to undefined method viewaccessabledata::checkbox in /var/www/vhosts/ibpg.eu/filmteam-dev/system/core/viewaccessabledata.php on line 627

07.12.2011 - 18:14: Warning: Call to undefined method viewaccessabledata::checkbox in /var/www/vhosts/ibpg.eu/filmteam-dev/system/core/viewaccessabledata.php on line 627

07.12.2011 - 18:14: Warning: Call to undefined method viewaccessabledata::checkbox in /var/www/vhosts/ibpg.eu/filmteam-dev/system/core/viewaccessabledata.php on line 627

07.12.2011 - 18:14: Warning: Call to undefined method viewaccessabledata::checkbox in /var/www/vhosts/ibpg.eu/filmteam-dev/system/core/viewaccessabledata.php on line 627

07.12.2011 - 18:14: Warning: Call to undefined method viewaccessabledata::checkbox in /var/www/vhosts/ibpg.eu/filmteam-dev/system/core/viewaccessabledata.php on line 627

07.12.2011 - 18:14: Warning: Call to undefined method viewaccessabledata::checkbox in /var/www/vhosts/ibpg.eu/filmteam-dev/system/core/viewaccessabledata.php on line 627

07.12.2011 - 18:14: Warning: Call to undefined method viewaccessabledata::checkbox in /var/www/vhosts/ibpg.eu/filmteam-dev/system/core/viewaccessabledata.php on line 627

07.12.2011 - 18:14: Warning: Call to undefined method viewaccessabledata::orderdesc in /var/www/vhosts/ibpg.eu/filmteam-dev/system/core/viewaccessabledata.php on line 627

07.12.2011 - 18:14: Warning: Call to undefined method viewaccessabledata::orderdesc in /var/www/vhosts/ibpg.eu/filmteam-dev/system/core/viewaccessabledata.php on line 627

07.12.2011 - 18:14: Warning: Call to undefined method viewaccessabledata::order in /var/www/vhosts/ibpg.eu/filmteam-dev/system/core/viewaccessabledata.php on line 627

07.12.2011 - 18:14: Warning: Call to undefined method viewaccessabledata::order in /var/www/vhosts/ibpg.eu/filmteam-dev/system/core/viewaccessabledata.php on line 627

07.12.2011 - 18:14: Warning: Call to undefined method viewaccessabledata::orderdesc in /var/www/vhosts/ibpg.eu/filmteam-dev/system/core/viewaccessabledata.php on line 627

07.12.2011 - 18:14: Warning: Call to undefined method viewaccessabledata::orderdesc in /var/www/vhosts/ibpg.eu/filmteam-dev/system/core/viewaccessabledata.php on line 627

07.12.2011 - 18:14: Warning: Call to undefined method viewaccessabledata::order in /var/www/vhosts/ibpg.eu/filmteam-dev/system/core/viewaccessabledata.php on line 627

07.12.2011 - 18:14: Warning: Call to undefined method viewaccessabledata::order in /var/www/vhosts/ibpg.eu/filmteam-dev/system/core/viewaccessabledata.php on line 627

07.12.2011 - 18:14: Warning: Call to undefined method viewaccessabledata::orderdesc in /var/www/vhosts/ibpg.eu/filmteam-dev/system/core/viewaccessabledata.php on line 627

07.12.2011 - 18:14: Warning: Call to undefined method viewaccessabledata::orderdesc in /var/www/vhosts/ibpg.eu/filmteam-dev/system/core/viewaccessabledata.php on line 627

07.12.2011 - 18:14: Warning: Call to undefined method viewaccessabledata::order in /var/www/vhosts/ibpg.eu/filmteam-dev/system/core/viewaccessabledata.php on line 627

07.12.2011 - 18:14: Warning: Call to undefined method viewaccessabledata::order in /var/www/vhosts/ibpg.eu/filmteam-dev/system/core/viewaccessabledata.php on line 627

07.12.2011 - 18:14: Warning: Call to undefined method errorpage::wholedata in /var/www/vhosts/ibpg.eu/filmteam-dev/system/core/DataObject/DataObject.php on line 2167

07.12.2011 - 18:14: Warning: Call to undefined method errorpage::wholedata in /var/www/vhosts/ibpg.eu/filmteam-dev/system/core/DataObject/DataObject.php on line 2167

07.12.2011 - 18:14: Warning: Call to undefined method errorpage::wholedata in /var/www/vhosts/ibpg.eu/filmteam-dev/system/core/DataObject/DataObject.php on line 2167

07.12.2011 - 18:14: Warning: Call to undefined method errorpage::wholedata in /var/www/vhosts/ibpg.eu/filmteam-dev/system/core/DataObject/DataObject.php on line 2167

07.12.2011 - 18:14: Warning: Call to undefined method errorpage::wholedata in /var/www/vhosts/ibpg.eu/filmteam-dev/system/core/DataObject/DataObject.php on line 2167

07.12.2011 - 18:14: Warning: Call to undefined method errorpage::wholedata in /var/www/vhosts/ibpg.eu/filmteam-dev/system/core/DataObject/DataObject.php on line 2167

07.12.2011 - 18:14: Warning: Call to undefined method errorpage::wholedata in /var/www/vhosts/ibpg.eu/filmteam-dev/system/core/DataObject/DataObject.php on line 2167

07.12.2011 - 18:14: Warning: Call to undefined method errorpage::wholedata in /var/www/vhosts/ibpg.eu/filmteam-dev/system/core/DataObject/DataObject.php on line 2167

07.12.2011 - 18:14: Warning: Call to undefined method errorpage::wholedata in /var/www/vhosts/ibpg.eu/filmteam-dev/system/core/DataObject/DataObject.php on line 2167

07.12.2011 - 18:14: Warning: Call to undefined method errorpage::wholedata in /var/www/vhosts/ibpg.eu/filmteam-dev/system/core/DataObject/DataObject.php on line 2167

07.12.2011 - 18:14: Warning: Call to undefined method errorpage::wholedata in /var/www/vhosts/ibpg.eu/filmteam-dev/system/core/DataObject/DataObject.php on line 2167

07.12.2011 - 18:14: Warning: Call to undefined method errorpage::wholedata in /var/www/vhosts/ibpg.eu/filmteam-dev/system/core/DataObject/DataObject.php on line 2167

07.12.2011 - 18:14: Warning: Call to undefined method errorpage::wholedata in /var/www/vhosts/ibpg.eu/filmteam-dev/system/core/DataObject/DataObject.php on line 2167

07.12.2011 - 18:14: Warning: Call to undefined method errorpage::wholedata in /var/www/vhosts/ibpg.eu/filmteam-dev/system/core/DataObject/DataObject.php on line 2167

07.12.2011 - 18:14: Warning: Call to undefined method errorpage::wholedata in /var/www/vhosts/ibpg.eu/filmteam-dev/system/core/DataObject/DataObject.php on line 2167

07.12.2011 - 18:14: Warning: Call to undefined method errorpage::wholedata in /var/www/vhosts/ibpg.eu/filmteam-dev/system/core/DataObject/DataObject.php on line 2167

07.12.2011 - 18:14: Warning: Call to undefined method errorpage::wholedata in /var/www/vhosts/ibpg.eu/filmteam-dev/system/core/DataObject/DataObject.php on line 2167

07.12.2011 - 18:14: Warning: Call to undefined method errorpage::wholedata in /var/www/vhosts/ibpg.eu/filmteam-dev/system/core/DataObject/DataObject.php on line 2167

07.12.2011 - 18:14: Warning: Call to undefined method errorpage::wholedata in /var/www/vhosts/ibpg.eu/filmteam-dev/system/core/DataObject/DataObject.php on line 2167

07.12.2011 - 18:14: Warning: Call to undefined method errorpage::wholedata in /var/www/vhosts/ibpg.eu/filmteam-dev/system/core/DataObject/DataObject.php on line 2167

07.12.2011 - 18:14: Warning: Call to undefined method errorpage::wholedata in /var/www/vhosts/ibpg.eu/filmteam-dev/system/core/DataObject/DataObject.php on line 2167

07.12.2011 - 18:14: Warning: Call to undefined method errorpage::wholedata in /var/www/vhosts/ibpg.eu/filmteam-dev/system/core/DataObject/DataObject.php on line 2167

07.12.2011 - 18:14: Warning: Call to undefined method errorpage::wholedata in /var/www/vhosts/ibpg.eu/filmteam-dev/system/core/DataObject/DataObject.php on line 2167

07.12.2011 - 18:14: Warning: Call to undefined method errorpage::wholedata in /var/www/vhosts/ibpg.eu/filmteam-dev/system/core/DataObject/DataObject.php on line 2167

07.12.2011 - 18:14: Warning: Call to undefined method errorpage::wholedata in /var/www/vhosts/ibpg.eu/filmteam-dev/system/core/DataObject/DataObject.php on line 2167

07.12.2011 - 18:14: Warning: Call to undefined method errorpage::wholedata in /var/www/vhosts/ibpg.eu/filmteam-dev/system/core/DataObject/DataObject.php on line 2167

07.12.2011 - 18:14: Warning: Call to undefined method errorpage::wholedata in /var/www/vhosts/ibpg.eu/filmteam-dev/system/core/DataObject/DataObject.php on line 2167

07.12.2011 - 18:14: Warning: Call to undefined method errorpage::wholedata in /var/www/vhosts/ibpg.eu/filmteam-dev/system/core/DataObject/DataObject.php on line 2167

07.12.2011 - 18:14: Warning: Call to undefined method errorpage::wholedata in /var/www/vhosts/ibpg.eu/filmteam-dev/system/core/DataObject/DataObject.php on line 2167

07.12.2011 - 18:14: Warning: Call to undefined method errorpage::wholedata in /var/www/vhosts/ibpg.eu/filmteam-dev/system/core/DataObject/DataObject.php on line 2167

07.12.2011 - 18:14: Warning: Call to undefined method errorpage::wholedata in /var/www/vhosts/ibpg.eu/filmteam-dev/system/core/DataObject/DataObject.php on line 2167

07.12.2011 - 18:14: Warning: Call to undefined method errorpage::wholedata in /var/www/vhosts/ibpg.eu/filmteam-dev/system/core/DataObject/DataObject.php on line 2167

07.12.2011 - 18:14: Warning: Call to undefined method errorpage::wholedata in /var/www/vhosts/ibpg.eu/filmteam-dev/system/core/DataObject/DataObject.php on line 2167

07.12.2011 - 18:14: Warning: Call to undefined method errorpage::wholedata in /var/www/vhosts/ibpg.eu/filmteam-dev/system/core/DataObject/DataObject.php on line 2167

07.12.2011 - 18:14: Warning: Call to undefined method errorpage::wholedata in /var/www/vhosts/ibpg.eu/filmteam-dev/system/core/DataObject/DataObject.php on line 2167

07.12.2011 - 18:14: Warning: Call to undefined method errorpage::wholedata in /var/www/vhosts/ibpg.eu/filmteam-dev/system/core/DataObject/DataObject.php on line 2167

07.12.2011 - 18:14: Warning: Call to undefined method viewaccessabledata::header in /var/www/vhosts/ibpg.eu/filmteam-dev/system/core/viewaccessabledata.php on line 588

07.12.2011 - 18:14: Warning: Call to undefined method viewaccessabledata::orderdesc in /var/www/vhosts/ibpg.eu/filmteam-dev/system/core/viewaccessabledata.php on line 627

07.12.2011 - 18:14: Warning: Call to undefined method viewaccessabledata::orderdesc in /var/www/vhosts/ibpg.eu/filmteam-dev/system/core/viewaccessabledata.php on line 627

07.12.2011 - 18:14: Warning: Call to undefined method viewaccessabledata::order in /var/www/vhosts/ibpg.eu/filmteam-dev/system/core/viewaccessabledata.php on line 627

07.12.2011 - 18:14: Warning: Call to undefined method viewaccessabledata::order in /var/www/vhosts/ibpg.eu/filmteam-dev/system/core/viewaccessabledata.php on line 627

07.12.2011 - 18:14: Warning: Call to undefined method viewaccessabledata::orderdesc in /var/www/vhosts/ibpg.eu/filmteam-dev/system/core/viewaccessabledata.php on line 627

07.12.2011 - 18:14: Warning: Call to undefined method viewaccessabledata::orderdesc in /var/www/vhosts/ibpg.eu/filmteam-dev/system/core/viewaccessabledata.php on line 627

07.12.2011 - 18:14: Warning: Call to undefined method viewaccessabledata::order in /var/www/vhosts/ibpg.eu/filmteam-dev/system/core/viewaccessabledata.php on line 627

07.12.2011 - 18:14: Warning: Call to undefined method viewaccessabledata::order in /var/www/vhosts/ibpg.eu/filmteam-dev/system/core/viewaccessabledata.php on line 627

07.12.2011 - 18:14: Warning: Call to undefined method viewaccessabledata::orderdesc in /var/www/vhosts/ibpg.eu/filmteam-dev/system/core/viewaccessabledata.php on line 627

07.12.2011 - 18:14: Warning: Call to undefined method viewaccessabledata::orderdesc in /var/www/vhosts/ibpg.eu/filmteam-dev/system/core/viewaccessabledata.php on line 627

07.12.2011 - 18:14: Warning: Call to undefined method viewaccessabledata::order in /var/www/vhosts/ibpg.eu/filmteam-dev/system/core/viewaccessabledata.php on line 627

07.12.2011 - 18:14: Warning: Call to undefined method viewaccessabledata::order in /var/www/vhosts/ibpg.eu/filmteam-dev/system/core/viewaccessabledata.php on line 627

07.12.2011 - 18:14: Warning: Call to undefined method errorpage::wholedata in /var/www/vhosts/ibpg.eu/filmteam-dev/system/core/DataObject/DataObject.php on line 2167

07.12.2011 - 18:14: Warning: Call to undefined method errorpage::wholedata in /var/www/vhosts/ibpg.eu/filmteam-dev/system/core/DataObject/DataObject.php on line 2167

07.12.2011 - 18:14: Warning: Call to undefined method errorpage::wholedata in /var/www/vhosts/ibpg.eu/filmteam-dev/system/core/DataObject/DataObject.php on line 2167

07.12.2011 - 18:14: Warning: Call to undefined method errorpage::wholedata in /var/www/vhosts/ibpg.eu/filmteam-dev/system/core/DataObject/DataObject.php on line 2167

07.12.2011 - 18:14: Warning: Call to undefined method errorpage::wholedata in /var/www/vhosts/ibpg.eu/filmteam-dev/system/core/DataObject/DataObject.php on line 2167

07.12.2011 - 18:14: Warning: Call to undefined method errorpage::wholedata in /var/www/vhosts/ibpg.eu/filmteam-dev/system/core/DataObject/DataObject.php on line 2167

07.12.2011 - 18:14: Warning: Call to undefined method errorpage::wholedata in /var/www/vhosts/ibpg.eu/filmteam-dev/system/core/DataObject/DataObject.php on line 2167

07.12.2011 - 18:14: Warning: Call to undefined method errorpage::wholedata in /var/www/vhosts/ibpg.eu/filmteam-dev/system/core/DataObject/DataObject.php on line 2167

07.12.2011 - 18:14: Warning: Call to undefined method errorpage::wholedata in /var/www/vhosts/ibpg.eu/filmteam-dev/system/core/DataObject/DataObject.php on line 2167

07.12.2011 - 18:14: Warning: Call to undefined method errorpage::wholedata in /var/www/vhosts/ibpg.eu/filmteam-dev/system/core/DataObject/DataObject.php on line 2167

07.12.2011 - 18:14: Warning: Call to undefined method errorpage::wholedata in /var/www/vhosts/ibpg.eu/filmteam-dev/system/core/DataObject/DataObject.php on line 2167

07.12.2011 - 18:14: Warning: Call to undefined method errorpage::wholedata in /var/www/vhosts/ibpg.eu/filmteam-dev/system/core/DataObject/DataObject.php on line 2167

07.12.2011 - 18:14: Warning: Call to undefined method errorpage::wholedata in /var/www/vhosts/ibpg.eu/filmteam-dev/system/core/DataObject/DataObject.php on line 2167

07.12.2011 - 18:14: Warning: Call to undefined method errorpage::wholedata in /var/www/vhosts/ibpg.eu/filmteam-dev/system/core/DataObject/DataObject.php on line 2167

07.12.2011 - 18:14: Warning: Call to undefined method errorpage::wholedata in /var/www/vhosts/ibpg.eu/filmteam-dev/system/core/DataObject/DataObject.php on line 2167

07.12.2011 - 18:14: Warning: Call to undefined method errorpage::wholedata in /var/www/vhosts/ibpg.eu/filmteam-dev/system/core/DataObject/DataObject.php on line 2167

07.12.2011 - 18:14: Warning: Call to undefined method errorpage::wholedata in /var/www/vhosts/ibpg.eu/filmteam-dev/system/core/DataObject/DataObject.php on line 2167

07.12.2011 - 18:14: Warning: Call to undefined method errorpage::wholedata in /var/www/vhosts/ibpg.eu/filmteam-dev/system/core/DataObject/DataObject.php on line 2167

07.12.2011 - 18:14: Warning: Call to undefined method errorpage::wholedata in /var/www/vhosts/ibpg.eu/filmteam-dev/system/core/DataObject/DataObject.php on line 2167

07.12.2011 - 18:14: Warning: Call to undefined method errorpage::wholedata in /var/www/vhosts/ibpg.eu/filmteam-dev/system/core/DataObject/DataObject.php on line 2167

07.12.2011 - 18:14: Warning: Call to undefined method errorpage::wholedata in /var/www/vhosts/ibpg.eu/filmteam-dev/system/core/DataObject/DataObject.php on line 2167

07.12.2011 - 18:14: Warning: Call to undefined method errorpage::wholedata in /var/www/vhosts/ibpg.eu/filmteam-dev/system/core/DataObject/DataObject.php on line 2167

07.12.2011 - 18:14: Warning: Call to undefined method errorpage::wholedata in /var/www/vhosts/ibpg.eu/filmteam-dev/system/core/DataObject/DataObject.php on line 2167

07.12.2011 - 18:14: Warning: Call to undefined method errorpage::wholedata in /var/www/vhosts/ibpg.eu/filmteam-dev/system/core/DataObject/DataObject.php on line 2167

07.12.2011 - 18:14: Warning: Call to undefined method errorpage::wholedata in /var/www/vhosts/ibpg.eu/filmteam-dev/system/core/DataObject/DataObject.php on line 2167

07.12.2011 - 18:14: Warning: Call to undefined method errorpage::wholedata in /var/www/vhosts/ibpg.eu/filmteam-dev/system/core/DataObject/DataObject.php on line 2167

07.12.2011 - 18:14: Warning: Call to undefined method errorpage::wholedata in /var/www/vhosts/ibpg.eu/filmteam-dev/system/core/DataObject/DataObject.php on line 2167

07.12.2011 - 18:14: Warning: Call to undefined method errorpage::wholedata in /var/www/vhosts/ibpg.eu/filmteam-dev/system/core/DataObject/DataObject.php on line 2167

07.12.2011 - 18:14: Warning: Call to undefined method errorpage::wholedata in /var/www/vhosts/ibpg.eu/filmteam-dev/system/core/DataObject/DataObject.php on line 2167

07.12.2011 - 18:14: Warning: Call to undefined method errorpage::wholedata in /var/www/vhosts/ibpg.eu/filmteam-dev/system/core/DataObject/DataObject.php on line 2167

07.12.2011 - 18:14: Warning: Call to undefined method errorpage::wholedata in /var/www/vhosts/ibpg.eu/filmteam-dev/system/core/DataObject/DataObject.php on line 2167

07.12.2011 - 18:14: Warning: Call to undefined method errorpage::wholedata in /var/www/vhosts/ibpg.eu/filmteam-dev/system/core/DataObject/DataObject.php on line 2167

07.12.2011 - 18:14: Warning: Call to undefined method errorpage::wholedata in /var/www/vhosts/ibpg.eu/filmteam-dev/system/core/DataObject/DataObject.php on line 2167

07.12.2011 - 18:14: Warning: Call to undefined method errorpage::wholedata in /var/www/vhosts/ibpg.eu/filmteam-dev/system/core/DataObject/DataObject.php on line 2167

07.12.2011 - 18:14: Warning: Call to undefined method errorpage::wholedata in /var/www/vhosts/ibpg.eu/filmteam-dev/system/core/DataObject/DataObject.php on line 2167

07.12.2011 - 18:14: Warning: Call to undefined method errorpage::wholedata in /var/www/vhosts/ibpg.eu/filmteam-dev/system/core/DataObject/DataObject.php on line 2167

07.12.2011 - 18:16: Warning: Call to undefined method viewaccessabledata::orderdesc in /var/www/vhosts/ibpg.eu/filmteam-dev/system/core/viewaccessabledata.php on line 627

07.12.2011 - 18:16: Warning: Call to undefined method viewaccessabledata::orderdesc in /var/www/vhosts/ibpg.eu/filmteam-dev/system/core/viewaccessabledata.php on line 627

07.12.2011 - 18:16: Warning: Call to undefined method viewaccessabledata::order in /var/www/vhosts/ibpg.eu/filmteam-dev/system/core/viewaccessabledata.php on line 627

07.12.2011 - 18:16: Warning: Call to undefined method viewaccessabledata::order in /var/www/vhosts/ibpg.eu/filmteam-dev/system/core/viewaccessabledata.php on line 627

07.12.2011 - 18:16: Warning: Call to undefined method viewaccessabledata::orderdesc in /var/www/vhosts/ibpg.eu/filmteam-dev/system/core/viewaccessabledata.php on line 627

07.12.2011 - 18:16: Warning: Call to undefined method viewaccessabledata::orderdesc in /var/www/vhosts/ibpg.eu/filmteam-dev/system/core/viewaccessabledata.php on line 627

07.12.2011 - 18:16: Warning: Call to undefined method viewaccessabledata::order in /var/www/vhosts/ibpg.eu/filmteam-dev/system/core/viewaccessabledata.php on line 627

07.12.2011 - 18:16: Warning: Call to undefined method viewaccessabledata::order in /var/www/vhosts/ibpg.eu/filmteam-dev/system/core/viewaccessabledata.php on line 627

07.12.2011 - 18:16: Warning: Call to undefined method viewaccessabledata::orderdesc in /var/www/vhosts/ibpg.eu/filmteam-dev/system/core/viewaccessabledata.php on line 627

07.12.2011 - 18:16: Warning: Call to undefined method viewaccessabledata::orderdesc in /var/www/vhosts/ibpg.eu/filmteam-dev/system/core/viewaccessabledata.php on line 627

07.12.2011 - 18:16: Warning: Call to undefined method viewaccessabledata::order in /var/www/vhosts/ibpg.eu/filmteam-dev/system/core/viewaccessabledata.php on line 627

07.12.2011 - 18:16: Warning: Call to undefined method viewaccessabledata::order in /var/www/vhosts/ibpg.eu/filmteam-dev/system/core/viewaccessabledata.php on line 627

07.12.2011 - 18:16: Warning: Call to undefined method errorpage::wholedata in /var/www/vhosts/ibpg.eu/filmteam-dev/system/core/DataObject/DataObject.php on line 2167

07.12.2011 - 18:16: Warning: Call to undefined method errorpage::wholedata in /var/www/vhosts/ibpg.eu/filmteam-dev/system/core/DataObject/DataObject.php on line 2167

07.12.2011 - 18:16: Warning: Call to undefined method errorpage::wholedata in /var/www/vhosts/ibpg.eu/filmteam-dev/system/core/DataObject/DataObject.php on line 2167

07.12.2011 - 18:16: Warning: Call to undefined method errorpage::wholedata in /var/www/vhosts/ibpg.eu/filmteam-dev/system/core/DataObject/DataObject.php on line 2167

07.12.2011 - 18:16: Warning: Call to undefined method errorpage::wholedata in /var/www/vhosts/ibpg.eu/filmteam-dev/system/core/DataObject/DataObject.php on line 2167

07.12.2011 - 18:16: Warning: Call to undefined method errorpage::wholedata in /var/www/vhosts/ibpg.eu/filmteam-dev/system/core/DataObject/DataObject.php on line 2167

07.12.2011 - 18:16: Warning: Call to undefined method errorpage::wholedata in /var/www/vhosts/ibpg.eu/filmteam-dev/system/core/DataObject/DataObject.php on line 2167

07.12.2011 - 18:16: Warning: Call to undefined method errorpage::wholedata in /var/www/vhosts/ibpg.eu/filmteam-dev/system/core/DataObject/DataObject.php on line 2167

07.12.2011 - 18:16: Warning: Call to undefined method errorpage::wholedata in /var/www/vhosts/ibpg.eu/filmteam-dev/system/core/DataObject/DataObject.php on line 2167

07.12.2011 - 18:16: Warning: Call to undefined method errorpage::wholedata in /var/www/vhosts/ibpg.eu/filmteam-dev/system/core/DataObject/DataObject.php on line 2167

07.12.2011 - 18:16: Warning: Call to undefined method errorpage::wholedata in /var/www/vhosts/ibpg.eu/filmteam-dev/system/core/DataObject/DataObject.php on line 2167

07.12.2011 - 18:16: Warning: Call to undefined method errorpage::wholedata in /var/www/vhosts/ibpg.eu/filmteam-dev/system/core/DataObject/DataObject.php on line 2167

07.12.2011 - 18:16: Warning: Call to undefined method errorpage::wholedata in /var/www/vhosts/ibpg.eu/filmteam-dev/system/core/DataObject/DataObject.php on line 2167

07.12.2011 - 18:16: Warning: Call to undefined method errorpage::wholedata in /var/www/vhosts/ibpg.eu/filmteam-dev/system/core/DataObject/DataObject.php on line 2167

07.12.2011 - 18:16: Warning: Call to undefined method errorpage::wholedata in /var/www/vhosts/ibpg.eu/filmteam-dev/system/core/DataObject/DataObject.php on line 2167

07.12.2011 - 18:16: Warning: Call to undefined method errorpage::wholedata in /var/www/vhosts/ibpg.eu/filmteam-dev/system/core/DataObject/DataObject.php on line 2167

07.12.2011 - 18:16: Warning: Call to undefined method errorpage::wholedata in /var/www/vhosts/ibpg.eu/filmteam-dev/system/core/DataObject/DataObject.php on line 2167

07.12.2011 - 18:16: Warning: Call to undefined method errorpage::wholedata in /var/www/vhosts/ibpg.eu/filmteam-dev/system/core/DataObject/DataObject.php on line 2167

07.12.2011 - 18:16: Warning: Call to undefined method errorpage::wholedata in /var/www/vhosts/ibpg.eu/filmteam-dev/system/core/DataObject/DataObject.php on line 2167

07.12.2011 - 18:16: Warning: Call to undefined method errorpage::wholedata in /var/www/vhosts/ibpg.eu/filmteam-dev/system/core/DataObject/DataObject.php on line 2167

07.12.2011 - 18:16: Warning: Call to undefined method errorpage::wholedata in /var/www/vhosts/ibpg.eu/filmteam-dev/system/core/DataObject/DataObject.php on line 2167

07.12.2011 - 18:16: Warning: Call to undefined method errorpage::wholedata in /var/www/vhosts/ibpg.eu/filmteam-dev/system/core/DataObject/DataObject.php on line 2167

07.12.2011 - 18:16: Warning: Call to undefined method errorpage::wholedata in /var/www/vhosts/ibpg.eu/filmteam-dev/system/core/DataObject/DataObject.php on line 2167

07.12.2011 - 18:16: Warning: Call to undefined method errorpage::wholedata in /var/www/vhosts/ibpg.eu/filmteam-dev/system/core/DataObject/DataObject.php on line 2167

07.12.2011 - 18:16: Warning: Call to undefined method errorpage::wholedata in /var/www/vhosts/ibpg.eu/filmteam-dev/system/core/DataObject/DataObject.php on line 2167

07.12.2011 - 18:16: Warning: Call to undefined method errorpage::wholedata in /var/www/vhosts/ibpg.eu/filmteam-dev/system/core/DataObject/DataObject.php on line 2167

07.12.2011 - 18:16: Warning: Call to undefined method errorpage::wholedata in /var/www/vhosts/ibpg.eu/filmteam-dev/system/core/DataObject/DataObject.php on line 2167

07.12.2011 - 18:16: Warning: Call to undefined method errorpage::wholedata in /var/www/vhosts/ibpg.eu/filmteam-dev/system/core/DataObject/DataObject.php on line 2167

07.12.2011 - 18:16: Warning: Call to undefined method errorpage::wholedata in /var/www/vhosts/ibpg.eu/filmteam-dev/system/core/DataObject/DataObject.php on line 2167

07.12.2011 - 18:16: Warning: Call to undefined method errorpage::wholedata in /var/www/vhosts/ibpg.eu/filmteam-dev/system/core/DataObject/DataObject.php on line 2167

07.12.2011 - 18:16: Warning: Call to undefined method errorpage::wholedata in /var/www/vhosts/ibpg.eu/filmteam-dev/system/core/DataObject/DataObject.php on line 2167

07.12.2011 - 18:16: Warning: Call to undefined method errorpage::wholedata in /var/www/vhosts/ibpg.eu/filmteam-dev/system/core/DataObject/DataObject.php on line 2167

07.12.2011 - 18:16: Warning: Call to undefined method errorpage::wholedata in /var/www/vhosts/ibpg.eu/filmteam-dev/system/core/DataObject/DataObject.php on line 2167

07.12.2011 - 18:16: Warning: Call to undefined method errorpage::wholedata in /var/www/vhosts/ibpg.eu/filmteam-dev/system/core/DataObject/DataObject.php on line 2167

07.12.2011 - 18:16: Warning: Call to undefined method errorpage::wholedata in /var/www/vhosts/ibpg.eu/filmteam-dev/system/core/DataObject/DataObject.php on line 2167

07.12.2011 - 18:16: Warning: Call to undefined method errorpage::wholedata in /var/www/vhosts/ibpg.eu/filmteam-dev/system/core/DataObject/DataObject.php on line 2167

07.12.2011 - 20:49: Warning: Call to undefined method boxpage::wholedata in /var/www/vhosts/ibpg.eu/filmteam-dev/system/core/DataObject/DataObject.php on line 2167

07.12.2011 - 20:49: Warning: Call to undefined method boxpage::wholedata in /var/www/vhosts/ibpg.eu/filmteam-dev/system/core/DataObject/DataObject.php on line 2167

07.12.2011 - 20:49: Warning: Call to undefined method boxpage::wholedata in /var/www/vhosts/ibpg.eu/filmteam-dev/system/core/DataObject/DataObject.php on line 2167

07.12.2011 - 20:49: Warning: Call to undefined method boxpage::wholedata in /var/www/vhosts/ibpg.eu/filmteam-dev/system/core/DataObject/DataObject.php on line 2167

07.12.2011 - 20:49: Warning: Call to undefined method boxpage::ratingbar in /var/www/vhosts/ibpg.eu/filmteam-dev/system/core/DataObject/DataObject.php on line 2167

