Code: 6
Name: PHP-Error
Details: Could not find Softwaretype 'framework'.
URL: /install/install/
Goma-Version: 2.0-033
Application: Array
(
    [type] => installer
    [name] => goma_installer
    [autor] => Goma Team
    [version] => 2.0
    [build] => 006
    [requireFrameworkVersion] => 2.0-032
    [langPath] => lang
    [langName] => install
    [defaultLang] => en-us
    [title] => Goma Installer
    [SQL] => 
)



Backtrace:
Array
(
    [0] => Array
        (
            [file] => /var/www/vhosts/ibpg.eu/filmteam-dev/system/core/Core.php
            [line] => 1141
            [function] => throwError
            [class] => Core
            [type] => ::
            [args] => Array
                (
                    [0] => 6
                    [1] => PHP-Error
                    [2] => Could not find Softwaretype 'framework'.
                )

        )

    [1] => Array
        (
            [file] => /var/www/vhosts/ibpg.eu/filmteam-dev/system/libs/GFS/SoftwareType.php
            [line] => 134
            [function] => throwerror
            [args] => Array
                (
                    [0] => 6
                    [1] => PHP-Error
                    [2] => Could not find Softwaretype 'framework'.
                )

        )

    [2] => Array
        (
            [file] => /var/www/vhosts/ibpg.eu/filmteam-dev/system/libs/GFS/SoftwareType.php
            [line] => 393
            [function] => getByType
            [class] => g_SoftwareType
            [type] => ::
            [args] => Array
                (
                    [0] => framework
                    [1] => /var/www/vhosts/ibpg.eu/filmteam-dev/system/installer/data/apps/framework.2.0-033.gfs
                )

        )

    [3] => Array
        (
            [file] => /var/www/vhosts/ibpg.eu/filmteam-dev/system/installer/application/control/installController.php
            [line] => 63
            [function] => listInstallPackages
            [class] => g_SoftwareType
            [type] => ::
            [args] => Array
                (
                )

        )

    [4] => Array
        (
            [function] => install
            [class] => InstallController
            [object] => InstallController Object
                (
                    [url_handlers] => Array
                        (
                            [installapp/$app!] => installApp
                            [execInstall] => execInstall
                            [restore] => selectRestore
                        )

                    [allowed_actions] => Array
                        (
                            [0] => install
                            [1] => installapp
                            [2] => langselect
                            [3] => execinstall
                            [4] => selectrestore
                            [5] => showrestore
                            [6] => installbackup
                            [7] => installformbackup
                        )

                    [requestHandlerKey:RequestHandler:private] => 1
                    [shiftOnSuccess:protected] => 1
                    [namespace] => install
                    [ext_instances:Object:private] => Array
                        (
                        )

                    [class] => installcontroller
                    [inExpansion] => 
                    [request] => Request Object
                        (
                            [url] => install/install
                            [request_method] => GET
                            [all_params] => Array
                                (
                                    [0] => install
                                    [Action] => install
                                )

                            [params] => Array
                                (
                                    [Action] => install
                                )

                            [get_params] => Array
                                (
                                )

                            [post_params] => Array
                                (
                                )

                            [url_parts] => Array
                                (
                                )

                            [unshiftedButParsedParams] => -1
                            [shiftedPart] => install/install
                            [ext_instances:Object:private] => Array
                                (
                                )

                            [class] => request
                            [inExpansion] => 
                        )

                )

            [type] => ->
            [args] => Array
                (
                )

        )

    [5] => Array
        (
            [file] => /var/www/vhosts/ibpg.eu/filmteam-dev/system/core/requesthandler.php
            [line] => 176
            [function] => call_user_func_array
            [args] => Array
                (
                    [0] => Array
                        (
                            [0] => InstallController Object
                                (
                                    [url_handlers] => Array
                                        (
                                            [installapp/$app!] => installApp
                                            [execInstall] => execInstall
                                            [restore] => selectRestore
                                        )

                                    [allowed_actions] => Array
                                        (
                                            [0] => install
                                            [1] => installapp
                                            [2] => langselect
                                            [3] => execinstall
                                            [4] => selectrestore
                                            [5] => showrestore
                                            [6] => installbackup
                                            [7] => installformbackup
                                        )

                                    [requestHandlerKey:RequestHandler:private] => 1
                                    [shiftOnSuccess:protected] => 1
                                    [namespace] => install
                                    [ext_instances:Object:private] => Array
                                        (
                                        )

                                    [class] => installcontroller
                                    [inExpansion] => 
                                    [request] => Request Object
                                        (
                                            [url] => install/install
                                            [request_method] => GET
                                            [all_params] => Array
                                                (
                                                    [0] => install
                                                    [Action] => install
                                                )

                                            [params] => Array
                                                (
                                                    [Action] => install
                                                )

                                            [get_params] => Array
                                                (
                                                )

                                            [post_params] => Array
                                                (
                                                )

                                            [url_parts] => Array
                                                (
                                                )

                                            [unshiftedButParsedParams] => -1
                                            [shiftedPart] => install/install
                                            [ext_instances:Object:private] => Array
                                                (
                                                )

                                            [class] => request
                                            [inExpansion] => 
                                        )

                                )

                            [1] => install
                        )

                    [1] => Array
                        (
                        )

                )

        )

    [6] => Array
        (
            [file] => /var/www/vhosts/ibpg.eu/filmteam-dev/system/core/requesthandler.php
            [line] => 125
            [function] => handleAction
            [class] => RequestHandler
            [object] => InstallController Object
                (
                    [url_handlers] => Array
                        (
                            [installapp/$app!] => installApp
                            [execInstall] => execInstall
                            [restore] => selectRestore
                        )

                    [allowed_actions] => Array
                        (
                            [0] => install
                            [1] => installapp
                            [2] => langselect
                            [3] => execinstall
                            [4] => selectrestore
                            [5] => showrestore
                            [6] => installbackup
                            [7] => installformbackup
                        )

                    [requestHandlerKey:RequestHandler:private] => 1
                    [shiftOnSuccess:protected] => 1
                    [namespace] => install
                    [ext_instances:Object:private] => Array
                        (
                        )

                    [class] => installcontroller
                    [inExpansion] => 
                    [request] => Request Object
                        (
                            [url] => install/install
                            [request_method] => GET
                            [all_params] => Array
                                (
                                    [0] => install
                                    [Action] => install
                                )

                            [params] => Array
                                (
                                    [Action] => install
                                )

                            [get_params] => Array
                                (
                                )

                            [post_params] => Array
                                (
                                )

                            [url_parts] => Array
                                (
                                )

                            [unshiftedButParsedParams] => -1
                            [shiftedPart] => install/install
                            [ext_instances:Object:private] => Array
                                (
                                )

                            [class] => request
                            [inExpansion] => 
                        )

                )

            [type] => ->
            [args] => Array
                (
                    [0] => install
                )

        )

    [7] => Array
        (
            [file] => /var/www/vhosts/ibpg.eu/filmteam-dev/system/core/Core.php
            [line] => 546
            [function] => handleRequest
            [class] => RequestHandler
            [object] => InstallController Object
                (
                    [url_handlers] => Array
                        (
                            [installapp/$app!] => installApp
                            [execInstall] => execInstall
                            [restore] => selectRestore
                        )

                    [allowed_actions] => Array
                        (
                            [0] => install
                            [1] => installapp
                            [2] => langselect
                            [3] => execinstall
                            [4] => selectrestore
                            [5] => showrestore
                            [6] => installbackup
                            [7] => installformbackup
                        )

                    [requestHandlerKey:RequestHandler:private] => 1
                    [shiftOnSuccess:protected] => 1
                    [namespace] => install
                    [ext_instances:Object:private] => Array
                        (
                        )

                    [class] => installcontroller
                    [inExpansion] => 
                    [request] => Request Object
                        (
                            [url] => install/install
                            [request_method] => GET
                            [all_params] => Array
                                (
                                    [0] => install
                                    [Action] => install
                                )

                            [params] => Array
                                (
                                    [Action] => install
                                )

                            [get_params] => Array
                                (
                                )

                            [post_params] => Array
                                (
                                )

                            [url_parts] => Array
                                (
                                )

                            [unshiftedButParsedParams] => -1
                            [shiftedPart] => install/install
                            [ext_instances:Object:private] => Array
                                (
                                )

                            [class] => request
                            [inExpansion] => 
                        )

                )

            [type] => ->
            [args] => Array
                (
                    [0] => Request Object
                        (
                            [url] => install/install
                            [request_method] => GET
                            [all_params] => Array
                                (
                                    [0] => install
                                    [Action] => install
                                )

                            [params] => Array
                                (
                                    [Action] => install
                                )

                            [get_params] => Array
                                (
                                )

                            [post_params] => Array
                                (
                                )

                            [url_parts] => Array
                                (
                                )

                            [unshiftedButParsedParams] => -1
                            [shiftedPart] => install/install
                            [ext_instances:Object:private] => Array
                                (
                                )

                            [class] => request
                            [inExpansion] => 
                        )

                )

        )

    [8] => Array
        (
            [file] => /var/www/vhosts/ibpg.eu/filmteam-dev/system/installer/application/application.php
            [line] => 22
            [function] => render
            [class] => Core
            [object] => Core Object
                (
                    [ext_instances:Object:private] => Array
                        (
                        )

                    [class] => core
                    [inExpansion] => 
                )

            [type] => ->
            [args] => Array
                (
                    [0] => install/install
                )

        )

    [9] => Array
        (
            [file] => /var/www/vhosts/ibpg.eu/filmteam-dev/system/application.php
            [line] => 352
            [args] => Array
                (
                    [0] => /var/www/vhosts/ibpg.eu/filmteam-dev/system/installer/application/application.php
                )

            [function] => require
        )

    [10] => Array
        (
            [file] => /var/www/vhosts/ibpg.eu/filmteam-dev/system/application.php
            [line] => 356
            [function] => loadApplication
            [args] => Array
                (
                    [0] => system/installer
                )

        )

    [11] => Array
        (
            [file] => /var/www/vhosts/ibpg.eu/filmteam-dev/system/application.php
            [line] => 225
            [function] => loadApplication
            [args] => Array
                (
                    [0] => mysite
                )

        )

)
