03.11.2011 - 18:39: Regenerating Class-Info

03.11.2011 - 18:39: CLASS_INFO not loaded for file box.css. using filesystem. -> poor performance

03.11.2011 - 18:39: CLASS_INFO not loaded for file tpl/default/box.css. using filesystem. -> poor performance

03.11.2011 - 18:39: CLASS_INFO not loaded for file system/installer/templates/box.css. using filesystem. -> poor performance

03.11.2011 - 18:39: CLASS_INFO not loaded for file system/templates/box.css. using filesystem. -> poor performance

03.11.2011 - 18:39: CLASS_INFO not loaded for file system/templates/css/box.css. using filesystem. -> poor performance

03.11.2011 - 18:39: CLASS_INFO not loaded for file complexTableField.css. using filesystem. -> poor performance

03.11.2011 - 18:39: CLASS_INFO not loaded for file tpl/default/complexTableField.css. using filesystem. -> poor performance

03.11.2011 - 18:39: CLASS_INFO not loaded for file system/installer/templates/complexTableField.css. using filesystem. -> poor performance

03.11.2011 - 18:39: CLASS_INFO not loaded for file system/templates/complexTableField.css. using filesystem. -> poor performance

03.11.2011 - 18:39: CLASS_INFO not loaded for file system/templates/css/complexTableField.css. using filesystem. -> poor performance

03.11.2011 - 18:39: CLASS_INFO not loaded for file system/form/complexTableField.js. using filesystem. -> poor performance

03.11.2011 - 18:39: CLASS_INFO not loaded for file complexTableField.css. using filesystem. -> poor performance

03.11.2011 - 18:39: CLASS_INFO not loaded for file tpl/default/complexTableField.css. using filesystem. -> poor performance

03.11.2011 - 18:39: CLASS_INFO not loaded for file system/installer/templates/complexTableField.css. using filesystem. -> poor performance

03.11.2011 - 18:39: CLASS_INFO not loaded for file system/templates/complexTableField.css. using filesystem. -> poor performance

03.11.2011 - 18:39: CLASS_INFO not loaded for file system/templates/css/complexTableField.css. using filesystem. -> poor performance

03.11.2011 - 18:39: CLASS_INFO not loaded for file system/form/complexTableField.js. using filesystem. -> poor performance

03.11.2011 - 18:39: CLASS_INFO not loaded for file complexTableField.css. using filesystem. -> poor performance

03.11.2011 - 18:39: CLASS_INFO not loaded for file tpl/default/complexTableField.css. using filesystem. -> poor performance

03.11.2011 - 18:39: CLASS_INFO not loaded for file system/installer/templates/complexTableField.css. using filesystem. -> poor performance

03.11.2011 - 18:39: CLASS_INFO not loaded for file system/templates/complexTableField.css. using filesystem. -> poor performance

03.11.2011 - 18:39: CLASS_INFO not loaded for file system/templates/css/complexTableField.css. using filesystem. -> poor performance

03.11.2011 - 18:39: CLASS_INFO not loaded for file system/form/complexTableField.js. using filesystem. -> poor performance

03.11.2011 - 18:44: Regenerating Class-Info

03.11.2011 - 18:44: CLASS_INFO not loaded for file box.css. using filesystem. -> poor performance

03.11.2011 - 18:44: CLASS_INFO not loaded for file tpl/default/box.css. using filesystem. -> poor performance

03.11.2011 - 18:44: CLASS_INFO not loaded for file system/installer/templates/box.css. using filesystem. -> poor performance

03.11.2011 - 18:44: CLASS_INFO not loaded for file system/templates/box.css. using filesystem. -> poor performance

03.11.2011 - 18:44: CLASS_INFO not loaded for file system/templates/css/box.css. using filesystem. -> poor performance

03.11.2011 - 18:44: CLASS_INFO not loaded for file complexTableField.css. using filesystem. -> poor performance

03.11.2011 - 18:44: CLASS_INFO not loaded for file tpl/default/complexTableField.css. using filesystem. -> poor performance

03.11.2011 - 18:44: CLASS_INFO not loaded for file system/installer/templates/complexTableField.css. using filesystem. -> poor performance

03.11.2011 - 18:44: CLASS_INFO not loaded for file system/templates/complexTableField.css. using filesystem. -> poor performance

03.11.2011 - 18:44: CLASS_INFO not loaded for file system/templates/css/complexTableField.css. using filesystem. -> poor performance

03.11.2011 - 18:44: CLASS_INFO not loaded for file system/form/complexTableField.js. using filesystem. -> poor performance

03.11.2011 - 18:44: CLASS_INFO not loaded for file complexTableField.css. using filesystem. -> poor performance

03.11.2011 - 18:44: CLASS_INFO not loaded for file tpl/default/complexTableField.css. using filesystem. -> poor performance

03.11.2011 - 18:44: CLASS_INFO not loaded for file system/installer/templates/complexTableField.css. using filesystem. -> poor performance

03.11.2011 - 18:44: CLASS_INFO not loaded for file system/templates/complexTableField.css. using filesystem. -> poor performance

03.11.2011 - 18:44: CLASS_INFO not loaded for file system/templates/css/complexTableField.css. using filesystem. -> poor performance

03.11.2011 - 18:44: CLASS_INFO not loaded for file system/form/complexTableField.js. using filesystem. -> poor performance

03.11.2011 - 18:44: CLASS_INFO not loaded for file complexTableField.css. using filesystem. -> poor performance

03.11.2011 - 18:44: CLASS_INFO not loaded for file tpl/default/complexTableField.css. using filesystem. -> poor performance

03.11.2011 - 18:44: CLASS_INFO not loaded for file system/installer/templates/complexTableField.css. using filesystem. -> poor performance

03.11.2011 - 18:44: CLASS_INFO not loaded for file system/templates/complexTableField.css. using filesystem. -> poor performance

03.11.2011 - 18:44: CLASS_INFO not loaded for file system/templates/css/complexTableField.css. using filesystem. -> poor performance

03.11.2011 - 18:44: CLASS_INFO not loaded for file system/form/complexTableField.js. using filesystem. -> poor performance

03.11.2011 - 19:08: Regenerating Class-Info

03.11.2011 - 19:08: CLASS_INFO not loaded for file box.css. using filesystem. -> poor performance

03.11.2011 - 19:08: CLASS_INFO not loaded for file tpl/default/box.css. using filesystem. -> poor performance

03.11.2011 - 19:08: CLASS_INFO not loaded for file system/installer/templates/box.css. using filesystem. -> poor performance

03.11.2011 - 19:08: CLASS_INFO not loaded for file system/templates/box.css. using filesystem. -> poor performance

03.11.2011 - 19:08: CLASS_INFO not loaded for file system/templates/css/box.css. using filesystem. -> poor performance

03.11.2011 - 19:08: Regenerating Class-Info

03.11.2011 - 19:08: CLASS_INFO not loaded for file box.css. using filesystem. -> poor performance

03.11.2011 - 19:08: CLASS_INFO not loaded for file tpl/default/box.css. using filesystem. -> poor performance

03.11.2011 - 19:08: CLASS_INFO not loaded for file system/installer/templates/box.css. using filesystem. -> poor performance

03.11.2011 - 19:08: CLASS_INFO not loaded for file system/templates/box.css. using filesystem. -> poor performance

03.11.2011 - 19:08: CLASS_INFO not loaded for file system/templates/css/box.css. using filesystem. -> poor performance

03.11.2011 - 19:08: Regenerating Class-Info

03.11.2011 - 19:08: CLASS_INFO not loaded for file box.css. using filesystem. -> poor performance

03.11.2011 - 19:08: CLASS_INFO not loaded for file tpl/default/box.css. using filesystem. -> poor performance

03.11.2011 - 19:08: CLASS_INFO not loaded for file system/installer/templates/box.css. using filesystem. -> poor performance

03.11.2011 - 19:08: CLASS_INFO not loaded for file system/templates/box.css. using filesystem. -> poor performance

03.11.2011 - 19:08: CLASS_INFO not loaded for file system/templates/css/box.css. using filesystem. -> poor performance

03.11.2011 - 19:08: Regenerating Class-Info

03.11.2011 - 19:08: CLASS_INFO not loaded for file box.css. using filesystem. -> poor performance

03.11.2011 - 19:08: CLASS_INFO not loaded for file tpl/default/box.css. using filesystem. -> poor performance

03.11.2011 - 19:08: CLASS_INFO not loaded for file system/installer/templates/box.css. using filesystem. -> poor performance

03.11.2011 - 19:08: CLASS_INFO not loaded for file system/templates/box.css. using filesystem. -> poor performance

03.11.2011 - 19:08: CLASS_INFO not loaded for file system/templates/css/box.css. using filesystem. -> poor performance

03.11.2011 - 19:08: Regenerating Class-Info

03.11.2011 - 19:08: CLASS_INFO not loaded for file box.css. using filesystem. -> poor performance

03.11.2011 - 19:08: CLASS_INFO not loaded for file tpl/default/box.css. using filesystem. -> poor performance

03.11.2011 - 19:08: CLASS_INFO not loaded for file system/installer/templates/box.css. using filesystem. -> poor performance

03.11.2011 - 19:08: CLASS_INFO not loaded for file system/templates/box.css. using filesystem. -> poor performance

03.11.2011 - 19:08: CLASS_INFO not loaded for file system/templates/css/box.css. using filesystem. -> poor performance

03.11.2011 - 19:09: Regenerating Class-Info

03.11.2011 - 19:09: CLASS_INFO not loaded for file box.css. using filesystem. -> poor performance

03.11.2011 - 19:09: CLASS_INFO not loaded for file tpl/default/box.css. using filesystem. -> poor performance

03.11.2011 - 19:09: CLASS_INFO not loaded for file system/installer/templates/box.css. using filesystem. -> poor performance

03.11.2011 - 19:09: CLASS_INFO not loaded for file system/templates/box.css. using filesystem. -> poor performance

03.11.2011 - 19:09: CLASS_INFO not loaded for file system/templates/css/box.css. using filesystem. -> poor performance

03.11.2011 - 19:09: Regenerating Class-Info

03.11.2011 - 19:09: CLASS_INFO not loaded for file box.css. using filesystem. -> poor performance

03.11.2011 - 19:09: CLASS_INFO not loaded for file tpl/default/box.css. using filesystem. -> poor performance

03.11.2011 - 19:09: CLASS_INFO not loaded for file system/installer/templates/box.css. using filesystem. -> poor performance

03.11.2011 - 19:09: CLASS_INFO not loaded for file system/templates/box.css. using filesystem. -> poor performance

03.11.2011 - 19:09: CLASS_INFO not loaded for file system/templates/css/box.css. using filesystem. -> poor performance

03.11.2011 - 19:09: Regenerating Class-Info

03.11.2011 - 19:09: CLASS_INFO not loaded for file box.css. using filesystem. -> poor performance

03.11.2011 - 19:09: CLASS_INFO not loaded for file tpl/default/box.css. using filesystem. -> poor performance

03.11.2011 - 19:09: CLASS_INFO not loaded for file system/installer/templates/box.css. using filesystem. -> poor performance

03.11.2011 - 19:09: CLASS_INFO not loaded for file system/templates/box.css. using filesystem. -> poor performance

03.11.2011 - 19:09: CLASS_INFO not loaded for file system/templates/css/box.css. using filesystem. -> poor performance

03.11.2011 - 19:09: Regenerating Class-Info

03.11.2011 - 19:09: CLASS_INFO not loaded for file box.css. using filesystem. -> poor performance

03.11.2011 - 19:09: CLASS_INFO not loaded for file tpl/default/box.css. using filesystem. -> poor performance

03.11.2011 - 19:09: CLASS_INFO not loaded for file system/installer/templates/box.css. using filesystem. -> poor performance

03.11.2011 - 19:09: CLASS_INFO not loaded for file system/templates/box.css. using filesystem. -> poor performance

03.11.2011 - 19:09: CLASS_INFO not loaded for file system/templates/css/box.css. using filesystem. -> poor performance

03.11.2011 - 19:09: CLASS_INFO not loaded for file complexTableField.css. using filesystem. -> poor performance

03.11.2011 - 19:09: CLASS_INFO not loaded for file tpl/default/complexTableField.css. using filesystem. -> poor performance

03.11.2011 - 19:09: CLASS_INFO not loaded for file system/installer/templates/complexTableField.css. using filesystem. -> poor performance

03.11.2011 - 19:09: CLASS_INFO not loaded for file system/templates/complexTableField.css. using filesystem. -> poor performance

03.11.2011 - 19:09: CLASS_INFO not loaded for file system/templates/css/complexTableField.css. using filesystem. -> poor performance

03.11.2011 - 19:09: CLASS_INFO not loaded for file system/form/complexTableField.js. using filesystem. -> poor performance

03.11.2011 - 19:09: CLASS_INFO not loaded for file complexTableField.css. using filesystem. -> poor performance

03.11.2011 - 19:09: CLASS_INFO not loaded for file tpl/default/complexTableField.css. using filesystem. -> poor performance

03.11.2011 - 19:09: CLASS_INFO not loaded for file system/installer/templates/complexTableField.css. using filesystem. -> poor performance

03.11.2011 - 19:09: CLASS_INFO not loaded for file system/templates/complexTableField.css. using filesystem. -> poor performance

03.11.2011 - 19:09: CLASS_INFO not loaded for file system/templates/css/complexTableField.css. using filesystem. -> poor performance

03.11.2011 - 19:09: CLASS_INFO not loaded for file system/form/complexTableField.js. using filesystem. -> poor performance

03.11.2011 - 19:09: CLASS_INFO not loaded for file complexTableField.css. using filesystem. -> poor performance

03.11.2011 - 19:09: CLASS_INFO not loaded for file tpl/default/complexTableField.css. using filesystem. -> poor performance

03.11.2011 - 19:09: CLASS_INFO not loaded for file system/installer/templates/complexTableField.css. using filesystem. -> poor performance

03.11.2011 - 19:09: CLASS_INFO not loaded for file system/templates/complexTableField.css. using filesystem. -> poor performance

03.11.2011 - 19:09: CLASS_INFO not loaded for file system/templates/css/complexTableField.css. using filesystem. -> poor performance

03.11.2011 - 19:09: CLASS_INFO not loaded for file system/form/complexTableField.js. using filesystem. -> poor performance

03.11.2011 - 19:09: Warning: Call to undefined method viewaccessabledata::BASE_URI in /var/www/vhosts/ibpg.eu/filmteam-dev/system/core/viewaccessabledata.php on line 637

03.11.2011 - 19:09: Warning: Call to undefined method viewaccessabledata::BASE_URI in /var/www/vhosts/ibpg.eu/filmteam-dev/system/core/viewaccessabledata.php on line 637

03.11.2011 - 19:09: Warning: Call to undefined method viewaccessabledata::BASE_URI in /var/www/vhosts/ibpg.eu/filmteam-dev/system/core/viewaccessabledata.php on line 637

03.11.2011 - 19:09: Warning: Call to undefined method viewaccessabledata::BASE_URI in /var/www/vhosts/ibpg.eu/filmteam-dev/system/core/viewaccessabledata.php on line 637

03.11.2011 - 19:11: Warning: Call to undefined method viewaccessabledata::BASE_URI in /var/www/vhosts/ibpg.eu/filmteam-dev/system/core/viewaccessabledata.php on line 637

03.11.2011 - 19:11: Warning: Call to undefined method viewaccessabledata::BASE_URI in /var/www/vhosts/ibpg.eu/filmteam-dev/system/core/viewaccessabledata.php on line 637

03.11.2011 - 19:11: Warning: Call to undefined method viewaccessabledata::BASE_URI in /var/www/vhosts/ibpg.eu/filmteam-dev/system/core/viewaccessabledata.php on line 637

03.11.2011 - 19:11: Warning: Call to undefined method viewaccessabledata::BASE_URI in /var/www/vhosts/ibpg.eu/filmteam-dev/system/core/viewaccessabledata.php on line 637

03.11.2011 - 19:11: Warning: Call to undefined method viewaccessabledata::BASE_URI in /var/www/vhosts/ibpg.eu/filmteam-dev/system/core/viewaccessabledata.php on line 637

03.11.2011 - 19:11: Warning: Call to undefined method viewaccessabledata::BASE_URI in /var/www/vhosts/ibpg.eu/filmteam-dev/system/core/viewaccessabledata.php on line 637

