12.12.2011 - 16:01: Slow SQL-Query: SELECT newsettings.autorid AS autorid ,newsettings.editorid AS editorid ,newsettings.last_modified AS last_modified ,newsettings.class_name AS class_name ,newsettings.created AS created ,newsettings.id AS versionid,newsettings_state.id AS id , newsettings.* ,  metasettings.* ,  templatesettings.* ,  newsettings_state.* FROM gomacms_newsettings AS newsettings  LEFT JOIN gomacms_metasettings AS metasettings ON  metasettings.id = newsettings.id   LEFT JOIN gomacms_templatesettings AS templatesettings ON  templatesettings.id = newsettings.id   INNER JOIN gomacms_newsettings_state AS newsettings_state ON  newsettings_state.publishedid = newsettings.id  WHERE  newsettings_state.id = "1" AND  newsettings.class_name IN ("newsettings","metasettings","templatesettings") ORDER BY newsettings_state.id DESC (31.821966171265ms)

12.12.2011 - 16:01: Slow SQL-Query: SELECT newsettings.autorid AS autorid ,newsettings.editorid AS editorid ,newsettings.last_modified AS last_modified ,newsettings.class_name AS class_name ,newsettings.created AS created ,newsettings.id AS versionid,newsettings_state.id AS id , newsettings.* ,  metasettings.* ,  templatesettings.* ,  newsettings_state.* FROM gomacms_newsettings AS newsettings  LEFT JOIN gomacms_metasettings AS metasettings ON  metasettings.id = newsettings.id   LEFT JOIN gomacms_templatesettings AS templatesettings ON  templatesettings.id = newsettings.id   INNER JOIN gomacms_newsettings_state AS newsettings_state ON  newsettings_state.publishedid = newsettings.id  WHERE  newsettings_state.id = "1" AND  newsettings.class_name IN ("newsettings","metasettings","templatesettings") ORDER BY newsettings_state.id DESC (31.915903091431ms)

12.12.2011 - 16:01: Slow SQL-Query: SELECT pages.autorid AS autorid ,pages.editorid AS editorid ,pages.last_modified AS last_modified ,pages.class_name AS class_name ,pages.created AS created ,pages.id AS versionid,pages_state.id AS id , pages.* ,  Page_article.* ,  Page_contact.* ,  Page_errorpage.* ,  pages_state.* FROM gomacms_pages AS pages  LEFT JOIN gomacms_Page_article AS Page_article ON  Page_article.id = pages.id   LEFT JOIN gomacms_Page_contact AS Page_contact ON  Page_contact.id = pages.id   LEFT JOIN gomacms_Page_errorpage AS Page_errorpage ON  Page_errorpage.id = pages.id   INNER JOIN gomacms_pages_state AS pages_state ON  pages_state.publishedid = pages.id  WHERE  pages.path LIKE "mitglieder" AND  pages.parentid = "0" AND  pages.class_name IN ("pages","page","boxpage","articlecategory","article","articles","contact","errorpage","members","phppage","redirector") ORDER BY pages.sort ASC LIMIT  0, 1 (38.522005081177ms)

12.12.2011 - 16:01: Slow SQL-Query: SELECT users.autorid AS autorid ,users.editorid AS editorid ,users.last_modified AS last_modified ,users.class_name AS class_name ,users.created AS created ,users.id AS versionid,users_state.id AS id , users.* ,  users_state.* FROM gomacms_users AS users  INNER JOIN gomacms_users_state AS users_state ON  users_state.publishedid = users.id  WHERE  users.class_name IN ("user") ORDER BY users_state.id DESC (54.049968719482ms)

12.12.2011 - 16:01: Slow SQL-Query: SELECT advrights.autorid AS autorid ,advrights.editorid AS editorid ,advrights.last_modified AS last_modified ,advrights.class_name AS class_name ,advrights.created AS created ,advrights.id AS versionid,advrights_state.id AS id , advrights.* ,  advrights_state.* FROM gomacms_advrights AS advrights  INNER JOIN gomacms_advrights_state AS advrights_state ON  advrights_state.publishedid = advrights.id  INNER JOIN `gomacms_many_many_group_advrights_advrights` as `advrights_many` ON `advrights_many`.`advrightsid` = `advrights`.`id` INNER JOIN `gomacms_groups` AS `groups` ON `groups`.`id` = `advrights_many`.`groupid` WHERE  groups.recordid IN ("0") AND  advrights.class_name IN ("advrights") ORDER BY advrights_state.id DESC (35.583972930908ms)

12.12.2011 - 16:01: Slow SQL-Query: SELECT boxes.autorid AS autorid ,boxes.editorid AS editorid ,boxes.last_modified AS last_modified ,boxes.class_name AS class_name ,boxes.created AS created ,boxes.id AS versionid,boxes_state.id AS id , boxes.* ,  Box_statistics.* ,  boxes_state.* FROM gomacms_boxes AS boxes  LEFT JOIN gomacms_Box_statistics AS Box_statistics ON  Box_statistics.id = boxes.id   INNER JOIN gomacms_boxes_state AS boxes_state ON  boxes_state.publishedid = boxes.id  WHERE  boxes.seiteid = "sidebar" AND  boxes.class_name IN ("boxes","box","login_meinaccount","phpbox","statistics") ORDER BY boxes_state.id DESC (44.210910797119ms)

12.12.2011 - 16:05: Slow SQL-Query: UPDATE gomacms_statistics_state SET  `publishedid` = '517'  ,  `stateid` = '517'  WHERE `id` = '80' (135.89692115784ms)

12.12.2011 - 16:06: Slow SQL-Query: SELECT  count(*) as count  FROM gomacms_pagecomments AS pagecomments  INNER JOIN gomacms_pagecomments_state AS pagecomments_state ON  pagecomments_state.publishedid = pagecomments.id  WHERE  pagecomments.pageid = "6" AND  pagecomments.class_name IN ("pagecomments") ORDER BY pagecomments_state.id DESC (47.542095184326ms)

12.12.2011 - 16:12: Slow SQL-Query: SELECT uploads.autorid AS autorid ,uploads.editorid AS editorid ,uploads.last_modified AS last_modified ,uploads.class_name AS class_name ,uploads.created AS created ,uploads.id AS versionid,uploads_state.id AS id , CASE  WHEN uploads.collectionid IS NOT NULL THEN uploads.collectionid  WHEN imageuploads.collectionid IS NOT NULL THEN imageuploads.collectionid  ELSE NULL END AS collectionid, uploads.* ,  imageuploads.* ,  uploads_state.* FROM gomacms_uploads AS uploads  LEFT JOIN gomacms_imageuploads AS imageuploads ON  imageuploads.id = uploads.id   INNER JOIN gomacms_uploads_state AS uploads_state ON  uploads_state.publishedid = uploads.id  WHERE  uploads.path = "formupload/s/_DSC0297.jpg" AND  uploads.class_name IN ("uploads","imageuploads") ORDER BY uploads_state.id DESC LIMIT  0, 1 (35.798072814941ms)

12.12.2011 - 19:03: Slow SQL-Query: INSERT INTO `gomacms_statistics_state`  (`stateid`,`publishedid`) VALUES ('0','0') (140.36798477173ms)

12.12.2011 - 19:03: Slow SQL-Query: INSERT INTO `gomacms_statistics`  (`last_modified`) VALUES ('1323712982') (276.01194381714ms)

12.12.2011 - 19:03: Slow SQL-Query: UPDATE gomacms_statistics SET  `class_name` = 'livecounter'  ,  `last_modified` = '1323712982'  ,  `created` = '1323712982'  ,  `user` = ''  ,  `phpsessid` = '8d5s9buv80h3a06ds2pjq9emh6'  ,  `mobile` = '1'  ,  `browser` = 'Mozilla/5.0 (iPhone; CPU iPhone OS 5_0_1 like Mac OS X) AppleWebKit/534.46 (KHTML, like Gecko) Version/5.1 Mobile/9A405 Safari/7534.48.3'  ,  `autorid` = ''  ,  `editorid` = ''  ,  `recordid` = '82'  ,  `snap_priority` = '2'  WHERE `id` = '519' (100.93903541565ms)

12.12.2011 - 19:03: DEPRECATED: DataObject::_get is marked as DEPRECATED in /var/www/vhosts/ibpg.eu/filmteam-dev/system/security/profile.php on line 53. Please use DataObject::get instead.

12.12.2011 - 21:58: Slow SQL-Query: INSERT INTO `gomacms_statistics`  (`last_modified`) VALUES ('1323723506') (26.109933853149ms)

12.12.2011 - 21:59: Slow SQL-Query: UPDATE gomacms_statistics_state SET  `publishedid` = '521'  ,  `stateid` = '521'  WHERE `id` = '83' (194.32806968689ms)

12.12.2011 - 22:36: Slow SQL-Query: DELETE FROM 
																`gomacms_statistics`
																 WHERE  id = "520" (30.535936355591ms)

12.12.2011 - 22:36: Slow SQL-Query: SELECT  DISTINCT pm.autorid AS autorid ,pm.editorid AS editorid ,pm.last_modified AS last_modified ,pm.class_name AS class_name ,pm.created AS created ,pm.id AS versionid,pm_state.id AS id , pm.tid AS tid  FROM gomacms_pm AS pm  INNER JOIN gomacms_pm_state AS pm_state ON  pm_state.publishedid = pm.id  WHERE  pm.toid = "3" AND  pm.hasread = "0" AND  pm.class_name IN ("pm") ORDER BY pm_state.id DESC (42.695045471191ms)

12.12.2011 - 22:38: SQL-Error in Statement: SHOW COLUMNS FROM `gomacms__state` in /var/www/vhosts/ibpg.eu/filmteam-dev/system/libs/sql/driver/mysqli.php on line 262.

12.12.2011 - 22:38: SQL-Error in Statement: SHOW COLUMNS FROM `gomacms__state` in /var/www/vhosts/ibpg.eu/filmteam-dev/system/libs/sql/driver/mysqli.php on line 262.

12.12.2011 - 22:38: SQL-Error in Statement: SHOW COLUMNS FROM `gomacms__state` in /var/www/vhosts/ibpg.eu/filmteam-dev/system/libs/sql/driver/mysqli.php on line 262.

12.12.2011 - 22:38: Slow SQL-Query: TRUNCATE TABLE gomacms_advrights (21.662950515747ms)

12.12.2011 - 22:38: Slow SQL-Query: UPDATE gomacms_imageuploads SET thumbtop = '0' WHERE thumbtop = '' OR thumbtop IS NULL (118.34406852722ms)

12.12.2011 - 22:38: Slow SQL-Query: UPDATE gomacms_imageuploads SET thumbwidth = '100' WHERE thumbwidth = '' OR thumbwidth IS NULL (25.773048400879ms)

12.12.2011 - 22:38: SQL-Error in Statement: UPDATE gomacms_newsettings SET status = '1' WHERE status = '' OR status IS NULL in /var/www/vhosts/ibpg.eu/filmteam-dev/system/core/DataObject/DataObject.php on line 1089.

12.12.2011 - 22:38: SQL-Error in Statement: UPDATE gomacms_metasettings SET titel = 'Goma - Open Source CMS / Framework' WHERE titel = '' OR titel IS NULL in /var/www/vhosts/ibpg.eu/filmteam-dev/system/core/DataObject/DataObject.php on line 1089.

12.12.2011 - 22:38: SQL-Error in Statement: UPDATE gomacms_templatesettings SET titel = 'Goma - Open Source CMS / Framework' WHERE titel = '' OR titel IS NULL in /var/www/vhosts/ibpg.eu/filmteam-dev/system/core/DataObject/DataObject.php on line 1089.

12.12.2011 - 22:38: SQL-Error in Statement: UPDATE gomacms_pages SET parenttype = 'root' WHERE parenttype = '' OR parenttype IS NULL in /var/www/vhosts/ibpg.eu/filmteam-dev/system/core/DataObject/DataObject.php on line 1089.

12.12.2011 - 22:38: SQL-Error in Statement: UPDATE gomacms_Page_article SET parenttype = 'root' WHERE parenttype = '' OR parenttype IS NULL in /var/www/vhosts/ibpg.eu/filmteam-dev/system/core/DataObject/DataObject.php on line 1089.

12.12.2011 - 22:38: SQL-Error in Statement: UPDATE gomacms_Page_contact SET parenttype = 'root' WHERE parenttype = '' OR parenttype IS NULL in /var/www/vhosts/ibpg.eu/filmteam-dev/system/core/DataObject/DataObject.php on line 1089.

12.12.2011 - 22:38: SQL-Error in Statement: UPDATE gomacms_Page_errorpage SET parenttype = 'root' WHERE parenttype = '' OR parenttype IS NULL in /var/www/vhosts/ibpg.eu/filmteam-dev/system/core/DataObject/DataObject.php on line 1089.

12.12.2011 - 23:03: Slow SQL-Query: INSERT INTO `gomacms_statistics`  (`last_modified`) VALUES ('1323727410') (30.573844909668ms)

12.12.2011 - 23:03: Code: 6, Name:PHP-Error, Details: No Method generateForm for Model stdClass in  on line ., URL: /pm/new/3?ajax=1&dropdownDialog=1&dropElem=D8HoIMDxk4MfDCBKaDbt

12.12.2011 - 23:03: SQL-Error in Statement: SHOW COLUMNS FROM `gomacms__state` in /var/www/vhosts/ibpg.eu/filmteam-dev/system/libs/sql/driver/mysqli.php on line 262.

12.12.2011 - 23:03: SQL-Error in Statement: SHOW COLUMNS FROM `gomacms__state` in /var/www/vhosts/ibpg.eu/filmteam-dev/system/libs/sql/driver/mysqli.php on line 262.

12.12.2011 - 23:03: SQL-Error in Statement: SHOW COLUMNS FROM `gomacms__state` in /var/www/vhosts/ibpg.eu/filmteam-dev/system/libs/sql/driver/mysqli.php on line 262.

12.12.2011 - 23:03: DEPRECATED: DataObject::_get is marked as DEPRECATED in /var/www/vhosts/ibpg.eu/filmteam-dev/system/security/profile.php on line 53. Please use DataObject::get instead.

12.12.2011 - 23:05: DEPRECATED: DataObject::_get is marked as DEPRECATED in /var/www/vhosts/ibpg.eu/filmteam-dev/system/security/profile.php on line 53. Please use DataObject::get instead.

12.12.2011 - 23:05: Slow SQL-Query: UPDATE gomacms_statistics SET  `class_name` = 'livecounter'  ,  `last_modified` = '1323727542'  ,  `created` = '1323702083'  ,  `user` = '3'  ,  `phpsessid` = 'ikeqga31os6mrpgmjcfbsfpo56'  ,  `mobile` = '0'  ,  `browser` = 'Mozilla/5.0 (Macintosh; Intel Mac OS X 10_7_2) AppleWebKit/534.52.7 (KHTML, like Gecko) Version/5.1.2 Safari/534.52.7'  ,  `autorid` = '0'  ,  `editorid` = '3'  ,  `recordid` = '80'  ,  `snap_priority` = '2'  WHERE `id` = '528' (118.84689331055ms)

12.12.2011 - 23:05: DEPRECATED: DataObject::_get is marked as DEPRECATED in /var/www/vhosts/ibpg.eu/filmteam-dev/system/security/profile.php on line 53. Please use DataObject::get instead.

12.12.2011 - 23:06: SQL-Error in Statement: SHOW COLUMNS FROM `gomacms__state` in /var/www/vhosts/ibpg.eu/filmteam-dev/system/libs/sql/driver/mysqli.php on line 262.

12.12.2011 - 23:06: SQL-Error in Statement: SHOW COLUMNS FROM `gomacms__state` in /var/www/vhosts/ibpg.eu/filmteam-dev/system/libs/sql/driver/mysqli.php on line 262.

12.12.2011 - 23:06: SQL-Error in Statement: SHOW COLUMNS FROM `gomacms__state` in /var/www/vhosts/ibpg.eu/filmteam-dev/system/libs/sql/driver/mysqli.php on line 262.

12.12.2011 - 23:06: Slow SQL-Query: TRUNCATE TABLE gomacms_advrights_state (155.55500984192ms)

12.12.2011 - 23:06: SQL-Error in Statement: UPDATE gomacms_newsettings SET status = '1' WHERE status = '' OR status IS NULL in /var/www/vhosts/ibpg.eu/filmteam-dev/system/core/DataObject/DataObject.php on line 1089.

12.12.2011 - 23:06: SQL-Error in Statement: UPDATE gomacms_metasettings SET titel = 'Goma - Open Source CMS / Framework' WHERE titel = '' OR titel IS NULL in /var/www/vhosts/ibpg.eu/filmteam-dev/system/core/DataObject/DataObject.php on line 1089.

12.12.2011 - 23:06: SQL-Error in Statement: UPDATE gomacms_templatesettings SET titel = 'Goma - Open Source CMS / Framework' WHERE titel = '' OR titel IS NULL in /var/www/vhosts/ibpg.eu/filmteam-dev/system/core/DataObject/DataObject.php on line 1089.

12.12.2011 - 23:06: SQL-Error in Statement: UPDATE gomacms_pages SET parenttype = 'root' WHERE parenttype = '' OR parenttype IS NULL in /var/www/vhosts/ibpg.eu/filmteam-dev/system/core/DataObject/DataObject.php on line 1089.

12.12.2011 - 23:06: SQL-Error in Statement: UPDATE gomacms_Page_article SET parenttype = 'root' WHERE parenttype = '' OR parenttype IS NULL in /var/www/vhosts/ibpg.eu/filmteam-dev/system/core/DataObject/DataObject.php on line 1089.

12.12.2011 - 23:06: SQL-Error in Statement: UPDATE gomacms_Page_contact SET parenttype = 'root' WHERE parenttype = '' OR parenttype IS NULL in /var/www/vhosts/ibpg.eu/filmteam-dev/system/core/DataObject/DataObject.php on line 1089.

12.12.2011 - 23:06: SQL-Error in Statement: UPDATE gomacms_Page_errorpage SET parenttype = 'root' WHERE parenttype = '' OR parenttype IS NULL in /var/www/vhosts/ibpg.eu/filmteam-dev/system/core/DataObject/DataObject.php on line 1089.

12.12.2011 - 23:07: Slow SQL-Query: UPDATE gomacms_statistics SET  `class_name` = 'livecounter'  ,  `last_modified` = '1323727628'  ,  `created` = '1323702083'  ,  `user` = '3'  ,  `phpsessid` = 'ikeqga31os6mrpgmjcfbsfpo56'  ,  `mobile` = '0'  ,  `browser` = 'Mozilla/5.0 (Macintosh; Intel Mac OS X 10_7_2) AppleWebKit/534.52.7 (KHTML, like Gecko) Version/5.1.2 Safari/534.52.7'  ,  `autorid` = '0'  ,  `editorid` = '3'  ,  `recordid` = '80'  ,  `snap_priority` = '2'  WHERE `id` = '530' (225.24905204773ms)

12.12.2011 - 23:07: DEPRECATED: DataObject::_get is marked as DEPRECATED in /var/www/vhosts/ibpg.eu/filmteam-dev/system/security/profile.php on line 53. Please use DataObject::get instead.

12.12.2011 - 23:08: Code: 6, Name:PHP-Error, Details: No Method generateForm for Model stdClass in  on line ., URL: /pm/new/3?ajax=1&dropdownDialog=1&dropElem=yTn4tH5l8OkE1JUDkeTc

12.12.2011 - 23:08: SQL-Error in Statement: SHOW COLUMNS FROM `gomacms__state` in /var/www/vhosts/ibpg.eu/filmteam-dev/system/libs/sql/driver/mysqli.php on line 262.

12.12.2011 - 23:08: SQL-Error in Statement: SHOW COLUMNS FROM `gomacms__state` in /var/www/vhosts/ibpg.eu/filmteam-dev/system/libs/sql/driver/mysqli.php on line 262.

12.12.2011 - 23:08: SQL-Error in Statement: SHOW COLUMNS FROM `gomacms__state` in /var/www/vhosts/ibpg.eu/filmteam-dev/system/libs/sql/driver/mysqli.php on line 262.

12.12.2011 - 23:08: DEPRECATED: DataObject::_get is marked as DEPRECATED in /var/www/vhosts/ibpg.eu/filmteam-dev/system/security/profile.php on line 53. Please use DataObject::get instead.

12.12.2011 - 23:08: DEPRECATED: DataObject::_get is marked as DEPRECATED in /var/www/vhosts/ibpg.eu/filmteam-dev/system/security/profile.php on line 53. Please use DataObject::get instead.

12.12.2011 - 23:09: Slow SQL-Query: UPDATE gomacms_statistics SET  `class_name` = 'livecounter'  ,  `last_modified` = '1323727793'  ,  `created` = '1323702083'  ,  `user` = '3'  ,  `phpsessid` = 'ikeqga31os6mrpgmjcfbsfpo56'  ,  `mobile` = '0'  ,  `browser` = 'Mozilla/5.0 (Macintosh; Intel Mac OS X 10_7_2) AppleWebKit/534.52.7 (KHTML, like Gecko) Version/5.1.2 Safari/534.52.7'  ,  `autorid` = '0'  ,  `editorid` = '3'  ,  `recordid` = '80'  ,  `snap_priority` = '2'  WHERE `id` = '532' (338.24586868286ms)

12.12.2011 - 23:09: DEPRECATED: DataObject::_get is marked as DEPRECATED in /var/www/vhosts/ibpg.eu/filmteam-dev/system/security/profile.php on line 53. Please use DataObject::get instead.

12.12.2011 - 23:25: Slow SQL-Query: UPDATE gomacms_statistics SET  `class_name` = 'livecounter'  ,  `last_modified` = '1323728757'  ,  `created` = '1323712982'  ,  `user` = ''  ,  `phpsessid` = '8d5s9buv80h3a06ds2pjq9emh6'  ,  `mobile` = '1'  ,  `browser` = 'Mozilla/5.0 (iPhone; CPU iPhone OS 5_0_1 like Mac OS X) AppleWebKit/534.46 (KHTML, like Gecko) Version/5.1 Mobile/9A405 Safari/7534.48.3'  ,  `autorid` = '0'  ,  `editorid` = ''  ,  `recordid` = '82'  ,  `snap_priority` = '2'  WHERE `id` = '534' (215.5921459198ms)

