24.06.2012 - 20:39: Regenerating Class-Info

24.06.2012 - 20:39: finalize

24.06.2012 - 20:46: Regenerating Class-Info

24.06.2012 - 20:46: Regenerating Class-Info

24.06.2012 - 20:46: finalize

24.06.2012 - 20:46: Regenerating Class-Info

24.06.2012 - 20:46: finalize

24.06.2012 - 20:46: Creating new Database
			 Rebuilding Caches...

			  Rebuilding Database...


24.06.2012 - 20:47: Creating new Database
			 Rebuilding Caches...

			  Rebuilding Database...


24.06.2012 - 20:48: Regenerating Class-Info

24.06.2012 - 20:48: Deleting FULL Cache

24.06.2012 - 20:48: finalize

24.06.2012 - 21:05: Regenerating Class-Info

24.06.2012 - 21:05: CLASS_INFO not loaded for file system/installer/templates/framework/error.html. using filesystem. -> poor performance

24.06.2012 - 21:05: CLASS_INFO not loaded for file system/templates/framework/error.html. using filesystem. -> poor performance

24.06.2012 - 21:06: Regenerating Class-Info

24.06.2012 - 21:06: finalize

24.06.2012 - 21:06: Regenerating Class-Info

24.06.2012 - 21:06: finalize

24.06.2012 - 21:08: Regenerating Class-Info

24.06.2012 - 21:08: finalize

24.06.2012 - 21:53: Regenerating Class-Info

24.06.2012 - 21:53: finalize

24.06.2012 - 22:00: Regenerating Class-Info

24.06.2012 - 22:00: finalize

24.06.2012 - 22:00: Regenerating Class-Info

24.06.2012 - 22:00: finalize

24.06.2012 - 22:02: Regenerating Class-Info

24.06.2012 - 22:02: finalize

24.06.2012 - 22:04: Regenerating Class-Info

24.06.2012 - 22:04: finalize

