27.11.2011 - 00:29: Slow SQL-Query: INSERT INTO `gomacms_statistics`  (`last_modified`) VALUES ('1322350152') (85.029125213623ms)

27.11.2011 - 00:30: Slow SQL-Query: SELECT  count(*) as count  FROM gomacms_pagecomments AS pagecomments  INNER JOIN gomacms_pagecomments_state AS pagecomments_state ON  pagecomments_state.publishedid = pagecomments.id  WHERE  pagecomments.pageid = "6" AND  pagecomments.class_name IN ("pagecomments") ORDER BY pagecomments_state.id DESC (46.628952026367ms)

27.11.2011 - 00:30: Warning: Call to undefined method varchar::doObject in /var/www/vhosts/ibpg.eu/filmteam-dev/mysite/temp/tpl._var_www_vhosts_ibpg_eu_filmteam-dev_system_templates_account_memberlist_html.php on line 38

27.11.2011 - 00:30: Warning: Call to undefined method varchar::doObject in /var/www/vhosts/ibpg.eu/filmteam-dev/mysite/temp/tpl._var_www_vhosts_ibpg_eu_filmteam-dev_system_templates_account_memberlist_html.php on line 38

27.11.2011 - 10:37: Slow SQL-Query: SELECT newsettings.autorid AS autorid ,newsettings.editorid AS editorid ,newsettings.last_modified AS last_modified ,newsettings.class_name AS class_name ,newsettings.created AS created ,newsettings.id AS versionid,newsettings_state.id AS id , newsettings.* ,  metasettings.* ,  templatesettings.* ,  newsettings_state.* FROM gomacms_newsettings AS newsettings  LEFT JOIN gomacms_metasettings AS metasettings ON  metasettings.id = newsettings.id   LEFT JOIN gomacms_templatesettings AS templatesettings ON  templatesettings.id = newsettings.id   INNER JOIN gomacms_newsettings_state AS newsettings_state ON  newsettings_state.publishedid = newsettings.id  WHERE  newsettings_state.id = "1" AND  newsettings.class_name IN ("newsettings","metasettings","templatesettings") ORDER BY newsettings_state.id DESC (45.078039169312ms)

27.11.2011 - 10:37: Slow SQL-Query: SELECT pages.autorid AS autorid ,pages.editorid AS editorid ,pages.last_modified AS last_modified ,pages.class_name AS class_name ,pages.created AS created ,pages.id AS versionid,pages_state.id AS id , CASE  WHEN Page__testpage.description IS NOT NULL THEN Page__testpage.description  WHEN Page_article.description IS NOT NULL THEN Page_article.description  ELSE NULL END AS description, pages.* ,  Page__testpage.* ,  Page_article.* ,  Page_contact.* ,  Page_errorpage.* ,  pages_state.* FROM gomacms_pages AS pages  LEFT JOIN gomacms_Page__testpage AS Page__testpage ON  Page__testpage.id = pages.id   LEFT JOIN gomacms_Page_article AS Page_article ON  Page_article.id = pages.id   LEFT JOIN gomacms_Page_contact AS Page_contact ON  Page_contact.id = pages.id   LEFT JOIN gomacms_Page_errorpage AS Page_errorpage ON  Page_errorpage.id = pages.id   INNER JOIN gomacms_pages_state AS pages_state ON  pages_state.publishedid = pages.id  WHERE  pages.parentid = "0" AND  pages.class_name IN ("pages","page","_testpage","boxpage","articlecategory","article","articles","contact","errorpage","members","phppage","redirector") ORDER BY pages.sort ASC LIMIT  0, 1 (32.471895217896ms)

27.11.2011 - 10:37: Slow SQL-Query: SELECT advrights.autorid AS autorid ,advrights.editorid AS editorid ,advrights.last_modified AS last_modified ,advrights.class_name AS class_name ,advrights.created AS created ,advrights.id AS versionid,advrights_state.id AS id , advrights.* ,  advrights_state.* FROM gomacms_advrights AS advrights  INNER JOIN gomacms_advrights_state AS advrights_state ON  advrights_state.publishedid = advrights.id  INNER JOIN `gomacms_many_many_group_advrights_advrights` as `advrights_many` ON `advrights_many`.`advrightsid` = `advrights`.`id` INNER JOIN `gomacms_groups` AS `groups` ON `groups`.`id` = `advrights_many`.`groupid` WHERE  groups.recordid IN ("0") AND  advrights.class_name IN ("advrights") ORDER BY advrights_state.id DESC (159.16800498962ms)

27.11.2011 - 10:47: Slow SQL-Query: SELECT users.autorid AS autorid ,users.editorid AS editorid ,users.last_modified AS last_modified ,users.class_name AS class_name ,users.created AS created ,users.id AS versionid,users_state.id AS id , users.* ,  users_state.* FROM gomacms_users AS users  INNER JOIN gomacms_users_state AS users_state ON  users_state.publishedid = users.id  WHERE  users.class_name IN ("user") ORDER BY users_state.id DESC (29.124975204468ms)

27.11.2011 - 10:47: Warning: Call to undefined method varchar::doObject in /var/www/vhosts/ibpg.eu/filmteam-dev/mysite/temp/tpl._var_www_vhosts_ibpg_eu_filmteam-dev_system_templates_account_memberlist_html.php on line 38

27.11.2011 - 10:47: Warning: Call to undefined method varchar::doObject in /var/www/vhosts/ibpg.eu/filmteam-dev/mysite/temp/tpl._var_www_vhosts_ibpg_eu_filmteam-dev_system_templates_account_memberlist_html.php on line 38

27.11.2011 - 10:48: Warning: Call to undefined method varchar::doObject in /var/www/vhosts/ibpg.eu/filmteam-dev/mysite/temp/tpl._var_www_vhosts_ibpg_eu_filmteam-dev_system_templates_account_memberlist_html.php on line 38

27.11.2011 - 10:48: Warning: Call to undefined method varchar::doObject in /var/www/vhosts/ibpg.eu/filmteam-dev/mysite/temp/tpl._var_www_vhosts_ibpg_eu_filmteam-dev_system_templates_account_memberlist_html.php on line 38

27.11.2011 - 10:51: Warning: Call to undefined method varchar::doObject in /var/www/vhosts/ibpg.eu/filmteam-dev/mysite/temp/tpl._var_www_vhosts_ibpg_eu_filmteam-dev_system_templates_account_memberlist_html.php on line 39

27.11.2011 - 10:51: Warning: Call to undefined method varchar::doObject in /var/www/vhosts/ibpg.eu/filmteam-dev/mysite/temp/tpl._var_www_vhosts_ibpg_eu_filmteam-dev_system_templates_account_memberlist_html.php on line 39

27.11.2011 - 10:53: Code: 5, Name:Sie haben hier leider keinen Zugriff!, Details: , URL: /dev

27.11.2011 - 10:56: Code: 5, Name:Sie haben hier leider keinen Zugriff!, Details: , URL: /dev

27.11.2011 - 10:56: Code: 5, Name:Sie haben hier leider keinen Zugriff!, Details: , URL: /dev

27.11.2011 - 10:56: Code: 5, Name:Sie haben hier leider keinen Zugriff!, Details: , URL: /dev

27.11.2011 - 10:57: Code: 5, Name:Sie haben hier leider keinen Zugriff!, Details: , URL: /dev

27.11.2011 - 10:57: Code: 5, Name:Sie haben hier leider keinen Zugriff!, Details: , URL: /dev

27.11.2011 - 10:57: Code: 5, Name:Sie haben hier leider keinen Zugriff!, Details: , URL: /dev

27.11.2011 - 10:57: Code: 5, Name:Sie haben hier leider keinen Zugriff!, Details: , URL: /dev

27.11.2011 - 10:58: Warning: Call to undefined method varchar::doObject in /var/www/vhosts/ibpg.eu/filmteam-dev/mysite/temp/tpl._var_www_vhosts_ibpg_eu_filmteam-dev_mysite_templates_account_memberlist_html.php on line 38

27.11.2011 - 10:58: Warning: Call to undefined method varchar::doObject in /var/www/vhosts/ibpg.eu/filmteam-dev/mysite/temp/tpl._var_www_vhosts_ibpg_eu_filmteam-dev_mysite_templates_account_memberlist_html.php on line 38

27.11.2011 - 10:58: Warning: Call to undefined method varchar::doObject in /var/www/vhosts/ibpg.eu/filmteam-dev/mysite/temp/tpl._var_www_vhosts_ibpg_eu_filmteam-dev_mysite_templates_account_memberlist_html.php on line 38

27.11.2011 - 10:58: Warning: Call to undefined method varchar::doObject in /var/www/vhosts/ibpg.eu/filmteam-dev/mysite/temp/tpl._var_www_vhosts_ibpg_eu_filmteam-dev_mysite_templates_account_memberlist_html.php on line 38

27.11.2011 - 10:59: Warning: Call to undefined method varchar::doObject in /var/www/vhosts/ibpg.eu/filmteam-dev/mysite/temp/tpl._var_www_vhosts_ibpg_eu_filmteam-dev_mysite_templates_account_memberlist_html.php on line 38

27.11.2011 - 10:59: Warning: Call to undefined method varchar::doObject in /var/www/vhosts/ibpg.eu/filmteam-dev/mysite/temp/tpl._var_www_vhosts_ibpg_eu_filmteam-dev_mysite_templates_account_memberlist_html.php on line 38

27.11.2011 - 11:00: Warning: Call to undefined method varchar::doObject in /var/www/vhosts/ibpg.eu/filmteam-dev/mysite/temp/tpl._var_www_vhosts_ibpg_eu_filmteam-dev_mysite_templates_account_memberlist_html.php on line 38

27.11.2011 - 11:00: Warning: Call to undefined method varchar::doObject in /var/www/vhosts/ibpg.eu/filmteam-dev/mysite/temp/tpl._var_www_vhosts_ibpg_eu_filmteam-dev_mysite_templates_account_memberlist_html.php on line 38

27.11.2011 - 11:01: Warning: Call to undefined method varchar::doObject in /var/www/vhosts/ibpg.eu/filmteam-dev/mysite/temp/tpl._var_www_vhosts_ibpg_eu_filmteam-dev_mysite_templates_account_memberlist_html.php on line 38

27.11.2011 - 11:01: Warning: Call to undefined method varchar::doObject in /var/www/vhosts/ibpg.eu/filmteam-dev/mysite/temp/tpl._var_www_vhosts_ibpg_eu_filmteam-dev_mysite_templates_account_memberlist_html.php on line 38

27.11.2011 - 11:02: Warning: Call to undefined method varchar::doObject in /var/www/vhosts/ibpg.eu/filmteam-dev/mysite/temp/tpl._var_www_vhosts_ibpg_eu_filmteam-dev_mysite_templates_account_memberlist_html.php on line 39

27.11.2011 - 11:02: Warning: Call to undefined method varchar::doObject in /var/www/vhosts/ibpg.eu/filmteam-dev/mysite/temp/tpl._var_www_vhosts_ibpg_eu_filmteam-dev_mysite_templates_account_memberlist_html.php on line 39

27.11.2011 - 11:04: Slow SQL-Query: SELECT  count(*) as count  FROM gomacms_pagecomments AS pagecomments  INNER JOIN gomacms_pagecomments_state AS pagecomments_state ON  pagecomments_state.publishedid = pagecomments.id  WHERE  pagecomments.pageid = "6" AND  pagecomments.class_name IN ("pagecomments") ORDER BY pagecomments_state.id DESC (24.031162261963ms)

27.11.2011 - 11:05: Code: 5, Name:Sie haben hier leider keinen Zugriff!, Details: , URL: /dev

27.11.2011 - 11:06: SQL-Error in Statement: SHOW COLUMNS FROM `gomacms__state` in /var/www/vhosts/ibpg.eu/filmteam-dev/system/libs/sql/driver/mysqli.php on line 262.

27.11.2011 - 11:06: Slow SQL-Query: SHOW COLUMNS FROM `gomacms_groups_state` (21.878004074097ms)

27.11.2011 - 11:06: SQL-Error in Statement: SHOW COLUMNS FROM `gomacms__state` in /var/www/vhosts/ibpg.eu/filmteam-dev/system/libs/sql/driver/mysqli.php on line 262.

27.11.2011 - 11:06: SQL-Error in Statement: SHOW COLUMNS FROM `gomacms__state` in /var/www/vhosts/ibpg.eu/filmteam-dev/system/libs/sql/driver/mysqli.php on line 262.

27.11.2011 - 11:06: Slow SQL-Query: SHOW COLUMNS FROM `gomacms_pm` (30.100107192993ms)

27.11.2011 - 11:06: Slow SQL-Query: SHOW COLUMNS FROM `gomacms_pm_state` (121.79803848267ms)

27.11.2011 - 11:06: Slow SQL-Query: SHOW COLUMNS FROM `gomacms_rating` (70.791006088257ms)

27.11.2011 - 11:06: Slow SQL-Query: SHOW COLUMNS FROM `gomacms_smilies_state` (41.307926177979ms)

27.11.2011 - 11:07: SQL-Error in Statement: SHOW COLUMNS FROM `gomacms__state` in /var/www/vhosts/ibpg.eu/filmteam-dev/system/libs/sql/driver/mysqli.php on line 262.

27.11.2011 - 11:07: SQL-Error in Statement: SHOW COLUMNS FROM `gomacms__state` in /var/www/vhosts/ibpg.eu/filmteam-dev/system/libs/sql/driver/mysqli.php on line 262.

27.11.2011 - 11:07: SQL-Error in Statement: SHOW COLUMNS FROM `gomacms__state` in /var/www/vhosts/ibpg.eu/filmteam-dev/system/libs/sql/driver/mysqli.php on line 262.

27.11.2011 - 11:13: Slow SQL-Query: SELECT  groupid FROM gomacms_many_many_user_groups_group AS many_many_user_groups_group WHERE  userid = "36" (35.841941833496ms)

27.11.2011 - 19:34: Slow SQL-Query: INSERT INTO `gomacms_statistics_state`  (`stateid`,`publishedid`) VALUES ('0','0') (99.201917648315ms)

27.11.2011 - 20:26: Slow SQL-Query: INSERT INTO `gomacms_statistics_state`  (`stateid`,`publishedid`) VALUES ('0','0') (984.8518371582ms)

27.11.2011 - 20:26: Slow SQL-Query: INSERT INTO `gomacms_statistics`  (`last_modified`) VALUES ('1322421997') (273.00405502319ms)

27.11.2011 - 20:26: Slow SQL-Query: UPDATE gomacms_statistics SET  `class_name` = 'livecounter'  ,  `last_modified` = '1322421997'  ,  `created` = '1322421997'  ,  `user` = ''  ,  `phpsessid` = 'hcb1q1fp62kdm5hmndh2crj446'  ,  `mobile` = ''  ,  `browser` = 'Mozilla/5.0 (Macintosh; Intel Mac OS X 10_7_2) AppleWebKit/534.51.22 (KHTML, like Gecko)'  ,  `autorid` = ''  ,  `editorid` = ''  ,  `recordid` = '40'  ,  `snap_priority` = '2'  WHERE `id` = '219' (1380.1760673523ms)

27.11.2011 - 20:26: Slow SQL-Query: UPDATE gomacms_statistics_state SET  `publishedid` = '219'  ,  `stateid` = '219'  WHERE `id` = '40' (69.288015365601ms)

27.11.2011 - 20:28: Code: 5, Name:Sie haben hier leider keinen Zugriff!, Details: , URL: /dev

27.11.2011 - 22:38: Slow SQL-Query: UPDATE gomacms_statistics_state SET  `publishedid` = '221'  ,  `stateid` = '221'  WHERE `id` = '37' (214.07914161682ms)

27.11.2011 - 22:43: SQL-Error in Statement: SHOW COLUMNS FROM `gomacms__state` in /var/www/vhosts/ibpg.eu/filmteam-dev/system/libs/sql/driver/mysqli.php on line 262.

27.11.2011 - 22:43: SQL-Error in Statement: SHOW COLUMNS FROM `gomacms__state` in /var/www/vhosts/ibpg.eu/filmteam-dev/system/libs/sql/driver/mysqli.php on line 262.

27.11.2011 - 22:43: SQL-Error in Statement: SHOW COLUMNS FROM `gomacms__state` in /var/www/vhosts/ibpg.eu/filmteam-dev/system/libs/sql/driver/mysqli.php on line 262.

27.11.2011 - 22:43: SQL-Error in Statement: SHOW COLUMNS FROM `gomacms__state` in /var/www/vhosts/ibpg.eu/filmteam-dev/system/libs/sql/driver/mysqli.php on line 262.

27.11.2011 - 22:43: SQL-Error in Statement: SHOW COLUMNS FROM `gomacms__state` in /var/www/vhosts/ibpg.eu/filmteam-dev/system/libs/sql/driver/mysqli.php on line 262.

27.11.2011 - 22:43: SQL-Error in Statement: SHOW COLUMNS FROM `gomacms__state` in /var/www/vhosts/ibpg.eu/filmteam-dev/system/libs/sql/driver/mysqli.php on line 262.

27.11.2011 - 22:46: SQL-Error in Statement: SHOW COLUMNS FROM `gomacms__state` in /var/www/vhosts/ibpg.eu/filmteam-dev/system/libs/sql/driver/mysqli.php on line 262.

27.11.2011 - 22:46: SQL-Error in Statement: SHOW COLUMNS FROM `gomacms__state` in /var/www/vhosts/ibpg.eu/filmteam-dev/system/libs/sql/driver/mysqli.php on line 262.

27.11.2011 - 22:46: SQL-Error in Statement: SHOW COLUMNS FROM `gomacms__state` in /var/www/vhosts/ibpg.eu/filmteam-dev/system/libs/sql/driver/mysqli.php on line 262.

27.11.2011 - 22:46: SQL-Error in Statement: SHOW COLUMNS FROM `gomacms__state` in /var/www/vhosts/ibpg.eu/filmteam-dev/system/libs/sql/driver/mysqli.php on line 262.

27.11.2011 - 22:46: SQL-Error in Statement: SHOW COLUMNS FROM `gomacms__state` in /var/www/vhosts/ibpg.eu/filmteam-dev/system/libs/sql/driver/mysqli.php on line 262.

27.11.2011 - 22:46: SQL-Error in Statement: SHOW COLUMNS FROM `gomacms__state` in /var/www/vhosts/ibpg.eu/filmteam-dev/system/libs/sql/driver/mysqli.php on line 262.

27.11.2011 - 22:46: Warning: Call to undefined method varchar::doObject in /var/www/vhosts/ibpg.eu/filmteam-dev/mysite/temp/tpl._var_www_vhosts_ibpg_eu_filmteam-dev_mysite_templates_account_memberlist_html.php on line 39

27.11.2011 - 22:46: Warning: Call to undefined method varchar::doObject in /var/www/vhosts/ibpg.eu/filmteam-dev/mysite/temp/tpl._var_www_vhosts_ibpg_eu_filmteam-dev_mysite_templates_account_memberlist_html.php on line 39

27.11.2011 - 22:49: Warning: Call to undefined method varchar::doObject in /var/www/vhosts/ibpg.eu/filmteam-dev/mysite/temp/tpl._var_www_vhosts_ibpg_eu_filmteam-dev_mysite_templates_account_memberlist_html.php on line 39

27.11.2011 - 22:49: Warning: Call to undefined method varchar::doObject in /var/www/vhosts/ibpg.eu/filmteam-dev/mysite/temp/tpl._var_www_vhosts_ibpg_eu_filmteam-dev_mysite_templates_account_memberlist_html.php on line 39

27.11.2011 - 22:50: Warning: Call to undefined method varchar::doObject in /var/www/vhosts/ibpg.eu/filmteam-dev/mysite/temp/tpl._var_www_vhosts_ibpg_eu_filmteam-dev_mysite_templates_account_memberlist_html.php on line 39

27.11.2011 - 22:50: Warning: Call to undefined method varchar::doObject in /var/www/vhosts/ibpg.eu/filmteam-dev/mysite/temp/tpl._var_www_vhosts_ibpg_eu_filmteam-dev_mysite_templates_account_memberlist_html.php on line 39

27.11.2011 - 22:50: Warning: Call to undefined method varchar::doObject in /var/www/vhosts/ibpg.eu/filmteam-dev/mysite/temp/tpl._var_www_vhosts_ibpg_eu_filmteam-dev_mysite_templates_account_memberlist_html.php on line 39

27.11.2011 - 22:50: Warning: Call to undefined method varchar::doObject in /var/www/vhosts/ibpg.eu/filmteam-dev/mysite/temp/tpl._var_www_vhosts_ibpg_eu_filmteam-dev_mysite_templates_account_memberlist_html.php on line 39

27.11.2011 - 22:51: Warning: Call to undefined method varchar::doObject in /var/www/vhosts/ibpg.eu/filmteam-dev/mysite/temp/tpl._var_www_vhosts_ibpg_eu_filmteam-dev_mysite_templates_account_memberlist_html.php on line 39

27.11.2011 - 22:51: Warning: Call to undefined method varchar::doObject in /var/www/vhosts/ibpg.eu/filmteam-dev/mysite/temp/tpl._var_www_vhosts_ibpg_eu_filmteam-dev_mysite_templates_account_memberlist_html.php on line 39

27.11.2011 - 22:51: Warning: Call to undefined method varchar::doObject in /var/www/vhosts/ibpg.eu/filmteam-dev/mysite/temp/tpl._var_www_vhosts_ibpg_eu_filmteam-dev_mysite_templates_account_memberlist_html.php on line 39

27.11.2011 - 22:51: Warning: Call to undefined method varchar::doObject in /var/www/vhosts/ibpg.eu/filmteam-dev/mysite/temp/tpl._var_www_vhosts_ibpg_eu_filmteam-dev_mysite_templates_account_memberlist_html.php on line 39

27.11.2011 - 23:00: Warning: Call to undefined method varchar::doObject in /var/www/vhosts/ibpg.eu/filmteam-dev/mysite/temp/tpl._var_www_vhosts_ibpg_eu_filmteam-dev_mysite_templates_account_memberlist_html.php on line 40

27.11.2011 - 23:00: Warning: Call to undefined method varchar::doObject in /var/www/vhosts/ibpg.eu/filmteam-dev/mysite/temp/tpl._var_www_vhosts_ibpg_eu_filmteam-dev_mysite_templates_account_memberlist_html.php on line 40

27.11.2011 - 23:02: Warning: Call to undefined method varchar::doObject in /var/www/vhosts/ibpg.eu/filmteam-dev/mysite/temp/tpl._var_www_vhosts_ibpg_eu_filmteam-dev_mysite_templates_account_memberlist_html.php on line 40

27.11.2011 - 23:02: Warning: Call to undefined method varchar::doObject in /var/www/vhosts/ibpg.eu/filmteam-dev/mysite/temp/tpl._var_www_vhosts_ibpg_eu_filmteam-dev_mysite_templates_account_memberlist_html.php on line 40

27.11.2011 - 23:02: Warning: Call to undefined method varchar::doObject in /var/www/vhosts/ibpg.eu/filmteam-dev/mysite/temp/tpl._var_www_vhosts_ibpg_eu_filmteam-dev_mysite_templates_account_memberlist_html.php on line 41

27.11.2011 - 23:02: Warning: Call to undefined method varchar::doObject in /var/www/vhosts/ibpg.eu/filmteam-dev/mysite/temp/tpl._var_www_vhosts_ibpg_eu_filmteam-dev_mysite_templates_account_memberlist_html.php on line 41

27.11.2011 - 23:02: Warning: Call to undefined method varchar::doObject in /var/www/vhosts/ibpg.eu/filmteam-dev/mysite/temp/tpl._var_www_vhosts_ibpg_eu_filmteam-dev_mysite_templates_account_memberlist_html.php on line 41

27.11.2011 - 23:02: Warning: Call to undefined method varchar::doObject in /var/www/vhosts/ibpg.eu/filmteam-dev/mysite/temp/tpl._var_www_vhosts_ibpg_eu_filmteam-dev_mysite_templates_account_memberlist_html.php on line 41

27.11.2011 - 23:03: Code: 6, Name:PHP-Error, Details: <b>Fatal Error</b> Call to undefined method dataobjectset::this in /var/www/vhosts/ibpg.eu/filmteam-dev/system/core/viewaccessabledata.php on line 440, URL: /mitglieder/

27.11.2011 - 23:03: SQL-Error in Statement: SHOW COLUMNS FROM `gomacms__state` in /var/www/vhosts/ibpg.eu/filmteam-dev/system/libs/sql/driver/mysqli.php on line 262.

27.11.2011 - 23:03: SQL-Error in Statement: SHOW COLUMNS FROM `gomacms__state` in /var/www/vhosts/ibpg.eu/filmteam-dev/system/libs/sql/driver/mysqli.php on line 262.

27.11.2011 - 23:03: SQL-Error in Statement: SHOW COLUMNS FROM `gomacms__state` in /var/www/vhosts/ibpg.eu/filmteam-dev/system/libs/sql/driver/mysqli.php on line 262.

27.11.2011 - 23:03: Code: 6, Name:PHP-Error, Details: <b>Fatal Error</b> Call to undefined method dataobjectset::this in /var/www/vhosts/ibpg.eu/filmteam-dev/system/core/viewaccessabledata.php on line 440, URL: /mitglieder/

27.11.2011 - 23:06: SQL-Error in Statement: SHOW COLUMNS FROM `gomacms__state` in /var/www/vhosts/ibpg.eu/filmteam-dev/system/libs/sql/driver/mysqli.php on line 262.

27.11.2011 - 23:06: SQL-Error in Statement: SHOW COLUMNS FROM `gomacms__state` in /var/www/vhosts/ibpg.eu/filmteam-dev/system/libs/sql/driver/mysqli.php on line 262.

27.11.2011 - 23:06: SQL-Error in Statement: SHOW COLUMNS FROM `gomacms__state` in /var/www/vhosts/ibpg.eu/filmteam-dev/system/libs/sql/driver/mysqli.php on line 262.

27.11.2011 - 23:22: Code: 6, Name:PHP-Error, Details: <b>Fatal Error</b> Call to undefined method contentadmin::generatetemplatefile in /var/www/vhosts/ibpg.eu/filmteam-dev/system/core/admin/adminItem.php on line 265, URL: /admin/content/

27.11.2011 - 23:23: SQL-Error in Statement: SHOW COLUMNS FROM `gomacms__state` in /var/www/vhosts/ibpg.eu/filmteam-dev/system/libs/sql/driver/mysqli.php on line 262.

27.11.2011 - 23:23: SQL-Error in Statement: SHOW COLUMNS FROM `gomacms__state` in /var/www/vhosts/ibpg.eu/filmteam-dev/system/libs/sql/driver/mysqli.php on line 262.

27.11.2011 - 23:23: SQL-Error in Statement: SHOW COLUMNS FROM `gomacms__state` in /var/www/vhosts/ibpg.eu/filmteam-dev/system/libs/sql/driver/mysqli.php on line 262.

27.11.2011 - 23:23: Code: 6, Name:PHP-Error, Details: Cannot initiate empty Class in /var/www/vhosts/ibpg.eu/filmteam-dev/system/core/admin/adminItem.php on line 317, URL: /admin/content/

27.11.2011 - 23:24: SQL-Error in Statement: SHOW COLUMNS FROM `gomacms__state` in /var/www/vhosts/ibpg.eu/filmteam-dev/system/libs/sql/driver/mysqli.php on line 262.

27.11.2011 - 23:24: SQL-Error in Statement: SHOW COLUMNS FROM `gomacms__state` in /var/www/vhosts/ibpg.eu/filmteam-dev/system/libs/sql/driver/mysqli.php on line 262.

27.11.2011 - 23:24: SQL-Error in Statement: SHOW COLUMNS FROM `gomacms__state` in /var/www/vhosts/ibpg.eu/filmteam-dev/system/libs/sql/driver/mysqli.php on line 262.

27.11.2011 - 23:24: Code: 6, Name:PHP-Error, Details: Cannot initiate empty Class in /var/www/vhosts/ibpg.eu/filmteam-dev/system/core/admin/adminItem.php on line 317, URL: /admin/content/

27.11.2011 - 23:24: SQL-Error in Statement: SHOW COLUMNS FROM `gomacms__state` in /var/www/vhosts/ibpg.eu/filmteam-dev/system/libs/sql/driver/mysqli.php on line 262.

27.11.2011 - 23:24: SQL-Error in Statement: SHOW COLUMNS FROM `gomacms__state` in /var/www/vhosts/ibpg.eu/filmteam-dev/system/libs/sql/driver/mysqli.php on line 262.

27.11.2011 - 23:24: SQL-Error in Statement: SHOW COLUMNS FROM `gomacms__state` in /var/www/vhosts/ibpg.eu/filmteam-dev/system/libs/sql/driver/mysqli.php on line 262.

27.11.2011 - 23:24: Slow SQL-Query: UPDATE gomacms_statistics SET  `class_name` = 'livecounter'  ,  `last_modified` = '1322432673'  ,  `created` = '1322387227'  ,  `user` = '3'  ,  `phpsessid` = 'l0age2ong1sen7lng5ivqipji3'  ,  `mobile` = '0'  ,  `browser` = 'Mozilla/5.0 (Macintosh; Intel Mac OS X 10_7_2) AppleWebKit/534.51.22 (KHTML, like Gecko) Version/5.1.1 Safari/534.51.22'  ,  `autorid` = '0'  ,  `editorid` = '3'  ,  `recordid` = '37'  ,  `snap_priority` = '2'  WHERE `id` = '224' (74.912071228027ms)

27.11.2011 - 23:25: Slow SQL-Query: SELECT pages.autorid AS autorid ,pages.editorid AS editorid ,pages.last_modified AS last_modified ,pages.class_name AS class_name ,pages.created AS created ,pages.id AS versionid,pages_state.id AS id , CASE  WHEN Page__testpage.description IS NOT NULL THEN Page__testpage.description  WHEN Page_article.description IS NOT NULL THEN Page_article.description  ELSE NULL END AS description, pages.* ,  Page__testpage.* ,  Page_article.* ,  Page_contact.* ,  Page_errorpage.* ,  pages_state.* FROM gomacms_pages AS pages  LEFT JOIN gomacms_Page__testpage AS Page__testpage ON  Page__testpage.id = pages.id   LEFT JOIN gomacms_Page_article AS Page_article ON  Page_article.id = pages.id   LEFT JOIN gomacms_Page_contact AS Page_contact ON  Page_contact.id = pages.id   LEFT JOIN gomacms_Page_errorpage AS Page_errorpage ON  Page_errorpage.id = pages.id   INNER JOIN gomacms_pages_state AS pages_state ON  pages_state.publishedid = pages.id  WHERE  pages.parentid = "0" AND  pages.class_name IN ("pages","page","_testpage","boxpage","articlecategory","article","articles","contact","errorpage","members","phppage","redirector") ORDER BY pages.sort ASC LIMIT  0, 1 (22.584915161133ms)

