28.11.2011 - 07:40: Warning: Call to undefined method admin::content in /var/www/vhosts/ibpg.eu/filmteam-dev/system/core/viewaccessabledata.php on line 636

28.11.2011 - 16:03: Warning: Call to undefined method viewaccessabledata::header in /var/www/vhosts/ibpg.eu/filmteam-dev/system/core/viewaccessabledata.php on line 594

28.11.2011 - 16:03: Warning: Call to undefined method viewaccessabledata::header in /var/www/vhosts/ibpg.eu/filmteam-dev/system/core/viewaccessabledata.php on line 594

28.11.2011 - 16:04: Warning: Call to undefined method admin::content in /var/www/vhosts/ibpg.eu/filmteam-dev/system/core/viewaccessabledata.php on line 636

28.11.2011 - 16:04: Warning: Call to undefined method admin::_GET_month in /var/www/vhosts/ibpg.eu/filmteam-dev/system/core/viewaccessabledata.php on line 636

28.11.2011 - 16:04: Warning: Call to undefined method viewaccessabledata::active in /var/www/vhosts/ibpg.eu/filmteam-dev/system/core/viewaccessabledata.php on line 636

28.11.2011 - 16:09: Regenerating Class-Info

28.11.2011 - 16:09: CLASS_INFO not loaded for file box.css. using filesystem. -> poor performance

28.11.2011 - 16:09: CLASS_INFO not loaded for file tpl/default/box.css. using filesystem. -> poor performance

28.11.2011 - 16:09: CLASS_INFO not loaded for file mysite/templates/box.css. using filesystem. -> poor performance

28.11.2011 - 16:09: CLASS_INFO not loaded for file system/templates/box.css. using filesystem. -> poor performance

28.11.2011 - 16:09: CLASS_INFO not loaded for file system/templates/css/box.css. using filesystem. -> poor performance

28.11.2011 - 16:09: object

28.11.2011 - 16:09: classinfo

28.11.2011 - 16:09: requesthandler

28.11.2011 - 16:09: filesystem

28.11.2011 - 16:09: tpl

28.11.2011 - 16:09: tplcacher

28.11.2011 - 16:09: tplcaller

28.11.2011 - 16:09: httpresponse

28.11.2011 - 16:09: htmlparser

28.11.2011 - 16:09: core

28.11.2011 - 16:09: dev

28.11.2011 - 16:09: sql

28.11.2011 - 16:09: viewaccessabledata

28.11.2011 - 16:09: extension

28.11.2011 - 16:09: dataobjectextension

28.11.2011 - 16:09: dataobject

28.11.2011 - 16:09: autoloader

28.11.2011 - 16:09: gloader

28.11.2011 - 16:09: cacher

28.11.2011 - 16:09: dbfield

28.11.2011 - 16:09: varchar

28.11.2011 - 16:09: textsqlfield

28.11.2011 - 16:09: intsqlfield

28.11.2011 - 16:09: checkboxsqlfield

28.11.2011 - 16:09: switchsqlfield

28.11.2011 - 16:09: timezone

28.11.2011 - 16:09: mysqlidriver

28.11.2011 - 16:09: resources

28.11.2011 - 16:09: request

28.11.2011 - 16:09: dataobjectclassinfo

28.11.2011 - 16:09: dataset

28.11.2011 - 16:09: dataobjectset

28.11.2011 - 16:09: dataobjectcomponentset

28.11.2011 - 16:09: formvalidator

28.11.2011 - 16:09: datavalidator

28.11.2011 - 16:09: array_dataobject

28.11.2011 - 16:09: selectquery

28.11.2011 - 16:09: adminredirectcontroller

28.11.2011 - 16:09: controller

28.11.2011 - 16:09: admincontroller

28.11.2011 - 16:09: admin

28.11.2011 - 16:09: adminitem

28.11.2011 - 16:09: columnedadmin

28.11.2011 - 16:09: leftandmain

28.11.2011 - 16:09: tableview

28.11.2011 - 16:09: imageresize

28.11.2011 - 16:09: systemcontroller

28.11.2011 - 16:09: controllerextension

28.11.2011 - 16:09: controllerclassinfo

28.11.2011 - 16:09: convert

28.11.2011 - 16:09: imagesqlfield

28.11.2011 - 16:09: selectsqlfield

28.11.2011 - 16:09: radiossqlfield

28.11.2011 - 16:09: i18n

28.11.2011 - 16:09: addcontent

28.11.2011 - 16:09: advrights

28.11.2011 - 16:09: group

28.11.2011 - 16:09: groupcontroller

28.11.2011 - 16:09: formfield

28.11.2011 - 16:09: formaction

28.11.2011 - 16:09: ajaxsubmitbutton

28.11.2011 - 16:09: autoformfield

28.11.2011 - 16:09: textarea

28.11.2011 - 16:09: htmleditor

28.11.2011 - 16:09: bbcodeeditor

28.11.2011 - 16:09: dropdown

28.11.2011 - 16:09: email

28.11.2011 - 16:09: fieldset

28.11.2011 - 16:09: fileupload

28.11.2011 - 16:09: form

28.11.2011 - 16:09: externalform

28.11.2011 - 16:09: htmlnode

28.11.2011 - 16:09: hiddenfield

28.11.2011 - 16:09: formdecorator

28.11.2011 - 16:09: formdisabler

28.11.2011 - 16:09: htmlaction

28.11.2011 - 16:09: htmlfield

28.11.2011 - 16:09: complextablefield

28.11.2011 - 16:09: hasmanycomplextablefield

28.11.2011 - 16:09: CLASS_INFO not loaded for file complexTableField.css. using filesystem. -> poor performance

28.11.2011 - 16:09: CLASS_INFO not loaded for file tpl/default/complexTableField.css. using filesystem. -> poor performance

28.11.2011 - 16:09: CLASS_INFO not loaded for file mysite/templates/complexTableField.css. using filesystem. -> poor performance

28.11.2011 - 16:09: CLASS_INFO not loaded for file system/templates/complexTableField.css. using filesystem. -> poor performance

28.11.2011 - 16:09: CLASS_INFO not loaded for file system/templates/css/complexTableField.css. using filesystem. -> poor performance

28.11.2011 - 16:09: CLASS_INFO not loaded for file system/form/complexTableField.js. using filesystem. -> poor performance

28.11.2011 - 16:09: hasonecomplextablefield

28.11.2011 - 16:09: CLASS_INFO not loaded for file complexTableField.css. using filesystem. -> poor performance

28.11.2011 - 16:09: CLASS_INFO not loaded for file tpl/default/complexTableField.css. using filesystem. -> poor performance

28.11.2011 - 16:09: CLASS_INFO not loaded for file mysite/templates/complexTableField.css. using filesystem. -> poor performance

28.11.2011 - 16:09: CLASS_INFO not loaded for file system/templates/complexTableField.css. using filesystem. -> poor performance

28.11.2011 - 16:09: CLASS_INFO not loaded for file system/templates/css/complexTableField.css. using filesystem. -> poor performance

28.11.2011 - 16:09: CLASS_INFO not loaded for file system/form/complexTableField.js. using filesystem. -> poor performance

28.11.2011 - 16:09: singleselectdropdown

28.11.2011 - 16:09: hasonedropdown

28.11.2011 - 16:09: javascriptfield

28.11.2011 - 16:09: manymanycomplextablefield

28.11.2011 - 16:09: CLASS_INFO not loaded for file complexTableField.css. using filesystem. -> poor performance

28.11.2011 - 16:09: CLASS_INFO not loaded for file tpl/default/complexTableField.css. using filesystem. -> poor performance

28.11.2011 - 16:09: CLASS_INFO not loaded for file mysite/templates/complexTableField.css. using filesystem. -> poor performance

28.11.2011 - 16:09: CLASS_INFO not loaded for file system/templates/complexTableField.css. using filesystem. -> poor performance

28.11.2011 - 16:09: CLASS_INFO not loaded for file system/templates/css/complexTableField.css. using filesystem. -> poor performance

28.11.2011 - 16:09: CLASS_INFO not loaded for file system/form/complexTableField.js. using filesystem. -> poor performance

28.11.2011 - 16:09: multiselectdropdown

28.11.2011 - 16:09: manymanydropdown

28.11.2011 - 16:09: radiobutton

28.11.2011 - 16:09: objectradiobutton

28.11.2011 - 16:09: passwordfield

28.11.2011 - 16:09: requestform

28.11.2011 - 16:09: requiredfields

28.11.2011 - 16:09: select

28.11.2011 - 16:09: tab

28.11.2011 - 16:09: textfield

28.11.2011 - 16:09: timefield

28.11.2011 - 16:09: uploadframe

28.11.2011 - 16:09: ajaxexternalform

28.11.2011 - 16:09: button

28.11.2011 - 16:09: cancelbutton

28.11.2011 - 16:09: captcha

28.11.2011 - 16:09: checkbox

28.11.2011 - 16:09: imageupload

28.11.2011 - 16:09: infofield

28.11.2011 - 16:09: infotextfield

28.11.2011 - 16:09: langselect

28.11.2011 - 16:09: linkaction

28.11.2011 - 16:09: numberfield

28.11.2011 - 16:09: tabset

28.11.2011 - 16:09: gfs

28.11.2011 - 16:09: gfs_package_installer

28.11.2011 - 16:09: gfs_package_creator

28.11.2011 - 16:09: ajaxlink

28.11.2011 - 16:09: javascriptresponse

28.11.2011 - 16:09: ajaxresponse

28.11.2011 - 16:09: dialog

28.11.2011 - 16:09: restfulserver

28.11.2011 - 16:09: arraylib

28.11.2011 - 16:09: backup

28.11.2011 - 16:09: pagelinkscontroller

28.11.2011 - 16:09: cookies

28.11.2011 - 16:09: cssmin

28.11.2011 - 16:09: csv

28.11.2011 - 16:09: gd

28.11.2011 - 16:09: image

28.11.2011 - 16:09: rootimage

28.11.2011 - 16:09: rawheaders

28.11.2011 - 16:09: livecounter

28.11.2011 - 16:09: livecountercontroller

28.11.2011 - 16:09: browser

28.11.2011 - 16:09: mail

28.11.2011 - 16:09: stringlib

28.11.2011 - 16:09: tabs

28.11.2011 - 16:09: template

28.11.2011 - 16:09: texttransformer

28.11.2011 - 16:09: bbcode

28.11.2011 - 16:09: text

28.11.2011 - 16:09: fastjson

28.11.2011 - 16:09: versionsviewcontroller

28.11.2011 - 16:09: permission

28.11.2011 - 16:09: hash

28.11.2011 - 16:09: md5hash

28.11.2011 - 16:09: gomahash

28.11.2011 - 16:09: lost_passwordextension

28.11.2011 - 16:09: member

28.11.2011 - 16:09: usercontroller

28.11.2011 - 16:09: user

28.11.2011 - 16:09: frontedcontroller

28.11.2011 - 16:09: sitecontroller

28.11.2011 - 16:09: homepagecontroller

28.11.2011 - 16:09: profilecontroller

28.11.2011 - 16:09: registerextension

28.11.2011 - 16:09: treeserver

28.11.2011 - 16:09: testcontroller

28.11.2011 - 16:09: test

28.11.2011 - 16:09: gfscreatetest

28.11.2011 - 16:09: gfsunpacktest

28.11.2011 - 16:09: backupcreatetest

28.11.2011 - 16:09: backupunpacktest

28.11.2011 - 16:09: controllertest

28.11.2011 - 16:09: complextablefieldtest

28.11.2011 - 16:09: formtest

28.11.2011 - 16:09: dropdowndialogtest

28.11.2011 - 16:09: scaletest

28.11.2011 - 16:09: pagestreetest

28.11.2011 - 16:09: tabstest

28.11.2011 - 16:09: mainbartplextension

28.11.2011 - 16:09: pages

28.11.2011 - 16:09: page

28.11.2011 - 16:09: contentcontroller

28.11.2011 - 16:09: pagecontroller

28.11.2011 - 16:09: _testpage

28.11.2011 - 16:09: _testpagecontroller

28.11.2011 - 16:09: backupadmin

28.11.2011 - 16:09: contentadmin

28.11.2011 - 16:09: settingsadmin

28.11.2011 - 16:09: smilieadmin

28.11.2011 - 16:09: usergroupadmin

28.11.2011 - 16:09: cms_filemanager

28.11.2011 - 16:09: cms_filemanagercontroller

28.11.2011 - 16:09: newsettings

28.11.2011 - 16:09: settingscontroller

28.11.2011 - 16:09: metasettings

28.11.2011 - 16:09: templatesettings

28.11.2011 - 16:09: welcomecontroller

28.11.2011 - 16:09: backups

28.11.2011 - 16:09: backupscontroller

28.11.2011 - 16:09: boxes

28.11.2011 - 16:09: boxescontroller

28.11.2011 - 16:09: box

28.11.2011 - 16:09: boxcontroller

28.11.2011 - 16:09: login_meinaccount

28.11.2011 - 16:09: boxestplextension

28.11.2011 - 16:09: boxpage

28.11.2011 - 16:09: boxpagecontroller

28.11.2011 - 16:09: phpbox

28.11.2011 - 16:09: statistics

28.11.2011 - 16:09: pagecomments

28.11.2011 - 16:09: pagecommentscontroller

28.11.2011 - 16:09: pagecommentsdataobjectextension

28.11.2011 - 16:09: pagecommentscontrollerextension

28.11.2011 - 16:09: articlecategory

28.11.2011 - 16:09: articlecategorycontroller

28.11.2011 - 16:09: article

28.11.2011 - 16:09: articlecontroller

28.11.2011 - 16:09: articles

28.11.2011 - 16:09: articlescontroller

28.11.2011 - 16:09: contact

28.11.2011 - 16:09: contactcontroller

28.11.2011 - 16:09: errorpage

28.11.2011 - 16:09: errorpagecontroller

28.11.2011 - 16:09: members

28.11.2011 - 16:09: memberscontroller

28.11.2011 - 16:09: phppage

28.11.2011 - 16:09: phppagecontroller

28.11.2011 - 16:09: redirector

28.11.2011 - 16:09: redirectorcontroller

28.11.2011 - 16:09: pm

28.11.2011 - 16:09: pmcontroller

28.11.2011 - 16:09: pmprofileextension

28.11.2011 - 16:09: rating

28.11.2011 - 16:09: ratingcontroller

28.11.2011 - 16:09: ratingdataobjectextension

28.11.2011 - 16:09: searchcontroller

28.11.2011 - 16:09: searchpageextension

28.11.2011 - 16:09: smilies

28.11.2011 - 16:09: smiliescontroller

28.11.2011 - 16:09: 
             Rebuilding Caches...

              Rebuilding Database...
 Checking Database of array_dataobject

 Checking Database of advrights

 Checking Database of group

 Checking Database of livecounter

 Checking Database of user

 Checking Database of pages

 Checking Database of page

 Checking Database of _testpage

 Checking Database of cms_filemanager

 Checking Database of newsettings

 Checking Database of metasettings

 Checking Database of templatesettings

 Checking Database of backups

 Checking Database of boxes

 Checking Database of box

 Checking Database of login_meinaccount

 Checking Database of boxpage

 Checking Database of phpbox

 Checking Database of statistics

 Checking Database of pagecomments

 Checking Database of articlecategory

 Checking Database of article

 Checking Database of articles

 Checking Database of contact

 Checking Database of errorpage

 Checking Database of members

 Checking Database of phppage

 Checking Database of redirector

 Checking Database of pm

 Checking Database of rating

 Checking Database of smilies



28.11.2011 - 16:09: Warning: Call to undefined method viewaccessabledata::header in /var/www/vhosts/ibpg.eu/filmteam-dev/system/core/viewaccessabledata.php on line 594

28.11.2011 - 16:09: Warning: Call to undefined method viewaccessabledata::header in /var/www/vhosts/ibpg.eu/filmteam-dev/system/core/viewaccessabledata.php on line 594

28.11.2011 - 16:09: Warning: Call to undefined method viewaccessabledata::header in /var/www/vhosts/ibpg.eu/filmteam-dev/system/core/viewaccessabledata.php on line 594

28.11.2011 - 16:09: Warning: Call to undefined method viewaccessabledata::header in /var/www/vhosts/ibpg.eu/filmteam-dev/system/core/viewaccessabledata.php on line 594

28.11.2011 - 22:37: Warning: Call to undefined method admin::content in /var/www/vhosts/ibpg.eu/filmteam-dev/system/core/viewaccessabledata.php on line 636

28.11.2011 - 22:37: Warning: Call to undefined method admin::_GET_month in /var/www/vhosts/ibpg.eu/filmteam-dev/system/core/viewaccessabledata.php on line 636

