25.11.2011 - 22:57: Warning: Call to undefined method viewaccessabledata::checkbox in /var/www/vhosts/ibpg.eu/filmteam-dev/system/core/viewaccessabledata.php on line 632

25.11.2011 - 22:58: Warning: Call to undefined method viewaccessabledata::checkbox in /var/www/vhosts/ibpg.eu/filmteam-dev/system/core/viewaccessabledata.php on line 632

25.11.2011 - 22:58: Warning: Call to undefined method viewaccessabledata::checkbox in /var/www/vhosts/ibpg.eu/filmteam-dev/system/core/viewaccessabledata.php on line 632

25.11.2011 - 22:59: Warning: Call to undefined method viewaccessabledata::checkbox in /var/www/vhosts/ibpg.eu/filmteam-dev/system/core/viewaccessabledata.php on line 632

25.11.2011 - 22:59: Warning: Call to undefined method viewaccessabledata::checkbox in /var/www/vhosts/ibpg.eu/filmteam-dev/system/core/viewaccessabledata.php on line 632

25.11.2011 - 23:01: Warning: Call to undefined method viewaccessabledata::checkbox in /var/www/vhosts/ibpg.eu/filmteam-dev/system/core/viewaccessabledata.php on line 632

25.11.2011 - 23:01: Warning: Call to undefined method viewaccessabledata::checkbox in /var/www/vhosts/ibpg.eu/filmteam-dev/system/core/viewaccessabledata.php on line 632

25.11.2011 - 23:01: SiteController::addBreadCrumb is deprecated. Call From /var/www/vhosts/ibpg.eu/filmteam-dev/mysite/application/control/contentcontroller.php on line 105

25.11.2011 - 23:01: Warning: Call to undefined method viewaccessabledata::active in /var/www/vhosts/ibpg.eu/filmteam-dev/system/core/viewaccessabledata.php on line 632

25.11.2011 - 23:01: SiteController::addBreadCrumb is deprecated. Call From /var/www/vhosts/ibpg.eu/filmteam-dev/mysite/application/control/contentcontroller.php on line 105

25.11.2011 - 23:01: SiteController::addBreadCrumb is deprecated. Call From /var/www/vhosts/ibpg.eu/filmteam-dev/mysite/application/control/contentcontroller.php on line 105

25.11.2011 - 23:01: Warning: Call to undefined method viewaccessabledata::active in /var/www/vhosts/ibpg.eu/filmteam-dev/system/core/viewaccessabledata.php on line 632

25.11.2011 - 23:01: SiteController::addBreadCrumb is deprecated. Call From /var/www/vhosts/ibpg.eu/filmteam-dev/mysite/application/control/contentcontroller.php on line 105

25.11.2011 - 23:01: SiteController::addBreadCrumb is deprecated. Call From /var/www/vhosts/ibpg.eu/filmteam-dev/mysite/application/control/contentcontroller.php on line 105

25.11.2011 - 23:08: SiteController::addBreadCrumb is deprecated. Call From /var/www/vhosts/ibpg.eu/filmteam-dev/mysite/application/control/contentcontroller.php on line 105

25.11.2011 - 23:08: Warning: Call to undefined method viewaccessabledata::active in /var/www/vhosts/ibpg.eu/filmteam-dev/system/core/viewaccessabledata.php on line 632

25.11.2011 - 23:08: SiteController::addBreadCrumb is deprecated. Call From /var/www/vhosts/ibpg.eu/filmteam-dev/mysite/application/control/contentcontroller.php on line 105

25.11.2011 - 23:08: SiteController::addBreadCrumb is deprecated. Call From /var/www/vhosts/ibpg.eu/filmteam-dev/mysite/application/control/contentcontroller.php on line 105

25.11.2011 - 23:08: Warning: Call to undefined method viewaccessabledata::active in /var/www/vhosts/ibpg.eu/filmteam-dev/system/core/viewaccessabledata.php on line 632

25.11.2011 - 23:08: SiteController::addBreadCrumb is deprecated. Call From /var/www/vhosts/ibpg.eu/filmteam-dev/mysite/application/control/contentcontroller.php on line 105

25.11.2011 - 23:08: SiteController::addBreadCrumb is deprecated. Call From /var/www/vhosts/ibpg.eu/filmteam-dev/mysite/application/control/contentcontroller.php on line 105

25.11.2011 - 23:10: SiteController::addBreadCrumb is deprecated. Call From /var/www/vhosts/ibpg.eu/filmteam-dev/mysite/application/control/contentcontroller.php on line 105

25.11.2011 - 23:10: SiteController::addBreadCrumb is deprecated. Call From /var/www/vhosts/ibpg.eu/filmteam-dev/mysite/application/control/contentcontroller.php on line 105

25.11.2011 - 23:10: SiteController::addBreadCrumb is deprecated. Call From /var/www/vhosts/ibpg.eu/filmteam-dev/mysite/application/control/contentcontroller.php on line 105

25.11.2011 - 23:10: Warning: Call to undefined method viewaccessabledata::active in /var/www/vhosts/ibpg.eu/filmteam-dev/system/core/viewaccessabledata.php on line 632

25.11.2011 - 23:10: SiteController::addBreadCrumb is deprecated. Call From /var/www/vhosts/ibpg.eu/filmteam-dev/mysite/application/control/contentcontroller.php on line 105

25.11.2011 - 23:10: SiteController::addBreadCrumb is deprecated. Call From /var/www/vhosts/ibpg.eu/filmteam-dev/mysite/application/control/contentcontroller.php on line 105

25.11.2011 - 23:10: Warning: Call to undefined method viewaccessabledata::active in /var/www/vhosts/ibpg.eu/filmteam-dev/system/core/viewaccessabledata.php on line 632

25.11.2011 - 23:10: SiteController::addBreadCrumb is deprecated. Call From /var/www/vhosts/ibpg.eu/filmteam-dev/mysite/application/control/contentcontroller.php on line 105

25.11.2011 - 23:10: SiteController::addBreadCrumb is deprecated. Call From /var/www/vhosts/ibpg.eu/filmteam-dev/mysite/application/control/contentcontroller.php on line 105

25.11.2011 - 23:10: SiteController::addBreadCrumb is deprecated. Call From /var/www/vhosts/ibpg.eu/filmteam-dev/mysite/application/control/contentcontroller.php on line 105

25.11.2011 - 23:10: Warning: Call to undefined method viewaccessabledata::active in /var/www/vhosts/ibpg.eu/filmteam-dev/system/core/viewaccessabledata.php on line 632

25.11.2011 - 23:11: SiteController::addBreadCrumb is deprecated. Call From /var/www/vhosts/ibpg.eu/filmteam-dev/mysite/application/control/contentcontroller.php on line 105

25.11.2011 - 23:11: Warning: Call to undefined method viewaccessabledata::active in /var/www/vhosts/ibpg.eu/filmteam-dev/system/core/viewaccessabledata.php on line 632

25.11.2011 - 23:11: SiteController::addBreadCrumb is deprecated. Call From /var/www/vhosts/ibpg.eu/filmteam-dev/mysite/application/control/contentcontroller.php on line 105

25.11.2011 - 23:11: Warning: Call to undefined method viewaccessabledata::active in /var/www/vhosts/ibpg.eu/filmteam-dev/system/core/viewaccessabledata.php on line 632

25.11.2011 - 23:11: SiteController::addBreadCrumb is deprecated. Call From /var/www/vhosts/ibpg.eu/filmteam-dev/mysite/application/control/contentcontroller.php on line 105

25.11.2011 - 23:11: Warning: Call to undefined method viewaccessabledata::active in /var/www/vhosts/ibpg.eu/filmteam-dev/system/core/viewaccessabledata.php on line 632

25.11.2011 - 23:11: SiteController::addBreadCrumb is deprecated. Call From /var/www/vhosts/ibpg.eu/filmteam-dev/mysite/application/control/contentcontroller.php on line 105

25.11.2011 - 23:11: Warning: Call to undefined method viewaccessabledata::active in /var/www/vhosts/ibpg.eu/filmteam-dev/system/core/viewaccessabledata.php on line 632

25.11.2011 - 23:11: SiteController::addBreadCrumb is deprecated. Call From /var/www/vhosts/ibpg.eu/filmteam-dev/mysite/application/control/contentcontroller.php on line 105

25.11.2011 - 23:11: SiteController::addBreadCrumb is deprecated. Call From /var/www/vhosts/ibpg.eu/filmteam-dev/mysite/application/control/contentcontroller.php on line 105

25.11.2011 - 23:11: SiteController::addBreadCrumb is deprecated. Call From /var/www/vhosts/ibpg.eu/filmteam-dev/mysite/application/control/contentcontroller.php on line 105

25.11.2011 - 23:11: Warning: Call to undefined method viewaccessabledata::active in /var/www/vhosts/ibpg.eu/filmteam-dev/system/core/viewaccessabledata.php on line 632

25.11.2011 - 23:12: SiteController::addBreadCrumb is deprecated. Call From /var/www/vhosts/ibpg.eu/filmteam-dev/mysite/application/control/contentcontroller.php on line 105

25.11.2011 - 23:12: Warning: Call to undefined method viewaccessabledata::active in /var/www/vhosts/ibpg.eu/filmteam-dev/system/core/viewaccessabledata.php on line 632

25.11.2011 - 23:12: SiteController::addBreadCrumb is deprecated. Call From /var/www/vhosts/ibpg.eu/filmteam-dev/mysite/application/control/contentcontroller.php on line 105

25.11.2011 - 23:33: Warning: Call to undefined method admin::title in /var/www/vhosts/ibpg.eu/filmteam-dev/system/core/viewaccessabledata.php on line 632

25.11.2011 - 23:33: Warning: Call to undefined method admin::content in /var/www/vhosts/ibpg.eu/filmteam-dev/system/core/viewaccessabledata.php on line 632

25.11.2011 - 23:33: Warning: Call to undefined method admin::_GET_month in /var/www/vhosts/ibpg.eu/filmteam-dev/system/core/viewaccessabledata.php on line 632

25.11.2011 - 23:33: Warning: Call to undefined method viewaccessabledata::checkbox in /var/www/vhosts/ibpg.eu/filmteam-dev/system/core/viewaccessabledata.php on line 632

25.11.2011 - 23:33: Warning: Call to undefined method viewaccessabledata::checkbox in /var/www/vhosts/ibpg.eu/filmteam-dev/system/core/viewaccessabledata.php on line 632

25.11.2011 - 23:33: Warning: Call to undefined method admin::title in /var/www/vhosts/ibpg.eu/filmteam-dev/system/core/viewaccessabledata.php on line 632

25.11.2011 - 23:33: Warning: Call to undefined method admin::content in /var/www/vhosts/ibpg.eu/filmteam-dev/system/core/viewaccessabledata.php on line 632

25.11.2011 - 23:33: Warning: Call to undefined method admin::_GET_month in /var/www/vhosts/ibpg.eu/filmteam-dev/system/core/viewaccessabledata.php on line 632

25.11.2011 - 23:33: Warning: Call to undefined method admin::title in /var/www/vhosts/ibpg.eu/filmteam-dev/system/core/viewaccessabledata.php on line 632

25.11.2011 - 23:33: Warning: Call to undefined method admin::content in /var/www/vhosts/ibpg.eu/filmteam-dev/system/core/viewaccessabledata.php on line 632

25.11.2011 - 23:34: Warning: Call to undefined method admin::title in /var/www/vhosts/ibpg.eu/filmteam-dev/system/core/viewaccessabledata.php on line 632

25.11.2011 - 23:34: Warning: Call to undefined method admin::content in /var/www/vhosts/ibpg.eu/filmteam-dev/system/core/viewaccessabledata.php on line 632

25.11.2011 - 23:34: Warning: Call to undefined method admin::title in /var/www/vhosts/ibpg.eu/filmteam-dev/system/core/viewaccessabledata.php on line 632

25.11.2011 - 23:34: Warning: Call to undefined method admin::content in /var/www/vhosts/ibpg.eu/filmteam-dev/system/core/viewaccessabledata.php on line 632

25.11.2011 - 23:34: Warning: Call to undefined method admin::_GET_month in /var/www/vhosts/ibpg.eu/filmteam-dev/system/core/viewaccessabledata.php on line 632

25.11.2011 - 23:34: SiteController::addBreadCrumb is deprecated. Call From /var/www/vhosts/ibpg.eu/filmteam-dev/mysite/application/control/contentcontroller.php on line 105

25.11.2011 - 23:34: SiteController::addBreadCrumb is deprecated. Call From /var/www/vhosts/ibpg.eu/filmteam-dev/mysite/application/control/contentcontroller.php on line 105

25.11.2011 - 23:34: Warning: Call to undefined method viewaccessabledata::active in /var/www/vhosts/ibpg.eu/filmteam-dev/system/core/viewaccessabledata.php on line 632

25.11.2011 - 23:34: SiteController::addBreadCrumb is deprecated. Call From /var/www/vhosts/ibpg.eu/filmteam-dev/mysite/application/control/contentcontroller.php on line 105

25.11.2011 - 23:34: SiteController::addBreadCrumb is deprecated. Call From /var/www/vhosts/ibpg.eu/filmteam-dev/mysite/application/control/contentcontroller.php on line 105

25.11.2011 - 23:34: SiteController::addBreadCrumb is deprecated. Call From /var/www/vhosts/ibpg.eu/filmteam-dev/mysite/application/control/contentcontroller.php on line 105

25.11.2011 - 23:34: SiteController::addBreadCrumb is deprecated. Call From /var/www/vhosts/ibpg.eu/filmteam-dev/mysite/application/control/contentcontroller.php on line 105

25.11.2011 - 23:34: SiteController::addBreadCrumb is deprecated. Call From /var/www/vhosts/ibpg.eu/filmteam-dev/mysite/application/control/contentcontroller.php on line 105

25.11.2011 - 23:34: Warning: Call to undefined method viewaccessabledata::active in /var/www/vhosts/ibpg.eu/filmteam-dev/system/core/viewaccessabledata.php on line 632

25.11.2011 - 23:34: SiteController::addBreadCrumb is deprecated. Call From /var/www/vhosts/ibpg.eu/filmteam-dev/mysite/application/control/contentcontroller.php on line 105

25.11.2011 - 23:34: SiteController::addBreadCrumb is deprecated. Call From /var/www/vhosts/ibpg.eu/filmteam-dev/mysite/application/control/contentcontroller.php on line 105

25.11.2011 - 23:34: SiteController::addBreadCrumb is deprecated. Call From /var/www/vhosts/ibpg.eu/filmteam-dev/mysite/application/control/contentcontroller.php on line 105

25.11.2011 - 23:34: Warning: Call to undefined method viewaccessabledata::active in /var/www/vhosts/ibpg.eu/filmteam-dev/system/core/viewaccessabledata.php on line 632

25.11.2011 - 23:37: SiteController::addBreadCrumb is deprecated. Call From /var/www/vhosts/ibpg.eu/filmteam-dev/mysite/application/control/contentcontroller.php on line 105

25.11.2011 - 23:37: Warning: Call to undefined method viewaccessabledata::active in /var/www/vhosts/ibpg.eu/filmteam-dev/system/core/viewaccessabledata.php on line 632

25.11.2011 - 23:37: SiteController::addBreadCrumb is deprecated. Call From /var/www/vhosts/ibpg.eu/filmteam-dev/mysite/application/control/contentcontroller.php on line 105

25.11.2011 - 23:37: Warning: Call to undefined method viewaccessabledata::active in /var/www/vhosts/ibpg.eu/filmteam-dev/system/core/viewaccessabledata.php on line 632

25.11.2011 - 23:37: SiteController::addBreadCrumb is deprecated. Call From /var/www/vhosts/ibpg.eu/filmteam-dev/mysite/application/control/contentcontroller.php on line 105

25.11.2011 - 23:37: SiteController::addBreadCrumb is deprecated. Call From /var/www/vhosts/ibpg.eu/filmteam-dev/mysite/application/control/contentcontroller.php on line 105

25.11.2011 - 23:37: Warning: Call to undefined method viewaccessabledata::active in /var/www/vhosts/ibpg.eu/filmteam-dev/system/core/viewaccessabledata.php on line 632

25.11.2011 - 23:37: SiteController::addBreadCrumb is deprecated. Call From /var/www/vhosts/ibpg.eu/filmteam-dev/mysite/application/control/contentcontroller.php on line 105

25.11.2011 - 23:37: Warning: Call to undefined method viewaccessabledata::active in /var/www/vhosts/ibpg.eu/filmteam-dev/system/core/viewaccessabledata.php on line 632

25.11.2011 - 23:48: SiteController::addBreadCrumb is deprecated. Call From /var/www/vhosts/ibpg.eu/filmteam-dev/mysite/application/control/contentcontroller.php on line 105

25.11.2011 - 23:48: Warning: Call to undefined method viewaccessabledata::active in /var/www/vhosts/ibpg.eu/filmteam-dev/system/core/viewaccessabledata.php on line 632

25.11.2011 - 23:48: SiteController::addBreadCrumb is deprecated. Call From /var/www/vhosts/ibpg.eu/filmteam-dev/mysite/application/control/contentcontroller.php on line 105

25.11.2011 - 23:48: SiteController::addBreadCrumb is deprecated. Call From /var/www/vhosts/ibpg.eu/filmteam-dev/mysite/application/control/contentcontroller.php on line 105

25.11.2011 - 23:48: Warning: Call to undefined method viewaccessabledata::active in /var/www/vhosts/ibpg.eu/filmteam-dev/system/core/viewaccessabledata.php on line 632

25.11.2011 - 23:48: SiteController::addBreadCrumb is deprecated. Call From /var/www/vhosts/ibpg.eu/filmteam-dev/mysite/application/control/contentcontroller.php on line 105

25.11.2011 - 23:48: SiteController::addBreadCrumb is deprecated. Call From /var/www/vhosts/ibpg.eu/filmteam-dev/mysite/application/control/contentcontroller.php on line 105

25.11.2011 - 23:48: SiteController::addBreadCrumb is deprecated. Call From /var/www/vhosts/ibpg.eu/filmteam-dev/mysite/application/control/contentcontroller.php on line 105

25.11.2011 - 23:48: SiteController::addBreadCrumb is deprecated. Call From /var/www/vhosts/ibpg.eu/filmteam-dev/mysite/application/control/contentcontroller.php on line 105

25.11.2011 - 23:48: Warning: Call to undefined method viewaccessabledata::active in /var/www/vhosts/ibpg.eu/filmteam-dev/system/core/viewaccessabledata.php on line 632

25.11.2011 - 23:48: SiteController::addBreadCrumb is deprecated. Call From /var/www/vhosts/ibpg.eu/filmteam-dev/mysite/application/control/contentcontroller.php on line 105

25.11.2011 - 23:48: SiteController::addBreadCrumb is deprecated. Call From /var/www/vhosts/ibpg.eu/filmteam-dev/mysite/application/control/contentcontroller.php on line 105

25.11.2011 - 23:48: Warning: Call to undefined method viewaccessabledata::active in /var/www/vhosts/ibpg.eu/filmteam-dev/system/core/viewaccessabledata.php on line 632

25.11.2011 - 23:48: SiteController::addBreadCrumb is deprecated. Call From /var/www/vhosts/ibpg.eu/filmteam-dev/mysite/application/control/contentcontroller.php on line 105

25.11.2011 - 23:49: Warning: Call to undefined method viewaccessabledata::active in /var/www/vhosts/ibpg.eu/filmteam-dev/system/core/viewaccessabledata.php on line 632

25.11.2011 - 23:50: Warning: Call to undefined method viewaccessabledata::active in /var/www/vhosts/ibpg.eu/filmteam-dev/system/core/viewaccessabledata.php on line 632

25.11.2011 - 23:50: Warning: Call to undefined method viewaccessabledata::active in /var/www/vhosts/ibpg.eu/filmteam-dev/system/core/viewaccessabledata.php on line 632

25.11.2011 - 23:50: Warning: Call to undefined method viewaccessabledata::active in /var/www/vhosts/ibpg.eu/filmteam-dev/system/core/viewaccessabledata.php on line 632

25.11.2011 - 23:51: Warning: Call to undefined method viewaccessabledata::active in /var/www/vhosts/ibpg.eu/filmteam-dev/system/core/viewaccessabledata.php on line 632

25.11.2011 - 23:51: Warning: Call to undefined method viewaccessabledata::active in /var/www/vhosts/ibpg.eu/filmteam-dev/system/core/viewaccessabledata.php on line 632

25.11.2011 - 23:56: Warning: Call to undefined method viewaccessabledata::active in /var/www/vhosts/ibpg.eu/filmteam-dev/system/core/viewaccessabledata.php on line 632

25.11.2011 - 23:56: Regenerating Class-Info

25.11.2011 - 23:56: CLASS_INFO not loaded for file box.css. using filesystem. -> poor performance

25.11.2011 - 23:56: CLASS_INFO not loaded for file tpl/default/box.css. using filesystem. -> poor performance

25.11.2011 - 23:56: CLASS_INFO not loaded for file mysite/templates/box.css. using filesystem. -> poor performance

25.11.2011 - 23:56: CLASS_INFO not loaded for file system/templates/box.css. using filesystem. -> poor performance

25.11.2011 - 23:56: CLASS_INFO not loaded for file system/templates/css/box.css. using filesystem. -> poor performance

25.11.2011 - 23:56: object

25.11.2011 - 23:56: classinfo

25.11.2011 - 23:56: requesthandler

25.11.2011 - 23:56: filesystem

25.11.2011 - 23:56: tpl

25.11.2011 - 23:56: tplcacher

25.11.2011 - 23:56: tplcaller

25.11.2011 - 23:56: httpresponse

25.11.2011 - 23:56: htmlparser

25.11.2011 - 23:56: core

25.11.2011 - 23:56: dev

25.11.2011 - 23:56: sql

25.11.2011 - 23:56: viewaccessabledata

25.11.2011 - 23:56: extension

25.11.2011 - 23:56: dataobjectextension

25.11.2011 - 23:56: dataobject

25.11.2011 - 23:56: autoloader

25.11.2011 - 23:56: gloader

25.11.2011 - 23:56: cacher

25.11.2011 - 23:56: dbfield

25.11.2011 - 23:56: varchar

25.11.2011 - 23:56: textsqlfield

25.11.2011 - 23:56: intsqlfield

25.11.2011 - 23:56: checkboxsqlfield

25.11.2011 - 23:56: switchsqlfield

25.11.2011 - 23:56: timezone

25.11.2011 - 23:56: mysqlidriver

25.11.2011 - 23:56: resources

25.11.2011 - 23:56: request

25.11.2011 - 23:56: dataobjectclassinfo

25.11.2011 - 23:56: dataset

25.11.2011 - 23:56: dataobjectset

25.11.2011 - 23:56: formvalidator

25.11.2011 - 23:56: datavalidator

25.11.2011 - 23:56: array_dataobject

25.11.2011 - 23:56: selectquery

25.11.2011 - 23:56: adminredirectcontroller

25.11.2011 - 23:56: controller

25.11.2011 - 23:56: admincontroller

25.11.2011 - 23:56: admin

25.11.2011 - 23:56: adminitem

25.11.2011 - 23:56: columnedadmin

25.11.2011 - 23:56: leftandmain

25.11.2011 - 23:56: tableview

25.11.2011 - 23:56: imageresize

25.11.2011 - 23:56: systemcontroller

25.11.2011 - 23:56: controllerextension

25.11.2011 - 23:56: controllerclassinfo

25.11.2011 - 23:56: convert

25.11.2011 - 23:56: imagesqlfield

25.11.2011 - 23:56: selectsqlfield

25.11.2011 - 23:56: radiossqlfield

25.11.2011 - 23:56: i18n

25.11.2011 - 23:56: addcontent

25.11.2011 - 23:56: advrights

25.11.2011 - 23:56: group

25.11.2011 - 23:56: groupcontroller

25.11.2011 - 23:56: formfield

25.11.2011 - 23:56: formaction

25.11.2011 - 23:56: ajaxsubmitbutton

25.11.2011 - 23:56: autoformfield

25.11.2011 - 23:56: textarea

25.11.2011 - 23:56: htmleditor

25.11.2011 - 23:56: bbcodeeditor

25.11.2011 - 23:56: dropdown

25.11.2011 - 23:56: email

25.11.2011 - 23:56: fieldset

25.11.2011 - 23:56: fileupload

25.11.2011 - 23:56: form

25.11.2011 - 23:56: externalform

25.11.2011 - 23:56: htmlnode

25.11.2011 - 23:56: hiddenfield

25.11.2011 - 23:56: formdecorator

25.11.2011 - 23:56: formdisabler

25.11.2011 - 23:56: htmlaction

25.11.2011 - 23:56: htmlfield

25.11.2011 - 23:56: complextablefield

25.11.2011 - 23:56: hasmanycomplextablefield

25.11.2011 - 23:56: CLASS_INFO not loaded for file complexTableField.css. using filesystem. -> poor performance

25.11.2011 - 23:56: CLASS_INFO not loaded for file tpl/default/complexTableField.css. using filesystem. -> poor performance

25.11.2011 - 23:56: CLASS_INFO not loaded for file mysite/templates/complexTableField.css. using filesystem. -> poor performance

25.11.2011 - 23:56: CLASS_INFO not loaded for file system/templates/complexTableField.css. using filesystem. -> poor performance

25.11.2011 - 23:56: CLASS_INFO not loaded for file system/templates/css/complexTableField.css. using filesystem. -> poor performance

25.11.2011 - 23:56: CLASS_INFO not loaded for file system/form/complexTableField.js. using filesystem. -> poor performance

25.11.2011 - 23:56: hasonecomplextablefield

25.11.2011 - 23:56: CLASS_INFO not loaded for file complexTableField.css. using filesystem. -> poor performance

25.11.2011 - 23:56: CLASS_INFO not loaded for file tpl/default/complexTableField.css. using filesystem. -> poor performance

25.11.2011 - 23:56: CLASS_INFO not loaded for file mysite/templates/complexTableField.css. using filesystem. -> poor performance

25.11.2011 - 23:56: CLASS_INFO not loaded for file system/templates/complexTableField.css. using filesystem. -> poor performance

25.11.2011 - 23:56: CLASS_INFO not loaded for file system/templates/css/complexTableField.css. using filesystem. -> poor performance

25.11.2011 - 23:56: CLASS_INFO not loaded for file system/form/complexTableField.js. using filesystem. -> poor performance

25.11.2011 - 23:56: singleselectdropdown

25.11.2011 - 23:56: hasonedropdown

25.11.2011 - 23:56: javascriptfield

25.11.2011 - 23:56: manymanycomplextablefield

25.11.2011 - 23:56: CLASS_INFO not loaded for file complexTableField.css. using filesystem. -> poor performance

25.11.2011 - 23:56: CLASS_INFO not loaded for file tpl/default/complexTableField.css. using filesystem. -> poor performance

25.11.2011 - 23:56: CLASS_INFO not loaded for file mysite/templates/complexTableField.css. using filesystem. -> poor performance

25.11.2011 - 23:56: CLASS_INFO not loaded for file system/templates/complexTableField.css. using filesystem. -> poor performance

25.11.2011 - 23:56: CLASS_INFO not loaded for file system/templates/css/complexTableField.css. using filesystem. -> poor performance

25.11.2011 - 23:56: CLASS_INFO not loaded for file system/form/complexTableField.js. using filesystem. -> poor performance

25.11.2011 - 23:56: multiselectdropdown

25.11.2011 - 23:56: manymanydropdown

25.11.2011 - 23:56: radiobutton

25.11.2011 - 23:56: objectradiobutton

25.11.2011 - 23:56: passwordfield

25.11.2011 - 23:56: requestform

25.11.2011 - 23:56: requiredfields

25.11.2011 - 23:56: select

25.11.2011 - 23:56: tab

25.11.2011 - 23:56: textfield

25.11.2011 - 23:56: timefield

25.11.2011 - 23:56: uploadframe

25.11.2011 - 23:56: ajaxexternalform

25.11.2011 - 23:56: button

25.11.2011 - 23:56: cancelbutton

25.11.2011 - 23:56: captcha

25.11.2011 - 23:56: checkbox

25.11.2011 - 23:56: imageupload

25.11.2011 - 23:56: infofield

25.11.2011 - 23:56: infotextfield

25.11.2011 - 23:56: langselect

25.11.2011 - 23:56: linkaction

25.11.2011 - 23:56: numberfield

25.11.2011 - 23:56: tabset

25.11.2011 - 23:56: gfs

25.11.2011 - 23:56: gfs_package_installer

25.11.2011 - 23:56: gfs_package_creator

25.11.2011 - 23:56: ajaxlink

25.11.2011 - 23:56: javascriptresponse

25.11.2011 - 23:56: ajaxresponse

25.11.2011 - 23:56: dialog

25.11.2011 - 23:56: restfulserver

25.11.2011 - 23:56: arraylib

25.11.2011 - 23:56: backup

25.11.2011 - 23:56: pagelinkscontroller

25.11.2011 - 23:56: cookies

25.11.2011 - 23:56: cssmin

25.11.2011 - 23:56: csv

25.11.2011 - 23:56: gd

25.11.2011 - 23:56: image

25.11.2011 - 23:56: rootimage

25.11.2011 - 23:56: rawheaders

25.11.2011 - 23:56: livecounter

25.11.2011 - 23:56: livecountercontroller

25.11.2011 - 23:56: browser

25.11.2011 - 23:56: mail

25.11.2011 - 23:56: stringlib

25.11.2011 - 23:56: tabs

25.11.2011 - 23:56: template

25.11.2011 - 23:56: texttransformer

25.11.2011 - 23:56: bbcode

25.11.2011 - 23:56: text

25.11.2011 - 23:56: fastjson

25.11.2011 - 23:56: versionsviewcontroller

25.11.2011 - 23:56: permission

25.11.2011 - 23:56: hash

25.11.2011 - 23:56: md5hash

25.11.2011 - 23:56: gomahash

25.11.2011 - 23:56: loginlogoutextension

25.11.2011 - 23:56: lost_passwordextension

25.11.2011 - 23:56: member

25.11.2011 - 23:56: usercontroller

25.11.2011 - 23:56: user

25.11.2011 - 23:56: frontedcontroller

25.11.2011 - 23:56: sitecontroller

25.11.2011 - 23:56: homepagecontroller

25.11.2011 - 23:56: profilecontroller

25.11.2011 - 23:56: registerextension

25.11.2011 - 23:56: treeserver

25.11.2011 - 23:56: testcontroller

25.11.2011 - 23:56: test

25.11.2011 - 23:56: gfscreatetest

25.11.2011 - 23:56: gfsunpacktest

25.11.2011 - 23:56: backupcreatetest

25.11.2011 - 23:56: backupunpacktest

25.11.2011 - 23:56: controllertest

25.11.2011 - 23:56: complextablefieldtest

25.11.2011 - 23:56: formtest

25.11.2011 - 23:56: dropdowndialogtest

25.11.2011 - 23:56: scaletest

25.11.2011 - 23:56: pagestreetest

25.11.2011 - 23:56: tabstest

25.11.2011 - 23:56: mainbartplextension

25.11.2011 - 23:56: pages

25.11.2011 - 23:56: page

25.11.2011 - 23:56: contentcontroller

25.11.2011 - 23:56: pagecontroller

25.11.2011 - 23:56: _testpage

25.11.2011 - 23:56: _testpagecontroller

25.11.2011 - 23:56: backupadmin

25.11.2011 - 23:56: contentadmin

25.11.2011 - 23:56: settingsadmin

25.11.2011 - 23:56: smilieadmin

25.11.2011 - 23:56: usergroupadmin

25.11.2011 - 23:56: cms_filemanager

25.11.2011 - 23:56: cms_filemanagercontroller

25.11.2011 - 23:56: newsettings

25.11.2011 - 23:56: settingscontroller

25.11.2011 - 23:56: metasettings

25.11.2011 - 23:56: templatesettings

25.11.2011 - 23:56: welcomecontroller

25.11.2011 - 23:56: backups

25.11.2011 - 23:56: backupscontroller

25.11.2011 - 23:56: boxes

25.11.2011 - 23:56: boxescontroller

25.11.2011 - 23:56: box

25.11.2011 - 23:56: boxcontroller

25.11.2011 - 23:56: login_meinaccount

25.11.2011 - 23:56: boxestplextension

25.11.2011 - 23:56: boxpage

25.11.2011 - 23:56: boxpagecontroller

25.11.2011 - 23:56: phpbox

25.11.2011 - 23:56: statistics

25.11.2011 - 23:56: pagecomments

25.11.2011 - 23:56: pagecommentscontroller

25.11.2011 - 23:56: pagecommentsdataobjectextension

25.11.2011 - 23:56: pagecommentscontrollerextension

25.11.2011 - 23:56: articlecategory

25.11.2011 - 23:56: articlecategorycontroller

25.11.2011 - 23:56: article

25.11.2011 - 23:56: articlecontroller

25.11.2011 - 23:56: articles

25.11.2011 - 23:56: articlescontroller

25.11.2011 - 23:56: contact

25.11.2011 - 23:56: contactcontroller

25.11.2011 - 23:56: errorpage

25.11.2011 - 23:56: errorpagecontroller

25.11.2011 - 23:56: members

25.11.2011 - 23:56: memberscontroller

25.11.2011 - 23:56: phppage

25.11.2011 - 23:56: phppagecontroller

25.11.2011 - 23:56: redirector

25.11.2011 - 23:56: redirectorcontroller

25.11.2011 - 23:56: pm

25.11.2011 - 23:56: pmcontroller

25.11.2011 - 23:56: pmprofileextension

25.11.2011 - 23:56: rating

25.11.2011 - 23:56: ratingcontroller

25.11.2011 - 23:56: ratingdataobjectextension

25.11.2011 - 23:56: searchcontroller

25.11.2011 - 23:56: searchpageextension

25.11.2011 - 23:56: smilies

25.11.2011 - 23:56: smiliescontroller

25.11.2011 - 23:56: 
             Rebuilding Caches...

              Rebuilding Database...
 Checking Database of array_dataobject

 Checking Database of advrights

 Checking Database of group

 Checking Database of livecounter

 Checking Database of user

 Checking Database of pages

 Checking Database of page

 Checking Database of _testpage

 Checking Database of cms_filemanager

 Checking Database of newsettings

 Checking Database of metasettings

 Checking Database of templatesettings

 Checking Database of backups

 Checking Database of boxes

 Checking Database of box

 Checking Database of login_meinaccount

 Checking Database of boxpage

 Checking Database of phpbox

 Checking Database of statistics

 Checking Database of pagecomments

 Checking Database of articlecategory

 Checking Database of article

 Checking Database of articles

 Checking Database of contact

 Checking Database of errorpage

 Checking Database of members

 Checking Database of phppage

 Checking Database of redirector

 Checking Database of pm

 Checking Database of rating

 Checking Database of smilies



25.11.2011 - 23:57: Warning: Call to undefined method viewaccessabledata::active in /var/www/vhosts/ibpg.eu/filmteam-dev/system/core/viewaccessabledata.php on line 632

25.11.2011 - 23:59: Regenerating Class-Info

25.11.2011 - 23:59: CLASS_INFO not loaded for file box.css. using filesystem. -> poor performance

25.11.2011 - 23:59: CLASS_INFO not loaded for file tpl/default/box.css. using filesystem. -> poor performance

25.11.2011 - 23:59: CLASS_INFO not loaded for file mysite/templates/box.css. using filesystem. -> poor performance

25.11.2011 - 23:59: CLASS_INFO not loaded for file system/templates/box.css. using filesystem. -> poor performance

25.11.2011 - 23:59: CLASS_INFO not loaded for file system/templates/css/box.css. using filesystem. -> poor performance

25.11.2011 - 23:59: object

25.11.2011 - 23:59: classinfo

25.11.2011 - 23:59: requesthandler

25.11.2011 - 23:59: filesystem

25.11.2011 - 23:59: tpl

25.11.2011 - 23:59: tplcacher

25.11.2011 - 23:59: tplcaller

25.11.2011 - 23:59: httpresponse

25.11.2011 - 23:59: htmlparser

25.11.2011 - 23:59: core

25.11.2011 - 23:59: dev

25.11.2011 - 23:59: sql

25.11.2011 - 23:59: viewaccessabledata

25.11.2011 - 23:59: extension

25.11.2011 - 23:59: dataobjectextension

25.11.2011 - 23:59: dataobject

25.11.2011 - 23:59: autoloader

25.11.2011 - 23:59: gloader

25.11.2011 - 23:59: cacher

25.11.2011 - 23:59: dbfield

25.11.2011 - 23:59: varchar

25.11.2011 - 23:59: textsqlfield

25.11.2011 - 23:59: intsqlfield

25.11.2011 - 23:59: checkboxsqlfield

25.11.2011 - 23:59: switchsqlfield

25.11.2011 - 23:59: timezone

25.11.2011 - 23:59: mysqlidriver

25.11.2011 - 23:59: resources

25.11.2011 - 23:59: request

25.11.2011 - 23:59: dataobjectclassinfo

25.11.2011 - 23:59: dataset

25.11.2011 - 23:59: dataobjectset

25.11.2011 - 23:59: formvalidator

25.11.2011 - 23:59: datavalidator

25.11.2011 - 23:59: array_dataobject

25.11.2011 - 23:59: selectquery

25.11.2011 - 23:59: adminredirectcontroller

25.11.2011 - 23:59: controller

25.11.2011 - 23:59: admincontroller

25.11.2011 - 23:59: admin

25.11.2011 - 23:59: adminitem

25.11.2011 - 23:59: columnedadmin

25.11.2011 - 23:59: leftandmain

25.11.2011 - 23:59: tableview

25.11.2011 - 23:59: imageresize

25.11.2011 - 23:59: systemcontroller

25.11.2011 - 23:59: controllerextension

25.11.2011 - 23:59: controllerclassinfo

25.11.2011 - 23:59: convert

25.11.2011 - 23:59: imagesqlfield

25.11.2011 - 23:59: selectsqlfield

25.11.2011 - 23:59: radiossqlfield

25.11.2011 - 23:59: i18n

25.11.2011 - 23:59: addcontent

25.11.2011 - 23:59: advrights

25.11.2011 - 23:59: group

25.11.2011 - 23:59: groupcontroller

25.11.2011 - 23:59: formfield

25.11.2011 - 23:59: formaction

25.11.2011 - 23:59: ajaxsubmitbutton

25.11.2011 - 23:59: autoformfield

25.11.2011 - 23:59: textarea

25.11.2011 - 23:59: htmleditor

25.11.2011 - 23:59: bbcodeeditor

25.11.2011 - 23:59: dropdown

25.11.2011 - 23:59: email

25.11.2011 - 23:59: fieldset

25.11.2011 - 23:59: fileupload

25.11.2011 - 23:59: form

25.11.2011 - 23:59: externalform

25.11.2011 - 23:59: htmlnode

25.11.2011 - 23:59: hiddenfield

25.11.2011 - 23:59: formdecorator

25.11.2011 - 23:59: formdisabler

25.11.2011 - 23:59: htmlaction

25.11.2011 - 23:59: htmlfield

25.11.2011 - 23:59: complextablefield

25.11.2011 - 23:59: hasmanycomplextablefield

25.11.2011 - 23:59: CLASS_INFO not loaded for file complexTableField.css. using filesystem. -> poor performance

25.11.2011 - 23:59: CLASS_INFO not loaded for file tpl/default/complexTableField.css. using filesystem. -> poor performance

25.11.2011 - 23:59: CLASS_INFO not loaded for file mysite/templates/complexTableField.css. using filesystem. -> poor performance

25.11.2011 - 23:59: CLASS_INFO not loaded for file system/templates/complexTableField.css. using filesystem. -> poor performance

25.11.2011 - 23:59: CLASS_INFO not loaded for file system/templates/css/complexTableField.css. using filesystem. -> poor performance

25.11.2011 - 23:59: CLASS_INFO not loaded for file system/form/complexTableField.js. using filesystem. -> poor performance

25.11.2011 - 23:59: hasonecomplextablefield

25.11.2011 - 23:59: CLASS_INFO not loaded for file complexTableField.css. using filesystem. -> poor performance

25.11.2011 - 23:59: CLASS_INFO not loaded for file tpl/default/complexTableField.css. using filesystem. -> poor performance

25.11.2011 - 23:59: CLASS_INFO not loaded for file mysite/templates/complexTableField.css. using filesystem. -> poor performance

25.11.2011 - 23:59: CLASS_INFO not loaded for file system/templates/complexTableField.css. using filesystem. -> poor performance

25.11.2011 - 23:59: CLASS_INFO not loaded for file system/templates/css/complexTableField.css. using filesystem. -> poor performance

25.11.2011 - 23:59: CLASS_INFO not loaded for file system/form/complexTableField.js. using filesystem. -> poor performance

25.11.2011 - 23:59: singleselectdropdown

25.11.2011 - 23:59: hasonedropdown

25.11.2011 - 23:59: javascriptfield

25.11.2011 - 23:59: manymanycomplextablefield

25.11.2011 - 23:59: CLASS_INFO not loaded for file complexTableField.css. using filesystem. -> poor performance

25.11.2011 - 23:59: CLASS_INFO not loaded for file tpl/default/complexTableField.css. using filesystem. -> poor performance

25.11.2011 - 23:59: CLASS_INFO not loaded for file mysite/templates/complexTableField.css. using filesystem. -> poor performance

25.11.2011 - 23:59: CLASS_INFO not loaded for file system/templates/complexTableField.css. using filesystem. -> poor performance

25.11.2011 - 23:59: CLASS_INFO not loaded for file system/templates/css/complexTableField.css. using filesystem. -> poor performance

25.11.2011 - 23:59: CLASS_INFO not loaded for file system/form/complexTableField.js. using filesystem. -> poor performance

25.11.2011 - 23:59: multiselectdropdown

25.11.2011 - 23:59: manymanydropdown

25.11.2011 - 23:59: radiobutton

25.11.2011 - 23:59: objectradiobutton

25.11.2011 - 23:59: passwordfield

25.11.2011 - 23:59: requestform

25.11.2011 - 23:59: requiredfields

25.11.2011 - 23:59: select

25.11.2011 - 23:59: tab

25.11.2011 - 23:59: textfield

25.11.2011 - 23:59: timefield

25.11.2011 - 23:59: uploadframe

25.11.2011 - 23:59: ajaxexternalform

25.11.2011 - 23:59: button

25.11.2011 - 23:59: cancelbutton

25.11.2011 - 23:59: captcha

25.11.2011 - 23:59: checkbox

25.11.2011 - 23:59: imageupload

25.11.2011 - 23:59: infofield

25.11.2011 - 23:59: infotextfield

25.11.2011 - 23:59: langselect

25.11.2011 - 23:59: linkaction

25.11.2011 - 23:59: numberfield

25.11.2011 - 23:59: tabset

25.11.2011 - 23:59: gfs

25.11.2011 - 23:59: gfs_package_installer

25.11.2011 - 23:59: gfs_package_creator

25.11.2011 - 23:59: ajaxlink

25.11.2011 - 23:59: javascriptresponse

25.11.2011 - 23:59: ajaxresponse

25.11.2011 - 23:59: dialog

25.11.2011 - 23:59: restfulserver

25.11.2011 - 23:59: arraylib

25.11.2011 - 23:59: backup

25.11.2011 - 23:59: pagelinkscontroller

25.11.2011 - 23:59: cookies

25.11.2011 - 23:59: cssmin

25.11.2011 - 23:59: csv

25.11.2011 - 23:59: gd

25.11.2011 - 23:59: image

25.11.2011 - 23:59: rootimage

25.11.2011 - 23:59: rawheaders

25.11.2011 - 23:59: livecounter

25.11.2011 - 23:59: livecountercontroller

25.11.2011 - 23:59: browser

25.11.2011 - 23:59: mail

25.11.2011 - 23:59: stringlib

25.11.2011 - 23:59: tabs

25.11.2011 - 23:59: template

25.11.2011 - 23:59: texttransformer

25.11.2011 - 23:59: bbcode

25.11.2011 - 23:59: text

25.11.2011 - 23:59: fastjson

25.11.2011 - 23:59: versionsviewcontroller

25.11.2011 - 23:59: permission

25.11.2011 - 23:59: hash

25.11.2011 - 23:59: md5hash

25.11.2011 - 23:59: gomahash

25.11.2011 - 23:59: loginlogoutextension

25.11.2011 - 23:59: lost_passwordextension

25.11.2011 - 23:59: member

25.11.2011 - 23:59: usercontroller

25.11.2011 - 23:59: user

25.11.2011 - 23:59: frontedcontroller

25.11.2011 - 23:59: sitecontroller

25.11.2011 - 23:59: homepagecontroller

25.11.2011 - 23:59: profilecontroller

25.11.2011 - 23:59: registerextension

25.11.2011 - 23:59: treeserver

25.11.2011 - 23:59: testcontroller

25.11.2011 - 23:59: test

25.11.2011 - 23:59: gfscreatetest

25.11.2011 - 23:59: gfsunpacktest

25.11.2011 - 23:59: backupcreatetest

25.11.2011 - 23:59: backupunpacktest

25.11.2011 - 23:59: controllertest

25.11.2011 - 23:59: complextablefieldtest

25.11.2011 - 23:59: formtest

25.11.2011 - 23:59: dropdowndialogtest

25.11.2011 - 23:59: scaletest

25.11.2011 - 23:59: pagestreetest

25.11.2011 - 23:59: tabstest

25.11.2011 - 23:59: mainbartplextension

25.11.2011 - 23:59: pages

25.11.2011 - 23:59: page

25.11.2011 - 23:59: contentcontroller

25.11.2011 - 23:59: pagecontroller

25.11.2011 - 23:59: _testpage

25.11.2011 - 23:59: _testpagecontroller

25.11.2011 - 23:59: backupadmin

25.11.2011 - 23:59: contentadmin

25.11.2011 - 23:59: settingsadmin

25.11.2011 - 23:59: smilieadmin

25.11.2011 - 23:59: usergroupadmin

25.11.2011 - 23:59: cms_filemanager

25.11.2011 - 23:59: cms_filemanagercontroller

25.11.2011 - 23:59: newsettings

25.11.2011 - 23:59: settingscontroller

25.11.2011 - 23:59: metasettings

25.11.2011 - 23:59: templatesettings

25.11.2011 - 23:59: welcomecontroller

25.11.2011 - 23:59: backups

25.11.2011 - 23:59: backupscontroller

25.11.2011 - 23:59: boxes

25.11.2011 - 23:59: boxescontroller

25.11.2011 - 23:59: box

25.11.2011 - 23:59: boxcontroller

25.11.2011 - 23:59: login_meinaccount

25.11.2011 - 23:59: boxestplextension

25.11.2011 - 23:59: boxpage

25.11.2011 - 23:59: boxpagecontroller

25.11.2011 - 23:59: phpbox

25.11.2011 - 23:59: statistics

25.11.2011 - 23:59: pagecomments

25.11.2011 - 23:59: pagecommentscontroller

25.11.2011 - 23:59: pagecommentsdataobjectextension

25.11.2011 - 23:59: pagecommentscontrollerextension

25.11.2011 - 23:59: articlecategory

25.11.2011 - 23:59: articlecategorycontroller

25.11.2011 - 23:59: article

25.11.2011 - 23:59: articlecontroller

25.11.2011 - 23:59: articles

25.11.2011 - 23:59: articlescontroller

25.11.2011 - 23:59: contact

25.11.2011 - 23:59: contactcontroller

25.11.2011 - 23:59: errorpage

25.11.2011 - 23:59: errorpagecontroller

25.11.2011 - 23:59: members

25.11.2011 - 23:59: memberscontroller

25.11.2011 - 23:59: phppage

25.11.2011 - 23:59: phppagecontroller

25.11.2011 - 23:59: redirector

25.11.2011 - 23:59: redirectorcontroller

25.11.2011 - 23:59: pm

25.11.2011 - 23:59: pmcontroller

25.11.2011 - 23:59: pmprofileextension

25.11.2011 - 23:59: rating

25.11.2011 - 23:59: ratingcontroller

25.11.2011 - 23:59: ratingdataobjectextension

25.11.2011 - 23:59: searchcontroller

25.11.2011 - 23:59: searchpageextension

25.11.2011 - 23:59: smilies

25.11.2011 - 23:59: smiliescontroller

