02.12.2011 - 14:27: Warning: Call to undefined method boxpage::wholedata in /var/www/vhosts/ibpg.eu/filmteam-dev/system/core/DataObject/DataObject.php on line 2167

02.12.2011 - 14:27: Warning: Call to undefined method boxpage::wholedata in /var/www/vhosts/ibpg.eu/filmteam-dev/system/core/DataObject/DataObject.php on line 2167

02.12.2011 - 14:27: Warning: Call to undefined method boxpage::wholedata in /var/www/vhosts/ibpg.eu/filmteam-dev/system/core/DataObject/DataObject.php on line 2167

02.12.2011 - 14:27: Warning: Call to undefined method boxpage::wholedata in /var/www/vhosts/ibpg.eu/filmteam-dev/system/core/DataObject/DataObject.php on line 2167

02.12.2011 - 14:27: Warning: Call to undefined method boxpage::ratingbar in /var/www/vhosts/ibpg.eu/filmteam-dev/system/core/DataObject/DataObjectSet.php on line 1304

02.12.2011 - 14:27: Warning: Call to undefined method viewaccessabledata::header in /var/www/vhosts/ibpg.eu/filmteam-dev/system/core/viewaccessabledata.php on line 588

02.12.2011 - 14:27: Warning: Call to undefined method viewaccessabledata::header in /var/www/vhosts/ibpg.eu/filmteam-dev/system/core/viewaccessabledata.php on line 588

02.12.2011 - 14:27: Warning: Call to undefined method boxpage::wholedata in /var/www/vhosts/ibpg.eu/filmteam-dev/system/core/DataObject/DataObject.php on line 2167

02.12.2011 - 14:27: Warning: Call to undefined method boxpage::wholedata in /var/www/vhosts/ibpg.eu/filmteam-dev/system/core/DataObject/DataObject.php on line 2167

02.12.2011 - 14:27: Warning: Call to undefined method boxpage::wholedata in /var/www/vhosts/ibpg.eu/filmteam-dev/system/core/DataObject/DataObject.php on line 2167

02.12.2011 - 14:27: Warning: Call to undefined method boxpage::wholedata in /var/www/vhosts/ibpg.eu/filmteam-dev/system/core/DataObject/DataObject.php on line 2167

02.12.2011 - 14:27: Warning: Call to undefined method boxpage::ratingbar in /var/www/vhosts/ibpg.eu/filmteam-dev/system/core/DataObject/DataObjectSet.php on line 1304

02.12.2011 - 14:27: Warning: Call to undefined method articlecategory::_GET_articlepage in /var/www/vhosts/ibpg.eu/filmteam-dev/system/core/DataObject/DataObjectSet.php on line 1304

02.12.2011 - 14:27: Warning: Call to undefined method article::limits in /var/www/vhosts/ibpg.eu/filmteam-dev/system/core/DataObject/DataObjectSet.php on line 1304

02.12.2011 - 14:27: Warning: Call to undefined method viewaccessabledata::active in /var/www/vhosts/ibpg.eu/filmteam-dev/system/core/viewaccessabledata.php on line 627

02.12.2011 - 14:27: Warning: Call to undefined method viewaccessabledata::active in /var/www/vhosts/ibpg.eu/filmteam-dev/system/core/viewaccessabledata.php on line 627

02.12.2011 - 14:27: Warning: Call to undefined method articlecategory::wholedata in /var/www/vhosts/ibpg.eu/filmteam-dev/system/core/DataObject/DataObject.php on line 2167

02.12.2011 - 14:27: Warning: Call to undefined method articlecategory::wholedata in /var/www/vhosts/ibpg.eu/filmteam-dev/system/core/DataObject/DataObject.php on line 2167

02.12.2011 - 14:27: Warning: Call to undefined method articlecategory::wholedata in /var/www/vhosts/ibpg.eu/filmteam-dev/system/core/DataObject/DataObject.php on line 2167

02.12.2011 - 14:27: Warning: Call to undefined method articlecategory::wholedata in /var/www/vhosts/ibpg.eu/filmteam-dev/system/core/DataObject/DataObject.php on line 2167

02.12.2011 - 14:27: Warning: Call to undefined method article::wholedata in /var/www/vhosts/ibpg.eu/filmteam-dev/system/core/DataObject/DataObject.php on line 2167

02.12.2011 - 14:27: Warning: Call to undefined method article::wholedata in /var/www/vhosts/ibpg.eu/filmteam-dev/system/core/DataObject/DataObject.php on line 2167

02.12.2011 - 14:27: Warning: Call to undefined method pagecomments::empty in /var/www/vhosts/ibpg.eu/filmteam-dev/system/core/DataObject/DataObjectSet.php on line 1304

02.12.2011 - 14:27: Warning: Call to undefined method pagecomments::id in /var/www/vhosts/ibpg.eu/filmteam-dev/system/core/DataObject/DataObject.php on line 2167

02.12.2011 - 14:27: Warning: Call to undefined method article::wholedata in /var/www/vhosts/ibpg.eu/filmteam-dev/system/core/DataObject/DataObject.php on line 2167

02.12.2011 - 14:27: Warning: Call to undefined method article::wholedata in /var/www/vhosts/ibpg.eu/filmteam-dev/system/core/DataObject/DataObject.php on line 2167

02.12.2011 - 14:27: Warning: Call to undefined method boxpage::wholedata in /var/www/vhosts/ibpg.eu/filmteam-dev/system/core/DataObject/DataObject.php on line 2167

02.12.2011 - 14:27: Warning: Call to undefined method boxpage::wholedata in /var/www/vhosts/ibpg.eu/filmteam-dev/system/core/DataObject/DataObject.php on line 2167

02.12.2011 - 14:27: Warning: Call to undefined method boxpage::wholedata in /var/www/vhosts/ibpg.eu/filmteam-dev/system/core/DataObject/DataObject.php on line 2167

02.12.2011 - 14:27: Warning: Call to undefined method boxpage::wholedata in /var/www/vhosts/ibpg.eu/filmteam-dev/system/core/DataObject/DataObject.php on line 2167

02.12.2011 - 14:27: Warning: Call to undefined method boxpage::ratingbar in /var/www/vhosts/ibpg.eu/filmteam-dev/system/core/DataObject/DataObjectSet.php on line 1304

02.12.2011 - 14:27: Warning: Call to undefined method admin::content in /var/www/vhosts/ibpg.eu/filmteam-dev/system/core/viewaccessabledata.php on line 627

02.12.2011 - 14:27: Warning: Call to undefined method admin::content in /var/www/vhosts/ibpg.eu/filmteam-dev/system/core/viewaccessabledata.php on line 627

02.12.2011 - 14:27: Warning: Call to undefined method admin::_GET_month in /var/www/vhosts/ibpg.eu/filmteam-dev/system/core/viewaccessabledata.php on line 627

02.12.2011 - 14:27: Warning: Call to undefined method admin::_GET_month in /var/www/vhosts/ibpg.eu/filmteam-dev/system/core/viewaccessabledata.php on line 627

02.12.2011 - 14:27: Warning: Call to undefined method boxpage::wholedata in /var/www/vhosts/ibpg.eu/filmteam-dev/system/core/DataObject/DataObject.php on line 2167

02.12.2011 - 14:27: Warning: Call to undefined method boxpage::wholedata in /var/www/vhosts/ibpg.eu/filmteam-dev/system/core/DataObject/DataObject.php on line 2167

02.12.2011 - 14:27: Warning: Call to undefined method boxpage::wholedata in /var/www/vhosts/ibpg.eu/filmteam-dev/system/core/DataObject/DataObject.php on line 2167

02.12.2011 - 14:27: Warning: Call to undefined method boxpage::wholedata in /var/www/vhosts/ibpg.eu/filmteam-dev/system/core/DataObject/DataObject.php on line 2167

02.12.2011 - 14:27: Warning: Call to undefined method boxpage::ratingbar in /var/www/vhosts/ibpg.eu/filmteam-dev/system/core/DataObject/DataObjectSet.php on line 1304

02.12.2011 - 18:25: Warning: Call to undefined method boxpage::wholedata in /var/www/vhosts/ibpg.eu/filmteam-dev/system/core/DataObject/DataObject.php on line 2167

02.12.2011 - 18:25: Warning: Call to undefined method boxpage::wholedata in /var/www/vhosts/ibpg.eu/filmteam-dev/system/core/DataObject/DataObject.php on line 2167

02.12.2011 - 18:25: Warning: Call to undefined method boxpage::wholedata in /var/www/vhosts/ibpg.eu/filmteam-dev/system/core/DataObject/DataObject.php on line 2167

02.12.2011 - 18:25: Warning: Call to undefined method boxpage::wholedata in /var/www/vhosts/ibpg.eu/filmteam-dev/system/core/DataObject/DataObject.php on line 2167

02.12.2011 - 18:25: Warning: Call to undefined method boxpage::ratingbar in /var/www/vhosts/ibpg.eu/filmteam-dev/system/core/DataObject/DataObjectSet.php on line 1304

02.12.2011 - 23:33: Warning: Call to undefined method boxpage::wholedata in /var/www/vhosts/ibpg.eu/filmteam-dev/system/core/DataObject/DataObject.php on line 2167

02.12.2011 - 23:33: Warning: Call to undefined method boxpage::wholedata in /var/www/vhosts/ibpg.eu/filmteam-dev/system/core/DataObject/DataObject.php on line 2167

02.12.2011 - 23:33: Warning: Call to undefined method boxpage::wholedata in /var/www/vhosts/ibpg.eu/filmteam-dev/system/core/DataObject/DataObject.php on line 2167

02.12.2011 - 23:33: Warning: Call to undefined method boxpage::wholedata in /var/www/vhosts/ibpg.eu/filmteam-dev/system/core/DataObject/DataObject.php on line 2167

02.12.2011 - 23:33: Warning: Call to undefined method boxpage::ratingbar in /var/www/vhosts/ibpg.eu/filmteam-dev/system/core/DataObject/DataObjectSet.php on line 1304

02.12.2011 - 23:47: Warning: Call to undefined method boxpage::wholedata in /var/www/vhosts/ibpg.eu/filmteam-dev/system/core/DataObject/DataObject.php on line 2167

02.12.2011 - 23:47: Warning: Call to undefined method boxpage::wholedata in /var/www/vhosts/ibpg.eu/filmteam-dev/system/core/DataObject/DataObject.php on line 2167

02.12.2011 - 23:47: Warning: Call to undefined method boxpage::wholedata in /var/www/vhosts/ibpg.eu/filmteam-dev/system/core/DataObject/DataObject.php on line 2167

02.12.2011 - 23:47: Warning: Call to undefined method boxpage::wholedata in /var/www/vhosts/ibpg.eu/filmteam-dev/system/core/DataObject/DataObject.php on line 2167

02.12.2011 - 23:47: Warning: Call to undefined method boxpage::ratingbar in /var/www/vhosts/ibpg.eu/filmteam-dev/system/core/DataObject/DataObjectSet.php on line 1304

02.12.2011 - 23:53: Warning: Call to undefined method boxpage::wholedata in /var/www/vhosts/ibpg.eu/filmteam-dev/system/core/DataObject/DataObject.php on line 2167

02.12.2011 - 23:53: Warning: Call to undefined method boxpage::wholedata in /var/www/vhosts/ibpg.eu/filmteam-dev/system/core/DataObject/DataObject.php on line 2167

02.12.2011 - 23:53: Warning: Call to undefined method boxpage::wholedata in /var/www/vhosts/ibpg.eu/filmteam-dev/system/core/DataObject/DataObject.php on line 2167

02.12.2011 - 23:53: Warning: Call to undefined method boxpage::wholedata in /var/www/vhosts/ibpg.eu/filmteam-dev/system/core/DataObject/DataObject.php on line 2167

02.12.2011 - 23:53: Warning: Call to undefined method boxpage::ratingbar in /var/www/vhosts/ibpg.eu/filmteam-dev/system/core/DataObject/DataObjectSet.php on line 1304

02.12.2011 - 23:53: Warning: Call to undefined method errorpage::wholedata in /var/www/vhosts/ibpg.eu/filmteam-dev/system/core/DataObject/DataObject.php on line 2167

02.12.2011 - 23:53: Warning: Call to undefined method errorpage::wholedata in /var/www/vhosts/ibpg.eu/filmteam-dev/system/core/DataObject/DataObject.php on line 2167

02.12.2011 - 23:53: Warning: Call to undefined method errorpage::wholedata in /var/www/vhosts/ibpg.eu/filmteam-dev/system/core/DataObject/DataObject.php on line 2167

02.12.2011 - 23:53: Warning: Call to undefined method errorpage::wholedata in /var/www/vhosts/ibpg.eu/filmteam-dev/system/core/DataObject/DataObject.php on line 2167

02.12.2011 - 23:57: Warning: Call to undefined method boxpage::wholedata in /var/www/vhosts/ibpg.eu/filmteam-dev/system/core/DataObject/DataObject.php on line 2167

02.12.2011 - 23:57: Warning: Call to undefined method boxpage::wholedata in /var/www/vhosts/ibpg.eu/filmteam-dev/system/core/DataObject/DataObject.php on line 2167

02.12.2011 - 23:57: Warning: Call to undefined method boxpage::wholedata in /var/www/vhosts/ibpg.eu/filmteam-dev/system/core/DataObject/DataObject.php on line 2167

02.12.2011 - 23:57: Warning: Call to undefined method boxpage::wholedata in /var/www/vhosts/ibpg.eu/filmteam-dev/system/core/DataObject/DataObject.php on line 2167

02.12.2011 - 23:57: Warning: Call to undefined method boxpage::ratingbar in /var/www/vhosts/ibpg.eu/filmteam-dev/system/core/DataObject/DataObjectSet.php on line 1304

02.12.2011 - 23:57: Warning: Call to undefined method viewaccessabledata::header in /var/www/vhosts/ibpg.eu/filmteam-dev/system/core/viewaccessabledata.php on line 588

02.12.2011 - 23:57: Warning: Call to undefined method viewaccessabledata::header in /var/www/vhosts/ibpg.eu/filmteam-dev/system/core/viewaccessabledata.php on line 588

02.12.2011 - 23:57: Warning: Call to undefined method boxpage::wholedata in /var/www/vhosts/ibpg.eu/filmteam-dev/system/core/DataObject/DataObject.php on line 2167

02.12.2011 - 23:57: Warning: Call to undefined method boxpage::wholedata in /var/www/vhosts/ibpg.eu/filmteam-dev/system/core/DataObject/DataObject.php on line 2167

02.12.2011 - 23:57: Warning: Call to undefined method boxpage::wholedata in /var/www/vhosts/ibpg.eu/filmteam-dev/system/core/DataObject/DataObject.php on line 2167

02.12.2011 - 23:57: Warning: Call to undefined method boxpage::wholedata in /var/www/vhosts/ibpg.eu/filmteam-dev/system/core/DataObject/DataObject.php on line 2167

02.12.2011 - 23:57: Warning: Call to undefined method boxpage::ratingbar in /var/www/vhosts/ibpg.eu/filmteam-dev/system/core/DataObject/DataObjectSet.php on line 1304

02.12.2011 - 23:57: Warning: Call to undefined method admin::content in /var/www/vhosts/ibpg.eu/filmteam-dev/system/core/viewaccessabledata.php on line 627

02.12.2011 - 23:57: Warning: Call to undefined method admin::content in /var/www/vhosts/ibpg.eu/filmteam-dev/system/core/viewaccessabledata.php on line 627

02.12.2011 - 23:57: Warning: Call to undefined method admin::_GET_month in /var/www/vhosts/ibpg.eu/filmteam-dev/system/core/viewaccessabledata.php on line 627

02.12.2011 - 23:57: Warning: Call to undefined method admin::_GET_month in /var/www/vhosts/ibpg.eu/filmteam-dev/system/core/viewaccessabledata.php on line 627

02.12.2011 - 23:57: Warning: Call to undefined method boxpage::where in /var/www/vhosts/ibpg.eu/filmteam-dev/system/core/DataObject/DataObjectSet.php on line 1304

02.12.2011 - 23:57: Warning: Call to undefined method boxpage::where in /var/www/vhosts/ibpg.eu/filmteam-dev/system/core/DataObject/DataObjectSet.php on line 1304

02.12.2011 - 23:57: Warning: Call to undefined method pages::orderby in /var/www/vhosts/ibpg.eu/filmteam-dev/system/core/DataObject/DataObject.php on line 2167

02.12.2011 - 23:57: Warning: Call to undefined method viewaccessabledata::checkbox in /var/www/vhosts/ibpg.eu/filmteam-dev/system/core/viewaccessabledata.php on line 627

02.12.2011 - 23:57: Warning: Call to undefined method viewaccessabledata::checkbox in /var/www/vhosts/ibpg.eu/filmteam-dev/system/core/viewaccessabledata.php on line 627

02.12.2011 - 23:57: Warning: Call to undefined method viewaccessabledata::checkbox in /var/www/vhosts/ibpg.eu/filmteam-dev/system/core/viewaccessabledata.php on line 627

02.12.2011 - 23:57: Warning: Call to undefined method viewaccessabledata::checkbox in /var/www/vhosts/ibpg.eu/filmteam-dev/system/core/viewaccessabledata.php on line 627

02.12.2011 - 23:57: Warning: Call to undefined method viewaccessabledata::checkbox in /var/www/vhosts/ibpg.eu/filmteam-dev/system/core/viewaccessabledata.php on line 627

02.12.2011 - 23:57: Warning: Call to undefined method viewaccessabledata::checkbox in /var/www/vhosts/ibpg.eu/filmteam-dev/system/core/viewaccessabledata.php on line 627

02.12.2011 - 23:57: Warning: Call to undefined method viewaccessabledata::checkbox in /var/www/vhosts/ibpg.eu/filmteam-dev/system/core/viewaccessabledata.php on line 627

02.12.2011 - 23:57: Warning: Call to undefined method viewaccessabledata::checkbox in /var/www/vhosts/ibpg.eu/filmteam-dev/system/core/viewaccessabledata.php on line 627

02.12.2011 - 23:57: Warning: Call to undefined method boxpage::wholedata in /var/www/vhosts/ibpg.eu/filmteam-dev/system/core/DataObject/DataObject.php on line 2167

02.12.2011 - 23:57: Warning: Call to undefined method boxpage::wholedata in /var/www/vhosts/ibpg.eu/filmteam-dev/system/core/DataObject/DataObject.php on line 2167

02.12.2011 - 23:57: Warning: Call to undefined method boxpage::wholedata in /var/www/vhosts/ibpg.eu/filmteam-dev/system/core/DataObject/DataObject.php on line 2167

02.12.2011 - 23:57: Warning: Call to undefined method boxpage::wholedata in /var/www/vhosts/ibpg.eu/filmteam-dev/system/core/DataObject/DataObject.php on line 2167

02.12.2011 - 23:57: Warning: Call to undefined method boxpage::ratingbar in /var/www/vhosts/ibpg.eu/filmteam-dev/system/core/DataObject/DataObjectSet.php on line 1304

02.12.2011 - 23:57: Warning: Call to undefined method boxpage::wholedata in /var/www/vhosts/ibpg.eu/filmteam-dev/system/core/DataObject/DataObject.php on line 2167

02.12.2011 - 23:57: Warning: Call to undefined method boxpage::wholedata in /var/www/vhosts/ibpg.eu/filmteam-dev/system/core/DataObject/DataObject.php on line 2167

02.12.2011 - 23:57: Warning: Call to undefined method boxpage::wholedata in /var/www/vhosts/ibpg.eu/filmteam-dev/system/core/DataObject/DataObject.php on line 2167

02.12.2011 - 23:57: Warning: Call to undefined method boxpage::wholedata in /var/www/vhosts/ibpg.eu/filmteam-dev/system/core/DataObject/DataObject.php on line 2167

02.12.2011 - 23:57: Warning: Call to undefined method boxpage::ratingbar in /var/www/vhosts/ibpg.eu/filmteam-dev/system/core/DataObject/DataObjectSet.php on line 1304

02.12.2011 - 23:57: Warning: Call to undefined method admin::content in /var/www/vhosts/ibpg.eu/filmteam-dev/system/core/viewaccessabledata.php on line 627

02.12.2011 - 23:57: Warning: Call to undefined method admin::content in /var/www/vhosts/ibpg.eu/filmteam-dev/system/core/viewaccessabledata.php on line 627

02.12.2011 - 23:57: Warning: Call to undefined method admin::_GET_month in /var/www/vhosts/ibpg.eu/filmteam-dev/system/core/viewaccessabledata.php on line 627

02.12.2011 - 23:57: Warning: Call to undefined method admin::_GET_month in /var/www/vhosts/ibpg.eu/filmteam-dev/system/core/viewaccessabledata.php on line 627

02.12.2011 - 23:57: Warning: Call to undefined method boxpage::where in /var/www/vhosts/ibpg.eu/filmteam-dev/system/core/DataObject/DataObjectSet.php on line 1304

02.12.2011 - 23:57: Warning: Call to undefined method boxpage::where in /var/www/vhosts/ibpg.eu/filmteam-dev/system/core/DataObject/DataObjectSet.php on line 1304

02.12.2011 - 23:57: Warning: Call to undefined method pages::orderby in /var/www/vhosts/ibpg.eu/filmteam-dev/system/core/DataObject/DataObject.php on line 2167

02.12.2011 - 23:57: Warning: Call to undefined method viewaccessabledata::checkbox in /var/www/vhosts/ibpg.eu/filmteam-dev/system/core/viewaccessabledata.php on line 627

02.12.2011 - 23:57: Warning: Call to undefined method viewaccessabledata::checkbox in /var/www/vhosts/ibpg.eu/filmteam-dev/system/core/viewaccessabledata.php on line 627

02.12.2011 - 23:57: Warning: Call to undefined method viewaccessabledata::checkbox in /var/www/vhosts/ibpg.eu/filmteam-dev/system/core/viewaccessabledata.php on line 627

02.12.2011 - 23:57: Warning: Call to undefined method viewaccessabledata::checkbox in /var/www/vhosts/ibpg.eu/filmteam-dev/system/core/viewaccessabledata.php on line 627

02.12.2011 - 23:57: Warning: Call to undefined method viewaccessabledata::checkbox in /var/www/vhosts/ibpg.eu/filmteam-dev/system/core/viewaccessabledata.php on line 627

02.12.2011 - 23:57: Warning: Call to undefined method viewaccessabledata::checkbox in /var/www/vhosts/ibpg.eu/filmteam-dev/system/core/viewaccessabledata.php on line 627

02.12.2011 - 23:57: Warning: Call to undefined method viewaccessabledata::checkbox in /var/www/vhosts/ibpg.eu/filmteam-dev/system/core/viewaccessabledata.php on line 627

02.12.2011 - 23:57: Warning: Call to undefined method viewaccessabledata::checkbox in /var/www/vhosts/ibpg.eu/filmteam-dev/system/core/viewaccessabledata.php on line 627

02.12.2011 - 23:58: Warning: Call to undefined method admin::content in /var/www/vhosts/ibpg.eu/filmteam-dev/system/core/viewaccessabledata.php on line 627

02.12.2011 - 23:58: Warning: Call to undefined method admin::content in /var/www/vhosts/ibpg.eu/filmteam-dev/system/core/viewaccessabledata.php on line 627

02.12.2011 - 23:58: Warning: Call to undefined method admin::_GET_month in /var/www/vhosts/ibpg.eu/filmteam-dev/system/core/viewaccessabledata.php on line 627

02.12.2011 - 23:58: Warning: Call to undefined method admin::_GET_month in /var/www/vhosts/ibpg.eu/filmteam-dev/system/core/viewaccessabledata.php on line 627

