08.12.2011 - 16:59: Slow SQL-Query: SELECT newsettings.autorid AS autorid ,newsettings.editorid AS editorid ,newsettings.last_modified AS last_modified ,newsettings.class_name AS class_name ,newsettings.created AS created ,newsettings.id AS versionid,newsettings_state.id AS id , newsettings.* ,  metasettings.* ,  templatesettings.* ,  newsettings_state.* FROM gomacms_newsettings AS newsettings  LEFT JOIN gomacms_metasettings AS metasettings ON  metasettings.id = newsettings.id   LEFT JOIN gomacms_templatesettings AS templatesettings ON  templatesettings.id = newsettings.id   INNER JOIN gomacms_newsettings_state AS newsettings_state ON  newsettings_state.publishedid = newsettings.id  WHERE  newsettings_state.id = "1" AND  newsettings.class_name IN ("newsettings","metasettings","templatesettings") ORDER BY newsettings_state.id DESC (31.461000442505ms)

08.12.2011 - 16:59: Slow SQL-Query: SELECT pages.autorid AS autorid ,pages.editorid AS editorid ,pages.last_modified AS last_modified ,pages.class_name AS class_name ,pages.created AS created ,pages.id AS versionid,pages_state.id AS id , pages.* ,  Page_article.* ,  Page_contact.* ,  Page_errorpage.* ,  pages_state.* FROM gomacms_pages AS pages  LEFT JOIN gomacms_Page_article AS Page_article ON  Page_article.id = pages.id   LEFT JOIN gomacms_Page_contact AS Page_contact ON  Page_contact.id = pages.id   LEFT JOIN gomacms_Page_errorpage AS Page_errorpage ON  Page_errorpage.id = pages.id   INNER JOIN gomacms_pages_state AS pages_state ON  pages_state.publishedid = pages.id  WHERE  pages.parentid = "0" AND  pages.class_name IN ("pages","page","boxpage","articlecategory","article","articles","contact","errorpage","members","phppage","redirector") ORDER BY pages.sort ASC LIMIT  0, 1 (42.793989181519ms)

08.12.2011 - 16:59: Slow SQL-Query: SELECT advrights.autorid AS autorid ,advrights.editorid AS editorid ,advrights.last_modified AS last_modified ,advrights.class_name AS class_name ,advrights.created AS created ,advrights.id AS versionid,advrights_state.id AS id , advrights.* ,  advrights_state.* FROM gomacms_advrights AS advrights  INNER JOIN gomacms_advrights_state AS advrights_state ON  advrights_state.publishedid = advrights.id  INNER JOIN `gomacms_many_many_group_advrights_advrights` as `advrights_many` ON `advrights_many`.`advrightsid` = `advrights`.`id` INNER JOIN `gomacms_groups` AS `groups` ON `groups`.`id` = `advrights_many`.`groupid` WHERE  groups.recordid IN ("0") AND  advrights.class_name IN ("advrights") ORDER BY advrights_state.id DESC (22.856950759888ms)

08.12.2011 - 16:59: Slow SQL-Query: INSERT INTO `gomacms_statistics`  (`last_modified`) VALUES ('1323359971') (746.08397483826ms)

08.12.2011 - 16:59: Slow SQL-Query: DELETE FROM 
																`gomacms_statistics`
																 WHERE  id = "443" (205.23500442505ms)

08.12.2011 - 16:59: Slow SQL-Query: SELECT users.autorid AS autorid ,users.editorid AS editorid ,users.last_modified AS last_modified ,users.class_name AS class_name ,users.created AS created ,users.id AS versionid,users_state.id AS id , users.* ,  users_state.* FROM gomacms_users AS users  INNER JOIN gomacms_users_state AS users_state ON  users_state.publishedid = users.id  WHERE  users.nickname LIKE "admin" AND  users.class_name IN ("user") ORDER BY users_state.id DESC LIMIT  0, 1 (141.78800582886ms)

08.12.2011 - 16:59: Slow SQL-Query: SELECT groups.autorid AS autorid ,groups.editorid AS editorid ,groups.last_modified AS last_modified ,groups.class_name AS class_name ,groups.created AS created ,groups.id AS versionid,groups_state.id AS id , groups.* ,  groups_state.* FROM gomacms_groups AS groups  INNER JOIN gomacms_groups_state AS groups_state ON  groups_state.publishedid = groups.id  WHERE  groups_state.id = "1" AND  groups.class_name IN ("group") ORDER BY groups_state.id DESC LIMIT  0, 1 (44.867992401123ms)

08.12.2011 - 16:59: Slow SQL-Query: SELECT boxes.autorid AS autorid ,boxes.editorid AS editorid ,boxes.last_modified AS last_modified ,boxes.class_name AS class_name ,boxes.created AS created ,boxes.id AS versionid,boxes_state.id AS id , boxes.* ,  Box_statistics.* ,  boxes_state.* FROM gomacms_boxes AS boxes  LEFT JOIN gomacms_Box_statistics AS Box_statistics ON  Box_statistics.id = boxes.id   INNER JOIN gomacms_boxes_state AS boxes_state ON  boxes_state.publishedid = boxes.id  WHERE  boxes.seiteid = "1" AND  boxes.class_name IN ("boxes","box","login_meinaccount","phpbox","statistics") ORDER BY boxes_state.id DESC (64.955949783325ms)

08.12.2011 - 16:59: Slow SQL-Query: SELECT  DISTINCT pm.autorid AS autorid ,pm.editorid AS editorid ,pm.last_modified AS last_modified ,pm.class_name AS class_name ,pm.created AS created ,pm.id AS versionid,pm_state.id AS id , pm.tid AS tid  FROM gomacms_pm AS pm  INNER JOIN gomacms_pm_state AS pm_state ON  pm_state.publishedid = pm.id  WHERE  pm.toid = "3" AND  pm.hasread = "0" AND  pm.class_name IN ("pm") ORDER BY pm_state.id DESC (25.204181671143ms)

08.12.2011 - 16:59: Slow SQL-Query: SELECT smilies.autorid AS autorid ,smilies.editorid AS editorid ,smilies.last_modified AS last_modified ,smilies.class_name AS class_name ,smilies.created AS created ,smilies.id AS versionid,smilies_state.id AS id , smilies.* ,  smilies_state.* FROM gomacms_smilies AS smilies  INNER JOIN gomacms_smilies_state AS smilies_state ON  smilies_state.publishedid = smilies.id  WHERE  smilies.class_name IN ("smilies") ORDER BY smilies_state.id DESC (2712.9940986633ms)

08.12.2011 - 18:43: Code: 6, Name:PHP-Error, Details: Class uploads not found in Object.php on line 229, URL: /admin/smilie/edit/9?redirect=%2Fadmin%2Fsmilie%2F

08.12.2011 - 18:43: SQL-Error in Statement: SHOW COLUMNS FROM `gomacms__state` in /var/www/vhosts/ibpg.eu/filmteam-dev/system/libs/sql/driver/mysqli.php on line 262.

08.12.2011 - 18:43: SQL-Error in Statement: SHOW COLUMNS FROM `gomacms_uploads` in /var/www/vhosts/ibpg.eu/filmteam-dev/system/libs/sql/driver/mysqli.php on line 262.

08.12.2011 - 18:43: SQL-Error in Statement: SHOW COLUMNS FROM `gomacms_uploads_state` in /var/www/vhosts/ibpg.eu/filmteam-dev/system/libs/sql/driver/mysqli.php on line 262.

08.12.2011 - 18:43: SQL-Error in Statement: SHOW COLUMNS FROM `gomacms_imageuploads` in /var/www/vhosts/ibpg.eu/filmteam-dev/system/libs/sql/driver/mysqli.php on line 262.

08.12.2011 - 18:43: SQL-Error in Statement: SHOW COLUMNS FROM `gomacms_uploads_state` in /var/www/vhosts/ibpg.eu/filmteam-dev/system/libs/sql/driver/mysqli.php on line 262.

08.12.2011 - 18:43: SQL-Error in Statement: SHOW COLUMNS FROM `gomacms__state` in /var/www/vhosts/ibpg.eu/filmteam-dev/system/libs/sql/driver/mysqli.php on line 262.

08.12.2011 - 18:43: SQL-Error in Statement: SHOW COLUMNS FROM `gomacms__state` in /var/www/vhosts/ibpg.eu/filmteam-dev/system/libs/sql/driver/mysqli.php on line 262.

08.12.2011 - 18:43: Slow SQL-Query: SHOW COLUMNS FROM `gomacms_pagecomments` (30.205011367798ms)

08.12.2011 - 18:43: Slow SQL-Query: SHOW COLUMNS FROM `gomacms_pagecomments_state` (27.5719165802ms)

08.12.2011 - 18:43: SQL-Error in Statement: SHOW COLUMNS FROM `gomacms__state` in /var/www/vhosts/ibpg.eu/filmteam-dev/system/libs/sql/driver/mysqli.php on line 262.

08.12.2011 - 18:43: SQL-Error in Statement: SHOW COLUMNS FROM `gomacms_uploads` in /var/www/vhosts/ibpg.eu/filmteam-dev/system/libs/sql/driver/mysqli.php on line 262.

08.12.2011 - 18:43: SQL-Error in Statement: SHOW COLUMNS FROM `gomacms_uploads_state` in /var/www/vhosts/ibpg.eu/filmteam-dev/system/libs/sql/driver/mysqli.php on line 262.

08.12.2011 - 18:43: SQL-Error in Statement: SHOW COLUMNS FROM `gomacms_imageuploads` in /var/www/vhosts/ibpg.eu/filmteam-dev/system/libs/sql/driver/mysqli.php on line 262.

08.12.2011 - 18:43: SQL-Error in Statement: SHOW COLUMNS FROM `gomacms_uploads_state` in /var/www/vhosts/ibpg.eu/filmteam-dev/system/libs/sql/driver/mysqli.php on line 262.

08.12.2011 - 18:43: SQL-Error in Statement: SHOW COLUMNS FROM `gomacms__state` in /var/www/vhosts/ibpg.eu/filmteam-dev/system/libs/sql/driver/mysqli.php on line 262.

08.12.2011 - 18:43: SQL-Error in Statement: SHOW COLUMNS FROM `gomacms__state` in /var/www/vhosts/ibpg.eu/filmteam-dev/system/libs/sql/driver/mysqli.php on line 262.

08.12.2011 - 18:43: Slow SQL-Query: ALTER TABLE gomacms_advrights_state  DROP INDEX stateid, ADD INDEX stateid  (id,stateid) (58.18510055542ms)

08.12.2011 - 18:43: Slow SQL-Query: ALTER TABLE gomacms_groups_state  DROP INDEX stateid, ADD INDEX stateid  (id,stateid) (52.304983139038ms)

08.12.2011 - 18:43: SQL-Error in Statement: SHOW COLUMNS FROM `gomacms_uploads` in /var/www/vhosts/ibpg.eu/filmteam-dev/system/libs/sql/driver/mysqli.php on line 550.

08.12.2011 - 18:43: Slow SQL-Query: CREATE TABLE gomacms_uploads (  id INT(10) AUTO_INCREMENT  PRIMARY KEY , last_modified int(90) , class_name enum("imageuploads","uploads") , created int(90) , filename varchar(100) , realfile varchar(300) , path varchar(200) , type enum('collection','file') , collectionid int(10) , autorid int(10) , editorid int(10) , recordid int(10) , snap_priority int(10) ,INDEX collectionid (collectionid),INDEX autorid (autorid),INDEX editorid (editorid),INDEX class_name (class_name),INDEX last_modified (last_modified),INDEX recordid (recordid)) DEFAULT CHARACTER SET 'utf8' (4206.4011096954ms)

08.12.2011 - 18:43: SQL-Error in Statement: SHOW COLUMNS FROM `gomacms_uploads_state` in /var/www/vhosts/ibpg.eu/filmteam-dev/system/libs/sql/driver/mysqli.php on line 262.

08.12.2011 - 18:43: SQL-Error in Statement: SHOW COLUMNS FROM `gomacms_uploads_state` in /var/www/vhosts/ibpg.eu/filmteam-dev/system/libs/sql/driver/mysqli.php on line 550.

08.12.2011 - 18:43: SQL-Error in Statement: SHOW COLUMNS FROM `gomacms_imageuploads` in /var/www/vhosts/ibpg.eu/filmteam-dev/system/libs/sql/driver/mysqli.php on line 550.

08.12.2011 - 18:43: Slow SQL-Query: ALTER TABLE gomacms_statistics_state  DROP INDEX stateid, ADD INDEX stateid  (id,stateid) (157.3498249054ms)

08.12.2011 - 18:43: Slow SQL-Query: ALTER TABLE gomacms_users_state  DROP INDEX stateid, ADD INDEX stateid  (id,stateid) (279.33478355408ms)

08.12.2011 - 18:43: Slow SQL-Query: ALTER TABLE gomacms_newsettings_state  DROP INDEX stateid, ADD INDEX stateid  (id,stateid) (86.678028106689ms)

08.12.2011 - 18:43: SQL-Error in Statement: UPDATE gomacms_newsettings SET status = '1' WHERE status = '' OR status IS NULL in /var/www/vhosts/ibpg.eu/filmteam-dev/system/core/DataObject/DataObject.php on line 1077.

08.12.2011 - 18:43: SQL-Error in Statement: UPDATE gomacms_metasettings SET titel = 'Goma - Open Source CMS / Framework' WHERE titel = '' OR titel IS NULL in /var/www/vhosts/ibpg.eu/filmteam-dev/system/core/DataObject/DataObject.php on line 1077.

08.12.2011 - 18:43: SQL-Error in Statement: UPDATE gomacms_templatesettings SET titel = 'Goma - Open Source CMS / Framework' WHERE titel = '' OR titel IS NULL in /var/www/vhosts/ibpg.eu/filmteam-dev/system/core/DataObject/DataObject.php on line 1077.

08.12.2011 - 18:43: Slow SQL-Query: ALTER TABLE gomacms_pages_state  DROP INDEX publishedid, DROP INDEX stateid, ADD INDEX publishedid  (id,publishedid), ADD INDEX stateid  (id,stateid) (128.84783744812ms)

08.12.2011 - 18:43: Slow SQL-Query: SHOW COLUMNS FROM `gomacms_many_many_pages_edit_groups_group` (25.794982910156ms)

08.12.2011 - 18:43: Slow SQL-Query: SHOW COLUMNS FROM `gomacms_many_many_pages_viewer_groups_group` (24.595022201538ms)

08.12.2011 - 18:43: SQL-Error in Statement: UPDATE gomacms_pages SET parenttype = 'root' WHERE parenttype = '' OR parenttype IS NULL in /var/www/vhosts/ibpg.eu/filmteam-dev/system/core/DataObject/DataObject.php on line 1077.

08.12.2011 - 18:43: SQL-Error in Statement: UPDATE gomacms_Page_article SET parenttype = 'root' WHERE parenttype = '' OR parenttype IS NULL in /var/www/vhosts/ibpg.eu/filmteam-dev/system/core/DataObject/DataObject.php on line 1077.

08.12.2011 - 18:43: SQL-Error in Statement: UPDATE gomacms_Page_contact SET parenttype = 'root' WHERE parenttype = '' OR parenttype IS NULL in /var/www/vhosts/ibpg.eu/filmteam-dev/system/core/DataObject/DataObject.php on line 1077.

08.12.2011 - 18:43: SQL-Error in Statement: UPDATE gomacms_Page_errorpage SET parenttype = 'root' WHERE parenttype = '' OR parenttype IS NULL in /var/www/vhosts/ibpg.eu/filmteam-dev/system/core/DataObject/DataObject.php on line 1077.

08.12.2011 - 18:43: Slow SQL-Query: ALTER TABLE gomacms_pm_state  DROP INDEX stateid, ADD INDEX stateid  (id,stateid) (35.54105758667ms)

08.12.2011 - 18:43: Slow SQL-Query: ALTER TABLE gomacms_smilies_state  DROP INDEX stateid, ADD INDEX stateid  (id,stateid) (69.914102554321ms)

08.12.2011 - 18:44: Slow SQL-Query: INSERT INTO `gomacms_statistics`  (`last_modified`) VALUES ('1323366242') (22.868871688843ms)

08.12.2011 - 18:44: Slow SQL-Query: UPDATE gomacms_statistics_state SET  `publishedid` = '446'  ,  `stateid` = '446'  WHERE `id` = '64' (449.57304000854ms)

08.12.2011 - 18:47: Slow SQL-Query: DELETE FROM 
																`gomacms_statistics`
																 WHERE  id = "447" (22.052049636841ms)

08.12.2011 - 18:48: Slow SQL-Query: INSERT INTO `gomacms_statistics`  (`last_modified`) VALUES ('1323366501') (234.87281799316ms)

08.12.2011 - 19:14: Slow SQL-Query: INSERT INTO `gomacms_uploads_state`  (`stateid`,`publishedid`) VALUES ('0','0') (111.17792129517ms)

08.12.2011 - 19:14: Slow SQL-Query: INSERT INTO `gomacms_uploads`  (`last_modified`) VALUES ('1323368051') (634.41586494446ms)

08.12.2011 - 19:14: Slow SQL-Query: UPDATE gomacms_uploads SET  `class_name` = 'uploads'  ,  `last_modified` = '1323368051'  ,  `created` = '1323368051'  ,  `filename` = 'emotion_suprised.png'  ,  `realfile` = 'mysite/uploads//2fbab1d1a52fb6e4d04f1d8a970a363b/emotion_suprised.png'  ,  `path` = 'FormUpload//emotion_suprised.png'  ,  `type` = 'file'  ,  `collectionid` = '1'  ,  `autorid` = '3'  ,  `editorid` = '3'  ,  `recordid` = '2'  ,  `snap_priority` = '2'  WHERE `id` = '2' (283.55097770691ms)

08.12.2011 - 19:14: Slow SQL-Query: UPDATE gomacms_statistics_state SET  `publishedid` = '452'  ,  `stateid` = '452'  WHERE `id` = '64' (20.405054092407ms)

08.12.2011 - 19:17: Slow SQL-Query: INSERT INTO `gomacms_uploads_state`  (`stateid`,`publishedid`) VALUES ('0','0') (45.414924621582ms)

08.12.2011 - 19:17: SQL-Error in Statement: SHOW COLUMNS FROM `gomacms__state` in /var/www/vhosts/ibpg.eu/filmteam-dev/system/libs/sql/driver/mysqli.php on line 262.

08.12.2011 - 19:17: SQL-Error in Statement: SHOW COLUMNS FROM `gomacms__state` in /var/www/vhosts/ibpg.eu/filmteam-dev/system/libs/sql/driver/mysqli.php on line 262.

08.12.2011 - 19:17: SQL-Error in Statement: SHOW COLUMNS FROM `gomacms__state` in /var/www/vhosts/ibpg.eu/filmteam-dev/system/libs/sql/driver/mysqli.php on line 262.

08.12.2011 - 19:17: SQL-Error in Statement: UPDATE gomacms_newsettings SET status = '1' WHERE status = '' OR status IS NULL in /var/www/vhosts/ibpg.eu/filmteam-dev/system/core/DataObject/DataObject.php on line 1077.

08.12.2011 - 19:17: SQL-Error in Statement: UPDATE gomacms_metasettings SET titel = 'Goma - Open Source CMS / Framework' WHERE titel = '' OR titel IS NULL in /var/www/vhosts/ibpg.eu/filmteam-dev/system/core/DataObject/DataObject.php on line 1077.

08.12.2011 - 19:17: SQL-Error in Statement: UPDATE gomacms_templatesettings SET titel = 'Goma - Open Source CMS / Framework' WHERE titel = '' OR titel IS NULL in /var/www/vhosts/ibpg.eu/filmteam-dev/system/core/DataObject/DataObject.php on line 1077.

08.12.2011 - 19:17: SQL-Error in Statement: UPDATE gomacms_pages SET parenttype = 'root' WHERE parenttype = '' OR parenttype IS NULL in /var/www/vhosts/ibpg.eu/filmteam-dev/system/core/DataObject/DataObject.php on line 1077.

08.12.2011 - 19:17: SQL-Error in Statement: UPDATE gomacms_Page_article SET parenttype = 'root' WHERE parenttype = '' OR parenttype IS NULL in /var/www/vhosts/ibpg.eu/filmteam-dev/system/core/DataObject/DataObject.php on line 1077.

08.12.2011 - 19:17: SQL-Error in Statement: UPDATE gomacms_Page_contact SET parenttype = 'root' WHERE parenttype = '' OR parenttype IS NULL in /var/www/vhosts/ibpg.eu/filmteam-dev/system/core/DataObject/DataObject.php on line 1077.

08.12.2011 - 19:17: SQL-Error in Statement: UPDATE gomacms_Page_errorpage SET parenttype = 'root' WHERE parenttype = '' OR parenttype IS NULL in /var/www/vhosts/ibpg.eu/filmteam-dev/system/core/DataObject/DataObject.php on line 1077.

08.12.2011 - 19:17: Code: 7, Name:Could not open Templatefile, Details: Could not open .html., URL: /Uploads/FormUpload/k/emotion_suprised.png

08.12.2011 - 19:18: SQL-Error in Statement: SHOW COLUMNS FROM `gomacms__state` in /var/www/vhosts/ibpg.eu/filmteam-dev/system/libs/sql/driver/mysqli.php on line 262.

08.12.2011 - 19:18: SQL-Error in Statement: SHOW COLUMNS FROM `gomacms__state` in /var/www/vhosts/ibpg.eu/filmteam-dev/system/libs/sql/driver/mysqli.php on line 262.

08.12.2011 - 19:18: SQL-Error in Statement: SHOW COLUMNS FROM `gomacms__state` in /var/www/vhosts/ibpg.eu/filmteam-dev/system/libs/sql/driver/mysqli.php on line 262.

08.12.2011 - 19:18: SQL-Error in Statement: UPDATE gomacms_newsettings SET status = '1' WHERE status = '' OR status IS NULL in /var/www/vhosts/ibpg.eu/filmteam-dev/system/core/DataObject/DataObject.php on line 1077.

08.12.2011 - 19:18: SQL-Error in Statement: UPDATE gomacms_metasettings SET titel = 'Goma - Open Source CMS / Framework' WHERE titel = '' OR titel IS NULL in /var/www/vhosts/ibpg.eu/filmteam-dev/system/core/DataObject/DataObject.php on line 1077.

08.12.2011 - 19:18: SQL-Error in Statement: UPDATE gomacms_templatesettings SET titel = 'Goma - Open Source CMS / Framework' WHERE titel = '' OR titel IS NULL in /var/www/vhosts/ibpg.eu/filmteam-dev/system/core/DataObject/DataObject.php on line 1077.

08.12.2011 - 19:18: SQL-Error in Statement: UPDATE gomacms_pages SET parenttype = 'root' WHERE parenttype = '' OR parenttype IS NULL in /var/www/vhosts/ibpg.eu/filmteam-dev/system/core/DataObject/DataObject.php on line 1077.

08.12.2011 - 19:18: SQL-Error in Statement: UPDATE gomacms_Page_article SET parenttype = 'root' WHERE parenttype = '' OR parenttype IS NULL in /var/www/vhosts/ibpg.eu/filmteam-dev/system/core/DataObject/DataObject.php on line 1077.

08.12.2011 - 19:18: SQL-Error in Statement: UPDATE gomacms_Page_contact SET parenttype = 'root' WHERE parenttype = '' OR parenttype IS NULL in /var/www/vhosts/ibpg.eu/filmteam-dev/system/core/DataObject/DataObject.php on line 1077.

08.12.2011 - 19:18: SQL-Error in Statement: UPDATE gomacms_Page_errorpage SET parenttype = 'root' WHERE parenttype = '' OR parenttype IS NULL in /var/www/vhosts/ibpg.eu/filmteam-dev/system/core/DataObject/DataObject.php on line 1077.

08.12.2011 - 19:23: Slow SQL-Query: INSERT INTO `gomacms_uploads`  (`last_modified`) VALUES ('1323368632') (155.24911880493ms)

08.12.2011 - 19:26: Slow SQL-Query: UPDATE gomacms_statistics_state SET  `publishedid` = '456'  ,  `stateid` = '456'  WHERE `id` = '64' (256.62589073181ms)

08.12.2011 - 19:27: Slow SQL-Query: UPDATE gomacms_uploads_state SET  `publishedid` = '8'  ,  `stateid` = '8'  WHERE `id` = '8' (29.561996459961ms)

08.12.2011 - 19:27: Slow SQL-Query: DELETE FROM 
																`gomacms_smilies_state`
																 WHERE  id IN ("5") (1201.1020183563ms)

08.12.2011 - 19:27: Slow SQL-Query: DELETE FROM 
																`gomacms_smilies`
																 WHERE  id IN ("5") (1565.5930042267ms)

08.12.2011 - 19:28: Slow SQL-Query: DELETE FROM 
																`gomacms_smilies`
																 WHERE  id IN ("3") (266.39604568481ms)

08.12.2011 - 19:30: Slow SQL-Query: INSERT INTO `gomacms_uploads_state`  (`stateid`,`publishedid`) VALUES ('0','0') (38.140058517456ms)

08.12.2011 - 19:30: Slow SQL-Query: UPDATE gomacms_smilies SET  `class_name` = 'smilies'  ,  `last_modified` = '1323369021'  ,  `created` = '0'  ,  `image` = 'Uploads/formupload/G/emotion_wink.png'  ,  `description` = ';)'  ,  `code` = ';)'  ,  `autorid` = '15'  ,  `editorid` = '3'  ,  `recordid` = '9'  ,  `snap_priority` = '1'  WHERE `id` = '16' (371.93012237549ms)

08.12.2011 - 19:30: Slow SQL-Query: INSERT INTO `gomacms_uploads_state`  (`stateid`,`publishedid`) VALUES ('0','0') (683.12501907349ms)

08.12.2011 - 19:30: Slow SQL-Query: INSERT INTO `gomacms_uploads`  (`last_modified`) VALUES ('1323369041') (183.52699279785ms)

08.12.2011 - 19:35: Slow SQL-Query: INSERT INTO `gomacms_uploads_state`  (`stateid`,`publishedid`) VALUES ('0','0') (544.33107376099ms)

08.12.2011 - 19:35: Slow SQL-Query: INSERT INTO `gomacms_smilies`  (`last_modified`) VALUES ('1323369311') (133.10408592224ms)

08.12.2011 - 19:38: Slow SQL-Query: UPDATE gomacms_smilies SET  `class_name` = 'smilies'  ,  `last_modified` = '1323369498'  ,  `created` = '1323369498'  ,  `image` = 'Uploads/formupload/q/emotion_evilgrin.png'  ,  `description` = ':evil:'  ,  `code` = ':evil:'  ,  `autorid` = '3'  ,  `editorid` = '3'  ,  `recordid` = '12'  ,  `snap_priority` = '1'  WHERE `id` = '21' (165.76600074768ms)

08.12.2011 - 19:38: Slow SQL-Query: INSERT INTO `gomacms_uploads_state`  (`stateid`,`publishedid`) VALUES ('0','0') (22.051811218262ms)

08.12.2011 - 19:38: Slow SQL-Query: INSERT INTO `gomacms_uploads`  (`last_modified`) VALUES ('1323369530') (193.39990615845ms)

08.12.2011 - 19:39: Slow SQL-Query: UPDATE gomacms_uploads SET  `class_name` = 'uploads'  ,  `last_modified` = '1323369547'  ,  `created` = '1323369547'  ,  `filename` = 'emotion_suprised.png'  ,  `realfile` = 'mysite/uploads//2fbab1d1a52fb6e4d04f1d8a970a363b/8emotion_suprised.png'  ,  `path` = 'formupload/8/emotion_suprised.png'  ,  `type` = 'file'  ,  `collectionid` = '1'  ,  `autorid` = '3'  ,  `editorid` = '3'  ,  `recordid` = '16'  ,  `snap_priority` = '2'  WHERE `id` = '16' (88.140964508057ms)

08.12.2011 - 19:39: Slow SQL-Query: UPDATE gomacms_uploads_state SET  `publishedid` = '17'  ,  `stateid` = '17'  WHERE `id` = '17' (226.07183456421ms)

08.12.2011 - 19:40: SQL-Error in Statement: INSERT INTO `gomacms_imageuploads`  (`id`,`collectionid`,`autorid`,`editorid`) VALUES ('1','0','3','3') in /var/www/vhosts/ibpg.eu/filmteam-dev/system/libs/sql/driver/mysqli.php on line 943.

08.12.2011 - 19:40: Code: 3, Name:Zugriff fehlgeschlagen!, Details: <div class="error"><strong>Fehler</strong><br />Zugriff fehlgeschlagen!</div>Duplicate entry '1' for key 'PRIMARY'<br /><br />

 <strong>Query:</strong> <br />
<code>INSERT INTO `gomacms_imageuploads`  (`id`,`collectionid`,`autorid`,`editorid`) VALUES ('1','0','3','3')</code>
, URL: /admin/smilie/edit/17?redirect=%2Fadmin%2Fsmilie%2F

08.12.2011 - 19:40: Slow SQL-Query: UPDATE gomacms_uploads SET  `class_name` = 'uploads'  ,  `last_modified` = '1323369649'  ,  `created` = '1323369649'  ,  `filename` = 'FormUpload'  ,  `type` = 'collection'  ,  `collectionid` = '0'  ,  `autorid` = '3'  ,  `editorid` = '3'  ,  `recordid` = '2'  ,  `snap_priority` = '2'  WHERE `id` = '2' (139.8720741272ms)

08.12.2011 - 19:40: Slow SQL-Query: UPDATE gomacms_smilies SET  `class_name` = 'smilies'  ,  `last_modified` = '1323369649'  ,  `created` = '1323369572'  ,  `image` = 'Uploads/formupload/W/emotion_unhappy.png'  ,  `description` = ':('  ,  `code` = ':('  ,  `autorid` = '3'  ,  `editorid` = '3'  ,  `recordid` = '17'  ,  `snap_priority` = '1'  WHERE `id` = '27' (31.446933746338ms)

08.12.2011 - 19:41: Slow SQL-Query: INSERT INTO `gomacms_imageuploads`  (`id`,`collectionid`,`autorid`,`editorid`) VALUES ('1','0','3','3') (32.444000244141ms)

08.12.2011 - 19:44: Slow SQL-Query: INSERT INTO `gomacms_uploads`  (`last_modified`) VALUES ('1323369880') (20.573854446411ms)

08.12.2011 - 19:48: Slow SQL-Query: INSERT INTO `gomacms_uploads_state`  (`stateid`,`publishedid`) VALUES ('0','0') (111.58204078674ms)

08.12.2011 - 19:48: Slow SQL-Query: UPDATE gomacms_statistics_state SET  `publishedid` = '458'  ,  `stateid` = '458'  WHERE `id` = '64' (61.00606918335ms)

08.12.2011 - 22:08: SQL-Error in Statement: SHOW COLUMNS FROM `gomacms__state` in /var/www/vhosts/ibpg.eu/filmteam-dev/system/libs/sql/driver/mysqli.php on line 262.

08.12.2011 - 22:08: SQL-Error in Statement: SHOW COLUMNS FROM `gomacms__state` in /var/www/vhosts/ibpg.eu/filmteam-dev/system/libs/sql/driver/mysqli.php on line 262.

08.12.2011 - 22:08: SQL-Error in Statement: SHOW COLUMNS FROM `gomacms__state` in /var/www/vhosts/ibpg.eu/filmteam-dev/system/libs/sql/driver/mysqli.php on line 262.

08.12.2011 - 22:08: Slow SQL-Query: TRUNCATE TABLE gomacms_advrights (687.72101402283ms)

08.12.2011 - 22:08: Slow SQL-Query: TRUNCATE TABLE gomacms_advrights_state (550.68182945251ms)

08.12.2011 - 22:08: Slow SQL-Query: UPDATE gomacms_advrights_state SET  `publishedid` = '3'  ,  `stateid` = '3'  WHERE `id` = '3' (57.832002639771ms)

08.12.2011 - 22:08: Slow SQL-Query: INSERT INTO `gomacms_advrights`  (`last_modified`) VALUES ('1323378486') (41.877031326294ms)

08.12.2011 - 22:08: Slow SQL-Query: INSERT INTO `gomacms_advrights_state`  (`stateid`,`publishedid`) VALUES ('0','0') (163.50889205933ms)

08.12.2011 - 22:08: Slow SQL-Query: UPDATE gomacms_advrights_state SET  `publishedid` = '14'  ,  `stateid` = '14'  WHERE `id` = '14' (114.33887481689ms)

08.12.2011 - 22:08: Slow SQL-Query: INSERT INTO `gomacms_advrights_state`  (`stateid`,`publishedid`) VALUES ('0','0') (377.16197967529ms)

08.12.2011 - 22:08: SQL-Error in Statement: UPDATE gomacms_newsettings SET status = '1' WHERE status = '' OR status IS NULL in /var/www/vhosts/ibpg.eu/filmteam-dev/system/core/DataObject/DataObject.php on line 1077.

08.12.2011 - 22:08: SQL-Error in Statement: UPDATE gomacms_metasettings SET titel = 'Goma - Open Source CMS / Framework' WHERE titel = '' OR titel IS NULL in /var/www/vhosts/ibpg.eu/filmteam-dev/system/core/DataObject/DataObject.php on line 1077.

08.12.2011 - 22:08: SQL-Error in Statement: UPDATE gomacms_templatesettings SET titel = 'Goma - Open Source CMS / Framework' WHERE titel = '' OR titel IS NULL in /var/www/vhosts/ibpg.eu/filmteam-dev/system/core/DataObject/DataObject.php on line 1077.

08.12.2011 - 22:08: SQL-Error in Statement: UPDATE gomacms_pages SET parenttype = 'root' WHERE parenttype = '' OR parenttype IS NULL in /var/www/vhosts/ibpg.eu/filmteam-dev/system/core/DataObject/DataObject.php on line 1077.

08.12.2011 - 22:08: SQL-Error in Statement: UPDATE gomacms_Page_article SET parenttype = 'root' WHERE parenttype = '' OR parenttype IS NULL in /var/www/vhosts/ibpg.eu/filmteam-dev/system/core/DataObject/DataObject.php on line 1077.

08.12.2011 - 22:08: SQL-Error in Statement: UPDATE gomacms_Page_contact SET parenttype = 'root' WHERE parenttype = '' OR parenttype IS NULL in /var/www/vhosts/ibpg.eu/filmteam-dev/system/core/DataObject/DataObject.php on line 1077.

08.12.2011 - 22:08: SQL-Error in Statement: UPDATE gomacms_Page_errorpage SET parenttype = 'root' WHERE parenttype = '' OR parenttype IS NULL in /var/www/vhosts/ibpg.eu/filmteam-dev/system/core/DataObject/DataObject.php on line 1077.

