Profile v. 1.1 Log
Time: 29.11.2011 - 20:12
System: Goma v.2.0.0 - 017 PHP 5.3.3
Profile-Time: 78.553438186646ms
URL: /?profile
Memory-Peak-Usage: 15342K
Times: 

calls   execution time     Memory             name
---------------------------------------------------------------------

1       21.1279ms (11.15%)  3257K (21.7493%)    init
1       0.083ms (0.04%)     4K (0.0293%)        session
1       10.4609ms (5.52%)   1679K (11.2104%)    core_requires
1       10.0191ms (5.29%)   1564K (10.4421%)    preloads
91      70.9445ms (37.44%)  429K (2.8675%)      Object::__construct
64      72.3405ms (38.18%)  525K (3.5089%)      classinfo::setSaveVars
518     105.6805ms (55.77%) 1986K (13.2659%)    Object::method_exists
361     13.9685ms (7.37%)   337K (2.249%)       Object::method_exists after
38      61.0352ms (32.21%)  90K (0.6043%)       autoloader::load
1       59.8998ms (31.61%)  44K (0.2955%)       autoloader::updatecache
1       12.6491ms (6.68%)   1558K (10.4076%)    loadFramework
1       6.763ms (3.57%)     1085K (7.2459%)     classinfo
14      4.8001ms (2.53%)    28K (0.1887%)       resources::Add
108     4.7495ms (2.51%)    -48K (-0.3213%)     Core::getCMSVar
37      21.8053ms (11.51%)  4299K (28.7125%)    autoloader_require
1       0.0231ms (0.01%)    1K (0.0081%)        autoloader
1       2.449ms (1.29%)     199K (1.3274%)      Core::Init
1       1.291ms (0.68%)     136K (0.9085%)      i18n::Init
2       0.864ms (0.46%)     142K (0.9516%)      cacher
16      10.3602ms (5.47%)   1299K (8.6778%)     Object::instance
1       7.0739ms (3.73%)    1317K (8.793%)      settings
19      2.779ms (1.47%)     480K (3.2047%)      DataObject::__construct
181     52.3629ms (27.63%)  2284K (15.2532%)    ViewAccessableData::getOffset
9       26.0265ms (13.73%)  1442K (9.6314%)     DataObject::getRecords
9       0.3016ms (0.16%)    10K (0.0683%)       getwholedata::hash
11      14.9338ms (7.88%)   1071K (7.1521%)     DataObject::buildExtendedQuery
11      8.8158ms (4.65%)    411K (2.7423%)      DataObject::buildQuery
11      2.8951ms (1.53%)    94K (0.625%)        SelectQuery::build
11      6.7611ms (3.57%)    19K (0.1263%)       sql::query
5       1.1201ms (0.59%)    10K (0.0695%)       classinfo::getChildren
1       73.323ms (38.69%)   4196K (28.0246%)    render
25      1.1473ms (0.61%)    54K (0.3632%)       request::match
1       1.332ms (0.7%)      214K (1.4305%)      livecounter
5       101.1596ms (53.38%) 4146K (27.69%)      tpl::parser
8       3.3226ms (1.75%)    36K (0.2396%)       tpl::buildFilesForTemplate
8       1.8141ms (0.96%)    12K (0.0792%)       tplcache
5       100.0943ms (52.82%) 4130K (27.5838%)    tpl_run
2       0.0451ms (0.02%)    2K (0.0152%)        HTMLNode::html
34      3.5589ms (1.88%)    140K (0.9345%)      ViewAccessableData::makeObject
4       53.766ms (28.37%)   2319K (15.484%)     loops
1       68.428ms (36.11%)   2497K (16.674%)     serve
2       3.3209ms (1.75%)    81K (0.5379%)       DataObject::getAggregate
1       1.621ms (0.86%)     38K (0.2549%)       DataObject::getGroupedRecords
1       1.956ms (1.03%)     54K (0.359%)        getBody
1       1.148ms (0.61%)     30K (0.2033%)       HTMLParser::parseHTML
2       0.0651ms (0.03%)    4K (0.0235%)        HTMLParser::js
1       0.6931ms (0.37%)    13K (0.0891%)       Resources::get
1       0.6058ms (0.32%)    3K (0.0209%)        Resources::generateFiles
======================================================================
        189.4956ms (100%)   14974K              Whole Execution