Profile v. 1.1 Log
Time: 21.11.2011 - 08:20
System: Goma v.2.0.0 - 017 PHP 5.3.3
Profile-Time: 91.917514801025ms
URL: /artikel/der-erste-artikel/?profile
Memory-Peak-Usage: 17028K
Times: 

calls   execution time     Memory             name
---------------------------------------------------------------------

1       19.9358ms (6.68%)   3305K (20.1018%)    init
1       0.077ms (0.03%)     4K (0.0268%)        session
1       10.0021ms (3.35%)   1682K (10.2314%)    core_requires
1       9.3131ms (3.12%)    1608K (9.7821%)     preloads
116     4.6086ms (1.55%)    158K (0.9622%)      Object::__construct
1       11.7211ms (3.93%)   1510K (9.184%)      loadFramework
1       7.3531ms (2.47%)    1090K (6.6297%)     classinfo
17      5.352ms (1.79%)     38K (0.2319%)       resources::Add
119     8.564ms (2.87%)     24K (0.1488%)       Core::getCMSVar
54      2.1181ms (0.71%)    81K (0.4916%)       classinfo::setSaveVars
1       0.0248ms (0.01%)    1K (0.0074%)        autoloader
1       2.1539ms (0.72%)    187K (1.1369%)      Core::Init
1       0.989ms (0.33%)     125K (0.7589%)      i18n::Init
2       0.674ms (0.23%)     136K (0.8258%)      cacher
26      7.3631ms (2.47%)    1230K (7.4809%)     Object::instance
1       5.713ms (1.92%)     1128K (6.8602%)     settings
48      60.1194ms (20.16%)  102K (0.6205%)      autoloader::load
48      27.7846ms (9.32%)   5033K (30.6106%)    autoloader_require
23      2.7695ms (0.93%)    510K (3.1016%)      DataObject::__construct
558     52.0148ms (17.44%)  2228K (13.5525%)    Object::method_exists
417     16.865ms (5.65%)    413K (2.5106%)      Object::method_exists after
173     47.1077ms (15.79%)  1833K (11.149%)     DataObject::getOffset
14      51.3246ms (17.21%)  1730K (10.5202%)    DataObject::getRecords
14      0.4587ms (0.15%)    16K (0.0958%)       getwholedata::hash
16      51.1243ms (17.14%)  1266K (7.7019%)     DataObject::buildExtendedQuery
16      43.8392ms (14.7%)   583K (3.5469%)      DataObject::buildQuery
16      3.8402ms (1.29%)    101K (0.6156%)      SelectQuery::build
45      16.9413ms (5.68%)   66K (0.4009%)       sql::query
25      8.3113ms (2.79%)    249K (1.5125%)      DataObject::__cancall
4       186.3699ms (62.48%) 8524K (51.8379%)    DataObject::getAggregate
26      2.3172ms (0.78%)    92K (0.5605%)       ViewAccessableData::makeObject
1       75.8152ms (25.42%)  4653K (28.2967%)    render
27      1.3111ms (0.44%)    60K (0.3638%)       request::match
1       1.2372ms (0.41%)    204K (1.2425%)      livecounter
5       133.6529ms (44.81%) 5570K (33.877%)     tpl::parser
8       2.9013ms (0.97%)    36K (0.2187%)       tpl::buildFilesForTemplate
8       1.5898ms (0.53%)    12K (0.0725%)       tplcache
5       132.8199ms (44.53%) 5554K (33.78%)      tpl_run
24      0.381ms (0.13%)     32K (0.1917%)       HTMLNode::html
5       64.894ms (21.76%)   2394K (14.559%)     loops
1       0.4799ms (0.16%)    11K (0.064%)        form::__construct
1       7.4399ms (2.49%)    322K (1.9612%)      Form::renderForm
6       2.4147ms (0.81%)    107K (0.6502%)      FormField::field
1       0.392ms (0.13%)     13K (0.0809%)       FormAction::field
1       1.138ms (0.38%)     54K (0.3299%)       Form::renderForm::render
1       105.9592ms (35.52%) 3448K (20.9688%)    serve
6       0.5488ms (0.18%)    27K (0.1661%)       Object::__call
28      4.2758ms (1.43%)    214K (1.3034%)      ViewAccessableData::getOffset
1       1.02ms (0.34%)      26K (0.1585%)       DataObject::getGroupedRecords
1       123.3799ms (41.36%) 171K (1.0378%)      getBody
1       123.096ms (41.27%)  164K (0.9948%)      HTMLParser::parseHTML
1       0.037ms (0.01%)     1K (0.0079%)        HTMLParser::js
1       122.7608ms (41.16%) 148K (0.8989%)      Resources::get
1       122.6618ms (41.12%) 136K (0.8293%)      Resources::generateFiles
1       58.5392ms (19.63%)  44K (0.2698%)       autoloader::updatecache
======================================================================
        298.2717ms (100%)   16443K              Whole Execution