Profile v. 1.1 Log
Time: 30.11.2011 - 16:29
System: Goma v.2.0.0 - 017 PHP 5.3.3
Profile-Time: 57.453632354736ms
URL: /?profile
Memory-Peak-Usage: 15184K
Times: 

calls   execution time     Memory             name
---------------------------------------------------------------------

1       22.6359ms (5.21%)   3267K (22.0969%)    init
1       0.073ms (0.02%)     4K (0.0296%)        session
1       7.3621ms (1.69%)    1683K (11.3812%)    core_requires
1       10.1941ms (2.35%)   1570K (10.6177%)    preloads
96      4.5695ms (1.05%)    212K (1.4309%)      Object::__construct
57      3.8261ms (0.88%)    201K (1.3614%)      ClassInfo::setSaveVars
1       10.6909ms (2.46%)   1265K (8.552%)      loadFramework
1       6.3071ms (1.45%)    839K (5.6741%)      classinfo
14      3.7813ms (0.87%)    28K (0.1898%)       resources::Add
108     2.7716ms (0.64%)    -56K (-0.3808%)     Core::getCMSVar
1       0.0238ms (0.01%)    1K (0.0082%)        autoloader
1       2.2759ms (0.52%)    190K (1.2836%)      Core::Init
1       1.0428ms (0.24%)    127K (0.8604%)      i18n::Init
2       0.7291ms (0.17%)    138K (0.934%)       cacher
19      8.4021ms (1.93%)    1266K (8.5602%)     Object::instance
1       7.5612ms (1.74%)    1298K (8.7763%)     settings
30      0.7663ms (0.18%)    39K (0.2632%)       autoloader::load
30      21.095ms (4.86%)    4294K (29.0365%)    autoloader_require
21      2.7757ms (0.64%)    489K (3.3066%)      DataObject::__construct
533     32.7883ms (7.55%)   1934K (13.081%)     Object::method_exists
341     9.2204ms (2.12%)    318K (2.1505%)      Object::method_exists after
204     41.1875ms (9.48%)   2474K (16.7314%)    ViewAccessableData::getOffset
11      23.808ms (5.48%)    1461K (9.8829%)     DataObject::getRecords
11      0.3114ms (0.07%)    12K (0.0842%)       getwholedata::hash
16      14.4243ms (3.32%)   1150K (7.7738%)     DataObject::buildExtendedQuery
16      9.0127ms (2.07%)    496K (3.3539%)      DataObject::buildQuery
16      3.0365ms (0.7%)     104K (0.7037%)      SelectQuery::build
20      320.6165ms (73.81%) 31K (0.2104%)       sql::query
1       381.6171ms (87.85%) 4497K (30.4101%)    render
25      1.1437ms (0.26%)    54K (0.3673%)       request::match
1       329.5519ms (75.86%) 629K (4.2521%)      livecounter
5       5.826ms (1.34%)     168K (1.1359%)      DataObject::getAggregate
3       0.5329ms (0.12%)    6K (0.041%)         classinfo::getChildren
1       320.678ms (73.82%)  231K (1.5644%)      DataObject::writeRecord
4       313.6358ms (72.2%)  14K (0.0964%)       MySQLi::writeManipulation
5       62.4011ms (14.37%)  4000K (27.05%)      tpl::parser
8       2.3603ms (0.54%)    36K (0.2426%)       tpl::buildFilesForTemplate
8       1.3227ms (0.3%)     12K (0.0801%)       tplcache
5       61.712ms (14.21%)   3984K (26.9423%)    tpl_run
2       0.0253ms (0.01%)    2K (0.0154%)        HTMLNode::html
34      1.761ms (0.41%)     113K (0.7667%)      ViewAccessableData::makeObject
4       33.0012ms (7.6%)    2237K (15.1303%)    loops
1       43.1001ms (9.92%)   2408K (16.2815%)    serve
1       1.184ms (0.27%)     46K (0.3092%)       DataObject::getGroupedRecords
1       1.0061ms (0.23%)    38K (0.2598%)       getBody
1       0.767ms (0.18%)     30K (0.2058%)       HTMLParser::parseHTML
2       0.037ms (0.01%)     4K (0.0237%)        HTMLParser::js
1       0.478ms (0.11%)     13K (0.0901%)       Resources::get
1       0.421ms (0.1%)      3K (0.0211%)        Resources::generateFiles
======================================================================
        434.3963ms (100%)   14787K              Whole Execution