Profile v. 1.1 Log
Time: 27.11.2011 - 23:25
System: Goma v.2.0.0 - 017 PHP 5.3.3
Profile-Time: 59.874057769775ms
URL: /admin/?profile
Memory-Peak-Usage: 12585K
Times: 

calls   execution time     Memory             name
---------------------------------------------------------------------

1       12.681ms (15.63%)   3291K (26.6673%)    init
1       0.056ms (0.07%)     4K (0.0357%)        session
1       6.2571ms (7.71%)    1662K (13.4671%)    core_requires
1       5.995ms (7.39%)     1614K (13.0826%)    preloads
184     4.4086ms (5.43%)    199K (1.6091%)      Object::__construct
1       6.8719ms (8.47%)    1504K (12.1893%)    loadFramework
1       4.1051ms (5.06%)    1084K (8.7856%)     classinfo
8       2.62ms (3.23%)      32K (0.2572%)       resources::Add
102     8.1027ms (9.99%)    951K (7.7076%)      Core::getCMSVar
29      0.9229ms (1.14%)    56K (0.4515%)       classinfo::setSaveVars
1       0.0148ms (0.02%)    1K (0.0098%)        autoloader
1       1.4429ms (1.78%)    187K (1.5154%)      Core::Init
1       0.6762ms (0.83%)    125K (1.0117%)      i18n::Init
2       0.4761ms (0.59%)    136K (1.1008%)      cacher
18      3.2809ms (4.04%)    668K (5.4113%)      Object::instance
1       4.113ms (5.07%)     1143K (9.2668%)     settings
23      0.4377ms (0.54%)    27K (0.2175%)       autoloader::load
23      10.571ms (13.03%)   2321K (18.8081%)    autoloader_require
8       1.4954ms (1.84%)    376K (3.0465%)      DataObject::__construct
459     32.4554ms (40%)     1367K (11.0746%)    Object::method_exists
388     10.8111ms (13.33%)  370K (2.9962%)      Object::method_exists after
55      9.0342ms (11.14%)   363K (2.9424%)      DataObject::getOffset
4       6.3531ms (7.83%)    582K (4.7159%)      DataObject::getRecords
4       0.128ms (0.16%)     5K (0.0383%)        getwholedata::hash
13      4.9071ms (6.05%)    326K (2.6447%)      DataObject::buildExtendedQuery
13      4.0581ms (5%)       298K (2.4124%)      DataObject::buildQuery
13      1.9386ms (2.39%)    66K (0.5364%)       SelectQuery::build
13      3.6144ms (4.46%)    22K (0.1804%)       sql::query
7       1.3504ms (1.66%)    69K (0.5605%)       DataObject::__cancall
4       0.818ms (1.01%)     10K (0.0809%)       classinfo::getChildren
1       100.7581ms (124.19%)4307K (34.9006%)    render
12      0.3514ms (0.43%)    30K (0.2419%)       request::match
25      2.3754ms (2.93%)    99K (0.8055%)       ViewAccessableData::makeObject
1       92.8659ms (114.47%) 3683K (29.8461%)    tpl::parser
1       0.36ms (0.44%)      6K (0.0454%)        tpl::buildFilesForTemplate
1       0.15ms (0.18%)      2K (0.0142%)        tplcache
1       92.4351ms (113.93%) 3674K (29.7717%)    tpl_run
119     18.8997ms (23.3%)   727K (5.8891%)      ViewAccessableData::getOffset
3       81.8779ms (100.92%) 3388K (27.4536%)    loops
10      8.6265ms (10.63%)   202K (1.6394%)      DataObject::getAggregate
1       0.0479ms (0.06%)    1K (0.0098%)        serve
1       0.8299ms (1.02%)    34K (0.2761%)       getBody
1       0.639ms (0.79%)     29K (0.232%)        HTMLParser::parseHTML
2       0.037ms (0.05%)     4K (0.0286%)        HTMLParser::js
1       0.3819ms (0.47%)    12K (0.0967%)       Resources::get
1       0.329ms (0.41%)     3K (0.0224%)        Resources::generateFiles
======================================================================
        81.13ms (100%)      12339K              Whole Execution