Profile v. 1.1 Log
Time: 25.11.2011 - 23:44
System: Goma v.2.0.0 - 017 PHP 5.3.3
Profile-Time: 56.621313095093ms
URL: /?profile
Memory-Peak-Usage: 14971K
Times: 

calls   execution time     Memory             name
---------------------------------------------------------------------

1       17.396ms (5.3%)     3311K (22.6849%)    init
1       0.0551ms (0.02%)    8K (0.053%)         session
1       7.2012ms (2.19%)    1683K (11.5297%)    core_requires
1       9.6819ms (2.95%)    1610K (11.033%)     preloads
80      2.5644ms (0.78%)    108K (0.7433%)      Object::__construct
1       11.2062ms (3.41%)   1512K (10.3615%)    loadFramework
1       6.922ms (2.11%)     1092K (7.4839%)     classinfo
14      3.9859ms (1.21%)    28K (0.1945%)       resources::Add
110     3.0601ms (0.93%)    -46K (-0.313%)      Core::getCMSVar
36      1.4985ms (0.46%)    63K (0.43%)         classinfo::setSaveVars
1       0.026ms (0.01%)     1K (0.0083%)        autoloader
1       2.1589ms (0.66%)    187K (1.281%)       Core::Init
1       0.978ms (0.3%)      125K (0.8552%)      i18n::Init
2       0.6671ms (0.2%)     136K (0.9303%)      cacher
17      7.0353ms (2.14%)    1168K (8.0027%)     Object::instance
1       6.2199ms (1.9%)     1136K (7.7856%)     settings
30      0.7818ms (0.24%)    35K (0.2396%)       autoloader::load
30      19.1634ms (5.84%)   4105K (28.127%)     autoloader_require
19      2.5418ms (0.77%)    466K (3.1931%)      DataObject::__construct
498     33.5975ms (10.24%)  1978K (13.5509%)    Object::method_exists
389     10.5958ms (3.23%)   363K (2.4849%)      Object::method_exists after
142     27.8597ms (8.49%)   1610K (11.0323%)    DataObject::getOffset
10      19.913ms (6.07%)    1315K (9.0067%)     DataObject::getRecords
10      0.2871ms (0.09%)    11K (0.0778%)       getwholedata::hash
14      8.7693ms (2.67%)    944K (6.465%)       DataObject::buildExtendedQuery
14      4.0073ms (1.22%)    315K (2.1609%)      DataObject::buildQuery
14      2.7409ms (0.84%)    95K (0.6514%)       SelectQuery::build
18      230.8106ms (70.32%) 28K (0.1904%)       sql::query
19      4.7307ms (1.44%)    189K (1.293%)       DataObject::__cancall
1       283.1042ms (86.25%) 4190K (28.7039%)    render
25      1.2431ms (0.38%)    58K (0.3991%)       request::match
1       235.666ms (71.8%)   499K (3.4185%)      livecounter
4       3.5291ms (1.08%)    100K (0.6866%)      DataObject::getAggregate
1       230.6271ms (70.27%) 203K (1.3885%)      DataObject::writeRecord
4       223.8331ms (68.2%)  14K (0.0944%)       MySQLi::writeManipulation
5       58.671ms (17.88%)   3807K (26.0813%)    tpl::parser
8       2.2089ms (0.67%)    36K (0.2461%)       tpl::buildFilesForTemplate
8       1.2329ms (0.38%)    12K (0.0813%)       tplcache
5       58.0308ms (17.68%)  3791K (25.9723%)    tpl_run
2       0.0269ms (0.01%)    2K (0.0155%)        HTMLNode::html
15      0.7901ms (0.24%)    51K (0.3465%)       ViewAccessableData::makeObject
44      1.2743ms (0.39%)    81K (0.5547%)       ViewAccessableData::getOffset
4       29.752ms (9.06%)    2082K (14.2669%)    loops
1       41.75ms (12.72%)    2354K (16.1277%)    serve
3       0.2661ms (0.08%)    21K (0.1442%)       Object::__call
1       0.6752ms (0.21%)    26K (0.1784%)       DataObject::getGroupedRecords
1       0.8719ms (0.27%)    36K (0.2472%)       getBody
1       0.7041ms (0.21%)    30K (0.2084%)       HTMLParser::parseHTML
2       0.037ms (0.01%)     4K (0.024%)         HTMLParser::js
1       0.417ms (0.13%)     13K (0.0913%)       Resources::get
1       0.3669ms (0.11%)    3K (0.0214%)        Resources::generateFiles
======================================================================
        328.2218ms (100%)   14596K              Whole Execution