Profile v. 1.1 Log
Time: 25.11.2011 - 23:41
System: Goma v.2.0.0 - 017 PHP 5.3.3
Profile-Time: 44.669151306152ms
URL: /?profile
Memory-Peak-Usage: 14965K
Times: 

calls   execution time     Memory             name
---------------------------------------------------------------------

1       12.368ms (4.13%)    3310K (22.6879%)    init
1       0.0641ms (0.02%)    8K (0.053%)         session
1       6.0539ms (2.02%)    1683K (11.534%)     core_requires
1       5.8548ms (1.96%)    1610K (11.0317%)    preloads
80      1.987ms (0.66%)     108K (0.7433%)      Object::__construct
1       6.3989ms (2.14%)    1512K (10.3653%)    loadFramework
1       3.9771ms (1.33%)    1092K (7.4867%)     classinfo
14      3.1605ms (1.06%)    28K (0.195%)        resources::Add
110     2.8322ms (0.95%)    -46K (-0.3133%)     Core::getCMSVar
36      0.9696ms (0.32%)    63K (0.4301%)       classinfo::setSaveVars
1       0.0129ms (0%)       1K (0.0083%)        autoloader
1       1.271ms (0.42%)     187K (1.2816%)      Core::Init
1       0.613ms (0.2%)      125K (0.8555%)      i18n::Init
2       0.4249ms (0.14%)    136K (0.9306%)      cacher
17      4.4222ms (1.48%)    1168K (8.0054%)     Object::instance
1       3.6011ms (1.2%)     1136K (7.7878%)     settings
30      0.5102ms (0.17%)    35K (0.2397%)       autoloader::load
30      12.718ms (4.25%)    4105K (28.1371%)    autoloader_require
19      1.5092ms (0.5%)     466K (3.1939%)      DataObject::__construct
498     26.1807ms (8.75%)   2002K (13.7186%)    Object::method_exists
389     8.539ms (2.85%)     387K (2.6502%)      Object::method_exists after
142     22.6719ms (7.57%)   1610K (11.0358%)    DataObject::getOffset
10      13.7897ms (4.61%)   1315K (9.0098%)     DataObject::getRecords
10      0.2182ms (0.07%)    11K (0.0777%)       getwholedata::hash
14      5.779ms (1.93%)     944K (6.4676%)      DataObject::buildExtendedQuery
14      2.6519ms (0.89%)    315K (2.1616%)      DataObject::buildQuery
14      1.8804ms (0.63%)    95K (0.6516%)       SelectQuery::build
18      229.5856ms (76.69%) 28K (0.1905%)       sql::query
19      3.3123ms (1.11%)    189K (1.2935%)      DataObject::__cancall
1       267.6451ms (89.4%)  4187K (28.6999%)    render
25      0.7067ms (0.24%)    58K (0.3997%)       request::match
1       231.6842ms (77.39%) 497K (3.4053%)      livecounter
4       288.903ms (96.5%)   4273K (29.2859%)    DataObject::getAggregate
1       228.812ms (76.43%)  202K (1.3815%)      DataObject::writeRecord
4       224.664ms (75.05%)  14K (0.0944%)       MySQLi::writeManipulation
5       54.5819ms (18.23%)  3804K (26.0748%)    tpl::parser
8       2.1431ms (0.72%)    36K (0.246%)        tpl::buildFilesForTemplate
8       1.2062ms (0.4%)     12K (0.0813%)       tplcache
5       53.884ms (18%)      3789K (25.9657%)    tpl_run
2       0.0322ms (0.01%)    2K (0.0156%)        HTMLNode::html
15      0.706ms (0.24%)     51K (0.3465%)       ViewAccessableData::makeObject
44      1.2548ms (0.42%)    81K (0.5548%)       ViewAccessableData::getOffset
4       28.075ms (9.38%)    2081K (14.2637%)    loops
1       39.4211ms (13.17%)  2352K (16.1175%)    serve
3       0.2542ms (0.08%)    21K (0.1443%)       Object::__call
1       0.699ms (0.23%)     26K (0.1785%)       DataObject::getGroupedRecords
1       0.8631ms (0.29%)    36K (0.2473%)       getBody
1       0.675ms (0.23%)     30K (0.2085%)       HTMLParser::parseHTML
2       0.035ms (0.01%)     4K (0.0241%)        HTMLParser::js
1       0.401ms (0.13%)     13K (0.0913%)       Resources::get
1       0.3512ms (0.12%)    3K (0.0214%)        Resources::generateFiles
======================================================================
        299.3679ms (100%)   14590K              Whole Execution