Profile v. 1.1 Log
Time: 25.11.2011 - 23:42
System: Goma v.2.0.0 - 017 PHP 5.3.3
Profile-Time: 47.59955406189ms
URL: /?profile
Memory-Peak-Usage: 14970K
Times: 

calls   execution time     Memory             name
---------------------------------------------------------------------

1       12.4681ms (3.46%)   3313K (22.6762%)    init
1       0.0601ms (0.02%)    8K (0.0529%)        session
1       6.098ms (1.69%)     1686K (11.5374%)    core_requires
1       5.95ms (1.65%)      1610K (11.0168%)    preloads
80      2.1231ms (0.59%)    109K (0.7427%)      Object::__construct
1       7.246ms (2.01%)     1512K (10.351%)     loadFramework
1       4.5979ms (1.28%)    1092K (7.4763%)     classinfo
14      3.1745ms (0.88%)    28K (0.1948%)       resources::Add
110     2.9504ms (0.82%)    -46K (-0.3132%)     Core::getCMSVar
36      0.9513ms (0.26%)    63K (0.4292%)       classinfo::setSaveVars
1       0.0119ms (0%)       1K (0.0083%)        autoloader
1       1.399ms (0.39%)     187K (1.2796%)      Core::Init
1       0.643ms (0.18%)     125K (0.854%)       i18n::Init
2       0.4451ms (0.12%)    136K (0.9293%)      cacher
17      4.5907ms (1.27%)    1168K (7.9945%)     Object::instance
1       3.5779ms (0.99%)    1136K (7.7774%)     settings
30      0.5281ms (0.15%)    35K (0.2393%)       autoloader::load
30      13.5667ms (3.76%)   4105K (28.0983%)    autoloader_require
19      1.6618ms (0.46%)    466K (3.1896%)      DataObject::__construct
498     27.9851ms (7.76%)   2002K (13.7006%)    Object::method_exists
389     9.1288ms (2.53%)    387K (2.6465%)      Object::method_exists after
142     24.4522ms (6.78%)   1610K (11.0201%)    DataObject::getOffset
10      14.8568ms (4.12%)   1315K (8.9984%)     DataObject::getRecords
10      0.2055ms (0.06%)    11K (0.0777%)       getwholedata::hash
14      6.377ms (1.77%)     944K (6.4585%)      DataObject::buildExtendedQuery
14      2.8794ms (0.8%)     315K (2.1586%)      DataObject::buildQuery
14      1.977ms (0.55%)     95K (0.6505%)       SelectQuery::build
18      203.2864ms (56.39%) 28K (0.19%)         sql::query
19      3.4783ms (0.96%)    189K (1.2918%)      DataObject::__cancall
1       244.7271ms (67.88%) 4189K (28.6716%)    render
25      0.6642ms (0.18%)    58K (0.3993%)       request::match
1       205.6198ms (57.03%) 497K (3.4016%)      livecounter
4       267.5779ms (74.22%) 4274K (29.2537%)    DataObject::getAggregate
1       202.5001ms (56.17%) 202K (1.3805%)      DataObject::writeRecord
4       198.2625ms (54.99%) 14K (0.0943%)       MySQLi::writeManipulation
5       58.5825ms (16.25%)  3805K (26.0452%)    tpl::parser
8       2.3277ms (0.65%)    36K (0.2458%)       tpl::buildFilesForTemplate
8       1.2441ms (0.35%)    12K (0.0812%)       tplcache
5       57.9264ms (16.07%)  3789K (25.9363%)    tpl_run
2       0.031ms (0.01%)     2K (0.0155%)        HTMLNode::html
15      0.7539ms (0.21%)    51K (0.3462%)       ViewAccessableData::makeObject
44      1.3604ms (0.38%)    81K (0.5539%)       ViewAccessableData::getOffset
4       30.1819ms (8.37%)   2081K (14.2443%)    loops
1       42.0918ms (11.68%)  2355K (16.1214%)    serve
3       0.2673ms (0.07%)    21K (0.1441%)       Object::__call
1       0.6931ms (0.19%)    26K (0.1783%)       DataObject::getGroupedRecords
1       0.9508ms (0.26%)    40K (0.2762%)       getBody
1       0.7529ms (0.21%)    35K (0.2374%)       HTMLParser::parseHTML
2       0.0391ms (0.01%)    4K (0.0241%)        HTMLParser::js
1       0.438ms (0.12%)     13K (0.0912%)       Resources::get
1       0.3819ms (0.11%)    3K (0.0214%)        Resources::generateFiles
======================================================================
        360.5194ms (100%)   14611K              Whole Execution