Profile v. 1.1 Log
Time: 25.11.2011 - 23:41
System: Goma v.2.0.0 - 017 PHP 5.3.3
Profile-Time: 47.543525695801ms
URL: /?profile
Memory-Peak-Usage: 14846K
Times: 

calls   execution time     Memory             name
---------------------------------------------------------------------

1       18.1561ms (3.39%)   3310K (22.8741%)    init
1       0.104ms (0.02%)     8K (0.0534%)        session
1       7.4239ms (1.39%)    1683K (11.6287%)    core_requires
1       6.8591ms (1.28%)    1610K (11.1222%)    preloads
79      2.316ms (0.43%)     115K (0.7978%)      Object::__construct
1       8.028ms (1.5%)      1512K (10.4503%)    loadFramework
1       5.095ms (0.95%)     1092K (7.5481%)     classinfo
14      4.5896ms (0.86%)    28K (0.1965%)       resources::Add
110     3.118ms (0.58%)     -46K (-0.3162%)     Core::getCMSVar
36      1.0371ms (0.19%)    63K (0.4336%)       classinfo::setSaveVars
1       0.0131ms (0%)       1K (0.0084%)        autoloader
1       2.284ms (0.43%)     187K (1.2921%)      Core::Init
1       1.0319ms (0.19%)    125K (0.8626%)      i18n::Init
2       0.8249ms (0.15%)    136K (0.9385%)      cacher
17      5.4903ms (1.02%)    1167K (8.0674%)     Object::instance
1       4.6458ms (0.87%)    1136K (7.852%)      settings
30      0.581ms (0.11%)     35K (0.2415%)       autoloader::load
30      16.5062ms (3.08%)   4105K (28.368%)     autoloader_require
18      1.9817ms (0.37%)    458K (3.1663%)      DataObject::__construct
483     28.5177ms (5.32%)   1954K (13.4993%)    Object::method_exists
378     9.0311ms (1.69%)    352K (2.4353%)      Object::method_exists after
131     24.4684ms (4.57%)   1553K (10.7335%)    DataObject::getOffset
8       15.4812ms (2.89%)   1295K (8.9458%)     DataObject::getRecords
8       0.2077ms (0.04%)    9K (0.0632%)        getwholedata::hash
12      7.0612ms (1.32%)    942K (6.5087%)      DataObject::buildExtendedQuery
12      3.1605ms (0.59%)    302K (2.0869%)      DataObject::buildQuery
12      2.1145ms (0.39%)    85K (0.5874%)       SelectQuery::build
16      445.4656ms (83.15%) 24K (0.1685%)       sql::query
19      3.7489ms (0.7%)     185K (1.2766%)      DataObject::__cancall
1       488.2872ms (91.15%) 4068K (28.1092%)    render
25      0.7455ms (0.14%)    58K (0.4031%)       request::match
1       446.2929ms (83.31%) 376K (2.5955%)      livecounter
4       509.299ms (95.07%)  4152K (28.6875%)    DataObject::getAggregate
1       440.7501ms (82.27%) 56K (0.3875%)       DataObject::writeRecord
4       439.5826ms (82.06%) 14K (0.097%)        MySQLi::writeManipulation
5       61.0082ms (11.39%)  3813K (26.3514%)    tpl::parser
8       2.4219ms (0.45%)    36K (0.2481%)       tpl::buildFilesForTemplate
8       1.3154ms (0.25%)    12K (0.0821%)       tplcache
5       60.2922ms (11.25%)  3798K (26.2414%)    tpl_run
2       0.0308ms (0.01%)    2K (0.0158%)        HTMLNode::html
15      0.8161ms (0.15%)    51K (0.3496%)       ViewAccessableData::makeObject
44      1.3368ms (0.25%)    81K (0.5593%)       ViewAccessableData::getOffset
4       31.1882ms (5.82%)   2102K (14.5222%)    loops
1       44.049ms (8.22%)    2352K (16.2521%)    serve
3       0.3011ms (0.06%)    21K (0.1453%)       Object::__call
1       0.9441ms (0.18%)    26K (0.18%)         DataObject::getGroupedRecords
1       1.0221ms (0.19%)    36K (0.2493%)       getBody
1       0.8211ms (0.15%)    30K (0.2102%)       HTMLParser::parseHTML
2       0.047ms (0.01%)     4K (0.0243%)        HTMLParser::js
1       0.4821ms (0.09%)    13K (0.092%)        Resources::get
1       0.423ms (0.08%)     3K (0.0216%)        Resources::generateFiles
======================================================================
        535.7115ms (100%)   14472K              Whole Execution