24.06.2012 - 20:48: DEPRECATED: ViewAccessableData::_count is marked as DEPRECATED in /var/www/vhosts/ibpg.eu/filmteam-dev/system/core/viewaccessabledata.php on line 306

24.06.2012 - 20:48: DEPRECATED: ViewAccessableData::_count is marked as DEPRECATED in /var/www/vhosts/ibpg.eu/filmteam-dev/system/core/viewaccessabledata.php on line 306

24.06.2012 - 20:48: DEPRECATED: ViewAccessableData::_count is marked as DEPRECATED in /var/www/vhosts/ibpg.eu/filmteam-dev/system/core/viewaccessabledata.php on line 306

24.06.2012 - 20:48: DEPRECATED: ViewAccessableData::_count is marked as DEPRECATED in /var/www/vhosts/ibpg.eu/filmteam-dev/system/core/viewaccessabledata.php on line 306

24.06.2012 - 20:48: DEPRECATED: ViewAccessableData::_count is marked as DEPRECATED in /var/www/vhosts/ibpg.eu/filmteam-dev/system/core/viewaccessabledata.php on line 306

24.06.2012 - 20:48: DEPRECATED: ViewAccessableData::_count is marked as DEPRECATED in /var/www/vhosts/ibpg.eu/filmteam-dev/system/core/viewaccessabledata.php on line 306

24.06.2012 - 20:48: DEPRECATED: ViewAccessableData::_count is marked as DEPRECATED in /var/www/vhosts/ibpg.eu/filmteam-dev/system/core/viewaccessabledata.php on line 306

24.06.2012 - 20:48: DEPRECATED: ViewAccessableData::_count is marked as DEPRECATED in /var/www/vhosts/ibpg.eu/filmteam-dev/system/core/viewaccessabledata.php on line 306

24.06.2012 - 20:48: DEPRECATED: ViewAccessableData::_count is marked as DEPRECATED in /var/www/vhosts/ibpg.eu/filmteam-dev/system/core/viewaccessabledata.php on line 306

24.06.2012 - 20:48: DEPRECATED: ViewAccessableData::_count is marked as DEPRECATED in /var/www/vhosts/ibpg.eu/filmteam-dev/system/core/viewaccessabledata.php on line 306

24.06.2012 - 20:48: Could not open GFS system/installer/backup/.. Malformed file.

24.06.2012 - 20:48: Could not open GFS system/installer/backup/... Malformed file.

24.06.2012 - 20:48: Could not open GFS system/installer/backup/syncStatus. Malformed file.

24.06.2012 - 20:48: Could not open GFS system/installer/backup/syncStatus_1.1. Malformed file.

24.06.2012 - 20:48: DEPRECATED: ViewAccessableData::_count is marked as DEPRECATED in /var/www/vhosts/ibpg.eu/filmteam-dev/system/core/viewaccessabledata.php on line 306

24.06.2012 - 20:48: DEPRECATED: ViewAccessableData::_count is marked as DEPRECATED in /var/www/vhosts/ibpg.eu/filmteam-dev/system/core/viewaccessabledata.php on line 306

24.06.2012 - 20:48: DEPRECATED: ViewAccessableData::_count is marked as DEPRECATED in /var/www/vhosts/ibpg.eu/filmteam-dev/system/core/viewaccessabledata.php on line 306

24.06.2012 - 20:48: DEPRECATED: ViewAccessableData::_count is marked as DEPRECATED in /var/www/vhosts/ibpg.eu/filmteam-dev/system/core/viewaccessabledata.php on line 306

24.06.2012 - 20:48: DEPRECATED: ViewAccessableData::_count is marked as DEPRECATED in /var/www/vhosts/ibpg.eu/filmteam-dev/system/core/viewaccessabledata.php on line 306

24.06.2012 - 20:48: DEPRECATED: ViewAccessableData::_count is marked as DEPRECATED in /var/www/vhosts/ibpg.eu/filmteam-dev/system/core/viewaccessabledata.php on line 306

24.06.2012 - 20:48: DEPRECATED: ViewAccessableData::_count is marked as DEPRECATED in /var/www/vhosts/ibpg.eu/filmteam-dev/system/core/viewaccessabledata.php on line 306

24.06.2012 - 20:48: DEPRECATED: ViewAccessableData::_count is marked as DEPRECATED in /var/www/vhosts/ibpg.eu/filmteam-dev/system/core/viewaccessabledata.php on line 306

24.06.2012 - 20:48: DEPRECATED: ViewAccessableData::_count is marked as DEPRECATED in /var/www/vhosts/ibpg.eu/filmteam-dev/system/core/viewaccessabledata.php on line 306

24.06.2012 - 20:48: DEPRECATED: ViewAccessableData::_count is marked as DEPRECATED in /var/www/vhosts/ibpg.eu/filmteam-dev/system/core/viewaccessabledata.php on line 306

24.06.2012 - 20:48: DEPRECATED: ViewAccessableData::_count is marked as DEPRECATED in /var/www/vhosts/ibpg.eu/filmteam-dev/system/core/viewaccessabledata.php on line 306

24.06.2012 - 20:48: DEPRECATED: ViewAccessableData::_count is marked as DEPRECATED in /var/www/vhosts/ibpg.eu/filmteam-dev/system/core/viewaccessabledata.php on line 306

24.06.2012 - 20:48: DEPRECATED: ViewAccessableData::_count is marked as DEPRECATED in /var/www/vhosts/ibpg.eu/filmteam-dev/system/core/viewaccessabledata.php on line 306

24.06.2012 - 20:48: DEPRECATED: ViewAccessableData::_count is marked as DEPRECATED in /var/www/vhosts/ibpg.eu/filmteam-dev/system/core/viewaccessabledata.php on line 306

24.06.2012 - 20:48: DEPRECATED: ViewAccessableData::_count is marked as DEPRECATED in /var/www/vhosts/ibpg.eu/filmteam-dev/system/core/viewaccessabledata.php on line 306

24.06.2012 - 20:48: DEPRECATED: ViewAccessableData::_count is marked as DEPRECATED in /var/www/vhosts/ibpg.eu/filmteam-dev/system/core/viewaccessabledata.php on line 306

24.06.2012 - 20:48: DEPRECATED: ViewAccessableData::_count is marked as DEPRECATED in /var/www/vhosts/ibpg.eu/filmteam-dev/system/core/viewaccessabledata.php on line 306

24.06.2012 - 20:48: DEPRECATED: ViewAccessableData::_count is marked as DEPRECATED in /var/www/vhosts/ibpg.eu/filmteam-dev/system/core/viewaccessabledata.php on line 306

24.06.2012 - 20:48: DEPRECATED: ViewAccessableData::_count is marked as DEPRECATED in /var/www/vhosts/ibpg.eu/filmteam-dev/system/core/viewaccessabledata.php on line 306

24.06.2012 - 20:48: DEPRECATED: ViewAccessableData::_count is marked as DEPRECATED in /var/www/vhosts/ibpg.eu/filmteam-dev/system/core/viewaccessabledata.php on line 306

24.06.2012 - 20:48: DEPRECATED: ViewAccessableData::_count is marked as DEPRECATED in /var/www/vhosts/ibpg.eu/filmteam-dev/system/core/viewaccessabledata.php on line 306

24.06.2012 - 20:48: DEPRECATED: ViewAccessableData::_count is marked as DEPRECATED in /var/www/vhosts/ibpg.eu/filmteam-dev/system/core/viewaccessabledata.php on line 306

24.06.2012 - 20:48: DEPRECATED: ViewAccessableData::_count is marked as DEPRECATED in /var/www/vhosts/ibpg.eu/filmteam-dev/system/core/viewaccessabledata.php on line 306

24.06.2012 - 20:48: DEPRECATED: ViewAccessableData::_count is marked as DEPRECATED in /var/www/vhosts/ibpg.eu/filmteam-dev/system/core/viewaccessabledata.php on line 306

24.06.2012 - 20:48: DEPRECATED: ViewAccessableData::_count is marked as DEPRECATED in /var/www/vhosts/ibpg.eu/filmteam-dev/system/core/viewaccessabledata.php on line 306

24.06.2012 - 20:48: DEPRECATED: ViewAccessableData::_count is marked as DEPRECATED in /var/www/vhosts/ibpg.eu/filmteam-dev/system/core/viewaccessabledata.php on line 306

24.06.2012 - 20:48: DEPRECATED: ViewAccessableData::_count is marked as DEPRECATED in /var/www/vhosts/ibpg.eu/filmteam-dev/system/core/viewaccessabledata.php on line 306

24.06.2012 - 20:48: DEPRECATED: ViewAccessableData::_count is marked as DEPRECATED in /var/www/vhosts/ibpg.eu/filmteam-dev/system/core/viewaccessabledata.php on line 306

24.06.2012 - 20:48: DEPRECATED: ViewAccessableData::_count is marked as DEPRECATED in /var/www/vhosts/ibpg.eu/filmteam-dev/system/core/viewaccessabledata.php on line 306

24.06.2012 - 20:48: DEPRECATED: ViewAccessableData::_count is marked as DEPRECATED in /var/www/vhosts/ibpg.eu/filmteam-dev/system/core/viewaccessabledata.php on line 306

24.06.2012 - 20:48: DEPRECATED: ViewAccessableData::_count is marked as DEPRECATED in /var/www/vhosts/ibpg.eu/filmteam-dev/system/core/viewaccessabledata.php on line 306

24.06.2012 - 20:48: DEPRECATED: ViewAccessableData::_count is marked as DEPRECATED in /var/www/vhosts/ibpg.eu/filmteam-dev/system/core/viewaccessabledata.php on line 306

24.06.2012 - 20:48: DEPRECATED: ViewAccessableData::_count is marked as DEPRECATED in /var/www/vhosts/ibpg.eu/filmteam-dev/system/core/viewaccessabledata.php on line 306

24.06.2012 - 20:48: DEPRECATED: ViewAccessableData::_count is marked as DEPRECATED in /var/www/vhosts/ibpg.eu/filmteam-dev/system/core/viewaccessabledata.php on line 306

24.06.2012 - 20:48: DEPRECATED: ViewAccessableData::_count is marked as DEPRECATED in /var/www/vhosts/ibpg.eu/filmteam-dev/system/core/viewaccessabledata.php on line 306

24.06.2012 - 20:48: DEPRECATED: ViewAccessableData::_count is marked as DEPRECATED in /var/www/vhosts/ibpg.eu/filmteam-dev/system/core/viewaccessabledata.php on line 306

24.06.2012 - 20:48: DEPRECATED: ViewAccessableData::_count is marked as DEPRECATED in /var/www/vhosts/ibpg.eu/filmteam-dev/system/core/viewaccessabledata.php on line 306

24.06.2012 - 20:48: DEPRECATED: ViewAccessableData::_count is marked as DEPRECATED in /var/www/vhosts/ibpg.eu/filmteam-dev/system/core/viewaccessabledata.php on line 306

24.06.2012 - 20:48: DEPRECATED: ViewAccessableData::_count is marked as DEPRECATED in /var/www/vhosts/ibpg.eu/filmteam-dev/system/core/viewaccessabledata.php on line 306

24.06.2012 - 20:48: DEPRECATED: ViewAccessableData::_count is marked as DEPRECATED in /var/www/vhosts/ibpg.eu/filmteam-dev/system/core/viewaccessabledata.php on line 306

24.06.2012 - 20:48: DEPRECATED: ViewAccessableData::_count is marked as DEPRECATED in /var/www/vhosts/ibpg.eu/filmteam-dev/system/core/viewaccessabledata.php on line 306

24.06.2012 - 20:48: DEPRECATED: ViewAccessableData::_count is marked as DEPRECATED in /var/www/vhosts/ibpg.eu/filmteam-dev/system/core/viewaccessabledata.php on line 306

24.06.2012 - 20:48: DEPRECATED: ViewAccessableData::_count is marked as DEPRECATED in /var/www/vhosts/ibpg.eu/filmteam-dev/system/core/viewaccessabledata.php on line 306

24.06.2012 - 20:48: DEPRECATED: ViewAccessableData::_count is marked as DEPRECATED in /var/www/vhosts/ibpg.eu/filmteam-dev/system/core/viewaccessabledata.php on line 306

24.06.2012 - 20:48: DEPRECATED: ViewAccessableData::_count is marked as DEPRECATED in /var/www/vhosts/ibpg.eu/filmteam-dev/system/core/viewaccessabledata.php on line 306

24.06.2012 - 20:48: DEPRECATED: ViewAccessableData::_count is marked as DEPRECATED in /var/www/vhosts/ibpg.eu/filmteam-dev/system/core/viewaccessabledata.php on line 306

24.06.2012 - 20:48: DEPRECATED: ViewAccessableData::_count is marked as DEPRECATED in /var/www/vhosts/ibpg.eu/filmteam-dev/system/core/viewaccessabledata.php on line 306

24.06.2012 - 20:48: DEPRECATED: ViewAccessableData::_count is marked as DEPRECATED in /var/www/vhosts/ibpg.eu/filmteam-dev/system/core/viewaccessabledata.php on line 306

24.06.2012 - 20:48: DEPRECATED: ViewAccessableData::_count is marked as DEPRECATED in /var/www/vhosts/ibpg.eu/filmteam-dev/system/core/viewaccessabledata.php on line 306

24.06.2012 - 20:48: DEPRECATED: ViewAccessableData::_count is marked as DEPRECATED in /var/www/vhosts/ibpg.eu/filmteam-dev/system/core/viewaccessabledata.php on line 306

