19.04.2012 - 17:06: DEPRECATED: ViewAccessableData::_count is marked as DEPRECATED in /var/www/vhosts/ibpg.eu/filmteam-dev/system/core/viewaccessabledata.php on line 314

19.04.2012 - 17:06: DEPRECATED: ViewAccessableData::_count is marked as DEPRECATED in /var/www/vhosts/ibpg.eu/filmteam-dev/system/core/viewaccessabledata.php on line 314

19.04.2012 - 17:06: DEPRECATED: ViewAccessableData::_count is marked as DEPRECATED in /var/www/vhosts/ibpg.eu/filmteam-dev/system/core/viewaccessabledata.php on line 314

19.04.2012 - 17:06: DEPRECATED: ViewAccessableData::_count is marked as DEPRECATED in /var/www/vhosts/ibpg.eu/filmteam-dev/system/core/viewaccessabledata.php on line 314

19.04.2012 - 17:06: DEPRECATED: ViewAccessableData::_count is marked as DEPRECATED in /var/www/vhosts/ibpg.eu/filmteam-dev/system/core/viewaccessabledata.php on line 314

19.04.2012 - 17:06: DEPRECATED: ViewAccessableData::_count is marked as DEPRECATED in /var/www/vhosts/ibpg.eu/filmteam-dev/system/core/viewaccessabledata.php on line 314

19.04.2012 - 17:06: DEPRECATED: ViewAccessableData::_count is marked as DEPRECATED in /var/www/vhosts/ibpg.eu/filmteam-dev/system/core/viewaccessabledata.php on line 314

19.04.2012 - 17:06: DEPRECATED: ViewAccessableData::_count is marked as DEPRECATED in /var/www/vhosts/ibpg.eu/filmteam-dev/system/core/viewaccessabledata.php on line 314

19.04.2012 - 17:06: DEPRECATED: ViewAccessableData::_count is marked as DEPRECATED in /var/www/vhosts/ibpg.eu/filmteam-dev/system/core/viewaccessabledata.php on line 314

19.04.2012 - 17:06: DEPRECATED: ViewAccessableData::_count is marked as DEPRECATED in /var/www/vhosts/ibpg.eu/filmteam-dev/system/core/viewaccessabledata.php on line 314

19.04.2012 - 17:06: DEPRECATED: ViewAccessableData::_count is marked as DEPRECATED in /var/www/vhosts/ibpg.eu/filmteam-dev/system/core/viewaccessabledata.php on line 314

19.04.2012 - 17:06: DEPRECATED: ViewAccessableData::_count is marked as DEPRECATED in /var/www/vhosts/ibpg.eu/filmteam-dev/system/core/viewaccessabledata.php on line 314

19.04.2012 - 17:06: DEPRECATED: ViewAccessableData::_count is marked as DEPRECATED in /var/www/vhosts/ibpg.eu/filmteam-dev/system/core/viewaccessabledata.php on line 314

19.04.2012 - 17:06: DEPRECATED: ViewAccessableData::_count is marked as DEPRECATED in /var/www/vhosts/ibpg.eu/filmteam-dev/system/core/viewaccessabledata.php on line 314

19.04.2012 - 17:06: DEPRECATED: ViewAccessableData::_count is marked as DEPRECATED in /var/www/vhosts/ibpg.eu/filmteam-dev/system/core/viewaccessabledata.php on line 314

19.04.2012 - 17:06: DEPRECATED: ViewAccessableData::_count is marked as DEPRECATED in /var/www/vhosts/ibpg.eu/filmteam-dev/system/core/viewaccessabledata.php on line 314

19.04.2012 - 17:06: DEPRECATED: ViewAccessableData::_count is marked as DEPRECATED in /var/www/vhosts/ibpg.eu/filmteam-dev/system/core/viewaccessabledata.php on line 314

19.04.2012 - 17:06: DEPRECATED: ViewAccessableData::_count is marked as DEPRECATED in /var/www/vhosts/ibpg.eu/filmteam-dev/system/core/viewaccessabledata.php on line 314

19.04.2012 - 17:06: DEPRECATED: ViewAccessableData::_count is marked as DEPRECATED in /var/www/vhosts/ibpg.eu/filmteam-dev/system/core/viewaccessabledata.php on line 314

19.04.2012 - 17:06: DEPRECATED: ViewAccessableData::_count is marked as DEPRECATED in /var/www/vhosts/ibpg.eu/filmteam-dev/system/core/viewaccessabledata.php on line 314

19.04.2012 - 17:15: DEPRECATED: ViewAccessableData::_count is marked as DEPRECATED in /var/www/vhosts/ibpg.eu/filmteam-dev/system/core/viewaccessabledata.php on line 314

19.04.2012 - 17:15: DEPRECATED: ViewAccessableData::_count is marked as DEPRECATED in /var/www/vhosts/ibpg.eu/filmteam-dev/system/core/viewaccessabledata.php on line 314

19.04.2012 - 17:15: DEPRECATED: ViewAccessableData::_count is marked as DEPRECATED in /var/www/vhosts/ibpg.eu/filmteam-dev/system/core/viewaccessabledata.php on line 314

19.04.2012 - 17:15: DEPRECATED: ViewAccessableData::_count is marked as DEPRECATED in /var/www/vhosts/ibpg.eu/filmteam-dev/system/core/viewaccessabledata.php on line 314

19.04.2012 - 17:15: DEPRECATED: ViewAccessableData::_count is marked as DEPRECATED in /var/www/vhosts/ibpg.eu/filmteam-dev/system/core/viewaccessabledata.php on line 314

19.04.2012 - 17:15: DEPRECATED: ViewAccessableData::_count is marked as DEPRECATED in /var/www/vhosts/ibpg.eu/filmteam-dev/system/core/viewaccessabledata.php on line 314

19.04.2012 - 17:15: DEPRECATED: ViewAccessableData::_count is marked as DEPRECATED in /var/www/vhosts/ibpg.eu/filmteam-dev/system/core/viewaccessabledata.php on line 314

19.04.2012 - 17:15: DEPRECATED: ViewAccessableData::_count is marked as DEPRECATED in /var/www/vhosts/ibpg.eu/filmteam-dev/system/core/viewaccessabledata.php on line 314

19.04.2012 - 17:15: DEPRECATED: ViewAccessableData::_count is marked as DEPRECATED in /var/www/vhosts/ibpg.eu/filmteam-dev/system/core/viewaccessabledata.php on line 314

19.04.2012 - 17:15: DEPRECATED: ViewAccessableData::_count is marked as DEPRECATED in /var/www/vhosts/ibpg.eu/filmteam-dev/system/core/viewaccessabledata.php on line 314

19.04.2012 - 17:17: DEPRECATED: ViewAccessableData::_count is marked as DEPRECATED in /var/www/vhosts/ibpg.eu/filmteam-dev/system/core/viewaccessabledata.php on line 314

19.04.2012 - 17:17: DEPRECATED: ViewAccessableData::_count is marked as DEPRECATED in /var/www/vhosts/ibpg.eu/filmteam-dev/system/core/viewaccessabledata.php on line 314

19.04.2012 - 17:17: DEPRECATED: ViewAccessableData::_count is marked as DEPRECATED in /var/www/vhosts/ibpg.eu/filmteam-dev/system/core/viewaccessabledata.php on line 314

19.04.2012 - 17:17: DEPRECATED: ViewAccessableData::_count is marked as DEPRECATED in /var/www/vhosts/ibpg.eu/filmteam-dev/system/core/viewaccessabledata.php on line 314

19.04.2012 - 17:17: DEPRECATED: ViewAccessableData::_count is marked as DEPRECATED in /var/www/vhosts/ibpg.eu/filmteam-dev/system/core/viewaccessabledata.php on line 314

19.04.2012 - 17:17: DEPRECATED: ViewAccessableData::_count is marked as DEPRECATED in /var/www/vhosts/ibpg.eu/filmteam-dev/system/core/viewaccessabledata.php on line 314

19.04.2012 - 17:17: DEPRECATED: ViewAccessableData::_count is marked as DEPRECATED in /var/www/vhosts/ibpg.eu/filmteam-dev/system/core/viewaccessabledata.php on line 314

19.04.2012 - 17:17: DEPRECATED: ViewAccessableData::_count is marked as DEPRECATED in /var/www/vhosts/ibpg.eu/filmteam-dev/system/core/viewaccessabledata.php on line 314

19.04.2012 - 17:17: DEPRECATED: ViewAccessableData::_count is marked as DEPRECATED in /var/www/vhosts/ibpg.eu/filmteam-dev/system/core/viewaccessabledata.php on line 314

19.04.2012 - 17:17: DEPRECATED: ViewAccessableData::_count is marked as DEPRECATED in /var/www/vhosts/ibpg.eu/filmteam-dev/system/core/viewaccessabledata.php on line 314

19.04.2012 - 17:50: Code: 7, Name: Could not open Templatefile, Details: Could not open install/selectApp.html., URL: /install/install/

19.04.2012 - 17:58: Code: 7, Name: Could not open Templatefile, Details: Could not open install/selectApp.html., URL: /install/install/

19.04.2012 - 17:58: Code: 6, Name: PHP-Error, Details: Could not find Softwaretype 'framework'., URL: /install/install/?flush

19.04.2012 - 18:00: Could not open GFS system/installer/backup/syncStatus. Malformed file.

19.04.2012 - 18:00: Could not open GFS system/installer/backup/syncStatus_1.1. Malformed file.

19.04.2012 - 18:00: Code: 6, Name: PHP-Error, Details: Could not find Softwaretype 'framework'., URL: /install/install/?flush

19.04.2012 - 18:01: Code: 6, Name: PHP-Error, Details: Could not find Softwaretype 'framework'., URL: /install/install/

19.04.2012 - 18:01: Could not open GFS system/installer/backup/syncStatus. Malformed file.

19.04.2012 - 18:01: Could not open GFS system/installer/backup/syncStatus_1.1. Malformed file.

19.04.2012 - 18:01: Code: 6, Name: PHP-Error, Details: Could not find Softwaretype 'framework'., URL: /install/install/?flush

19.04.2012 - 18:02: Code: 6, Name: PHP-Error, Details: Could not find Softwaretype 'framework'., URL: /install/install/?flush

19.04.2012 - 18:02: Could not open GFS system/installer/backup/syncStatus. Malformed file.

19.04.2012 - 18:02: Could not open GFS system/installer/backup/syncStatus_1.1. Malformed file.

19.04.2012 - 18:02: Code: 6, Name: PHP-Error, Details: Could not find Softwaretype 'framework'., URL: /install/install/?flush

19.04.2012 - 18:03: Code: 6, Name: PHP-Error, Details: Could not find Softwaretype 'framework'., URL: /install/install/?flush

19.04.2012 - 18:04: Could not open GFS system/installer/backup/syncStatus. Malformed file.

19.04.2012 - 18:04: Could not open GFS system/installer/backup/syncStatus_1.1. Malformed file.

19.04.2012 - 18:04: Code: 6, Name: PHP-Error, Details: Could not find Softwaretype 'framework'., URL: /install/install/?flush

19.04.2012 - 18:05: Code: 6, Name: PHP-Error, Details: Could not find Softwaretype 'framework'., URL: /install/install/?flush

19.04.2012 - 18:05: Could not open GFS system/installer/backup/syncStatus. Malformed file.

19.04.2012 - 18:05: Could not open GFS system/installer/backup/syncStatus_1.1. Malformed file.

19.04.2012 - 18:05: Code: 6, Name: PHP-Error, Details: Could not find Softwaretype 'framework'., URL: /install/install/?flush

19.04.2012 - 18:06: Code: 6, Name: PHP-Error, Details: Could not find Softwaretype 'framework'., URL: /install/install/?flush

19.04.2012 - 18:07: Could not open GFS system/installer/backup/syncStatus. Malformed file.

19.04.2012 - 18:07: Could not open GFS system/installer/backup/syncStatus_1.1. Malformed file.

19.04.2012 - 18:07: Code: 6, Name: PHP-Error, Details: Could not find Softwaretype 'framework'., URL: /install/install/?flush

19.04.2012 - 18:07: Code: 6, Name: PHP-Error, Details: Could not find Softwaretype 'framework'., URL: /install/install/

19.04.2012 - 18:22: Could not open GFS system/installer/backup/syncStatus. Malformed file.

19.04.2012 - 18:22: Could not open GFS system/installer/backup/syncStatus_1.1. Malformed file.

19.04.2012 - 18:22: Code: 6, Name: PHP-Error, Details: Could not find Softwaretype 'framework'., URL: /install/install/?flush

