05.12.2011 - 16:34: Warning: Call to undefined method admin::content in /var/www/vhosts/ibpg.eu/filmteam-dev/system/core/viewaccessabledata.php on line 627

05.12.2011 - 16:34: Warning: Call to undefined method admin::content in /var/www/vhosts/ibpg.eu/filmteam-dev/system/core/viewaccessabledata.php on line 627

05.12.2011 - 16:34: Warning: Call to undefined method boxpage::wholedata in /var/www/vhosts/ibpg.eu/filmteam-dev/system/core/DataObject/DataObject.php on line 2167

05.12.2011 - 16:34: Warning: Call to undefined method boxpage::wholedata in /var/www/vhosts/ibpg.eu/filmteam-dev/system/core/DataObject/DataObject.php on line 2167

05.12.2011 - 16:34: Warning: Call to undefined method boxpage::wholedata in /var/www/vhosts/ibpg.eu/filmteam-dev/system/core/DataObject/DataObject.php on line 2167

05.12.2011 - 16:34: Warning: Call to undefined method boxpage::wholedata in /var/www/vhosts/ibpg.eu/filmteam-dev/system/core/DataObject/DataObject.php on line 2167

05.12.2011 - 16:34: Warning: Call to undefined method boxpage::ratingbar in /var/www/vhosts/ibpg.eu/filmteam-dev/system/core/DataObject/DataObject.php on line 2167

05.12.2011 - 16:55: Warning: Call to undefined method boxpage::wholedata in /var/www/vhosts/ibpg.eu/filmteam-dev/system/core/DataObject/DataObject.php on line 2167

05.12.2011 - 16:55: Warning: Call to undefined method boxpage::wholedata in /var/www/vhosts/ibpg.eu/filmteam-dev/system/core/DataObject/DataObject.php on line 2167

05.12.2011 - 16:55: Warning: Call to undefined method boxpage::wholedata in /var/www/vhosts/ibpg.eu/filmteam-dev/system/core/DataObject/DataObject.php on line 2167

05.12.2011 - 16:55: Warning: Call to undefined method boxpage::wholedata in /var/www/vhosts/ibpg.eu/filmteam-dev/system/core/DataObject/DataObject.php on line 2167

05.12.2011 - 16:55: Warning: Call to undefined method boxpage::ratingbar in /var/www/vhosts/ibpg.eu/filmteam-dev/system/core/DataObject/DataObject.php on line 2167

05.12.2011 - 16:55: Warning: Call to undefined method errorpage::wholedata in /var/www/vhosts/ibpg.eu/filmteam-dev/system/core/DataObject/DataObject.php on line 2167

05.12.2011 - 16:55: Warning: Call to undefined method errorpage::wholedata in /var/www/vhosts/ibpg.eu/filmteam-dev/system/core/DataObject/DataObject.php on line 2167

05.12.2011 - 16:55: Warning: Call to undefined method errorpage::wholedata in /var/www/vhosts/ibpg.eu/filmteam-dev/system/core/DataObject/DataObject.php on line 2167

05.12.2011 - 16:55: Warning: Call to undefined method errorpage::wholedata in /var/www/vhosts/ibpg.eu/filmteam-dev/system/core/DataObject/DataObject.php on line 2167

05.12.2011 - 16:55: Warning: Call to undefined method boxpage::wholedata in /var/www/vhosts/ibpg.eu/filmteam-dev/system/core/DataObject/DataObject.php on line 2167

05.12.2011 - 16:55: Warning: Call to undefined method boxpage::wholedata in /var/www/vhosts/ibpg.eu/filmteam-dev/system/core/DataObject/DataObject.php on line 2167

05.12.2011 - 16:55: Warning: Call to undefined method boxpage::wholedata in /var/www/vhosts/ibpg.eu/filmteam-dev/system/core/DataObject/DataObject.php on line 2167

05.12.2011 - 16:55: Warning: Call to undefined method boxpage::wholedata in /var/www/vhosts/ibpg.eu/filmteam-dev/system/core/DataObject/DataObject.php on line 2167

05.12.2011 - 16:55: Warning: Call to undefined method boxpage::ratingbar in /var/www/vhosts/ibpg.eu/filmteam-dev/system/core/DataObject/DataObject.php on line 2167

05.12.2011 - 16:55: Warning: Call to undefined method boxpage::wholedata in /var/www/vhosts/ibpg.eu/filmteam-dev/system/core/DataObject/DataObject.php on line 2167

05.12.2011 - 16:55: Warning: Call to undefined method boxpage::wholedata in /var/www/vhosts/ibpg.eu/filmteam-dev/system/core/DataObject/DataObject.php on line 2167

05.12.2011 - 16:55: Warning: Call to undefined method boxpage::wholedata in /var/www/vhosts/ibpg.eu/filmteam-dev/system/core/DataObject/DataObject.php on line 2167

05.12.2011 - 16:55: Warning: Call to undefined method boxpage::wholedata in /var/www/vhosts/ibpg.eu/filmteam-dev/system/core/DataObject/DataObject.php on line 2167

05.12.2011 - 16:55: Warning: Call to undefined method boxpage::ratingbar in /var/www/vhosts/ibpg.eu/filmteam-dev/system/core/DataObject/DataObject.php on line 2167

05.12.2011 - 16:55: Warning: Call to undefined method viewaccessabledata::header in /var/www/vhosts/ibpg.eu/filmteam-dev/system/core/viewaccessabledata.php on line 588

05.12.2011 - 16:55: Warning: Call to undefined method viewaccessabledata::header in /var/www/vhosts/ibpg.eu/filmteam-dev/system/core/viewaccessabledata.php on line 588

05.12.2011 - 16:55: Warning: Call to undefined method boxpage::wholedata in /var/www/vhosts/ibpg.eu/filmteam-dev/system/core/DataObject/DataObject.php on line 2167

05.12.2011 - 16:55: Warning: Call to undefined method boxpage::wholedata in /var/www/vhosts/ibpg.eu/filmteam-dev/system/core/DataObject/DataObject.php on line 2167

05.12.2011 - 16:55: Warning: Call to undefined method boxpage::wholedata in /var/www/vhosts/ibpg.eu/filmteam-dev/system/core/DataObject/DataObject.php on line 2167

05.12.2011 - 16:55: Warning: Call to undefined method boxpage::wholedata in /var/www/vhosts/ibpg.eu/filmteam-dev/system/core/DataObject/DataObject.php on line 2167

05.12.2011 - 16:55: Warning: Call to undefined method boxpage::ratingbar in /var/www/vhosts/ibpg.eu/filmteam-dev/system/core/DataObject/DataObject.php on line 2167

05.12.2011 - 16:57: Warning: Call to undefined method boxpage::wholedata in /var/www/vhosts/ibpg.eu/filmteam-dev/system/core/DataObject/DataObject.php on line 2167

05.12.2011 - 16:57: Warning: Call to undefined method boxpage::wholedata in /var/www/vhosts/ibpg.eu/filmteam-dev/system/core/DataObject/DataObject.php on line 2167

05.12.2011 - 16:57: Warning: Call to undefined method boxpage::wholedata in /var/www/vhosts/ibpg.eu/filmteam-dev/system/core/DataObject/DataObject.php on line 2167

05.12.2011 - 16:57: Warning: Call to undefined method boxpage::wholedata in /var/www/vhosts/ibpg.eu/filmteam-dev/system/core/DataObject/DataObject.php on line 2167

05.12.2011 - 16:57: Warning: Call to undefined method boxpage::ratingbar in /var/www/vhosts/ibpg.eu/filmteam-dev/system/core/DataObject/DataObject.php on line 2167

05.12.2011 - 17:21: Warning: Call to undefined method boxpage::wholedata in /var/www/vhosts/ibpg.eu/filmteam-dev/system/core/DataObject/DataObject.php on line 2167

05.12.2011 - 17:21: Warning: Call to undefined method boxpage::wholedata in /var/www/vhosts/ibpg.eu/filmteam-dev/system/core/DataObject/DataObject.php on line 2167

05.12.2011 - 17:21: Warning: Call to undefined method boxpage::wholedata in /var/www/vhosts/ibpg.eu/filmteam-dev/system/core/DataObject/DataObject.php on line 2167

05.12.2011 - 17:21: Warning: Call to undefined method boxpage::wholedata in /var/www/vhosts/ibpg.eu/filmteam-dev/system/core/DataObject/DataObject.php on line 2167

05.12.2011 - 17:21: Warning: Call to undefined method boxpage::ratingbar in /var/www/vhosts/ibpg.eu/filmteam-dev/system/core/DataObject/DataObject.php on line 2167

05.12.2011 - 18:35: Warning: Call to undefined method boxpage::wholedata in /var/www/vhosts/ibpg.eu/filmteam-dev/system/core/DataObject/DataObject.php on line 2167

05.12.2011 - 18:35: Warning: Call to undefined method boxpage::wholedata in /var/www/vhosts/ibpg.eu/filmteam-dev/system/core/DataObject/DataObject.php on line 2167

05.12.2011 - 18:35: Warning: Call to undefined method boxpage::wholedata in /var/www/vhosts/ibpg.eu/filmteam-dev/system/core/DataObject/DataObject.php on line 2167

05.12.2011 - 18:35: Warning: Call to undefined method boxpage::wholedata in /var/www/vhosts/ibpg.eu/filmteam-dev/system/core/DataObject/DataObject.php on line 2167

05.12.2011 - 18:35: Warning: Call to undefined method boxpage::ratingbar in /var/www/vhosts/ibpg.eu/filmteam-dev/system/core/DataObject/DataObject.php on line 2167

05.12.2011 - 18:59: Warning: Call to undefined method boxpage::wholedata in /var/www/vhosts/ibpg.eu/filmteam-dev/system/core/DataObject/DataObject.php on line 2167

05.12.2011 - 18:59: Warning: Call to undefined method boxpage::wholedata in /var/www/vhosts/ibpg.eu/filmteam-dev/system/core/DataObject/DataObject.php on line 2167

05.12.2011 - 18:59: Warning: Call to undefined method boxpage::wholedata in /var/www/vhosts/ibpg.eu/filmteam-dev/system/core/DataObject/DataObject.php on line 2167

05.12.2011 - 18:59: Warning: Call to undefined method boxpage::wholedata in /var/www/vhosts/ibpg.eu/filmteam-dev/system/core/DataObject/DataObject.php on line 2167

05.12.2011 - 18:59: Warning: Call to undefined method boxpage::ratingbar in /var/www/vhosts/ibpg.eu/filmteam-dev/system/core/DataObject/DataObject.php on line 2167

05.12.2011 - 19:57: Warning: Call to undefined method boxpage::wholedata in /var/www/vhosts/ibpg.eu/filmteam-dev/system/core/DataObject/DataObject.php on line 2167

05.12.2011 - 19:57: Warning: Call to undefined method boxpage::wholedata in /var/www/vhosts/ibpg.eu/filmteam-dev/system/core/DataObject/DataObject.php on line 2167

05.12.2011 - 19:57: Warning: Call to undefined method boxpage::wholedata in /var/www/vhosts/ibpg.eu/filmteam-dev/system/core/DataObject/DataObject.php on line 2167

05.12.2011 - 19:57: Warning: Call to undefined method boxpage::wholedata in /var/www/vhosts/ibpg.eu/filmteam-dev/system/core/DataObject/DataObject.php on line 2167

05.12.2011 - 19:57: Warning: Call to undefined method boxpage::ratingbar in /var/www/vhosts/ibpg.eu/filmteam-dev/system/core/DataObject/DataObject.php on line 2167

05.12.2011 - 19:58: Warning: Call to undefined method articlecategory::_GET_articlepage in /var/www/vhosts/ibpg.eu/filmteam-dev/system/core/DataObject/DataObject.php on line 2167

05.12.2011 - 19:58: Warning: Call to undefined method article::limits in /var/www/vhosts/ibpg.eu/filmteam-dev/system/core/DataObject/DataObjectSet.php on line 1310

05.12.2011 - 19:58: Warning: Call to undefined method viewaccessabledata::active in /var/www/vhosts/ibpg.eu/filmteam-dev/system/core/viewaccessabledata.php on line 627

05.12.2011 - 19:58: Warning: Call to undefined method viewaccessabledata::active in /var/www/vhosts/ibpg.eu/filmteam-dev/system/core/viewaccessabledata.php on line 627

05.12.2011 - 19:58: Warning: Call to undefined method articlecategory::wholedata in /var/www/vhosts/ibpg.eu/filmteam-dev/system/core/DataObject/DataObject.php on line 2167

05.12.2011 - 19:58: Warning: Call to undefined method articlecategory::wholedata in /var/www/vhosts/ibpg.eu/filmteam-dev/system/core/DataObject/DataObject.php on line 2167

05.12.2011 - 19:58: Warning: Call to undefined method articlecategory::wholedata in /var/www/vhosts/ibpg.eu/filmteam-dev/system/core/DataObject/DataObject.php on line 2167

05.12.2011 - 19:58: Warning: Call to undefined method articlecategory::wholedata in /var/www/vhosts/ibpg.eu/filmteam-dev/system/core/DataObject/DataObject.php on line 2167

05.12.2011 - 19:58: Warning: Call to undefined method boxpage::wholedata in /var/www/vhosts/ibpg.eu/filmteam-dev/system/core/DataObject/DataObject.php on line 2167

05.12.2011 - 19:58: Warning: Call to undefined method boxpage::wholedata in /var/www/vhosts/ibpg.eu/filmteam-dev/system/core/DataObject/DataObject.php on line 2167

05.12.2011 - 19:58: Warning: Call to undefined method boxpage::wholedata in /var/www/vhosts/ibpg.eu/filmteam-dev/system/core/DataObject/DataObject.php on line 2167

05.12.2011 - 19:58: Warning: Call to undefined method boxpage::wholedata in /var/www/vhosts/ibpg.eu/filmteam-dev/system/core/DataObject/DataObject.php on line 2167

05.12.2011 - 19:58: Warning: Call to undefined method boxpage::ratingbar in /var/www/vhosts/ibpg.eu/filmteam-dev/system/core/DataObject/DataObject.php on line 2167

05.12.2011 - 20:06: Warning: Call to undefined method boxpage::wholedata in /var/www/vhosts/ibpg.eu/filmteam-dev/system/core/DataObject/DataObject.php on line 2167

05.12.2011 - 20:06: Warning: Call to undefined method boxpage::wholedata in /var/www/vhosts/ibpg.eu/filmteam-dev/system/core/DataObject/DataObject.php on line 2167

05.12.2011 - 20:06: Warning: Call to undefined method boxpage::wholedata in /var/www/vhosts/ibpg.eu/filmteam-dev/system/core/DataObject/DataObject.php on line 2167

05.12.2011 - 20:06: Warning: Call to undefined method boxpage::wholedata in /var/www/vhosts/ibpg.eu/filmteam-dev/system/core/DataObject/DataObject.php on line 2167

05.12.2011 - 20:06: Warning: Call to undefined method boxpage::ratingbar in /var/www/vhosts/ibpg.eu/filmteam-dev/system/core/DataObject/DataObject.php on line 2167

05.12.2011 - 21:13: Warning: Call to undefined method boxpage::wholedata in /var/www/vhosts/ibpg.eu/filmteam-dev/system/core/DataObject/DataObject.php on line 2167

05.12.2011 - 21:13: Warning: Call to undefined method boxpage::wholedata in /var/www/vhosts/ibpg.eu/filmteam-dev/system/core/DataObject/DataObject.php on line 2167

05.12.2011 - 21:13: Warning: Call to undefined method boxpage::wholedata in /var/www/vhosts/ibpg.eu/filmteam-dev/system/core/DataObject/DataObject.php on line 2167

05.12.2011 - 21:13: Warning: Call to undefined method boxpage::wholedata in /var/www/vhosts/ibpg.eu/filmteam-dev/system/core/DataObject/DataObject.php on line 2167

05.12.2011 - 21:13: Warning: Call to undefined method boxpage::ratingbar in /var/www/vhosts/ibpg.eu/filmteam-dev/system/core/DataObject/DataObject.php on line 2167

05.12.2011 - 23:02: Warning: Call to undefined method boxpage::wholedata in /var/www/vhosts/ibpg.eu/filmteam-dev/system/core/DataObject/DataObject.php on line 2167

05.12.2011 - 23:02: Warning: Call to undefined method boxpage::wholedata in /var/www/vhosts/ibpg.eu/filmteam-dev/system/core/DataObject/DataObject.php on line 2167

05.12.2011 - 23:02: Warning: Call to undefined method boxpage::wholedata in /var/www/vhosts/ibpg.eu/filmteam-dev/system/core/DataObject/DataObject.php on line 2167

05.12.2011 - 23:02: Warning: Call to undefined method boxpage::wholedata in /var/www/vhosts/ibpg.eu/filmteam-dev/system/core/DataObject/DataObject.php on line 2167

05.12.2011 - 23:02: Warning: Call to undefined method boxpage::ratingbar in /var/www/vhosts/ibpg.eu/filmteam-dev/system/core/DataObject/DataObject.php on line 2167

05.12.2011 - 23:04: Warning: Call to undefined method boxpage::wholedata in /var/www/vhosts/ibpg.eu/filmteam-dev/system/core/DataObject/DataObject.php on line 2167

05.12.2011 - 23:04: Warning: Call to undefined method boxpage::wholedata in /var/www/vhosts/ibpg.eu/filmteam-dev/system/core/DataObject/DataObject.php on line 2167

05.12.2011 - 23:04: Warning: Call to undefined method boxpage::wholedata in /var/www/vhosts/ibpg.eu/filmteam-dev/system/core/DataObject/DataObject.php on line 2167

05.12.2011 - 23:04: Warning: Call to undefined method boxpage::wholedata in /var/www/vhosts/ibpg.eu/filmteam-dev/system/core/DataObject/DataObject.php on line 2167

05.12.2011 - 23:04: Warning: Call to undefined method boxpage::ratingbar in /var/www/vhosts/ibpg.eu/filmteam-dev/system/core/DataObject/DataObject.php on line 2167

05.12.2011 - 23:04: Warning: Call to undefined method errorpage::wholedata in /var/www/vhosts/ibpg.eu/filmteam-dev/system/core/DataObject/DataObject.php on line 2167

05.12.2011 - 23:04: Warning: Call to undefined method errorpage::wholedata in /var/www/vhosts/ibpg.eu/filmteam-dev/system/core/DataObject/DataObject.php on line 2167

05.12.2011 - 23:04: Warning: Call to undefined method errorpage::wholedata in /var/www/vhosts/ibpg.eu/filmteam-dev/system/core/DataObject/DataObject.php on line 2167

05.12.2011 - 23:04: Warning: Call to undefined method errorpage::wholedata in /var/www/vhosts/ibpg.eu/filmteam-dev/system/core/DataObject/DataObject.php on line 2167

05.12.2011 - 23:10: Warning: Call to undefined method boxpage::wholedata in /var/www/vhosts/ibpg.eu/filmteam-dev/system/core/DataObject/DataObject.php on line 2167

05.12.2011 - 23:10: Warning: Call to undefined method boxpage::wholedata in /var/www/vhosts/ibpg.eu/filmteam-dev/system/core/DataObject/DataObject.php on line 2167

05.12.2011 - 23:10: Warning: Call to undefined method boxpage::wholedata in /var/www/vhosts/ibpg.eu/filmteam-dev/system/core/DataObject/DataObject.php on line 2167

05.12.2011 - 23:10: Warning: Call to undefined method boxpage::wholedata in /var/www/vhosts/ibpg.eu/filmteam-dev/system/core/DataObject/DataObject.php on line 2167

05.12.2011 - 23:10: Warning: Call to undefined method boxpage::ratingbar in /var/www/vhosts/ibpg.eu/filmteam-dev/system/core/DataObject/DataObject.php on line 2167

05.12.2011 - 23:10: Warning: Call to undefined method errorpage::wholedata in /var/www/vhosts/ibpg.eu/filmteam-dev/system/core/DataObject/DataObject.php on line 2167

05.12.2011 - 23:10: Warning: Call to undefined method errorpage::wholedata in /var/www/vhosts/ibpg.eu/filmteam-dev/system/core/DataObject/DataObject.php on line 2167

05.12.2011 - 23:10: Warning: Call to undefined method errorpage::wholedata in /var/www/vhosts/ibpg.eu/filmteam-dev/system/core/DataObject/DataObject.php on line 2167

05.12.2011 - 23:10: Warning: Call to undefined method errorpage::wholedata in /var/www/vhosts/ibpg.eu/filmteam-dev/system/core/DataObject/DataObject.php on line 2167

05.12.2011 - 23:10: Warning: Call to undefined method articlecategory::_GET_articlepage in /var/www/vhosts/ibpg.eu/filmteam-dev/system/core/DataObject/DataObject.php on line 2167

05.12.2011 - 23:10: Warning: Call to undefined method article::limits in /var/www/vhosts/ibpg.eu/filmteam-dev/system/core/DataObject/DataObjectSet.php on line 1310

05.12.2011 - 23:10: Warning: Call to undefined method viewaccessabledata::active in /var/www/vhosts/ibpg.eu/filmteam-dev/system/core/viewaccessabledata.php on line 627

05.12.2011 - 23:10: Warning: Call to undefined method viewaccessabledata::active in /var/www/vhosts/ibpg.eu/filmteam-dev/system/core/viewaccessabledata.php on line 627

05.12.2011 - 23:10: Warning: Call to undefined method articlecategory::wholedata in /var/www/vhosts/ibpg.eu/filmteam-dev/system/core/DataObject/DataObject.php on line 2167

05.12.2011 - 23:10: Warning: Call to undefined method articlecategory::wholedata in /var/www/vhosts/ibpg.eu/filmteam-dev/system/core/DataObject/DataObject.php on line 2167

05.12.2011 - 23:10: Warning: Call to undefined method articlecategory::wholedata in /var/www/vhosts/ibpg.eu/filmteam-dev/system/core/DataObject/DataObject.php on line 2167

05.12.2011 - 23:10: Warning: Call to undefined method articlecategory::wholedata in /var/www/vhosts/ibpg.eu/filmteam-dev/system/core/DataObject/DataObject.php on line 2167

05.12.2011 - 23:10: Warning: Call to undefined method article::wholedata in /var/www/vhosts/ibpg.eu/filmteam-dev/system/core/DataObject/DataObject.php on line 2167

05.12.2011 - 23:10: Warning: Call to undefined method article::wholedata in /var/www/vhosts/ibpg.eu/filmteam-dev/system/core/DataObject/DataObject.php on line 2167

05.12.2011 - 23:10: Warning: Call to undefined method pagecomments::id in /var/www/vhosts/ibpg.eu/filmteam-dev/system/core/DataObject/DataObject.php on line 2167

05.12.2011 - 23:10: Warning: Call to undefined method article::wholedata in /var/www/vhosts/ibpg.eu/filmteam-dev/system/core/DataObject/DataObject.php on line 2167

05.12.2011 - 23:10: Warning: Call to undefined method article::wholedata in /var/www/vhosts/ibpg.eu/filmteam-dev/system/core/DataObject/DataObject.php on line 2167

05.12.2011 - 23:10: Warning: Call to undefined method boxpage::wholedata in /var/www/vhosts/ibpg.eu/filmteam-dev/system/core/DataObject/DataObject.php on line 2167

05.12.2011 - 23:10: Warning: Call to undefined method boxpage::wholedata in /var/www/vhosts/ibpg.eu/filmteam-dev/system/core/DataObject/DataObject.php on line 2167

05.12.2011 - 23:10: Warning: Call to undefined method boxpage::wholedata in /var/www/vhosts/ibpg.eu/filmteam-dev/system/core/DataObject/DataObject.php on line 2167

05.12.2011 - 23:10: Warning: Call to undefined method boxpage::wholedata in /var/www/vhosts/ibpg.eu/filmteam-dev/system/core/DataObject/DataObject.php on line 2167

05.12.2011 - 23:10: Warning: Call to undefined method boxpage::ratingbar in /var/www/vhosts/ibpg.eu/filmteam-dev/system/core/DataObject/DataObject.php on line 2167

