Installing new Software.
Information:
Array
(
    [filename] => gomacms.2.0-032.gfs
    [type] => Applikation
    [version] => 2.0-032
    [installtype] => install
    [preflightcode] => Array
        (
            [0] => <?php if(!GFS_Package_Installer::wasUnpacked('/var/www/vhosts/ibpg.eu/filmteam-dev/system/installer/data/apps/gomacms.2.0-032.gfs') || !is_dir('/var/www/vhosts/ibpg.eu/filmteam-dev/system/temp/ec696c26173f7b7d3930deb091ee20cd')) { $gfs = new GFS_Package_installer('/var/www/vhosts/ibpg.eu/filmteam-dev/system/installer/data/apps/gomacms.2.0-032.gfs');$gfs->unpack('/var/www/vhosts/ibpg.eu/filmteam-dev/system/temp/ec696c26173f7b7d3930deb091ee20cd'); } $dbgfs = new GFS('/var/www/vhosts/ibpg.eu/filmteam-dev/system/temp/ec696c26173f7b7d3930deb091ee20cd' . "/database.sgfs"); $dbgfs->unpack('/var/www/vhosts/ibpg.eu/filmteam-dev/system/temp/ec696c26173f7b7d3930deb091ee20cd/backup/MeqF5A1FEGqR9sE-install/', "/database");
        )

    [postflightcode] => Array
        (
            [0] => <?php FileSystem::Delete('/var/www/vhosts/ibpg.eu/filmteam-dev/system/temp/ec696c26173f7b7d3930deb091ee20cd');
            [1] => <?php writeProjectConfig(array (
  'db' => 
  array (
    'user' => 'goma_dev_test',
    'db' => 'goma_dev_test',
    'pass' => 'Da220196:dg1996',
    'host' => 'localhost',
    'prefix' => 'gomacms_',
  ),
), 'mysite');
        )

    [installfolders] => Array
        (
            [source] => /var/www/vhosts/ibpg.eu/filmteam-dev/system/temp/ec696c26173f7b7d3930deb091ee20cd/backup/
            [destination] => /var/www/vhosts/ibpg.eu/filmteam-dev/mysite
        )

    [installable] => 1
    [rand] => V5vjV8e31UnD6cZ2a74C
)



Preflight OK.

Flight:
Moving /var/www/vhosts/ibpg.eu/filmteam-dev/system/temp/ec696c26173f7b7d3930deb091ee20cd/backup to /var/www/vhosts/ibpg.eu/filmteam-dev/mysite.
#: #: /var/www/vhosts/ibpg.eu/filmteam-dev/system/temp/ec696c26173f7b7d3930deb091ee20cd/backup/.htaccess => /var/www/vhosts/ibpg.eu/filmteam-dev/mysite/.htaccess 
#: #: /var/www/vhosts/ibpg.eu/filmteam-dev/system/temp/ec696c26173f7b7d3930deb091ee20cd/backup/MeqF5A1FEGqR9sE-install/Box_statistics.sql => /var/www/vhosts/ibpg.eu/filmteam-dev/mysite/MeqF5A1FEGqR9sE-install/Box_statistics.sql 
#: /var/www/vhosts/ibpg.eu/filmteam-dev/system/temp/ec696c26173f7b7d3930deb091ee20cd/backup/MeqF5A1FEGqR9sE-install/Page_article.sql => /var/www/vhosts/ibpg.eu/filmteam-dev/mysite/MeqF5A1FEGqR9sE-install/Page_article.sql 
#: /var/www/vhosts/ibpg.eu/filmteam-dev/system/temp/ec696c26173f7b7d3930deb091ee20cd/backup/MeqF5A1FEGqR9sE-install/Page_contact.sql => /var/www/vhosts/ibpg.eu/filmteam-dev/mysite/MeqF5A1FEGqR9sE-install/Page_contact.sql 
#: /var/www/vhosts/ibpg.eu/filmteam-dev/system/temp/ec696c26173f7b7d3930deb091ee20cd/backup/MeqF5A1FEGqR9sE-install/Page_errorpage.sql => /var/www/vhosts/ibpg.eu/filmteam-dev/mysite/MeqF5A1FEGqR9sE-install/Page_errorpage.sql 
#: /var/www/vhosts/ibpg.eu/filmteam-dev/system/temp/ec696c26173f7b7d3930deb091ee20cd/backup/MeqF5A1FEGqR9sE-install/backupmodel.sql => /var/www/vhosts/ibpg.eu/filmteam-dev/mysite/MeqF5A1FEGqR9sE-install/backupmodel.sql 
#: /var/www/vhosts/ibpg.eu/filmteam-dev/system/temp/ec696c26173f7b7d3930deb091ee20cd/backup/MeqF5A1FEGqR9sE-install/backupmodel_state.sql => /var/www/vhosts/ibpg.eu/filmteam-dev/mysite/MeqF5A1FEGqR9sE-install/backupmodel_state.sql 
#: /var/www/vhosts/ibpg.eu/filmteam-dev/system/temp/ec696c26173f7b7d3930deb091ee20cd/backup/MeqF5A1FEGqR9sE-install/backupsettings.sql => /var/www/vhosts/ibpg.eu/filmteam-dev/mysite/MeqF5A1FEGqR9sE-install/backupsettings.sql 
#: /var/www/vhosts/ibpg.eu/filmteam-dev/system/temp/ec696c26173f7b7d3930deb091ee20cd/backup/MeqF5A1FEGqR9sE-install/boxes.sql => /var/www/vhosts/ibpg.eu/filmteam-dev/mysite/MeqF5A1FEGqR9sE-install/boxes.sql 
#: /var/www/vhosts/ibpg.eu/filmteam-dev/system/temp/ec696c26173f7b7d3930deb091ee20cd/backup/MeqF5A1FEGqR9sE-install/boxes_state.sql => /var/www/vhosts/ibpg.eu/filmteam-dev/mysite/MeqF5A1FEGqR9sE-install/boxes_state.sql 
#: /var/www/vhosts/ibpg.eu/filmteam-dev/system/temp/ec696c26173f7b7d3930deb091ee20cd/backup/MeqF5A1FEGqR9sE-install/groups.sql => /var/www/vhosts/ibpg.eu/filmteam-dev/mysite/MeqF5A1FEGqR9sE-install/groups.sql 
#: /var/www/vhosts/ibpg.eu/filmteam-dev/system/temp/ec696c26173f7b7d3930deb091ee20cd/backup/MeqF5A1FEGqR9sE-install/groups_state.sql => /var/www/vhosts/ibpg.eu/filmteam-dev/mysite/MeqF5A1FEGqR9sE-install/groups_state.sql 
#: /var/www/vhosts/ibpg.eu/filmteam-dev/system/temp/ec696c26173f7b7d3930deb091ee20cd/backup/MeqF5A1FEGqR9sE-install/imageuploads.sql => /var/www/vhosts/ibpg.eu/filmteam-dev/mysite/MeqF5A1FEGqR9sE-install/imageuploads.sql 
#: /var/www/vhosts/ibpg.eu/filmteam-dev/system/temp/ec696c26173f7b7d3930deb091ee20cd/backup/MeqF5A1FEGqR9sE-install/many_many_pages_edit_groups_group.sql => /var/www/vhosts/ibpg.eu/filmteam-dev/mysite/MeqF5A1FEGqR9sE-install/many_many_pages_edit_groups_group.sql 
#: /var/www/vhosts/ibpg.eu/filmteam-dev/system/temp/ec696c26173f7b7d3930deb091ee20cd/backup/MeqF5A1FEGqR9sE-install/many_many_pages_sliderimages_imageuploads.sql => /var/www/vhosts/ibpg.eu/filmteam-dev/mysite/MeqF5A1FEGqR9sE-install/many_many_pages_sliderimages_imageuploads.sql 
#: /var/www/vhosts/ibpg.eu/filmteam-dev/system/temp/ec696c26173f7b7d3930deb091ee20cd/backup/MeqF5A1FEGqR9sE-install/many_many_pages_viewer_groups_group.sql => /var/www/vhosts/ibpg.eu/filmteam-dev/mysite/MeqF5A1FEGqR9sE-install/many_many_pages_viewer_groups_group.sql 
#: /var/www/vhosts/ibpg.eu/filmteam-dev/system/temp/ec696c26173f7b7d3930deb091ee20cd/backup/MeqF5A1FEGqR9sE-install/many_many_permission_groups_group.sql => /var/www/vhosts/ibpg.eu/filmteam-dev/mysite/MeqF5A1FEGqR9sE-install/many_many_permission_groups_group.sql 
#: /var/www/vhosts/ibpg.eu/filmteam-dev/system/temp/ec696c26173f7b7d3930deb091ee20cd/backup/MeqF5A1FEGqR9sE-install/many_many_user_groups_group.sql => /var/www/vhosts/ibpg.eu/filmteam-dev/mysite/MeqF5A1FEGqR9sE-install/many_many_user_groups_group.sql 
#: /var/www/vhosts/ibpg.eu/filmteam-dev/system/temp/ec696c26173f7b7d3930deb091ee20cd/backup/MeqF5A1FEGqR9sE-install/metasettings.sql => /var/www/vhosts/ibpg.eu/filmteam-dev/mysite/MeqF5A1FEGqR9sE-install/metasettings.sql 
#: /var/www/vhosts/ibpg.eu/filmteam-dev/system/temp/ec696c26173f7b7d3930deb091ee20cd/backup/MeqF5A1FEGqR9sE-install/newsettings.sql => /var/www/vhosts/ibpg.eu/filmteam-dev/mysite/MeqF5A1FEGqR9sE-install/newsettings.sql 
#: /var/www/vhosts/ibpg.eu/filmteam-dev/system/temp/ec696c26173f7b7d3930deb091ee20cd/backup/MeqF5A1FEGqR9sE-install/newsettings_state.sql => /var/www/vhosts/ibpg.eu/filmteam-dev/mysite/MeqF5A1FEGqR9sE-install/newsettings_state.sql 
#: /var/www/vhosts/ibpg.eu/filmteam-dev/system/temp/ec696c26173f7b7d3930deb091ee20cd/backup/MeqF5A1FEGqR9sE-install/pagecomments.sql => /var/www/vhosts/ibpg.eu/filmteam-dev/mysite/MeqF5A1FEGqR9sE-install/pagecomments.sql 
#: /var/www/vhosts/ibpg.eu/filmteam-dev/system/temp/ec696c26173f7b7d3930deb091ee20cd/backup/MeqF5A1FEGqR9sE-install/pagecomments_state.sql => /var/www/vhosts/ibpg.eu/filmteam-dev/mysite/MeqF5A1FEGqR9sE-install/pagecomments_state.sql 
#: /var/www/vhosts/ibpg.eu/filmteam-dev/system/temp/ec696c26173f7b7d3930deb091ee20cd/backup/MeqF5A1FEGqR9sE-install/pages.sql => /var/www/vhosts/ibpg.eu/filmteam-dev/mysite/MeqF5A1FEGqR9sE-install/pages.sql 
#: /var/www/vhosts/ibpg.eu/filmteam-dev/system/temp/ec696c26173f7b7d3930deb091ee20cd/backup/MeqF5A1FEGqR9sE-install/pages_state.sql => /var/www/vhosts/ibpg.eu/filmteam-dev/mysite/MeqF5A1FEGqR9sE-install/pages_state.sql 
#: /var/www/vhosts/ibpg.eu/filmteam-dev/system/temp/ec696c26173f7b7d3930deb091ee20cd/backup/MeqF5A1FEGqR9sE-install/permission.sql => /var/www/vhosts/ibpg.eu/filmteam-dev/mysite/MeqF5A1FEGqR9sE-install/permission.sql 
#: /var/www/vhosts/ibpg.eu/filmteam-dev/system/temp/ec696c26173f7b7d3930deb091ee20cd/backup/MeqF5A1FEGqR9sE-install/permission_state.sql => /var/www/vhosts/ibpg.eu/filmteam-dev/mysite/MeqF5A1FEGqR9sE-install/permission_state.sql 
#: /var/www/vhosts/ibpg.eu/filmteam-dev/system/temp/ec696c26173f7b7d3930deb091ee20cd/backup/MeqF5A1FEGqR9sE-install/pm.sql => /var/www/vhosts/ibpg.eu/filmteam-dev/mysite/MeqF5A1FEGqR9sE-install/pm.sql 
#: /var/www/vhosts/ibpg.eu/filmteam-dev/system/temp/ec696c26173f7b7d3930deb091ee20cd/backup/MeqF5A1FEGqR9sE-install/pm_state.sql => /var/www/vhosts/ibpg.eu/filmteam-dev/mysite/MeqF5A1FEGqR9sE-install/pm_state.sql 
#: /var/www/vhosts/ibpg.eu/filmteam-dev/system/temp/ec696c26173f7b7d3930deb091ee20cd/backup/MeqF5A1FEGqR9sE-install/rating.sql => /var/www/vhosts/ibpg.eu/filmteam-dev/mysite/MeqF5A1FEGqR9sE-install/rating.sql 
#: /var/www/vhosts/ibpg.eu/filmteam-dev/system/temp/ec696c26173f7b7d3930deb091ee20cd/backup/MeqF5A1FEGqR9sE-install/rating_state.sql => /var/www/vhosts/ibpg.eu/filmteam-dev/mysite/MeqF5A1FEGqR9sE-install/rating_state.sql 
#: /var/www/vhosts/ibpg.eu/filmteam-dev/system/temp/ec696c26173f7b7d3930deb091ee20cd/backup/MeqF5A1FEGqR9sE-install/smilies.sql => /var/www/vhosts/ibpg.eu/filmteam-dev/mysite/MeqF5A1FEGqR9sE-install/smilies.sql 
#: /var/www/vhosts/ibpg.eu/filmteam-dev/system/temp/ec696c26173f7b7d3930deb091ee20cd/backup/MeqF5A1FEGqR9sE-install/smilies_state.sql => /var/www/vhosts/ibpg.eu/filmteam-dev/mysite/MeqF5A1FEGqR9sE-install/smilies_state.sql 
#: /var/www/vhosts/ibpg.eu/filmteam-dev/system/temp/ec696c26173f7b7d3930deb091ee20cd/backup/MeqF5A1FEGqR9sE-install/statistics.sql => /var/www/vhosts/ibpg.eu/filmteam-dev/mysite/MeqF5A1FEGqR9sE-install/statistics.sql 
#: /var/www/vhosts/ibpg.eu/filmteam-dev/system/temp/ec696c26173f7b7d3930deb091ee20cd/backup/MeqF5A1FEGqR9sE-install/statistics_state.sql => /var/www/vhosts/ibpg.eu/filmteam-dev/mysite/MeqF5A1FEGqR9sE-install/statistics_state.sql 
#: /var/www/vhosts/ibpg.eu/filmteam-dev/system/temp/ec696c26173f7b7d3930deb091ee20cd/backup/MeqF5A1FEGqR9sE-install/templatesettings.sql => /var/www/vhosts/ibpg.eu/filmteam-dev/mysite/MeqF5A1FEGqR9sE-install/templatesettings.sql 
#: /var/www/vhosts/ibpg.eu/filmteam-dev/system/temp/ec696c26173f7b7d3930deb091ee20cd/backup/MeqF5A1FEGqR9sE-install/uploads.sql => /var/www/vhosts/ibpg.eu/filmteam-dev/mysite/MeqF5A1FEGqR9sE-install/uploads.sql 
#: /var/www/vhosts/ibpg.eu/filmteam-dev/system/temp/ec696c26173f7b7d3930deb091ee20cd/backup/MeqF5A1FEGqR9sE-install/uploads_state.sql => /var/www/vhosts/ibpg.eu/filmteam-dev/mysite/MeqF5A1FEGqR9sE-install/uploads_state.sql 
#: /var/www/vhosts/ibpg.eu/filmteam-dev/system/temp/ec696c26173f7b7d3930deb091ee20cd/backup/MeqF5A1FEGqR9sE-install/users.sql => /var/www/vhosts/ibpg.eu/filmteam-dev/mysite/MeqF5A1FEGqR9sE-install/users.sql 
#: /var/www/vhosts/ibpg.eu/filmteam-dev/system/temp/ec696c26173f7b7d3930deb091ee20cd/backup/MeqF5A1FEGqR9sE-install/users_state.sql => /var/www/vhosts/ibpg.eu/filmteam-dev/mysite/MeqF5A1FEGqR9sE-install/users_state.sql 
#: #: /var/www/vhosts/ibpg.eu/filmteam-dev/system/temp/ec696c26173f7b7d3930deb091ee20cd/backup/application/_config.php => /var/www/vhosts/ibpg.eu/filmteam-dev/mysite/application/_config.php 
#: #: /var/www/vhosts/ibpg.eu/filmteam-dev/system/temp/ec696c26173f7b7d3930deb091ee20cd/backup/application/admin/BackupAdmin.php => /var/www/vhosts/ibpg.eu/filmteam-dev/mysite/application/admin/BackupAdmin.php 
#: /var/www/vhosts/ibpg.eu/filmteam-dev/system/temp/ec696c26173f7b7d3930deb091ee20cd/backup/application/admin/content.php => /var/www/vhosts/ibpg.eu/filmteam-dev/mysite/application/admin/content.php 
#: /var/www/vhosts/ibpg.eu/filmteam-dev/system/temp/ec696c26173f7b7d3930deb091ee20cd/backup/application/admin/settingsAdmin.php => /var/www/vhosts/ibpg.eu/filmteam-dev/mysite/application/admin/settingsAdmin.php 
#: /var/www/vhosts/ibpg.eu/filmteam-dev/system/temp/ec696c26173f7b7d3930deb091ee20cd/backup/application/admin/smilieAdmin.php => /var/www/vhosts/ibpg.eu/filmteam-dev/mysite/application/admin/smilieAdmin.php 
#: /var/www/vhosts/ibpg.eu/filmteam-dev/system/temp/ec696c26173f7b7d3930deb091ee20cd/backup/application/admin/usergroupAdmin.php => /var/www/vhosts/ibpg.eu/filmteam-dev/mysite/application/admin/usergroupAdmin.php 
#: /var/www/vhosts/ibpg.eu/filmteam-dev/system/temp/ec696c26173f7b7d3930deb091ee20cd/backup/application/application.php => /var/www/vhosts/ibpg.eu/filmteam-dev/mysite/application/application.php 
#: #: /var/www/vhosts/ibpg.eu/filmteam-dev/system/temp/ec696c26173f7b7d3930deb091ee20cd/backup/application/control/FrontedController.php => /var/www/vhosts/ibpg.eu/filmteam-dev/mysite/application/control/FrontedController.php 
#: /var/www/vhosts/ibpg.eu/filmteam-dev/system/temp/ec696c26173f7b7d3930deb091ee20cd/backup/application/control/cms_filemanager.php => /var/www/vhosts/ibpg.eu/filmteam-dev/mysite/application/control/cms_filemanager.php 
#: /var/www/vhosts/ibpg.eu/filmteam-dev/system/temp/ec696c26173f7b7d3930deb091ee20cd/backup/application/control/contentcontroller.php => /var/www/vhosts/ibpg.eu/filmteam-dev/mysite/application/control/contentcontroller.php 
#: /var/www/vhosts/ibpg.eu/filmteam-dev/system/temp/ec696c26173f7b7d3930deb091ee20cd/backup/application/control/settingscontroller.php => /var/www/vhosts/ibpg.eu/filmteam-dev/mysite/application/control/settingscontroller.php 
#: /var/www/vhosts/ibpg.eu/filmteam-dev/system/temp/ec696c26173f7b7d3930deb091ee20cd/backup/application/control/welcomeController.php => /var/www/vhosts/ibpg.eu/filmteam-dev/mysite/application/control/welcomeController.php 
#: #: /var/www/vhosts/ibpg.eu/filmteam-dev/system/temp/ec696c26173f7b7d3930deb091ee20cd/backup/application/model/box.php => /var/www/vhosts/ibpg.eu/filmteam-dev/mysite/application/model/box.php 
#: #: /var/www/vhosts/ibpg.eu/filmteam-dev/system/temp/ec696c26173f7b7d3930deb091ee20cd/backup/application/model/boxes/phpbox.php => /var/www/vhosts/ibpg.eu/filmteam-dev/mysite/application/model/boxes/phpbox.php 
#: /var/www/vhosts/ibpg.eu/filmteam-dev/system/temp/ec696c26173f7b7d3930deb091ee20cd/backup/application/model/boxes/statisticbox.php => /var/www/vhosts/ibpg.eu/filmteam-dev/mysite/application/model/boxes/statisticbox.php 
#: /var/www/vhosts/ibpg.eu/filmteam-dev/system/temp/ec696c26173f7b7d3930deb091ee20cd/backup/application/model/boxes.php => /var/www/vhosts/ibpg.eu/filmteam-dev/mysite/application/model/boxes.php 
#: /var/www/vhosts/ibpg.eu/filmteam-dev/system/temp/ec696c26173f7b7d3930deb091ee20cd/backup/application/model/page.php => /var/www/vhosts/ibpg.eu/filmteam-dev/mysite/application/model/page.php 
#: /var/www/vhosts/ibpg.eu/filmteam-dev/system/temp/ec696c26173f7b7d3930deb091ee20cd/backup/application/model/pagecomments.php => /var/www/vhosts/ibpg.eu/filmteam-dev/mysite/application/model/pagecomments.php 
#: #: /var/www/vhosts/ibpg.eu/filmteam-dev/system/temp/ec696c26173f7b7d3930deb091ee20cd/backup/application/model/pages/article.php => /var/www/vhosts/ibpg.eu/filmteam-dev/mysite/application/model/pages/article.php 
#: /var/www/vhosts/ibpg.eu/filmteam-dev/system/temp/ec696c26173f7b7d3930deb091ee20cd/backup/application/model/pages/boxpage.php => /var/www/vhosts/ibpg.eu/filmteam-dev/mysite/application/model/pages/boxpage.php 
#: /var/www/vhosts/ibpg.eu/filmteam-dev/system/temp/ec696c26173f7b7d3930deb091ee20cd/backup/application/model/pages/contact.php => /var/www/vhosts/ibpg.eu/filmteam-dev/mysite/application/model/pages/contact.php 
#: /var/www/vhosts/ibpg.eu/filmteam-dev/system/temp/ec696c26173f7b7d3930deb091ee20cd/backup/application/model/pages/error.php => /var/www/vhosts/ibpg.eu/filmteam-dev/mysite/application/model/pages/error.php 
#: /var/www/vhosts/ibpg.eu/filmteam-dev/system/temp/ec696c26173f7b7d3930deb091ee20cd/backup/application/model/pages/members.php => /var/www/vhosts/ibpg.eu/filmteam-dev/mysite/application/model/pages/members.php 
#: /var/www/vhosts/ibpg.eu/filmteam-dev/system/temp/ec696c26173f7b7d3930deb091ee20cd/backup/application/model/pages/phpPage.php => /var/www/vhosts/ibpg.eu/filmteam-dev/mysite/application/model/pages/phpPage.php 
#: /var/www/vhosts/ibpg.eu/filmteam-dev/system/temp/ec696c26173f7b7d3930deb091ee20cd/backup/application/model/pages/redirectorpage.php => /var/www/vhosts/ibpg.eu/filmteam-dev/mysite/application/model/pages/redirectorpage.php 
#: /var/www/vhosts/ibpg.eu/filmteam-dev/system/temp/ec696c26173f7b7d3930deb091ee20cd/backup/application/model/pages.js => /var/www/vhosts/ibpg.eu/filmteam-dev/mysite/application/model/pages.js 
#: /var/www/vhosts/ibpg.eu/filmteam-dev/system/temp/ec696c26173f7b7d3930deb091ee20cd/backup/application/model/pages.php => /var/www/vhosts/ibpg.eu/filmteam-dev/mysite/application/model/pages.php 
#: #: #: #: #: /var/www/vhosts/ibpg.eu/filmteam-dev/system/temp/ec696c26173f7b7d3930deb091ee20cd/backup/application/plugins/rating/contents/classes/rating.js => /var/www/vhosts/ibpg.eu/filmteam-dev/mysite/application/plugins/rating/contents/classes/rating.js 
#: /var/www/vhosts/ibpg.eu/filmteam-dev/system/temp/ec696c26173f7b7d3930deb091ee20cd/backup/application/plugins/rating/contents/classes/rating.php => /var/www/vhosts/ibpg.eu/filmteam-dev/mysite/application/plugins/rating/contents/classes/rating.php 
#: /var/www/vhosts/ibpg.eu/filmteam-dev/system/temp/ec696c26173f7b7d3930deb091ee20cd/backup/application/plugins/rating/contents/info.plist => /var/www/vhosts/ibpg.eu/filmteam-dev/mysite/application/plugins/rating/contents/info.plist 
#: #: /var/www/vhosts/ibpg.eu/filmteam-dev/system/temp/ec696c26173f7b7d3930deb091ee20cd/backup/application/plugins/rating/contents/languages/de.php => /var/www/vhosts/ibpg.eu/filmteam-dev/mysite/application/plugins/rating/contents/languages/de.php 
#: /var/www/vhosts/ibpg.eu/filmteam-dev/system/temp/ec696c26173f7b7d3930deb091ee20cd/backup/application/plugins/rating/contents/languages/en-us.php => /var/www/vhosts/ibpg.eu/filmteam-dev/mysite/application/plugins/rating/contents/languages/en-us.php 
#: #: /var/www/vhosts/ibpg.eu/filmteam-dev/system/temp/ec696c26173f7b7d3930deb091ee20cd/backup/application/sitefeatures/pm.php => /var/www/vhosts/ibpg.eu/filmteam-dev/mysite/application/sitefeatures/pm.php 
#: /var/www/vhosts/ibpg.eu/filmteam-dev/system/temp/ec696c26173f7b7d3930deb091ee20cd/backup/application/sitefeatures/search.php => /var/www/vhosts/ibpg.eu/filmteam-dev/mysite/application/sitefeatures/search.php 
#: /var/www/vhosts/ibpg.eu/filmteam-dev/system/temp/ec696c26173f7b7d3930deb091ee20cd/backup/application/sitefeatures/smilies.php => /var/www/vhosts/ibpg.eu/filmteam-dev/mysite/application/sitefeatures/smilies.php 
#: #: /var/www/vhosts/ibpg.eu/filmteam-dev/system/temp/ec696c26173f7b7d3930deb091ee20cd/backup/code/slider.php => /var/www/vhosts/ibpg.eu/filmteam-dev/mysite/code/slider.php 
#: #: /var/www/vhosts/ibpg.eu/filmteam-dev/system/temp/ec696c26173f7b7d3930deb091ee20cd/backup/config/paderklicke.plist => /var/www/vhosts/ibpg.eu/filmteam-dev/mysite/config/paderklicke.plist 
#: /var/www/vhosts/ibpg.eu/filmteam-dev/system/temp/ec696c26173f7b7d3930deb091ee20cd/backup/info.plist => /var/www/vhosts/ibpg.eu/filmteam-dev/mysite/info.plist 
#: #: #: /var/www/vhosts/ibpg.eu/filmteam-dev/system/temp/ec696c26173f7b7d3930deb091ee20cd/backup/templates/account/memberlist.html => /var/www/vhosts/ibpg.eu/filmteam-dev/mysite/templates/account/memberlist.html 
#: #: /var/www/vhosts/ibpg.eu/filmteam-dev/system/temp/ec696c26173f7b7d3930deb091ee20cd/backup/templates/admin/columnedadmin.html => /var/www/vhosts/ibpg.eu/filmteam-dev/mysite/templates/admin/columnedadmin.html 
#: /var/www/vhosts/ibpg.eu/filmteam-dev/system/temp/ec696c26173f7b7d3930deb091ee20cd/backup/templates/admin/content_index.html => /var/www/vhosts/ibpg.eu/filmteam-dev/mysite/templates/admin/content_index.html 
#: /var/www/vhosts/ibpg.eu/filmteam-dev/system/temp/ec696c26173f7b7d3930deb091ee20cd/backup/templates/admin/header_userbar.html => /var/www/vhosts/ibpg.eu/filmteam-dev/mysite/templates/admin/header_userbar.html 
#: #: /var/www/vhosts/ibpg.eu/filmteam-dev/system/temp/ec696c26173f7b7d3930deb091ee20cd/backup/templates/admin/images/dragndropinfo.jpg => /var/www/vhosts/ibpg.eu/filmteam-dev/mysite/templates/admin/images/dragndropinfo.jpg 
#: /var/www/vhosts/ibpg.eu/filmteam-dev/system/temp/ec696c26173f7b7d3930deb091ee20cd/backup/templates/admin/images/pfeil.png => /var/www/vhosts/ibpg.eu/filmteam-dev/mysite/templates/admin/images/pfeil.png 
#: /var/www/vhosts/ibpg.eu/filmteam-dev/system/temp/ec696c26173f7b7d3930deb091ee20cd/backup/templates/admin/images/pfeil_active.png => /var/www/vhosts/ibpg.eu/filmteam-dev/mysite/templates/admin/images/pfeil_active.png 
#: /var/www/vhosts/ibpg.eu/filmteam-dev/system/temp/ec696c26173f7b7d3930deb091ee20cd/backup/templates/admin/images/pfeil_active_close.png => /var/www/vhosts/ibpg.eu/filmteam-dev/mysite/templates/admin/images/pfeil_active_close.png 
#: /var/www/vhosts/ibpg.eu/filmteam-dev/system/temp/ec696c26173f7b7d3930deb091ee20cd/backup/templates/admin/images/pfeil_close.png => /var/www/vhosts/ibpg.eu/filmteam-dev/mysite/templates/admin/images/pfeil_close.png 
#: /var/www/vhosts/ibpg.eu/filmteam-dev/system/temp/ec696c26173f7b7d3930deb091ee20cd/backup/templates/admin/images/pfeil_left.png => /var/www/vhosts/ibpg.eu/filmteam-dev/mysite/templates/admin/images/pfeil_left.png 
#: /var/www/vhosts/ibpg.eu/filmteam-dev/system/temp/ec696c26173f7b7d3930deb091ee20cd/backup/templates/admin/images/tree_hover.png => /var/www/vhosts/ibpg.eu/filmteam-dev/mysite/templates/admin/images/tree_hover.png 
#: /var/www/vhosts/ibpg.eu/filmteam-dev/system/temp/ec696c26173f7b7d3930deb091ee20cd/backup/templates/admin/preview.html => /var/www/vhosts/ibpg.eu/filmteam-dev/mysite/templates/admin/preview.html 
#: /var/www/vhosts/ibpg.eu/filmteam-dev/system/temp/ec696c26173f7b7d3930deb091ee20cd/backup/templates/admin/settings.html => /var/www/vhosts/ibpg.eu/filmteam-dev/mysite/templates/admin/settings.html 
#: /var/www/vhosts/ibpg.eu/filmteam-dev/system/temp/ec696c26173f7b7d3930deb091ee20cd/backup/templates/admin/usergroup_index.html => /var/www/vhosts/ibpg.eu/filmteam-dev/mysite/templates/admin/usergroup_index.html 
#: #: /var/www/vhosts/ibpg.eu/filmteam-dev/system/temp/ec696c26173f7b7d3930deb091ee20cd/backup/templates/articlesystem/article.css => /var/www/vhosts/ibpg.eu/filmteam-dev/mysite/templates/articlesystem/article.css 
#: /var/www/vhosts/ibpg.eu/filmteam-dev/system/temp/ec696c26173f7b7d3930deb091ee20cd/backup/templates/articlesystem/article.html => /var/www/vhosts/ibpg.eu/filmteam-dev/mysite/templates/articlesystem/article.html 
#: /var/www/vhosts/ibpg.eu/filmteam-dev/system/temp/ec696c26173f7b7d3930deb091ee20cd/backup/templates/articlesystem/category.html => /var/www/vhosts/ibpg.eu/filmteam-dev/mysite/templates/articlesystem/category.html 
#: #: /var/www/vhosts/ibpg.eu/filmteam-dev/system/temp/ec696c26173f7b7d3930deb091ee20cd/backup/templates/boxes/boxes.css => /var/www/vhosts/ibpg.eu/filmteam-dev/mysite/templates/boxes/boxes.css 
#: /var/www/vhosts/ibpg.eu/filmteam-dev/system/temp/ec696c26173f7b7d3930deb091ee20cd/backup/templates/boxes/boxes.html => /var/www/vhosts/ibpg.eu/filmteam-dev/mysite/templates/boxes/boxes.html 
#: #: /var/www/vhosts/ibpg.eu/filmteam-dev/system/temp/ec696c26173f7b7d3930deb091ee20cd/backup/templates/comments/comments.css => /var/www/vhosts/ibpg.eu/filmteam-dev/mysite/templates/comments/comments.css 
#: /var/www/vhosts/ibpg.eu/filmteam-dev/system/temp/ec696c26173f7b7d3930deb091ee20cd/backup/templates/comments/comments.html => /var/www/vhosts/ibpg.eu/filmteam-dev/mysite/templates/comments/comments.html 
#: /var/www/vhosts/ibpg.eu/filmteam-dev/system/temp/ec696c26173f7b7d3930deb091ee20cd/backup/templates/comments/onecomment.html => /var/www/vhosts/ibpg.eu/filmteam-dev/mysite/templates/comments/onecomment.html 
#: #: /var/www/vhosts/ibpg.eu/filmteam-dev/system/temp/ec696c26173f7b7d3930deb091ee20cd/backup/templates/images/app-icon.png => /var/www/vhosts/ibpg.eu/filmteam-dev/mysite/templates/images/app-icon.png 
#: /var/www/vhosts/ibpg.eu/filmteam-dev/system/temp/ec696c26173f7b7d3930deb091ee20cd/backup/templates/images/boxes_drag_area.png => /var/www/vhosts/ibpg.eu/filmteam-dev/mysite/templates/images/boxes_drag_area.png 
#: #: /var/www/vhosts/ibpg.eu/filmteam-dev/system/temp/ec696c26173f7b7d3930deb091ee20cd/backup/templates/pages/box.html => /var/www/vhosts/ibpg.eu/filmteam-dev/mysite/templates/pages/box.html 
#: /var/www/vhosts/ibpg.eu/filmteam-dev/system/temp/ec696c26173f7b7d3930deb091ee20cd/backup/templates/pages/mod.html => /var/www/vhosts/ibpg.eu/filmteam-dev/mysite/templates/pages/mod.html 
#: /var/www/vhosts/ibpg.eu/filmteam-dev/system/temp/ec696c26173f7b7d3930deb091ee20cd/backup/templates/pages/page.html => /var/www/vhosts/ibpg.eu/filmteam-dev/mysite/templates/pages/page.html 
#: /var/www/vhosts/ibpg.eu/filmteam-dev/system/temp/ec696c26173f7b7d3930deb091ee20cd/backup/templates/pages/search.html => /var/www/vhosts/ibpg.eu/filmteam-dev/mysite/templates/pages/search.html 
#: #: /var/www/vhosts/ibpg.eu/filmteam-dev/system/temp/ec696c26173f7b7d3930deb091ee20cd/backup/templates/pm/inbox.html => /var/www/vhosts/ibpg.eu/filmteam-dev/mysite/templates/pm/inbox.html 
#: /var/www/vhosts/ibpg.eu/filmteam-dev/system/temp/ec696c26173f7b7d3930deb091ee20cd/backup/templates/pm/message.html => /var/www/vhosts/ibpg.eu/filmteam-dev/mysite/templates/pm/message.html 
#: /var/www/vhosts/ibpg.eu/filmteam-dev/system/temp/ec696c26173f7b7d3930deb091ee20cd/backup/templates/pm/pm.css => /var/www/vhosts/ibpg.eu/filmteam-dev/mysite/templates/pm/pm.css 
#: /var/www/vhosts/ibpg.eu/filmteam-dev/system/temp/ec696c26173f7b7d3930deb091ee20cd/backup/templates/pm/thread.html => /var/www/vhosts/ibpg.eu/filmteam-dev/mysite/templates/pm/thread.html 
#: #: /var/www/vhosts/ibpg.eu/filmteam-dev/system/temp/ec696c26173f7b7d3930deb091ee20cd/backup/templates/search/search.html => /var/www/vhosts/ibpg.eu/filmteam-dev/mysite/templates/search/search.html 
#: #: /var/www/vhosts/ibpg.eu/filmteam-dev/system/temp/ec696c26173f7b7d3930deb091ee20cd/backup/templates/slider/slider.html => /var/www/vhosts/ibpg.eu/filmteam-dev/mysite/templates/slider/slider.html 
#: #: /var/www/vhosts/ibpg.eu/filmteam-dev/system/temp/ec696c26173f7b7d3930deb091ee20cd/backup/templates/welcome/finish.html => /var/www/vhosts/ibpg.eu/filmteam-dev/mysite/templates/welcome/finish.html 
#: /var/www/vhosts/ibpg.eu/filmteam-dev/system/temp/ec696c26173f7b7d3930deb091ee20cd/backup/templates/welcome/step2.html => /var/www/vhosts/ibpg.eu/filmteam-dev/mysite/templates/welcome/step2.html 
#: /var/www/vhosts/ibpg.eu/filmteam-dev/system/temp/ec696c26173f7b7d3930deb091ee20cd/backup/templates/welcome/step3.html => /var/www/vhosts/ibpg.eu/filmteam-dev/mysite/templates/welcome/step3.html 
#: /var/www/vhosts/ibpg.eu/filmteam-dev/system/temp/ec696c26173f7b7d3930deb091ee20cd/backup/templates/welcome/welcome.css => /var/www/vhosts/ibpg.eu/filmteam-dev/mysite/templates/welcome/welcome.css 
#: /var/www/vhosts/ibpg.eu/filmteam-dev/system/temp/ec696c26173f7b7d3930deb091ee20cd/backup/templates/welcome/welcome.html => /var/www/vhosts/ibpg.eu/filmteam-dev/mysite/templates/welcome/welcome.html 
#: #: #: /var/www/vhosts/ibpg.eu/filmteam-dev/system/temp/ec696c26173f7b7d3930deb091ee20cd/backup/uploads/2fbab1d1a52fb6e4d04f1d8a970a363b/9CXVpGemotion_tongue.png => /var/www/vhosts/ibpg.eu/filmteam-dev/mysite/uploads/2fbab1d1a52fb6e4d04f1d8a970a363b/9CXVpGemotion_tongue.png 
#: /var/www/vhosts/ibpg.eu/filmteam-dev/system/temp/ec696c26173f7b7d3930deb091ee20cd/backup/uploads/2fbab1d1a52fb6e4d04f1d8a970a363b/ATYDsCemotion_unhappy.png => /var/www/vhosts/ibpg.eu/filmteam-dev/mysite/uploads/2fbab1d1a52fb6e4d04f1d8a970a363b/ATYDsCemotion_unhappy.png 
#: /var/www/vhosts/ibpg.eu/filmteam-dev/system/temp/ec696c26173f7b7d3930deb091ee20cd/backup/uploads/2fbab1d1a52fb6e4d04f1d8a970a363b/YJWygBemotion_wink.png => /var/www/vhosts/ibpg.eu/filmteam-dev/mysite/uploads/2fbab1d1a52fb6e4d04f1d8a970a363b/YJWygBemotion_wink.png 
#: /var/www/vhosts/ibpg.eu/filmteam-dev/system/temp/ec696c26173f7b7d3930deb091ee20cd/backup/uploads/2fbab1d1a52fb6e4d04f1d8a970a363b/eL5VNqemotion_happy.png => /var/www/vhosts/ibpg.eu/filmteam-dev/mysite/uploads/2fbab1d1a52fb6e4d04f1d8a970a363b/eL5VNqemotion_happy.png 
#: /var/www/vhosts/ibpg.eu/filmteam-dev/system/temp/ec696c26173f7b7d3930deb091ee20cd/backup/uploads/2fbab1d1a52fb6e4d04f1d8a970a363b/fisMT4emotion_suprised.png => /var/www/vhosts/ibpg.eu/filmteam-dev/mysite/uploads/2fbab1d1a52fb6e4d04f1d8a970a363b/fisMT4emotion_suprised.png 
#: /var/www/vhosts/ibpg.eu/filmteam-dev/system/temp/ec696c26173f7b7d3930deb091ee20cd/backup/uploads/2fbab1d1a52fb6e4d04f1d8a970a363b/gjSfRsemotion_grin.png => /var/www/vhosts/ibpg.eu/filmteam-dev/mysite/uploads/2fbab1d1a52fb6e4d04f1d8a970a363b/gjSfRsemotion_grin.png 
#: /var/www/vhosts/ibpg.eu/filmteam-dev/system/temp/ec696c26173f7b7d3930deb091ee20cd/backup/uploads/2fbab1d1a52fb6e4d04f1d8a970a363b/mvDJaEemotion_evilgrin.png => /var/www/vhosts/ibpg.eu/filmteam-dev/mysite/uploads/2fbab1d1a52fb6e4d04f1d8a970a363b/mvDJaEemotion_evilgrin.png 
#: /var/www/vhosts/ibpg.eu/filmteam-dev/system/temp/ec696c26173f7b7d3930deb091ee20cd/backup/uploads/2fbab1d1a52fb6e4d04f1d8a970a363b/yDVDZKemotion_smile.png => /var/www/vhosts/ibpg.eu/filmteam-dev/mysite/uploads/2fbab1d1a52fb6e4d04f1d8a970a363b/yDVDZKemotion_smile.png 


FLIGT OK.
POSTFLIGHT OK.
