10.12.2011 - 00:11: Slow SQL-Query: UPDATE gomacms_statistics SET  `class_name` = 'livecounter'  ,  `last_modified` = '1323472314'  ,  `created` = '1323472314'  ,  `user` = ''  ,  `phpsessid` = '298l3au90vmi44sjar263llck3'  ,  `mobile` = ''  ,  `browser` = 'Mozilla/5.0 (Macintosh; Intel Mac OS X 10_7_2) AppleWebKit/534.52.7 (KHTML, like Gecko) Version/5.1.2 Safari/534.52.7'  ,  `autorid` = ''  ,  `editorid` = ''  ,  `recordid` = '69'  ,  `snap_priority` = '2'  WHERE `id` = '468' (28.786897659302ms)

10.12.2011 - 00:18: Slow SQL-Query: DELETE FROM 
																`gomacms_statistics`
																 WHERE  id = "467" (24.744033813477ms)

10.12.2011 - 00:24: Slow SQL-Query: UPDATE gomacms_uploads_state SET  `publishedid` = '32'  ,  `stateid` = '32'  WHERE `id` = '32' (133.67795944214ms)

10.12.2011 - 00:30: Slow SQL-Query: UPDATE gomacms_users SET  `class_name` = 'user'  ,  `last_modified` = '1323473455'  ,  `created` = '1320527819'  ,  `nickname` = 'admin'  ,  `name` = 'Daniel Gruber'  ,  `email` = 'daniel@ibpg.eu'  ,  `password` = '75efdb520b7a07ffbba95d669036f8ed'  ,  `avatar` = 'mysite/uploaded/useruploads/dc080ef69f38da68edd17ef50b3ce6e6.jpg'  ,  `signatur` = ''  ,  `status` = '1'  ,  `phpsess` = '7hhoumo4kq9ekdu6orgtul1575'  ,  `code` = 'aNyY2uzdPKuWUfmdWeUV'  ,  `timezone` = 'Europe/Berlin'  ,  `groupid` = '1'  ,  `autorid` = '1'  ,  `editorid` = ''  ,  `recordid` = '3'  ,  `snap_priority` = '2'  WHERE `id` = '61' (63.581943511963ms)

10.12.2011 - 00:30: Slow SQL-Query: SELECT pages.autorid AS autorid ,pages.editorid AS editorid ,pages.last_modified AS last_modified ,pages.class_name AS class_name ,pages.created AS created ,pages.id AS versionid,pages_state.id AS id , pages.* ,  Page_article.* ,  Page_contact.* ,  Page_errorpage.* ,  pages_state.* FROM gomacms_pages AS pages  LEFT JOIN gomacms_Page_article AS Page_article ON  Page_article.id = pages.id   LEFT JOIN gomacms_Page_contact AS Page_contact ON  Page_contact.id = pages.id   LEFT JOIN gomacms_Page_errorpage AS Page_errorpage ON  Page_errorpage.id = pages.id   INNER JOIN gomacms_pages_state AS pages_state ON  pages_state.publishedid = pages.id  WHERE  pages.parentid = "0" AND  pages.mainbar = "1" AND  pages.class_name IN ("pages","page","boxpage","articlecategory","article","articles","contact","errorpage","members","phppage","redirector") ORDER BY pages.sort ASC (45.926094055176ms)

10.12.2011 - 00:34: Slow SQL-Query: INSERT INTO `gomacms_statistics`  (`last_modified`) VALUES ('1323473680') (45.246124267578ms)

10.12.2011 - 00:34: Slow SQL-Query: INSERT INTO `gomacms_users`  (`last_modified`) VALUES ('1323473697') (21.138191223145ms)

10.12.2011 - 00:35: Slow SQL-Query: INSERT INTO `gomacms_uploads_state`  (`stateid`,`publishedid`) VALUES ('0','0') (44.718027114868ms)

10.12.2011 - 12:53: Slow SQL-Query: SELECT advrights.autorid AS autorid ,advrights.editorid AS editorid ,advrights.last_modified AS last_modified ,advrights.class_name AS class_name ,advrights.created AS created ,advrights.id AS versionid,advrights_state.id AS id , advrights.* ,  advrights_state.* FROM gomacms_advrights AS advrights  INNER JOIN gomacms_advrights_state AS advrights_state ON  advrights_state.publishedid = advrights.id  INNER JOIN `gomacms_many_many_group_advrights_advrights` as `advrights_many` ON `advrights_many`.`advrightsid` = `advrights`.`id` INNER JOIN `gomacms_groups` AS `groups` ON `groups`.`id` = `advrights_many`.`groupid` WHERE  groups.recordid IN ("0") AND  advrights.class_name IN ("advrights") ORDER BY advrights_state.id DESC (27.980089187622ms)

10.12.2011 - 12:55: Slow SQL-Query: SELECT pages.autorid AS autorid ,pages.editorid AS editorid ,pages.last_modified AS last_modified ,pages.class_name AS class_name ,pages.created AS created ,pages.id AS versionid,pages_state.id AS id , pages.* ,  Page_article.* ,  Page_contact.* ,  Page_errorpage.* ,  pages_state.* FROM gomacms_pages AS pages  LEFT JOIN gomacms_Page_article AS Page_article ON  Page_article.id = pages.id   LEFT JOIN gomacms_Page_contact AS Page_contact ON  Page_contact.id = pages.id   LEFT JOIN gomacms_Page_errorpage AS Page_errorpage ON  Page_errorpage.id = pages.id   INNER JOIN gomacms_pages_state AS pages_state ON  pages_state.publishedid = pages.id  WHERE  pages.parentid = "0" AND  pages.class_name IN ("pages","page","boxpage","articlecategory","article","articles","contact","errorpage","members","phppage","redirector") ORDER BY pages.sort ASC LIMIT  0, 1 (62.503814697266ms)

10.12.2011 - 12:55: Slow SQL-Query: SELECT  count(*) as count  FROM gomacms_statistics AS statistics  INNER JOIN gomacms_statistics_state AS statistics_state ON  statistics_state.publishedid = statistics.id  WHERE  ( phpsessid = 'r1bcccpvmrtalcja0v66n30131' AND last_modified > 1323460528 )  AND  (  statistics.class_name IN ("livecounter") )  ORDER BY statistics_state.id DESC (28.656005859375ms)

10.12.2011 - 12:55: Slow SQL-Query: SELECT boxes.autorid AS autorid ,boxes.editorid AS editorid ,boxes.last_modified AS last_modified ,boxes.class_name AS class_name ,boxes.created AS created ,boxes.id AS versionid,boxes_state.id AS id , boxes.* ,  Box_statistics.* ,  boxes_state.* FROM gomacms_boxes AS boxes  LEFT JOIN gomacms_Box_statistics AS Box_statistics ON  Box_statistics.id = boxes.id   INNER JOIN gomacms_boxes_state AS boxes_state ON  boxes_state.publishedid = boxes.id  WHERE  boxes.seiteid = "1" AND  boxes.class_name IN ("boxes","box","login_meinaccount","phpbox","statistics") ORDER BY boxes_state.id DESC (82.27801322937ms)

10.12.2011 - 14:01: SQL-Error in Statement: SHOW COLUMNS FROM `gomacms__state` in /var/www/vhosts/ibpg.eu/filmteam-dev/system/libs/sql/driver/mysqli.php on line 262.

10.12.2011 - 14:01: SQL-Error in Statement: SHOW COLUMNS FROM `gomacms__state` in /var/www/vhosts/ibpg.eu/filmteam-dev/system/libs/sql/driver/mysqli.php on line 262.

10.12.2011 - 14:01: SQL-Error in Statement: SHOW COLUMNS FROM `gomacms__state` in /var/www/vhosts/ibpg.eu/filmteam-dev/system/libs/sql/driver/mysqli.php on line 262.

10.12.2011 - 14:01: Slow SQL-Query: SHOW COLUMNS FROM `gomacms_rating_state` (179.57711219788ms)

10.12.2011 - 14:01: Slow SQL-Query: UPDATE gomacms_advrights_state SET  `publishedid` = '7'  ,  `stateid` = '7'  WHERE `id` = '7' (31.530857086182ms)

10.12.2011 - 14:01: SQL-Error in Statement: UPDATE gomacms_newsettings SET status = '1' WHERE status = '' OR status IS NULL in /var/www/vhosts/ibpg.eu/filmteam-dev/system/core/DataObject/DataObject.php on line 1077.

10.12.2011 - 14:01: SQL-Error in Statement: UPDATE gomacms_metasettings SET titel = 'Goma - Open Source CMS / Framework' WHERE titel = '' OR titel IS NULL in /var/www/vhosts/ibpg.eu/filmteam-dev/system/core/DataObject/DataObject.php on line 1077.

10.12.2011 - 14:01: SQL-Error in Statement: UPDATE gomacms_templatesettings SET titel = 'Goma - Open Source CMS / Framework' WHERE titel = '' OR titel IS NULL in /var/www/vhosts/ibpg.eu/filmteam-dev/system/core/DataObject/DataObject.php on line 1077.

10.12.2011 - 14:01: SQL-Error in Statement: UPDATE gomacms_pages SET parenttype = 'root' WHERE parenttype = '' OR parenttype IS NULL in /var/www/vhosts/ibpg.eu/filmteam-dev/system/core/DataObject/DataObject.php on line 1077.

10.12.2011 - 14:01: SQL-Error in Statement: UPDATE gomacms_Page_article SET parenttype = 'root' WHERE parenttype = '' OR parenttype IS NULL in /var/www/vhosts/ibpg.eu/filmteam-dev/system/core/DataObject/DataObject.php on line 1077.

10.12.2011 - 14:01: SQL-Error in Statement: UPDATE gomacms_Page_contact SET parenttype = 'root' WHERE parenttype = '' OR parenttype IS NULL in /var/www/vhosts/ibpg.eu/filmteam-dev/system/core/DataObject/DataObject.php on line 1077.

10.12.2011 - 14:01: SQL-Error in Statement: UPDATE gomacms_Page_errorpage SET parenttype = 'root' WHERE parenttype = '' OR parenttype IS NULL in /var/www/vhosts/ibpg.eu/filmteam-dev/system/core/DataObject/DataObject.php on line 1077.

10.12.2011 - 14:07: Slow SQL-Query: UPDATE gomacms_uploads_state SET  `publishedid` = '40'  ,  `stateid` = '40'  WHERE `id` = '40' (186.13886833191ms)

10.12.2011 - 14:10: Slow SQL-Query: INSERT INTO `gomacms_uploads_state`  (`stateid`,`publishedid`) VALUES ('0','0') (38.670063018799ms)

10.12.2011 - 14:10: Slow SQL-Query: INSERT INTO `gomacms_uploads_state`  (`stateid`,`publishedid`) VALUES ('0','0') (22.806167602539ms)

10.12.2011 - 14:10: Slow SQL-Query: INSERT INTO `gomacms_uploads`  (`last_modified`) VALUES ('1323522627') (44.736862182617ms)

10.12.2011 - 14:16: Slow SQL-Query: INSERT INTO `gomacms_users`  (`last_modified`) VALUES ('1323522991') (190.59610366821ms)

10.12.2011 - 14:16: Slow SQL-Query: INSERT INTO `gomacms_statistics`  (`last_modified`) VALUES ('1323522992') (34.499168395996ms)

10.12.2011 - 14:30: Slow SQL-Query: UPDATE gomacms_uploads SET  `class_name` = 'imageuploads'  ,  `last_modified` = '1323523800'  ,  `created` = '1323523800'  ,  `filename` = 'tr.png'  ,  `realfile` = 'mysite/uploads//2fbab1d1a52fb6e4d04f1d8a970a363b/4tr.png'  ,  `path` = 'formupload/4/tr.png'  ,  `type` = 'file'  ,  `collectionid` = '1'  ,  `autorid` = '3'  ,  `editorid` = '3'  ,  `recordid` = '47'  ,  `snap_priority` = '2'  WHERE `id` = '47' (79.747915267944ms)

10.12.2011 - 14:30: Slow SQL-Query: UPDATE gomacms_uploads_state SET  `publishedid` = '49'  ,  `stateid` = '49'  WHERE `id` = '49' (423.30408096313ms)

10.12.2011 - 14:30: Slow SQL-Query: INSERT INTO `gomacms_imageuploads`  (`id`,`collectionid`,`autorid`,`editorid`) VALUES ('51','1','3','3') (31.071186065674ms)

10.12.2011 - 14:54: SQL-Error in Statement: SHOW COLUMNS FROM `gomacms__state` in /var/www/vhosts/ibpg.eu/filmteam-dev/system/libs/sql/driver/mysqli.php on line 262.

10.12.2011 - 14:54: SQL-Error in Statement: SHOW COLUMNS FROM `gomacms__state` in /var/www/vhosts/ibpg.eu/filmteam-dev/system/libs/sql/driver/mysqli.php on line 262.

10.12.2011 - 14:54: SQL-Error in Statement: SHOW COLUMNS FROM `gomacms__state` in /var/www/vhosts/ibpg.eu/filmteam-dev/system/libs/sql/driver/mysqli.php on line 262.

10.12.2011 - 14:54: Slow SQL-Query: TRUNCATE TABLE gomacms_advrights (21.010160446167ms)

10.12.2011 - 14:54: Slow SQL-Query: TRUNCATE TABLE gomacms_advrights_state (184.97514724731ms)

10.12.2011 - 14:54: Slow SQL-Query: UPDATE gomacms_advrights SET  `class_name` = 'advrights'  ,  `autorid` = '3'  ,  `last_modified` = '1323525275'  ,  `created` = '1323525275'  ,  `name` = 'DATA_ALL'  ,  `_default` = '7'  ,  `title` = '{$_lang_dataobject_all}'  ,  `editorid` = '3'  ,  `recordid` = '1'  ,  `snap_priority` = '2'  WHERE `id` = '1' (40.235996246338ms)

10.12.2011 - 14:54: SQL-Error in Statement: UPDATE gomacms_newsettings SET status = '1' WHERE status = '' OR status IS NULL in /var/www/vhosts/ibpg.eu/filmteam-dev/system/core/DataObject/DataObject.php on line 1077.

10.12.2011 - 14:54: SQL-Error in Statement: UPDATE gomacms_metasettings SET titel = 'Goma - Open Source CMS / Framework' WHERE titel = '' OR titel IS NULL in /var/www/vhosts/ibpg.eu/filmteam-dev/system/core/DataObject/DataObject.php on line 1077.

10.12.2011 - 14:54: SQL-Error in Statement: UPDATE gomacms_templatesettings SET titel = 'Goma - Open Source CMS / Framework' WHERE titel = '' OR titel IS NULL in /var/www/vhosts/ibpg.eu/filmteam-dev/system/core/DataObject/DataObject.php on line 1077.

10.12.2011 - 14:54: SQL-Error in Statement: UPDATE gomacms_pages SET parenttype = 'root' WHERE parenttype = '' OR parenttype IS NULL in /var/www/vhosts/ibpg.eu/filmteam-dev/system/core/DataObject/DataObject.php on line 1077.

10.12.2011 - 14:54: SQL-Error in Statement: UPDATE gomacms_Page_article SET parenttype = 'root' WHERE parenttype = '' OR parenttype IS NULL in /var/www/vhosts/ibpg.eu/filmteam-dev/system/core/DataObject/DataObject.php on line 1077.

10.12.2011 - 14:54: SQL-Error in Statement: UPDATE gomacms_Page_contact SET parenttype = 'root' WHERE parenttype = '' OR parenttype IS NULL in /var/www/vhosts/ibpg.eu/filmteam-dev/system/core/DataObject/DataObject.php on line 1077.

10.12.2011 - 14:54: SQL-Error in Statement: UPDATE gomacms_Page_errorpage SET parenttype = 'root' WHERE parenttype = '' OR parenttype IS NULL in /var/www/vhosts/ibpg.eu/filmteam-dev/system/core/DataObject/DataObject.php on line 1077.

10.12.2011 - 15:00: Slow SQL-Query: TRUNCATE TABLE gomacms_advrights (20.251035690308ms)

10.12.2011 - 15:00: Slow SQL-Query: TRUNCATE TABLE gomacms_advrights_state (45.523166656494ms)

10.12.2011 - 15:00: Slow SQL-Query: INSERT INTO `gomacms_advrights`  (`last_modified`) VALUES ('1323525653') (46.36287689209ms)

10.12.2011 - 15:00: Slow SQL-Query: UPDATE gomacms_advrights SET  `class_name` = 'advrights'  ,  `autorid` = '3'  ,  `last_modified` = '1323525653'  ,  `created` = '1323525653'  ,  `name` = 'ADMIN_ALL'  ,  `_default` = '7'  ,  `title` = '{$_lang_administration}'  ,  `editorid` = '3'  ,  `recordid` = '5'  ,  `snap_priority` = '2'  WHERE `id` = '5' (30.247926712036ms)

10.12.2011 - 15:00: Slow SQL-Query: UPDATE gomacms_advrights SET  `class_name` = 'advrights'  ,  `autorid` = '3'  ,  `last_modified` = '1323525653'  ,  `created` = '1323525653'  ,  `name` = 'PAGES_ALL'  ,  `_default` = '9'  ,  `title` = '{$_lang_sites_edit}'  ,  `editorid` = '3'  ,  `recordid` = '8'  ,  `snap_priority` = '2'  WHERE `id` = '8' (26.681900024414ms)

10.12.2011 - 15:00: Slow SQL-Query: UPDATE gomacms_advrights SET  `class_name` = 'advrights'  ,  `autorid` = '3'  ,  `last_modified` = '1323525653'  ,  `created` = '1323525653'  ,  `name` = 'PAGES_WRITE'  ,  `_default` = '7'  ,  `title` = '{$_lang_pages_edit}'  ,  `editorid` = '3'  ,  `recordid` = '11'  ,  `snap_priority` = '2'  WHERE `id` = '11' (307.46507644653ms)

10.12.2011 - 15:00: Slow SQL-Query: UPDATE gomacms_advrights SET  `class_name` = 'advrights'  ,  `autorid` = '3'  ,  `last_modified` = '1323525653'  ,  `created` = '1323525653'  ,  `name` = 'PAGES_PUBLISH'  ,  `_default` = '7'  ,  `title` = '{$_lang_publish}'  ,  `editorid` = '3'  ,  `recordid` = '12'  ,  `snap_priority` = '2'  WHERE `id` = '12' (127.53105163574ms)

10.12.2011 - 15:00: Slow SQL-Query: UPDATE gomacms_advrights SET  `class_name` = 'advrights'  ,  `autorid` = '3'  ,  `last_modified` = '1323525653'  ,  `created` = '1323525653'  ,  `name` = 'RATING_DELETE'  ,  `_default` = '7'  ,  `title` = '{$_lang_rating.perms_delete}'  ,  `editorid` = '3'  ,  `recordid` = '14'  ,  `snap_priority` = '2'  WHERE `id` = '14' (38.125991821289ms)

10.12.2011 - 15:00: SQL-Error in Statement: UPDATE gomacms_newsettings SET status = '1' WHERE status = '' OR status IS NULL in /var/www/vhosts/ibpg.eu/filmteam-dev/system/core/DataObject/DataObject.php on line 1077.

10.12.2011 - 15:00: SQL-Error in Statement: UPDATE gomacms_metasettings SET titel = 'Goma - Open Source CMS / Framework' WHERE titel = '' OR titel IS NULL in /var/www/vhosts/ibpg.eu/filmteam-dev/system/core/DataObject/DataObject.php on line 1077.

10.12.2011 - 15:00: SQL-Error in Statement: UPDATE gomacms_templatesettings SET titel = 'Goma - Open Source CMS / Framework' WHERE titel = '' OR titel IS NULL in /var/www/vhosts/ibpg.eu/filmteam-dev/system/core/DataObject/DataObject.php on line 1077.

10.12.2011 - 15:00: SQL-Error in Statement: UPDATE gomacms_pages SET parenttype = 'root' WHERE parenttype = '' OR parenttype IS NULL in /var/www/vhosts/ibpg.eu/filmteam-dev/system/core/DataObject/DataObject.php on line 1077.

10.12.2011 - 15:00: SQL-Error in Statement: UPDATE gomacms_Page_article SET parenttype = 'root' WHERE parenttype = '' OR parenttype IS NULL in /var/www/vhosts/ibpg.eu/filmteam-dev/system/core/DataObject/DataObject.php on line 1077.

10.12.2011 - 15:00: SQL-Error in Statement: UPDATE gomacms_Page_contact SET parenttype = 'root' WHERE parenttype = '' OR parenttype IS NULL in /var/www/vhosts/ibpg.eu/filmteam-dev/system/core/DataObject/DataObject.php on line 1077.

10.12.2011 - 15:00: SQL-Error in Statement: UPDATE gomacms_Page_errorpage SET parenttype = 'root' WHERE parenttype = '' OR parenttype IS NULL in /var/www/vhosts/ibpg.eu/filmteam-dev/system/core/DataObject/DataObject.php on line 1077.

10.12.2011 - 15:05: Slow SQL-Query: INSERT INTO `gomacms_statistics`  (`last_modified`) VALUES ('1323525906') (146.00682258606ms)

10.12.2011 - 15:05: Slow SQL-Query: UPDATE gomacms_statistics_state SET  `publishedid` = '481'  ,  `stateid` = '481'  WHERE `id` = '67' (216.4580821991ms)

10.12.2011 - 15:29: Slow SQL-Query: UPDATE gomacms_statistics SET  `class_name` = 'livecounter'  ,  `last_modified` = '1323527345'  ,  `created` = '1323433198'  ,  `user` = '3'  ,  `phpsessid` = 'rdpcfv2vsldqpanv4iacv3t514'  ,  `mobile` = '0'  ,  `browser` = 'Mozilla/5.0 (Macintosh; Intel Mac OS X 10_7_2) AppleWebKit/534.52.7 (KHTML, like Gecko) Version/5.1.2 Safari/534.52.7'  ,  `autorid` = '0'  ,  `editorid` = '3'  ,  `recordid` = '67'  ,  `snap_priority` = '2'  WHERE `id` = '486' (22.958993911743ms)

10.12.2011 - 15:29: Code: 6, Name:PHP-Error, Details: No Method generateForm for Model stdClass in  on line ., URL: /pm/new/3?ajax=1&dropdownDialog=1&dropElem=1l6TNPTT17uhvp3ZPdFp

10.12.2011 - 15:29: SQL-Error in Statement: SHOW COLUMNS FROM `gomacms__state` in /var/www/vhosts/ibpg.eu/filmteam-dev/system/libs/sql/driver/mysqli.php on line 262.

10.12.2011 - 15:29: SQL-Error in Statement: SHOW COLUMNS FROM `gomacms__state` in /var/www/vhosts/ibpg.eu/filmteam-dev/system/libs/sql/driver/mysqli.php on line 262.

10.12.2011 - 15:29: SQL-Error in Statement: SHOW COLUMNS FROM `gomacms__state` in /var/www/vhosts/ibpg.eu/filmteam-dev/system/libs/sql/driver/mysqli.php on line 262.

10.12.2011 - 15:29: DEPRECATED: DataObject::_get is marked as DEPRECATED in /var/www/vhosts/ibpg.eu/filmteam-dev/system/security/profile.php on line 53. Please use DataObject::get instead.

10.12.2011 - 15:29: DEPRECATED: DataObject::_get is marked as DEPRECATED in /var/www/vhosts/ibpg.eu/filmteam-dev/system/security/profile.php on line 53. Please use DataObject::get instead.

10.12.2011 - 15:29: DEPRECATED: DataObject::_get is marked as DEPRECATED in /var/www/vhosts/ibpg.eu/filmteam-dev/system/security/profile.php on line 53. Please use DataObject::get instead.

10.12.2011 - 15:29: DEPRECATED: DataObject::_get is marked as DEPRECATED in /var/www/vhosts/ibpg.eu/filmteam-dev/system/security/profile.php on line 53. Please use DataObject::get instead.

10.12.2011 - 15:30: DEPRECATED: DataObject::_get is marked as DEPRECATED in /var/www/vhosts/ibpg.eu/filmteam-dev/system/security/profile.php on line 53. Please use DataObject::get instead.

10.12.2011 - 15:30: Slow SQL-Query: INSERT INTO `gomacms_uploads_state`  (`stateid`,`publishedid`) VALUES ('0','0') (147.47500419617ms)

10.12.2011 - 15:30: DEPRECATED: DataObject::_get is marked as DEPRECATED in /var/www/vhosts/ibpg.eu/filmteam-dev/system/security/profile.php on line 53. Please use DataObject::get instead.

10.12.2011 - 15:30: DEPRECATED: DataObject::_get is marked as DEPRECATED in /var/www/vhosts/ibpg.eu/filmteam-dev/system/security/profile.php on line 53. Please use DataObject::get instead.

10.12.2011 - 15:30: Slow SQL-Query: UPDATE gomacms_uploads_state SET  `publishedid` = '58'  ,  `stateid` = '58'  WHERE `id` = '58' (30.033826828003ms)

10.12.2011 - 15:31: DEPRECATED: DataObject::_get is marked as DEPRECATED in /var/www/vhosts/ibpg.eu/filmteam-dev/system/security/profile.php on line 53. Please use DataObject::get instead.

10.12.2011 - 15:31: DEPRECATED: DataObject::_get is marked as DEPRECATED in /var/www/vhosts/ibpg.eu/filmteam-dev/system/security/profile.php on line 53. Please use DataObject::get instead.

10.12.2011 - 15:31: Slow SQL-Query: INSERT INTO `gomacms_imageuploads`  (`id`,`collectionid`,`autorid`,`editorid`) VALUES ('60','1','3','3') (31.484842300415ms)

10.12.2011 - 15:32: DEPRECATED: DataObject::_get is marked as DEPRECATED in /var/www/vhosts/ibpg.eu/filmteam-dev/system/security/profile.php on line 53. Please use DataObject::get instead.

10.12.2011 - 15:32: Slow SQL-Query: DELETE FROM 
																`gomacms_users`
																 WHERE  id = "64" (22.998094558716ms)

10.12.2011 - 15:32: DEPRECATED: DataObject::_get is marked as DEPRECATED in /var/www/vhosts/ibpg.eu/filmteam-dev/system/security/profile.php on line 53. Please use DataObject::get instead.

10.12.2011 - 15:33: DEPRECATED: DataObject::_get is marked as DEPRECATED in /var/www/vhosts/ibpg.eu/filmteam-dev/system/security/profile.php on line 53. Please use DataObject::get instead.

10.12.2011 - 15:33: DEPRECATED: DataObject::_get is marked as DEPRECATED in /var/www/vhosts/ibpg.eu/filmteam-dev/system/security/profile.php on line 53. Please use DataObject::get instead.

10.12.2011 - 15:33: DEPRECATED: DataObject::_get is marked as DEPRECATED in /var/www/vhosts/ibpg.eu/filmteam-dev/system/security/profile.php on line 53. Please use DataObject::get instead.

10.12.2011 - 15:33: DEPRECATED: DataObject::_get is marked as DEPRECATED in /var/www/vhosts/ibpg.eu/filmteam-dev/system/security/profile.php on line 53. Please use DataObject::get instead.

10.12.2011 - 15:37: DEPRECATED: DataObject::_get is marked as DEPRECATED in /var/www/vhosts/ibpg.eu/filmteam-dev/system/security/profile.php on line 53. Please use DataObject::get instead.

10.12.2011 - 15:38: DEPRECATED: DataObject::_get is marked as DEPRECATED in /var/www/vhosts/ibpg.eu/filmteam-dev/system/security/profile.php on line 53. Please use DataObject::get instead.

10.12.2011 - 15:40: DEPRECATED: DataObject::_get is marked as DEPRECATED in /var/www/vhosts/ibpg.eu/filmteam-dev/system/security/profile.php on line 53. Please use DataObject::get instead.

10.12.2011 - 15:42: DEPRECATED: DataObject::_get is marked as DEPRECATED in /var/www/vhosts/ibpg.eu/filmteam-dev/system/security/profile.php on line 53. Please use DataObject::get instead.

10.12.2011 - 15:42: Slow SQL-Query: UPDATE gomacms_uploads SET  `class_name` = 'imageuploads'  ,  `last_modified` = '1323528173'  ,  `created` = '1323528173'  ,  `filename` = '_DSC0297.jpg'  ,  `realfile` = 'mysite/uploads//2fbab1d1a52fb6e4d04f1d8a970a363b/s_DSC0297.jpg'  ,  `path` = 'formupload/s/_DSC0297.jpg'  ,  `type` = 'file'  ,  `collectionid` = '1'  ,  `autorid` = '3'  ,  `editorid` = '3'  ,  `recordid` = '66'  ,  `snap_priority` = '2'  WHERE `id` = '66' (228.49082946777ms)

10.12.2011 - 15:42: Slow SQL-Query: INSERT INTO `gomacms_imageuploads`  (`id`,`collectionid`,`autorid`,`editorid`) VALUES ('66','1','3','3') (192.14200973511ms)

10.12.2011 - 15:43: DEPRECATED: DataObject::_get is marked as DEPRECATED in /var/www/vhosts/ibpg.eu/filmteam-dev/system/security/profile.php on line 53. Please use DataObject::get instead.

10.12.2011 - 15:43: DEPRECATED: DataObject::_get is marked as DEPRECATED in /var/www/vhosts/ibpg.eu/filmteam-dev/system/security/profile.php on line 53. Please use DataObject::get instead.

10.12.2011 - 15:44: DEPRECATED: DataObject::_get is marked as DEPRECATED in /var/www/vhosts/ibpg.eu/filmteam-dev/system/security/profile.php on line 53. Please use DataObject::get instead.

10.12.2011 - 15:44: DEPRECATED: DataObject::_get is marked as DEPRECATED in /var/www/vhosts/ibpg.eu/filmteam-dev/system/security/profile.php on line 53. Please use DataObject::get instead.

10.12.2011 - 15:44: DEPRECATED: DataObject::_get is marked as DEPRECATED in /var/www/vhosts/ibpg.eu/filmteam-dev/system/security/profile.php on line 53. Please use DataObject::get instead.

10.12.2011 - 15:45: DEPRECATED: DataObject::_get is marked as DEPRECATED in /var/www/vhosts/ibpg.eu/filmteam-dev/system/security/profile.php on line 53. Please use DataObject::get instead.

10.12.2011 - 21:05: Slow SQL-Query: INSERT INTO `gomacms_statistics_state`  (`stateid`,`publishedid`) VALUES ('0','0') (40.019035339355ms)

10.12.2011 - 21:49: Slow SQL-Query: INSERT INTO `gomacms_statistics_state`  (`stateid`,`publishedid`) VALUES ('0','0') (38.818836212158ms)

10.12.2011 - 21:50: Slow SQL-Query: DELETE FROM 
																`gomacms_users`
																 WHERE  id = "67" (99.446058273315ms)

10.12.2011 - 23:49: DEPRECATED: DataSet::_count is marked as DEPRECATED in /var/www/vhosts/ibpg.eu/filmteam-dev/system/core/admin/adminItem.php on line 391. Please use dataobjectset::Count instead.

10.12.2011 - 23:49: SQL-Error in Statement: SELECT pages.autorid AS autorid ,pages.editorid AS editorid ,pages.last_modified AS last_modified ,pages.class_name AS class_name ,pages.created AS created ,pages.id AS versionid, CASE  WHEN pages.id IS NOT NULL THEN pages.id  WHEN pages_state.id IS NOT NULL THEN pages_state.id  ELSE NULL END AS id, pages.* ,  pages_state.* FROM gomacms_pages AS pages  LEFT JOIN gomacms_pages_state AS pages_state ON  pages_state.id = pages.recordid  WHERE  pages.recordid = "1" AND  pages.class_name IN ("boxpage") ORDER BY pages.sort ASC LIMIT  0,  in /var/www/vhosts/ibpg.eu/filmteam-dev/system/core/SelectQuery.php on line 622.

10.12.2011 - 23:49: Code: 3, Name:Zugriff fehlgeschlagen!, Details: <div class="error"><strong>Fehler</strong><br />Zugriff fehlgeschlagen!</div>You have an error in your SQL syntax; check the manual that corresponds to your MySQL server version for the right syntax to use near '' at line 1<br /><br />

 <strong>Query:</strong> <br />
<code>SELECT pages.autorid AS autorid ,pages.editorid AS editorid ,pages.last_modified AS last_modified ,pages.class_name AS class_name ,pages.created AS created ,pages.id AS versionid, CASE  WHEN pages.id IS NOT NULL THEN pages.id  WHEN pages_state.id IS NOT NULL THEN pages_state.id  ELSE NULL END AS id, pages.* ,  pages_state.* FROM gomacms_pages AS pages  LEFT JOIN gomacms_pages_state AS pages_state ON  pages_state.id = pages.recordid  WHERE  pages.recordid = "1" AND  pages.class_name IN ("boxpage") ORDER BY pages.sort ASC LIMIT  0, </code>
, URL: /admin/content//record/1/edit/?ajaxfy=true

10.12.2011 - 23:49: DEPRECATED: DataSet::_count is marked as DEPRECATED in /var/www/vhosts/ibpg.eu/filmteam-dev/system/core/admin/adminItem.php on line 391. Please use dataobjectset::Count instead.

10.12.2011 - 23:49: SQL-Error in Statement: SELECT pages.autorid AS autorid ,pages.editorid AS editorid ,pages.last_modified AS last_modified ,pages.class_name AS class_name ,pages.created AS created ,pages.id AS versionid, CASE  WHEN pages.id IS NOT NULL THEN pages.id  WHEN pages_state.id IS NOT NULL THEN pages_state.id  ELSE NULL END AS id, pages.* ,  pages_state.* FROM gomacms_pages AS pages  LEFT JOIN gomacms_pages_state AS pages_state ON  pages_state.id = pages.recordid  WHERE  pages.recordid = "1" AND  pages.class_name IN ("boxpage") ORDER BY pages.sort ASC LIMIT  0,  in /var/www/vhosts/ibpg.eu/filmteam-dev/system/core/SelectQuery.php on line 622.

10.12.2011 - 23:49: Code: 3, Name:Zugriff fehlgeschlagen!, Details: <div class="error"><strong>Fehler</strong><br />Zugriff fehlgeschlagen!</div>You have an error in your SQL syntax; check the manual that corresponds to your MySQL server version for the right syntax to use near '' at line 1<br /><br />

 <strong>Query:</strong> <br />
<code>SELECT pages.autorid AS autorid ,pages.editorid AS editorid ,pages.last_modified AS last_modified ,pages.class_name AS class_name ,pages.created AS created ,pages.id AS versionid, CASE  WHEN pages.id IS NOT NULL THEN pages.id  WHEN pages_state.id IS NOT NULL THEN pages_state.id  ELSE NULL END AS id, pages.* ,  pages_state.* FROM gomacms_pages AS pages  LEFT JOIN gomacms_pages_state AS pages_state ON  pages_state.id = pages.recordid  WHERE  pages.recordid = "1" AND  pages.class_name IN ("boxpage") ORDER BY pages.sort ASC LIMIT  0, </code>
, URL: /admin/content//record/1/edit/?ajaxfy=true

10.12.2011 - 23:49: DEPRECATED: DataSet::_count is marked as DEPRECATED in /var/www/vhosts/ibpg.eu/filmteam-dev/system/core/admin/adminItem.php on line 391. Please use dataobjectset::Count instead.

10.12.2011 - 23:49: SQL-Error in Statement: SELECT pages.autorid AS autorid ,pages.editorid AS editorid ,pages.last_modified AS last_modified ,pages.class_name AS class_name ,pages.created AS created ,pages.id AS versionid, CASE  WHEN pages.id IS NOT NULL THEN pages.id  WHEN pages_state.id IS NOT NULL THEN pages_state.id  ELSE NULL END AS id, pages.* ,  pages_state.* FROM gomacms_pages AS pages  LEFT JOIN gomacms_pages_state AS pages_state ON  pages_state.id = pages.recordid  WHERE  pages.recordid = "1" AND  pages.class_name IN ("boxpage") ORDER BY pages.sort ASC LIMIT  0,  in /var/www/vhosts/ibpg.eu/filmteam-dev/system/core/SelectQuery.php on line 622.

10.12.2011 - 23:49: Code: 3, Name:Zugriff fehlgeschlagen!, Details: <div class="error"><strong>Fehler</strong><br />Zugriff fehlgeschlagen!</div>You have an error in your SQL syntax; check the manual that corresponds to your MySQL server version for the right syntax to use near '' at line 1<br /><br />

 <strong>Query:</strong> <br />
<code>SELECT pages.autorid AS autorid ,pages.editorid AS editorid ,pages.last_modified AS last_modified ,pages.class_name AS class_name ,pages.created AS created ,pages.id AS versionid, CASE  WHEN pages.id IS NOT NULL THEN pages.id  WHEN pages_state.id IS NOT NULL THEN pages_state.id  ELSE NULL END AS id, pages.* ,  pages_state.* FROM gomacms_pages AS pages  LEFT JOIN gomacms_pages_state AS pages_state ON  pages_state.id = pages.recordid  WHERE  pages.recordid = "1" AND  pages.class_name IN ("boxpage") ORDER BY pages.sort ASC LIMIT  0, </code>
, URL: /admin/content/

10.12.2011 - 23:57: DEPRECATED: DataSet::_count is marked as DEPRECATED in /var/www/vhosts/ibpg.eu/filmteam-dev/system/core/admin/adminItem.php on line 391. Please use dataobjectset::Count instead.

10.12.2011 - 23:57: DEPRECATED: DataObject::_get is marked as DEPRECATED in /var/www/vhosts/ibpg.eu/filmteam-dev/system/form/HasOneDropdown.php on line 68. Please use DataObject::get instead.

10.12.2011 - 23:57: DEPRECATED: DataSet::_count is marked as DEPRECATED in /var/www/vhosts/ibpg.eu/filmteam-dev/system/form/HasOneDropdown.php on line 69. Please use dataobjectset::Count instead.

10.12.2011 - 23:57: DEPRECATED: DataObject::getObject is marked as DEPRECATED in /var/www/vhosts/ibpg.eu/filmteam-dev/system/form/ManyManyDropDown.php on line 67. Please use DataObject::get instead.

10.12.2011 - 23:57: DEPRECATED: DataObject::_get is marked as DEPRECATED in /var/www/vhosts/ibpg.eu/filmteam-dev/system/core/DataObject/DataObject.php on line 552. Please use DataObject::get instead.

10.12.2011 - 23:57: DEPRECATED: DataSet::_count is marked as DEPRECATED in /var/www/vhosts/ibpg.eu/filmteam-dev/system/form/ManyManyDropDown.php on line 68. Please use dataobjectset::Count instead.

10.12.2011 - 23:57: DEPRECATED: DataObject::getObject is marked as DEPRECATED in /var/www/vhosts/ibpg.eu/filmteam-dev/system/form/ManyManyDropDown.php on line 67. Please use DataObject::get instead.

10.12.2011 - 23:57: DEPRECATED: DataObject::_get is marked as DEPRECATED in /var/www/vhosts/ibpg.eu/filmteam-dev/system/core/DataObject/DataObject.php on line 552. Please use DataObject::get instead.

10.12.2011 - 23:57: DEPRECATED: DataSet::_count is marked as DEPRECATED in /var/www/vhosts/ibpg.eu/filmteam-dev/system/form/ManyManyDropDown.php on line 68. Please use dataobjectset::Count instead.

