19.04.2012 - 17:03: Regenerating Class-Info

19.04.2012 - 17:03: Regenerating Class-Info

19.04.2012 - 17:03: finalize

19.04.2012 - 17:03: Creating new Database
             Rebuilding Caches...

              Rebuilding Database...


19.04.2012 - 17:05: Regenerating Class-Info

19.04.2012 - 17:05: Regenerating Class-Info

19.04.2012 - 17:05: finalize

19.04.2012 - 17:05: Creating new Database
             Rebuilding Caches...

              Rebuilding Database...


19.04.2012 - 17:05: Deleting FULL Cache

19.04.2012 - 17:05: Regenerating Class-Info

19.04.2012 - 17:05: finalize

19.04.2012 - 17:24: Regenerating Class-Info

19.04.2012 - 17:24: finalize

19.04.2012 - 17:49: Regenerating Class-Info

19.04.2012 - 17:49: finalize

19.04.2012 - 17:58: Deleting FULL Cache

19.04.2012 - 18:00: Regenerating Class-Info

19.04.2012 - 18:00: Deleting FULL Cache

19.04.2012 - 18:00: finalize

19.04.2012 - 18:01: Regenerating Class-Info

19.04.2012 - 18:01: finalize

19.04.2012 - 18:01: Deleting FULL Cache

19.04.2012 - 18:01: Regenerating Class-Info

19.04.2012 - 18:01: Deleting FULL Cache

19.04.2012 - 18:01: finalize

19.04.2012 - 18:02: Deleting FULL Cache

19.04.2012 - 18:02: Regenerating Class-Info

19.04.2012 - 18:02: Deleting FULL Cache

19.04.2012 - 18:02: finalize

19.04.2012 - 18:03: Deleting FULL Cache

19.04.2012 - 18:04: Regenerating Class-Info

19.04.2012 - 18:04: Deleting FULL Cache

19.04.2012 - 18:04: finalize

19.04.2012 - 18:05: Deleting FULL Cache

19.04.2012 - 18:05: Regenerating Class-Info

19.04.2012 - 18:05: Deleting FULL Cache

19.04.2012 - 18:05: finalize

19.04.2012 - 18:06: Deleting FULL Cache

19.04.2012 - 18:07: Regenerating Class-Info

19.04.2012 - 18:07: Deleting FULL Cache

19.04.2012 - 18:07: finalize

19.04.2012 - 18:07: Regenerating Class-Info

19.04.2012 - 18:07: finalize

19.04.2012 - 18:08: Regenerating Class-Info

19.04.2012 - 18:08: finalize

19.04.2012 - 18:08: Regenerating Class-Info

19.04.2012 - 18:08: finalize

19.04.2012 - 18:09: Regenerating Class-Info

19.04.2012 - 18:09: finalize

19.04.2012 - 18:17: Regenerating Class-Info

19.04.2012 - 18:17: finalize

19.04.2012 - 18:18: Regenerating Class-Info

19.04.2012 - 18:18: finalize

19.04.2012 - 18:20: Regenerating Class-Info

19.04.2012 - 18:20: finalize

19.04.2012 - 18:22: Deleting FULL Cache

19.04.2012 - 18:22: Regenerating Class-Info

19.04.2012 - 18:22: Deleting FULL Cache

19.04.2012 - 18:22: finalize

19.04.2012 - 18:22: Deleting FULL Cache

19.04.2012 - 18:22: Regenerating Class-Info

19.04.2012 - 18:22: finalize

19.04.2012 - 18:43: Regenerating Class-Info

19.04.2012 - 18:43: finalize

19.04.2012 - 18:44: Regenerating Class-Info

19.04.2012 - 18:44: finalize

19.04.2012 - 18:44: Deleting FULL Cache

19.04.2012 - 18:44: Regenerating Class-Info

19.04.2012 - 18:44: finalize

19.04.2012 - 18:44: Deleting FULL Cache

19.04.2012 - 18:44: Regenerating Class-Info

19.04.2012 - 18:44: Regenerating Class-Info

19.04.2012 - 18:44: finalize

19.04.2012 - 18:44: Deleting FULL Cache

19.04.2012 - 18:44: finalize

