Code: 7
Name: Could not open Templatefile
Details: Could not open restore/showInfo.html.
URL: /install/showRestore/?restore=full.dq9Gb.08-29-12_00-41-30.gfs
Goma-Version: 2.0-044
Application: Array
(
    [type] => installer
    [name] => goma_installer
    [autor] => Goma Team
    [version] => 2.0
    [build] => 008
    [requireFrameworkVersion] => 2.0-040
    [langPath] => lang
    [langName] => install
    [defaultLang] => en-us
    [title] => Goma Installer
    [enableAdmin] => 
    [SQL] => 
)



Backtrace:
Array
(
    [0] => Array
        (
            [file] => /var/www/vhosts/ibpg.eu/filmteam-dev/system/core/Core.php
            [line] => 1157
            [function] => throwError
            [class] => Core
            [type] => ::
            [args] => Array
                (
                    [0] => 7
                    [1] => Could not open Templatefile
                    [2] => Could not open restore/showInfo.html.
                )

        )

    [1] => Array
        (
            [file] => /var/www/vhosts/ibpg.eu/filmteam-dev/system/libs/template/tpl.php
            [line] => 186
            [function] => throwerror
            [args] => Array
                (
                    [0] => 7
                    [1] => Could not open Templatefile
                    [2] => Could not open restore/showInfo.html.
                )

        )

    [2] => Array
        (
            [file] => /var/www/vhosts/ibpg.eu/filmteam-dev/system/libs/template/tpl.php
            [line] => 109
            [function] => getFilename
            [class] => tpl
            [type] => ::
            [args] => Array
                (
                    [0] => restore/showInfo.html
                    [1] => ViewAccessableData Object
                        (
                            [convertDefault] => 
                            [data] => Array
                                (
                                    [filename] => full.dq9Gb.08-29-12_00-41-30.gfs
                                    [type] => application
                                    [installtype] => install
                                    [preflightcode] => Array
                                        (
                                            [0] => <?php if(!GFS_Package_Installer::wasUnpacked('/var/www/vhosts/ibpg.eu/filmteam-dev/system/installer/data/restores/full.dq9Gb.08-29-12_00-41-30.gfs') || !is_dir('/var/www/vhosts/ibpg.eu/filmteam-dev/system/temp/483eae6289438a5a68718f3496e29a41')) { $gfs = new GFS_Package_installer('/var/www/vhosts/ibpg.eu/filmteam-dev/system/installer/data/restores/full.dq9Gb.08-29-12_00-41-30.gfs');$gfs->unpack('/var/www/vhosts/ibpg.eu/filmteam-dev/system/temp/483eae6289438a5a68718f3496e29a41'); } $dbgfs = new GFS('/var/www/vhosts/ibpg.eu/filmteam-dev/system/temp/483eae6289438a5a68718f3496e29a41' . "/database.sgfs"); $dbgfs->unpack('/var/www/vhosts/ibpg.eu/filmteam-dev/system/temp/483eae6289438a5a68718f3496e29a41/backup/MeqF5A1FEGqR9sE-install/', "/database");
                                        )

                                    [postflightcode] => Array
                                        (
                                            [0] => <?php FileSystem::Delete('/var/www/vhosts/ibpg.eu/filmteam-dev/system/temp/483eae6289438a5a68718f3496e29a41');
                                            [1] => <?php writeProjectConfig(array (
  'db' => 
  array (
    'user' => 'goma_dev_test',
    'db' => 'goma_dev_test',
    'pass' => 'Da220196:dg1996',
    'host' => 'localhost',
    'prefix' => 'gomacms_',
  ),
), 'mysite'); setProject('mysite', NULL);
                                        )

                                    [installfolders] => Array
                                        (
                                            [source] => /var/www/vhosts/ibpg.eu/filmteam-dev/system/temp/483eae6289438a5a68718f3496e29a41/backup/
                                            [destination] => /var/www/vhosts/ibpg.eu/filmteam-dev/mysite
                                        )

                                    [installable] => 1
                                    [rand] => yPnEdUXaw9nDpKyAPTqb
                                )

                            [original] => Array
                                (
                                    [filename] => full.dq9Gb.08-29-12_00-41-30.gfs
                                    [type] => application
                                    [installtype] => install
                                    [preflightcode] => Array
                                        (
                                            [0] => <?php if(!GFS_Package_Installer::wasUnpacked('/var/www/vhosts/ibpg.eu/filmteam-dev/system/installer/data/restores/full.dq9Gb.08-29-12_00-41-30.gfs') || !is_dir('/var/www/vhosts/ibpg.eu/filmteam-dev/system/temp/483eae6289438a5a68718f3496e29a41')) { $gfs = new GFS_Package_installer('/var/www/vhosts/ibpg.eu/filmteam-dev/system/installer/data/restores/full.dq9Gb.08-29-12_00-41-30.gfs');$gfs->unpack('/var/www/vhosts/ibpg.eu/filmteam-dev/system/temp/483eae6289438a5a68718f3496e29a41'); } $dbgfs = new GFS('/var/www/vhosts/ibpg.eu/filmteam-dev/system/temp/483eae6289438a5a68718f3496e29a41' . "/database.sgfs"); $dbgfs->unpack('/var/www/vhosts/ibpg.eu/filmteam-dev/system/temp/483eae6289438a5a68718f3496e29a41/backup/MeqF5A1FEGqR9sE-install/', "/database");
                                        )

                                    [postflightcode] => Array
                                        (
                                            [0] => <?php FileSystem::Delete('/var/www/vhosts/ibpg.eu/filmteam-dev/system/temp/483eae6289438a5a68718f3496e29a41');
                                            [1] => <?php writeProjectConfig(array (
  'db' => 
  array (
    'user' => 'goma_dev_test',
    'db' => 'goma_dev_test',
    'pass' => 'Da220196:dg1996',
    'host' => 'localhost',
    'prefix' => 'gomacms_',
  ),
), 'mysite'); setProject('mysite', NULL);
                                        )

                                    [installfolders] => Array
                                        (
                                            [source] => /var/www/vhosts/ibpg.eu/filmteam-dev/system/temp/483eae6289438a5a68718f3496e29a41/backup/
                                            [destination] => /var/www/vhosts/ibpg.eu/filmteam-dev/mysite
                                        )

                                    [installable] => 1
                                    [rand] => yPnEdUXaw9nDpKyAPTqb
                                )

                            [customised] => Array
                                (
                                )

                            [dataSetPosition] => 0
                            [casting] => Array
                                (
                                )

                            [changed] => 
                            [dataset] => 
                            [defaults] => Array
                                (
                                )

                            [position:ViewAccessableData:private] => 0
                            [ext_instances:Object:private] => Array
                                (
                                )

                            [class] => viewaccessabledata
                            [inExpansion] => 
                        )

                    [2] => 
                    [3] => 
                )

        )

    [3] => Array
        (
            [file] => /var/www/vhosts/ibpg.eu/filmteam-dev/system/core/viewaccessabledata.php
            [line] => 814
            [function] => render
            [class] => tpl
            [type] => ::
            [args] => Array
                (
                    [0] => restore/showInfo.html
                    [1] => Array
                        (
                        )

                    [2] => ViewAccessableData Object
                        (
                            [convertDefault] => 
                            [data] => Array
                                (
                                    [filename] => full.dq9Gb.08-29-12_00-41-30.gfs
                                    [type] => application
                                    [installtype] => install
                                    [preflightcode] => Array
                                        (
                                            [0] => <?php if(!GFS_Package_Installer::wasUnpacked('/var/www/vhosts/ibpg.eu/filmteam-dev/system/installer/data/restores/full.dq9Gb.08-29-12_00-41-30.gfs') || !is_dir('/var/www/vhosts/ibpg.eu/filmteam-dev/system/temp/483eae6289438a5a68718f3496e29a41')) { $gfs = new GFS_Package_installer('/var/www/vhosts/ibpg.eu/filmteam-dev/system/installer/data/restores/full.dq9Gb.08-29-12_00-41-30.gfs');$gfs->unpack('/var/www/vhosts/ibpg.eu/filmteam-dev/system/temp/483eae6289438a5a68718f3496e29a41'); } $dbgfs = new GFS('/var/www/vhosts/ibpg.eu/filmteam-dev/system/temp/483eae6289438a5a68718f3496e29a41' . "/database.sgfs"); $dbgfs->unpack('/var/www/vhosts/ibpg.eu/filmteam-dev/system/temp/483eae6289438a5a68718f3496e29a41/backup/MeqF5A1FEGqR9sE-install/', "/database");
                                        )

                                    [postflightcode] => Array
                                        (
                                            [0] => <?php FileSystem::Delete('/var/www/vhosts/ibpg.eu/filmteam-dev/system/temp/483eae6289438a5a68718f3496e29a41');
                                            [1] => <?php writeProjectConfig(array (
  'db' => 
  array (
    'user' => 'goma_dev_test',
    'db' => 'goma_dev_test',
    'pass' => 'Da220196:dg1996',
    'host' => 'localhost',
    'prefix' => 'gomacms_',
  ),
), 'mysite'); setProject('mysite', NULL);
                                        )

                                    [installfolders] => Array
                                        (
                                            [source] => /var/www/vhosts/ibpg.eu/filmteam-dev/system/temp/483eae6289438a5a68718f3496e29a41/backup/
                                            [destination] => /var/www/vhosts/ibpg.eu/filmteam-dev/mysite
                                        )

                                    [installable] => 1
                                    [rand] => yPnEdUXaw9nDpKyAPTqb
                                )

                            [original] => Array
                                (
                                    [filename] => full.dq9Gb.08-29-12_00-41-30.gfs
                                    [type] => application
                                    [installtype] => install
                                    [preflightcode] => Array
                                        (
                                            [0] => <?php if(!GFS_Package_Installer::wasUnpacked('/var/www/vhosts/ibpg.eu/filmteam-dev/system/installer/data/restores/full.dq9Gb.08-29-12_00-41-30.gfs') || !is_dir('/var/www/vhosts/ibpg.eu/filmteam-dev/system/temp/483eae6289438a5a68718f3496e29a41')) { $gfs = new GFS_Package_installer('/var/www/vhosts/ibpg.eu/filmteam-dev/system/installer/data/restores/full.dq9Gb.08-29-12_00-41-30.gfs');$gfs->unpack('/var/www/vhosts/ibpg.eu/filmteam-dev/system/temp/483eae6289438a5a68718f3496e29a41'); } $dbgfs = new GFS('/var/www/vhosts/ibpg.eu/filmteam-dev/system/temp/483eae6289438a5a68718f3496e29a41' . "/database.sgfs"); $dbgfs->unpack('/var/www/vhosts/ibpg.eu/filmteam-dev/system/temp/483eae6289438a5a68718f3496e29a41/backup/MeqF5A1FEGqR9sE-install/', "/database");
                                        )

                                    [postflightcode] => Array
                                        (
                                            [0] => <?php FileSystem::Delete('/var/www/vhosts/ibpg.eu/filmteam-dev/system/temp/483eae6289438a5a68718f3496e29a41');
                                            [1] => <?php writeProjectConfig(array (
  'db' => 
  array (
    'user' => 'goma_dev_test',
    'db' => 'goma_dev_test',
    'pass' => 'Da220196:dg1996',
    'host' => 'localhost',
    'prefix' => 'gomacms_',
  ),
), 'mysite'); setProject('mysite', NULL);
                                        )

                                    [installfolders] => Array
                                        (
                                            [source] => /var/www/vhosts/ibpg.eu/filmteam-dev/system/temp/483eae6289438a5a68718f3496e29a41/backup/
                                            [destination] => /var/www/vhosts/ibpg.eu/filmteam-dev/mysite
                                        )

                                    [installable] => 1
                                    [rand] => yPnEdUXaw9nDpKyAPTqb
                                )

                            [customised] => Array
                                (
                                )

                            [dataSetPosition] => 0
                            [casting] => Array
                                (
                                )

                            [changed] => 
                            [dataset] => 
                            [defaults] => Array
                                (
                                )

                            [position:ViewAccessableData:private] => 0
                            [ext_instances:Object:private] => Array
                                (
                                )

                            [class] => viewaccessabledata
                            [inExpansion] => 
                        )

                    [3] => Array
                        (
                        )

                    [4] => 
                )

        )

    [4] => Array
        (
            [file] => /var/www/vhosts/ibpg.eu/filmteam-dev/system/installer/application/control/installController.php
            [line] => 235
            [function] => renderWith
            [class] => ViewAccessableData
            [object] => ViewAccessableData Object
                (
                    [convertDefault] => 
                    [data] => Array
                        (
                            [filename] => full.dq9Gb.08-29-12_00-41-30.gfs
                            [type] => application
                            [installtype] => install
                            [preflightcode] => Array
                                (
                                    [0] => <?php if(!GFS_Package_Installer::wasUnpacked('/var/www/vhosts/ibpg.eu/filmteam-dev/system/installer/data/restores/full.dq9Gb.08-29-12_00-41-30.gfs') || !is_dir('/var/www/vhosts/ibpg.eu/filmteam-dev/system/temp/483eae6289438a5a68718f3496e29a41')) { $gfs = new GFS_Package_installer('/var/www/vhosts/ibpg.eu/filmteam-dev/system/installer/data/restores/full.dq9Gb.08-29-12_00-41-30.gfs');$gfs->unpack('/var/www/vhosts/ibpg.eu/filmteam-dev/system/temp/483eae6289438a5a68718f3496e29a41'); } $dbgfs = new GFS('/var/www/vhosts/ibpg.eu/filmteam-dev/system/temp/483eae6289438a5a68718f3496e29a41' . "/database.sgfs"); $dbgfs->unpack('/var/www/vhosts/ibpg.eu/filmteam-dev/system/temp/483eae6289438a5a68718f3496e29a41/backup/MeqF5A1FEGqR9sE-install/', "/database");
                                )

                            [postflightcode] => Array
                                (
                                    [0] => <?php FileSystem::Delete('/var/www/vhosts/ibpg.eu/filmteam-dev/system/temp/483eae6289438a5a68718f3496e29a41');
                                    [1] => <?php writeProjectConfig(array (
  'db' => 
  array (
    'user' => 'goma_dev_test',
    'db' => 'goma_dev_test',
    'pass' => 'Da220196:dg1996',
    'host' => 'localhost',
    'prefix' => 'gomacms_',
  ),
), 'mysite'); setProject('mysite', NULL);
                                )

                            [installfolders] => Array
                                (
                                    [source] => /var/www/vhosts/ibpg.eu/filmteam-dev/system/temp/483eae6289438a5a68718f3496e29a41/backup/
                                    [destination] => /var/www/vhosts/ibpg.eu/filmteam-dev/mysite
                                )

                            [installable] => 1
                            [rand] => yPnEdUXaw9nDpKyAPTqb
                        )

                    [original] => Array
                        (
                            [filename] => full.dq9Gb.08-29-12_00-41-30.gfs
                            [type] => application
                            [installtype] => install
                            [preflightcode] => Array
                                (
                                    [0] => <?php if(!GFS_Package_Installer::wasUnpacked('/var/www/vhosts/ibpg.eu/filmteam-dev/system/installer/data/restores/full.dq9Gb.08-29-12_00-41-30.gfs') || !is_dir('/var/www/vhosts/ibpg.eu/filmteam-dev/system/temp/483eae6289438a5a68718f3496e29a41')) { $gfs = new GFS_Package_installer('/var/www/vhosts/ibpg.eu/filmteam-dev/system/installer/data/restores/full.dq9Gb.08-29-12_00-41-30.gfs');$gfs->unpack('/var/www/vhosts/ibpg.eu/filmteam-dev/system/temp/483eae6289438a5a68718f3496e29a41'); } $dbgfs = new GFS('/var/www/vhosts/ibpg.eu/filmteam-dev/system/temp/483eae6289438a5a68718f3496e29a41' . "/database.sgfs"); $dbgfs->unpack('/var/www/vhosts/ibpg.eu/filmteam-dev/system/temp/483eae6289438a5a68718f3496e29a41/backup/MeqF5A1FEGqR9sE-install/', "/database");
                                )

                            [postflightcode] => Array
                                (
                                    [0] => <?php FileSystem::Delete('/var/www/vhosts/ibpg.eu/filmteam-dev/system/temp/483eae6289438a5a68718f3496e29a41');
                                    [1] => <?php writeProjectConfig(array (
  'db' => 
  array (
    'user' => 'goma_dev_test',
    'db' => 'goma_dev_test',
    'pass' => 'Da220196:dg1996',
    'host' => 'localhost',
    'prefix' => 'gomacms_',
  ),
), 'mysite'); setProject('mysite', NULL);
                                )

                            [installfolders] => Array
                                (
                                    [source] => /var/www/vhosts/ibpg.eu/filmteam-dev/system/temp/483eae6289438a5a68718f3496e29a41/backup/
                                    [destination] => /var/www/vhosts/ibpg.eu/filmteam-dev/mysite
                                )

                            [installable] => 1
                            [rand] => yPnEdUXaw9nDpKyAPTqb
                        )

                    [customised] => Array
                        (
                        )

                    [dataSetPosition] => 0
                    [casting] => Array
                        (
                        )

                    [changed] => 
                    [dataset] => 
                    [defaults] => Array
                        (
                        )

                    [position:ViewAccessableData:private] => 0
                    [ext_instances:Object:private] => Array
                        (
                        )

                    [class] => viewaccessabledata
                    [inExpansion] => 
                )

            [type] => ->
            [args] => Array
                (
                    [0] => restore/showInfo.html
                )

        )

    [5] => Array
        (
            [function] => showRestore
            [class] => InstallController
            [object] => InstallController Object
                (
                    [url_handlers] => Array
                        (
                            [installapp/$app!] => installapp
                            [execInstall/$rand!] => execinstall
                            [restore] => selectrestore
                        )

                    [allowed_actions] => Array
                        (
                            [0] => install
                            [1] => installapp
                            [2] => langselect
                            [3] => execinstall
                            [4] => selectrestore
                            [5] => showrestore
                            [6] => installbackup
                            [7] => installformbackup
                        )

                    [requestHandlerKey:RequestHandler:private] => 1
                    [shiftOnSuccess:protected] => 1
                    [namespace] => install
                    [ext_instances:Object:private] => Array
                        (
                        )

                    [class] => installcontroller
                    [inExpansion] => 
                    [request] => Request Object
                        (
                            [url] => install/showRestore
                            [request_method] => POST
                            [all_params] => Array
                                (
                                    [0] => install
                                    [Action] => showRestore
                                )

                            [params] => Array
                                (
                                    [Action] => showRestore
                                )

                            [get_params] => Array
                                (
                                    [restore] => full.dq9Gb.08-29-12_00-41-30.gfs
                                )

                            [post_params] => Array
                                (
                                    [folder] => mysite
                                    [dbhost] => localhost
                                    [dbuser] => goma_dev_test
                                    [dbpwd] => Da220196:dg1996
                                    [dbname] => goma_dev_test
                                    [installData] => 1
                                    [secret_form_e677bf6bd3c37b82f580408fe2eadeeb] => mfCr6D22AiVh7JwTU7fRXMtKTJxkUy
                                    [form_submit_installinfos] => 1
                                    [redirect] => /install/showRestore/?restore=full.dq9Gb.08-29-12_00-41-30.gfs
                                    [submit] => Install
                                )

                            [url_parts] => Array
                                (
                                )

                            [unshiftedButParsedParams] => -1
                            [shiftedPart] => install/showRestore
                            [ext_instances:Object:private] => Array
                                (
                                )

                            [class] => request
                            [inExpansion] => 
                        )

                )

            [type] => ->
            [args] => Array
                (
                )

        )

    [6] => Array
        (
            [file] => /var/www/vhosts/ibpg.eu/filmteam-dev/system/core/requesthandler.php
            [line] => 188
            [function] => call_user_func_array
            [args] => Array
                (
                    [0] => Array
                        (
                            [0] => InstallController Object
                                (
                                    [url_handlers] => Array
                                        (
                                            [installapp/$app!] => installapp
                                            [execInstall/$rand!] => execinstall
                                            [restore] => selectrestore
                                        )

                                    [allowed_actions] => Array
                                        (
                                            [0] => install
                                            [1] => installapp
                                            [2] => langselect
                                            [3] => execinstall
                                            [4] => selectrestore
                                            [5] => showrestore
                                            [6] => installbackup
                                            [7] => installformbackup
                                        )

                                    [requestHandlerKey:RequestHandler:private] => 1
                                    [shiftOnSuccess:protected] => 1
                                    [namespace] => install
                                    [ext_instances:Object:private] => Array
                                        (
                                        )

                                    [class] => installcontroller
                                    [inExpansion] => 
                                    [request] => Request Object
                                        (
                                            [url] => install/showRestore
                                            [request_method] => POST
                                            [all_params] => Array
                                                (
                                                    [0] => install
                                                    [Action] => showRestore
                                                )

                                            [params] => Array
                                                (
                                                    [Action] => showRestore
                                                )

                                            [get_params] => Array
                                                (
                                                    [restore] => full.dq9Gb.08-29-12_00-41-30.gfs
                                                )

                                            [post_params] => Array
                                                (
                                                    [folder] => mysite
                                                    [dbhost] => localhost
                                                    [dbuser] => goma_dev_test
                                                    [dbpwd] => Da220196:dg1996
                                                    [dbname] => goma_dev_test
                                                    [installData] => 1
                                                    [secret_form_e677bf6bd3c37b82f580408fe2eadeeb] => mfCr6D22AiVh7JwTU7fRXMtKTJxkUy
                                                    [form_submit_installinfos] => 1
                                                    [redirect] => /install/showRestore/?restore=full.dq9Gb.08-29-12_00-41-30.gfs
                                                    [submit] => Install
                                                )

                                            [url_parts] => Array
                                                (
                                                )

                                            [unshiftedButParsedParams] => -1
                                            [shiftedPart] => install/showRestore
                                            [ext_instances:Object:private] => Array
                                                (
                                                )

                                            [class] => request
                                            [inExpansion] => 
                                        )

                                )

                            [1] => showrestore
                        )

                    [1] => Array
                        (
                        )

                )

        )

    [7] => Array
        (
            [file] => /var/www/vhosts/ibpg.eu/filmteam-dev/system/core/requesthandler.php
            [line] => 133
            [function] => handleAction
            [class] => RequestHandler
            [object] => InstallController Object
                (
                    [url_handlers] => Array
                        (
                            [installapp/$app!] => installapp
                            [execInstall/$rand!] => execinstall
                            [restore] => selectrestore
                        )

                    [allowed_actions] => Array
                        (
                            [0] => install
                            [1] => installapp
                            [2] => langselect
                            [3] => execinstall
                            [4] => selectrestore
                            [5] => showrestore
                            [6] => installbackup
                            [7] => installformbackup
                        )

                    [requestHandlerKey:RequestHandler:private] => 1
                    [shiftOnSuccess:protected] => 1
                    [namespace] => install
                    [ext_instances:Object:private] => Array
                        (
                        )

                    [class] => installcontroller
                    [inExpansion] => 
                    [request] => Request Object
                        (
                            [url] => install/showRestore
                            [request_method] => POST
                            [all_params] => Array
                                (
                                    [0] => install
                                    [Action] => showRestore
                                )

                            [params] => Array
                                (
                                    [Action] => showRestore
                                )

                            [get_params] => Array
                                (
                                    [restore] => full.dq9Gb.08-29-12_00-41-30.gfs
                                )

                            [post_params] => Array
                                (
                                    [folder] => mysite
                                    [dbhost] => localhost
                                    [dbuser] => goma_dev_test
                                    [dbpwd] => Da220196:dg1996
                                    [dbname] => goma_dev_test
                                    [installData] => 1
                                    [secret_form_e677bf6bd3c37b82f580408fe2eadeeb] => mfCr6D22AiVh7JwTU7fRXMtKTJxkUy
                                    [form_submit_installinfos] => 1
                                    [redirect] => /install/showRestore/?restore=full.dq9Gb.08-29-12_00-41-30.gfs
                                    [submit] => Install
                                )

                            [url_parts] => Array
                                (
                                )

                            [unshiftedButParsedParams] => -1
                            [shiftedPart] => install/showRestore
                            [ext_instances:Object:private] => Array
                                (
                                )

                            [class] => request
                            [inExpansion] => 
                        )

                )

            [type] => ->
            [args] => Array
                (
                    [0] => showrestore
                )

        )

    [8] => Array
        (
            [file] => /var/www/vhosts/ibpg.eu/filmteam-dev/system/core/Core.php
            [line] => 553
            [function] => handleRequest
            [class] => RequestHandler
            [object] => InstallController Object
                (
                    [url_handlers] => Array
                        (
                            [installapp/$app!] => installapp
                            [execInstall/$rand!] => execinstall
                            [restore] => selectrestore
                        )

                    [allowed_actions] => Array
                        (
                            [0] => install
                            [1] => installapp
                            [2] => langselect
                            [3] => execinstall
                            [4] => selectrestore
                            [5] => showrestore
                            [6] => installbackup
                            [7] => installformbackup
                        )

                    [requestHandlerKey:RequestHandler:private] => 1
                    [shiftOnSuccess:protected] => 1
                    [namespace] => install
                    [ext_instances:Object:private] => Array
                        (
                        )

                    [class] => installcontroller
                    [inExpansion] => 
                    [request] => Request Object
                        (
                            [url] => install/showRestore
                            [request_method] => POST
                            [all_params] => Array
                                (
                                    [0] => install
                                    [Action] => showRestore
                                )

                            [params] => Array
                                (
                                    [Action] => showRestore
                                )

                            [get_params] => Array
                                (
                                    [restore] => full.dq9Gb.08-29-12_00-41-30.gfs
                                )

                            [post_params] => Array
                                (
                                    [folder] => mysite
                                    [dbhost] => localhost
                                    [dbuser] => goma_dev_test
                                    [dbpwd] => Da220196:dg1996
                                    [dbname] => goma_dev_test
                                    [installData] => 1
                                    [secret_form_e677bf6bd3c37b82f580408fe2eadeeb] => mfCr6D22AiVh7JwTU7fRXMtKTJxkUy
                                    [form_submit_installinfos] => 1
                                    [redirect] => /install/showRestore/?restore=full.dq9Gb.08-29-12_00-41-30.gfs
                                    [submit] => Install
                                )

                            [url_parts] => Array
                                (
                                )

                            [unshiftedButParsedParams] => -1
                            [shiftedPart] => install/showRestore
                            [ext_instances:Object:private] => Array
                                (
                                )

                            [class] => request
                            [inExpansion] => 
                        )

                )

            [type] => ->
            [args] => Array
                (
                    [0] => Request Object
                        (
                            [url] => install/showRestore
                            [request_method] => POST
                            [all_params] => Array
                                (
                                    [0] => install
                                    [Action] => showRestore
                                )

                            [params] => Array
                                (
                                    [Action] => showRestore
                                )

                            [get_params] => Array
                                (
                                    [restore] => full.dq9Gb.08-29-12_00-41-30.gfs
                                )

                            [post_params] => Array
                                (
                                    [folder] => mysite
                                    [dbhost] => localhost
                                    [dbuser] => goma_dev_test
                                    [dbpwd] => Da220196:dg1996
                                    [dbname] => goma_dev_test
                                    [installData] => 1
                                    [secret_form_e677bf6bd3c37b82f580408fe2eadeeb] => mfCr6D22AiVh7JwTU7fRXMtKTJxkUy
                                    [form_submit_installinfos] => 1
                                    [redirect] => /install/showRestore/?restore=full.dq9Gb.08-29-12_00-41-30.gfs
                                    [submit] => Install
                                )

                            [url_parts] => Array
                                (
                                )

                            [unshiftedButParsedParams] => -1
                            [shiftedPart] => install/showRestore
                            [ext_instances:Object:private] => Array
                                (
                                )

                            [class] => request
                            [inExpansion] => 
                        )

                )

        )

    [9] => Array
        (
            [file] => /var/www/vhosts/ibpg.eu/filmteam-dev/system/installer/application/application.php
            [line] => 22
            [function] => render
            [class] => Core
            [object] => Core Object
                (
                    [ext_instances:Object:private] => Array
                        (
                        )

                    [class] => core
                    [inExpansion] => 
                )

            [type] => ->
            [args] => Array
                (
                    [0] => install/showRestore
                )

        )

    [10] => Array
        (
            [file] => /var/www/vhosts/ibpg.eu/filmteam-dev/system/application.php
            [line] => 361
            [args] => Array
                (
                    [0] => /var/www/vhosts/ibpg.eu/filmteam-dev/system/installer/application/application.php
                )

            [function] => require
        )

    [11] => Array
        (
            [file] => /var/www/vhosts/ibpg.eu/filmteam-dev/system/application.php
            [line] => 365
            [function] => loadApplication
            [args] => Array
                (
                    [0] => system/installer
                )

        )

    [12] => Array
        (
            [file] => /var/www/vhosts/ibpg.eu/filmteam-dev/system/application.php
            [line] => 230
            [function] => loadApplication
            [args] => Array
                (
                    [0] => mysite
                )

        )

)
